p/c, iter, r∞, r₂
p, 0, 0.0, 0.0
, 1, 0.0, 0.0
c, 0, 0.0, 0.0
, 1, 0.0, 0.0
p, 0, 0.0, 0.0
, 1, 0.0, 0.0
c, 0, 0.0, 0.0
, 1, 0.0, 0.0
p, 0, 0.0, 0.0
, 1, 0.0, 0.0
c, 0, 0.0, 0.0
, 1, 0.0, 0.0
p, 0, 0.0, 0.0
, 1, 0.0, 0.0
c, 0, 0.0, 0.0
, 1, 0.0, 0.0
p, 0, 0.0, 0.0
, 1, 0.0, 0.0
c, 0, 0.0, 0.0
, 1, 0.0, 0.0
p, 0, 0.0, 0.0
, 1, 0.0, 0.0
c, 0, 0.0, 0.0
, 1, 0.0, 0.0
p, 0, 0.0, 0.0
, 1, 0.0, 0.0
c, 0, 0.0, 0.0
, 1, 0.0, 0.0
p, 0, 0.0, 0.0
, 1, 0.0, 0.0
c, 0, 0.0, 0.0
, 1, 0.0, 0.0
p, 0, 0.0, 0.0
, 1, 0.0, 0.0
c, 0, 0.0, 0.0
, 1, 0.0, 0.0
p, 0, 0.0, 0.0
, 1, 0.0, 0.0
c, 0, 0.0, 0.0
, 1, 0.0, 0.0
p, 0, 0.42883328982945884, 0.6596068830283603
, 1, 0.004965496413258575, 0.00032796977608053296
, 2, 0.001162463995046104, 0.00011889052749997001
, 3, 0.00046523834287252424, 4.062091960566156e-5
c, 0, 0.30320364678204004, 0.27531336265637496
, 1, 0.0018100474244806552, 4.958568015386539e-5
p, 0, 0.4087020496836637, 0.3824388661946726
, 1, 0.009154037609867216, 0.0006952195363467721
, 2, 0.0012154111003645626, 0.00013005864037842879
, 3, 0.0004216766785846706, 4.278379381451742e-5
c, 0, 0.09248986207759377, 0.020470515011779638
, 1, 0.001243209732855295, 1.994019267720625e-5
p, 0, 2.023372799696423, 17.728425127359106
, 1, 0.06287522086106356, 0.05961059724129454
, 2, 0.014290221705304466, 0.03336953718087496
, 3, 0.0070611609502369685, 0.010473601255395846
, 4, 0.004154298323165785, 0.0044605798034014965
, 5, 0.0032430255604446027, 0.0015619362111790917
, 6, 0.0015517843589028524, 0.0007419076294531868
, 7, 0.0014171235541877707, 0.0002760765329062709
, 8, 0.0008940192186678705, 0.00013395483826184453
, 9, 0.0006696768676736115, 5.376708302972235e-5
c, 0, 1.2309320779077837, 8.136888166630904
, 1, 0.008540951526412042, 0.001664305283261034
, 2, 0.0006786214097507966, 2.1812940419526256e-5
p, 0, 1.1651312448801334, 4.446086667527941
, 1, 0.02066663030538368, 0.009497568513908872
, 2, 0.0054670507931098376, 0.004831362116317165
, 3, 0.0026784042833555358, 0.0014920837196024024
, 4, 0.0016273959058218804, 0.0006593491322708306
, 5, 0.0012539938311437098, 0.00024054573172557506
, 6, 0.0006203433059613275, 0.00010749584757189183
, 7, 0.0006384458629618902, 4.281013136729525e-5
c, 0, 0.19156425622895742, 0.11945921102840566
, 1, 0.0010355373164155483, 2.3330866076245008e-5
p, 0, 1.6482151476281701, 10.358943142856113
, 1, 0.034201937679918984, 0.020450507025872543
, 2, 0.008886384457215206, 0.014229459851859999
, 3, 0.00435799711073891, 0.004074016137377072
, 4, 0.002379504633364461, 0.0016109455425170694
, 5, 0.0018942084691566754, 0.0005182540492289999
, 6, 0.0007966860728283337, 0.00023567916284308416
, 7, 0.000715273828405198, 8.267825898733217e-5
c, 0, 0.18184663312386648, 0.29215698094143017
, 1, 0.0020804922216979883, 8.90539122801455e-5
p, 0, 2.2577522159236967, 22.85855482391289
, 1, 0.07830701879810653, 0.15622964853330656
, 2, 0.018960441885880204, 0.06451964410536062
, 3, 0.00982712302865594, 0.018839785774186116
, 4, 0.005538374454977804, 0.008197585963540404
, 5, 0.004451169081713422, 0.00274918107074935
, 6, 0.0020649125134102005, 0.0012650368022810244
, 7, 0.0017627296355141211, 0.00046390092262677907
, 8, 0.0008111024060196394, 0.00020764179225961663
, 9, 0.000732020136677398, 7.442736239381921e-5
c, 0, 0.17780103356452648, 0.1256107789325009
, 1, 0.000911182482133352, 1.8684499548904215e-5
p, 0, 0.43776433043879787, 1.3255241704498824
, 1, 0.018878341083646714, 0.007432217429609876
, 2, 0.00475833062986619, 0.003957360181450521
, 3, 0.002053294842845453, 0.0009546389463945289
, 4, 0.0013831194936864246, 0.0004713410475175251
, 5, 0.0008845076168088471, 0.00012458696073156957
, 6, 0.0004572486776375476, 5.8944853472252944e-5
c, 0, 0.0843589340841849, 0.03597317213740012
, 1, 0.0006582045965469033, 1.55425181509903e-5
p, 0, 0.1826530163218433, 0.23089149472560422
, 1, 0.009433312223596961, 0.00166144493246582
, 2, 0.0021328382801142614, 0.0007779823474775281
, 3, 0.001047105445592592, 0.0002328841583536255
, 4, 0.0006193361003645771, 9.404424960519693e-5
c, 0, 0.06610528084746789, 0.020736828381090144
, 1, 0.0009482665801314724, 2.519172846487708e-5
p, 0, 0.3053767385775292, 0.2341493235180758
, 1, 0.008970896800109682, 0.0009455572941362632
, 2, 0.001615884405230766, 0.00055432787177642
, 3, 0.0006517302563361927, 0.000123558271441542
, 4, 0.0004454760804613185, 5.7230166381624846e-5
c, 0, 0.06314017574787521, 0.015841013683121016
, 1, 0.0005244908133936453, 9.848150745448501e-6
p, 0, 0.3487412839259363, 0.5431423577821679
, 1, 0.01063107862116736, 0.002452351592852234
, 2, 0.0028326768576400633, 0.0013820599145955082
, 3, 0.0014397207574213548, 0.00040137200457695214
, 4, 0.0010009754986948047, 0.00020197358460066073
, 5, 0.0006804069986940976, 6.741796994425668e-5
c, 0, 0.0259174928457473, 0.005876621916778259
, 1, 0.0010584247737675941, 2.733680924132101e-5
p, 0, 0.373056476258073, 0.22362117599365905
, 1, 0.007394844629483067, 0.0008801478906089553
, 2, 0.0015366795358530548, 0.000384097294733796
, 3, 0.0008922011329867166, 0.00015959744083020514
, 4, 0.0005113745467105589, 5.785928923466672e-5
c, 0, 0.058944986477107573, 0.008089308734687623
, 1, 0.0011978908515191402, 2.5208976550862317e-5
p, 0, 5.6260756605977145, 62.83379630507234
, 1, 0.0826775382588117, 0.023753725609045345
, 2, 0.0009879372647987016, 1.3810388325174818e-5
c, 0, 0.005917974327095609, 0.000427313341294886
, 1, 0.0004940871291327911, 8.585239255366629e-6
p, 0, 0.8147644277608935, 1.1395808905190128
, 1, 0.012329226052378732, 0.0005823159211083536
, 2, 0.0013348032452313195, 0.0001539699251929308
, 3, 0.0003130764293205489, 2.6704571778654728e-5
c, 0, 0.029555377086506688, 0.0033360206844523085
, 1, 0.000743644678135784, 1.5485283965930954e-5
p, 0, 0.4340502762826617, 0.550738385782283
, 1, 0.007514770217461459, 0.0008423351747093315
, 2, 0.0016180521271298488, 0.0005153832953592719
, 3, 0.0009464446369609179, 0.00015182388377356452
, 4, 0.0005634064382283362, 7.284978129647441e-5
c, 0, 0.0767312704808667, 0.012670660094441935
, 1, 0.001419999892283793, 2.327389413701974e-5
p, 0, 214.79511335260818, 92201.5849995091
, 1, 3.0064554194305106, 38.28604665608076
, 2, 0.021364137107092458, 0.00806419492906683
, 3, 0.0030603328319642334, 0.00034300233636899794
, 4, 0.0010441554006017642, 0.00020452999704186707
, 5, 0.000614005661149787, 5.3636851312826344e-5
c, 0, 0.022844218898294463, 0.002898128337533342
, 1, 0.0007725084791343358, 2.7420728302992084e-5
p, 0, 1.4382296533336936, 5.372052693289881
, 1, 0.015597599818195418, 0.0019236175773484575
, 2, 0.000423200815645889, 6.226814255063951e-6
c, 0, 0.024852557509585895, 0.0020826252839418274
, 1, 0.0002054121877186687, 1.300334795032145e-6
p, 0, 1.3262640075162269, 4.533438711555856
, 1, 0.017470238719913763, 0.001650522437918569
, 2, 0.00023984649963536034, 1.9651983741455114e-6
c, 0, 0.010559866845551064, 0.0007068707321711677
, 1, 8.702170027770807e-5, 3.716015041771332e-7
p, 0, 0.6935758002272822, 1.4781127078401002
, 1, 0.009474168231583608, 0.00048180166022380896
, 2, 0.0006190557606103903, 7.291218169979247e-6
c, 0, 0.017304788799416576, 0.0014452064603795091
, 1, 0.00032635252096575276, 3.7816945925333525e-6
p, 0, 0.911499151855247, 3.7716012392424165
, 1, 0.02245247125681905, 0.0022973476877339305
, 2, 0.00136305804206184, 1.983707605316864e-5
c, 0, 0.014358530561025018, 0.001361613293997374
, 1, 0.0006884062560275332, 9.984513782484156e-6
p, 0, 0.34284929762657906, 0.30233257449893924
, 1, 0.0031996840867257615, 7.813806977746297e-5
c, 0, 0.016655030132230894, 0.0017233875360231031
, 1, 0.0004752372238398209, 7.056950458848889e-6
p, 0, 0.5469903546541395, 0.6623991531655505
, 1, 0.008596541668729913, 0.0003060417668512221
, 2, 0.0007543820776944127, 1.6800989235647206e-5
c, 0, 0.01715091398740285, 0.0025533072704931833
, 1, 0.0005023116140295677, 8.726972897509961e-6
p, 0, 0.16014304617229622, 0.07231736840908133
, 1, 0.0015037505322540877, 2.3817305996418883e-5
c, 0, 0.01931205156764363, 0.0014991502245321707
, 1, 0.00022411368480879454, 1.4425123927095894e-6
p, 0, 0.42151023041395747, 0.3744513032837973
, 1, 0.0076048939011467125, 0.00037655462223882825
, 2, 0.0007993598414589968, 0.00013855702680819085
, 3, 0.0005462973079585758, 3.8193905082389154e-5
c, 0, 0.09651611204832378, 0.01567441405771614
, 1, 0.0015515267917782553, 1.8459704554892737e-5
p, 0, 1100.7075583916433, 2.422750361557978e6
, 1, 18.882724849244582, 1374.8532936343308
, 2, 0.3197472301676303, 0.3911623418319991
, 3, 0.0034458140598186498, 0.00011128601424460397
, 4, 0.0005417097423865491, 3.475397376990083e-5
c, 0, 0.01730001797919575, 0.002702416779970185
, 1, 0.0006300423836029651, 1.1052986978453442e-5
p, 0, 1.5611941185416491, 3.9306725953401243
, 1, 0.02441040964245235, 0.0025132288168822543
, 2, 0.0008498845579752374, 9.564920486522264e-6
c, 0, 0.024111323866261337, 0.0019424074101424276
, 1, 0.0003682920441603027, 2.8720658041670383e-6
p, 0, 2.9107572655903913, 20.117302734216896
, 1, 0.04393116777423543, 0.008178323502632777
, 2, 0.0006815487973814952, 8.041662441239492e-6
c, 0, 0.012862727914235721, 0.0010807047755163805
, 1, 0.0006119806758540697, 6.992075304817066e-6
p, 0, 0.6746711617714984, 0.6883996207062215
, 1, 0.009432287862730973, 0.0004183665457990112
, 2, 0.0002481048793455579, 6.5782821210864e-7
c, 0, 0.01547159223130162, 0.0013441762078066333
, 1, 0.00012246194070325816, 3.177028651800821e-7
p, 0, 0.5036556003866286, 0.5840703376990474
, 1, 0.006178662091430351, 0.00034617818943180866
, 2, 0.00024885270162310037, 1.2958290448320755e-6
c, 0, 0.013913230446132345, 0.0017351226876104293
, 1, 0.00011872339230488473, 5.667666864230025e-7
p, 0, 0.3275148181043187, 0.17681683935039397
, 1, 0.003468451283000582, 0.00011681243081296204
, 2, 0.0002420550954137096, 1.922349204526628e-6
c, 0, 0.018419873738015295, 0.002066232732146477
, 1, 8.214800562260775e-5, 3.3195365025305195e-7
p, 0, 0.21269821510980616, 0.12832068936436083
, 1, 0.003084181940152285, 0.00017073377809410716
, 2, 0.0006906561125503813, 1.9090792774382205e-5
c, 0, 0.02829293997524872, 0.0035613286631391503
, 1, 0.0002831853746527837, 1.8677849901417464e-6
p, 0, 4.138538962319488, 32.8515059995535
, 1, 0.09641845651929404, 0.033759702633590724
, 2, 0.01119677586119037, 0.002447808761708413
, 3, 0.0025844545207697202, 0.000326367918347397
, 4, 0.0014432034396538486, 6.218748574983889e-5
c, 0, 0.08291035323336104, 0.015359890814652798
, 1, 0.001748066682138193, 4.677609202322775e-5
p, 0, 2.575159655068633, 11.639643805267466
, 1, 0.0379346168283712, 0.0066866108376601825
, 2, 0.001597835753600106, 3.5119566952090446e-5
c, 0, 0.01551987069850828, 0.0014866467827397037
, 1, 0.0007078709404898892, 2.051106664515226e-5
p, 0, 1.6913790986256267, 5.897749561807087
, 1, 0.04413538739724383, 0.006963855361167458
, 2, 0.006417726271823154, 0.000704036048667742
, 3, 0.0016276796843354914, 0.00012937472534975945
, 4, 0.0009509154947265865, 2.5365251417519065e-5
c, 0, 0.018291652488998267, 0.002107797088885572
, 1, 0.0005694305322205921, 9.88152005546227e-6
p, 0, 0.5171527219105426, 0.6094260188224706
, 1, 0.007370068644109944, 0.00042118239669996284
, 2, 0.0015302433983328844, 9.602868582237236e-5
c, 0, 0.01560836312747817, 0.0020105579841040097
, 1, 0.0009527712645926404, 2.378593722818783e-5
p, 0, 0.4513525053237598, 0.45021909574282526
, 1, 0.007591583996011236, 0.0003837821702057425
, 2, 0.0015086960721001999, 8.126312202699806e-5
c, 0, 0.018437936855783845, 0.001936685024800608
, 1, 0.000715453879895574, 1.725392128370913e-5
p, 0, 0.2649079115204197, 0.13061394566839052
, 1, 0.002856157825823508, 7.19114822856637e-5
c, 0, 0.014440334117927663, 0.001982878662884959
, 1, 0.0005792543015809706, 8.888688554004658e-6
p, 0, 0.905139340464689, 2.6383349968714613
, 1, 0.008901760067253977, 0.0010331516425875356
, 2, 0.0007393110469343272, 1.0676910782304743e-5
c, 0, 0.017361382944684794, 0.0024339167502083403
, 1, 0.0005107074990989731, 6.147092170366414e-6
p, 0, 0.10708817826914138, 0.039889849240699916
, 1, 0.0019190067563769205, 6.748596663300026e-5
c, 0, 0.01999573971893352, 0.0021016126825329383
, 1, 0.0007382081172432615, 1.7964056198143323e-5
p, 0, 0.15547431031311937, 0.0869419857722681
, 1, 0.002610569376732698, 8.511279392792843e-5
c, 0, 0.013429716928232251, 0.001808246963197103
, 1, 0.00018464709800283607, 1.0391909617220328e-6
p, 0, 2.923734453509895, 17.07066087030674
, 1, 0.03219751298342441, 0.007773369975767287
, 2, 0.0005599071364379214, 4.708227795329977e-6
c, 0, 0.016042052552329242, 0.0022028080947913966
, 1, 0.00033109675150717985, 2.617737197922197e-6
p, 0, 0.9123964707262826, 1.3610200871738463
, 1, 0.01649824368197312, 0.002337209018834726
, 2, 0.0021445813268652567, 8.729252096674024e-5
c, 0, 0.019503396765645206, 0.002101108638329292
, 1, 0.0010203696485994473, 3.106010641689105e-5
p, 0, 0.36696654493740405, 0.3324937543654479
, 1, 0.007203504770624865, 0.0003235058118445553
, 2, 0.0007739803909062126, 9.694310724510882e-6
c, 0, 0.013866877782548427, 0.0014480450448936893
, 1, 0.000372849370584877, 4.655505641815151e-6
p, 0, 0.15833138052790055, 0.06602202650755598
, 1, 0.003315985162097612, 5.955655418812495e-5
c, 0, 0.018865179818672185, 0.0022256908359434553
, 1, 0.00020100194069471963, 1.1683464377682194e-6
p, 0, 0.08826502574417236, 0.024661410536838107
, 1, 0.004786538882444368, 0.00030946559229062673
, 2, 0.0028101258092503192, 0.00011601862117928782
, 3, 0.0017687512774978505, 4.3132913857854705e-5
c, 0, 0.03624301282838713, 0.0039624932776637055
, 1, 0.0009497572872334114, 1.5431060787762118e-5
p, 0, 6.5122727959460365, 84.67553690842749
, 1, 0.08856320531521406, 0.07149660163768842
, 2, 0.0009385302610833317, 1.252048410330406e-5
c, 0, 0.03385509050530662, 0.0033256161812796046
, 1, 0.0006049783107662838, 5.800316047664814e-6
p, 0, 0.3745708072295419, 0.31775528188805685
, 1, 0.00440479432171859, 0.0003040111758554493
, 2, 0.0011311766171904194, 1.7561386857911977e-5
c, 0, 0.01832247831044587, 0.0016639215513008837
, 1, 0.0004508520625004259, 5.594252042583139e-6
p, 0, 0.08419967513326608, 0.026181913560544823
, 1, 0.005354073843175899, 0.0005111910393955768
, 2, 0.004601257732457541, 0.0001700823036762382
, 3, 0.0023943748647652814, 5.8445735143084245e-5
c, 0, 0.016556600582986556, 0.0014730179961244172
, 1, 0.00091129604617004, 2.0661755260933737e-5
p, 0, 0.11021696959125085, 0.03915602800783952
, 1, 0.005140524581401023, 0.00032542942032334635
, 2, 0.0033317852220856124, 0.00011288381813355631
, 3, 0.0020468859107439213, 3.551967634570226e-5
c, 0, 0.01283828976629067, 0.0012722326527085308
, 1, 0.0007370571980166885, 1.0661711457588538e-5
p, 0, 0.3384753862720369, 0.1635360509296999
, 1, 0.0030017646990020655, 5.6352748904853644e-5
c, 0, 0.01811394399219542, 0.0014447423436031099
, 1, 0.0003015824626465512, 1.8841496380359832e-6
p, 0, 0.9091811032637809, 1.8820113857895515
, 1, 0.010574430442686262, 0.0008856484357268028
, 2, 0.0005937020146444811, 6.918145207834733e-6
c, 0, 0.012192118830952116, 0.001367712240695232
, 1, 0.0002607710209899585, 1.659453490713835e-6
p, 0, 0.19687646863882036, 0.06963634485830289
, 1, 0.0018068794188482356, 6.479086244163685e-5
c, 0, 0.03566560990108703, 0.0037406681750519507
, 1, 0.0006351326121848209, 5.504400913565127e-6
p, 0, 0.09573687526719118, 0.02423603930305362
, 1, 0.0008873487248175153, 8.649269220909193e-6
c, 0, 0.02363745952142191, 0.003366585703519274
, 1, 0.00017773425497222113, 8.798904885954113e-7
p, 0, 0.0316679476454784, 0.007548672656970712
, 1, 0.0005688102080604769, 1.158942541241389e-5
c, 0, 0.022093526688782443, 0.0023074425321339496
, 1, 0.00013646451368165197, 5.240651092551266e-7
p, 0, 0.06310286231908255, 0.013879760592442187
, 1, 0.0008304493562853673, 1.2645639318653488e-5
c, 0, 0.01883422918391514, 0.0019468017694449537
, 1, 0.0001342049277535714, 6.049418617092703e-7
p, 0, 9.27973933271046, 145.5393869784584
, 1, 0.10685763974225322, 0.08833639010416627
, 2, 0.0013595490313531595, 2.972972759760208e-5
c, 0, 0.015631188880439663, 0.0018348825616808808
, 1, 0.00015726033882180703, 7.516832691698834e-7
p, 0, 0.07733290628271745, 0.021862058292799073
, 1, 0.0012140888762933234, 1.8031192200381144e-5
c, 0, 0.015435040813835253, 0.0015903411182248677
, 1, 0.00010652578762862527, 2.970236692391557e-7
p, 0, 0.09559928059013865, 0.019220217112683315
, 1, 0.0014451551189735494, 2.667930769106063e-5
c, 0, 0.016923714106484595, 0.0017514424904533999
, 1, 0.000147842262863651, 5.348426424939558e-7
p, 0, 0.07831504622324788, 0.018441682199952337
, 1, 0.001275291444517766, 2.3158852178304503e-5
c, 0, 0.013609176636376546, 0.0018287662938382312
, 1, 0.000174614526517585, 8.064279564693324e-7
p, 0, 0.07263062876132552, 0.01833469865797703
, 1, 0.0007511490925805007, 1.4683645089073674e-5
c, 0, 0.01704775537377741, 0.0015148109755767033
, 1, 0.0003692250269291278, 3.836688724456184e-6
p, 0, 0.9344563231044573, 1.6306018969240903
, 1, 0.007244340617258956, 0.0007995331795394813
, 2, 0.00021343059690705825, 1.4752884923748905e-6
c, 0, 0.01674963374717283, 0.0016953240239760106
, 1, 0.00015861820417645766, 5.763988437660444e-7
p, 0, 0.8101373174698185, 1.364625841035646
, 1, 0.011215085737043466, 0.0011098757408264093
, 2, 0.0005354625109376241, 7.719951352037842e-6
c, 0, 0.015495644251759725, 0.0013281543896014568
, 1, 0.000412688902180741, 3.941939071567542e-6
p, 0, 0.1477432869558397, 0.07175894018137441
, 1, 0.00208848192846626, 8.734312102415682e-5
c, 0, 0.011656868013079531, 0.0022481607162342333
, 1, 0.00044932754959693276, 8.472867822154078e-6
p, 0, 9.561180541687113, 221.7029742001692
, 1, 0.09598419026257635, 0.0800465131740344
, 2, 0.0023665514956092565, 6.066980025786439e-5
c, 0, 0.01173074653284526, 0.0015567243484795933
, 1, 0.00026260590825672695, 2.2758362416716628e-6
p, 0, 0.11732522755322482, 0.03470243451954337
, 1, 0.0028005325809966723, 9.944449197730219e-5
c, 0, 0.017942148636961752, 0.0018188303982946976
, 1, 0.00033729345483578515, 4.017913792597489e-6
p, 0, 0.41602817549298304, 0.4025711028212238
, 1, 0.007571322793421081, 0.0005603745443667185
, 2, 0.0002480937121380908, 1.7892443836711875e-6
c, 0, 0.012279339098428155, 0.0013565812274514992
, 1, 0.0002347251347747769, 1.221420534023486e-6
p, 0, 0.13717295528658788, 0.06622227729444347
, 1, 0.0022792881539794923, 6.96894723590297e-5
c, 0, 0.016906325013251212, 0.001591795559039637
, 1, 8.16129609495262e-5, 2.2899576237912017e-7
p, 0, 1.4261532693474224, 4.072541832729784
, 1, 0.013578813283514884, 0.0027749042183203053
, 2, 0.00033828769404048296, 1.8229720310458393e-6
c, 0, 0.012539625235690974, 0.0013049396983726813
, 1, 0.00018067872010592062, 8.184299627122947e-7
p, 0, 2.085590872948257, 9.924798770528062
, 1, 0.02020226392149062, 0.0050361608534811595
, 2, 0.0002850959399744294, 1.614523215807638e-6
c, 0, 0.013400762277764149, 0.00140599864703947
, 1, 0.0002215114519102081, 1.3461308194686987e-6
p, 0, 6.396540728723164, 81.82318685046539
, 1, 0.1169266146170205, 0.09526759885695353
, 2, 0.0017503225177216124, 2.7141851243463677e-5
c, 0, 0.019725903814138763, 0.0017971974565976082
, 1, 0.0001752272563904892, 8.987812385316139e-7
p, 0, 0.08610627429822695, 0.01819503078957761
, 1, 0.0007473930553288798, 9.903455373616664e-6
c, 0, 0.011075132742497716, 0.001204364762441468
, 1, 0.0001476808638800058, 4.974036428289684e-7
p, 0, 0.04262266009650227, 0.0080414578577454
, 1, 0.0004621018171068297, 4.929217507051268e-6
c, 0, 0.014360733611040058, 0.0012856154353332368
, 1, 0.00015824457262391892, 7.372441936968088e-7
p, 0, 0.022563155605036155, 0.0050875863452879855
, 1, 0.0004189808716862236, 7.87237993824018e-6
c, 0, 0.01814665953153115, 0.001583529117053515
, 1, 0.00015938598973525808, 1.3227748779961794e-6
p, 0, 0.048929016846238335, 0.0072384638554434805
, 1, 0.0005695553746372096, 1.1652377609155483e-5
c, 0, 0.011775523153062155, 0.0011994014524798606
, 1, 0.00020465546137843005, 1.0182599437421854e-6
p, 0, 0.04004744826265865, 0.009497419747600074
, 1, 0.0005748507007147866, 1.2814755334753223e-5
c, 0, 0.01261439812597452, 0.0012424580194953377
, 1, 0.00025085965957963817, 1.3797520896068926e-6
p, 0, 0.044745053374537415, 0.00974231447529068
, 1, 0.0010521654816515584, 3.688410255851509e-5
c, 0, 0.015364939740629977, 0.001479673024755051
, 1, 0.00021376383868835095, 1.262656002859873e-6
p, 0, 0.08230390318604318, 0.01953274946559055
, 1, 0.0016375926365819013, 2.7854181859862233e-5
c, 0, 0.012356789263964838, 0.0011563216585980473
, 1, 0.00018372048867228163, 6.709793773469313e-7
p, 0, 0.1755609410967411, 0.07019747403071784
, 1, 0.0034502721509371117, 0.00010026647140734846
, 2, 0.0002172664280629452, 1.4374124602480848e-6
c, 0, 0.012572835970293652, 0.0012445382972505273
, 1, 0.00016988710173066713, 6.499157733007901e-7
p, 0, 0.42828792350101724, 0.3729090820245236
, 1, 0.0038727271505432353, 0.0002113966904050051
, 2, 0.0003534215576901593, 3.2093869349058877e-6
c, 0, 0.012246065049165512, 0.001356837755696214
, 1, 0.00015669156247142508, 9.153415878303019e-7
p, 0, 0.039087433450476446, 0.010262369873276035
, 1, 0.005686736824354932, 0.00038089033729953633
, 2, 0.0011327120341356016, 1.7704521703005336e-5
c, 0, 0.015322380928982892, 0.0014108050723109751
, 1, 0.0001864941507262585, 7.093616163272747e-7
p, 0, 0.06351427891788224, 0.017023195834940403
, 1, 0.003626468094869908, 0.00037114581344657494
, 2, 0.000887517682618399, 1.5104003470854815e-5
c, 0, 0.012656879399574378, 0.0011964161405862617
, 1, 0.0002784167159200392, 2.1253865684264777e-6
p, 0, 0.8546692259398071, 1.5319968190372228
, 1, 0.012333555990605373, 0.0012556068566283198
, 2, 0.0008598093287999612, 2.2984159756451905e-5
c, 0, 0.0108442884075046, 0.0010883949177404146
, 1, 0.0001239375424776634, 6.236001543626574e-7
p, 0, 0.1781893717999814, 0.06655529997262011
, 1, 0.003139837924468628, 0.00010511508030379713
, 2, 0.000384479417689238, 2.800876724795759e-6
c, 0, 0.011253288518066213, 0.0010111437328182169
, 1, 0.00017370433134985842, 6.168280732100203e-7
p, 0, 0.15997525387892042, 0.12490980400877322
, 1, 0.0020297766212893217, 7.285170565818837e-5
c, 0, 0.01470429107922939, 0.0013315779879515763
, 1, 0.00014306063184828471, 5.045197296011341e-7
p, 0, 0.5750359416883968, 0.6438044138954292
, 1, 0.007092244838186953, 0.00038502495658868205
, 2, 0.0003874185063798691, 3.871979268705371e-6
c, 0, 0.012499335336447306, 0.0009371909270058447
, 1, 0.00017996938398793047, 1.0299852303667313e-6
p, 0, 0.11422591824283665, 0.03197931545356548
, 1, 0.0017659203325990772, 4.1076899622743214e-5
c, 0, 0.009379516824401432, 0.0008397813769555007
, 1, 0.00029004003977425874, 2.883376827497279e-6
p, 0, 0.05960305788199768, 0.013305568000104193
, 1, 0.002194459515772267, 7.924569218050256e-5
c, 0, 0.011844256362983339, 0.0009285082963778923
, 1, 0.00021849796103966598, 1.3332216353566092e-6
p, 0, 0.3369558865646495, 0.2434945005817458
, 1, 0.006015860314629425, 0.00029080272248295324
, 2, 0.00024245600619682842, 8.929610994259615e-7
c, 0, 0.013224463474889618, 0.0011794442344660097
, 1, 0.00012522398648686056, 6.590952061441753e-7
p, 0, 0.06131365176094529, 0.012371288338398529
, 1, 0.0012990940283128295, 4.318548120651791e-5
c, 0, 0.012115002533694555, 0.0008096135159942838
, 1, 0.0001418658143463963, 5.012968630075849e-7
p, 0, 0.02903411296952822, 0.004660516179528586
, 1, 0.000657203240016115, 1.1383561389191848e-5
c, 0, 0.009880865429779997, 0.0008704625454410601
, 1, 0.0001877915884410958, 1.0100753719264294e-6
p, 0, 0.046857410460120555, 0.007605298562896872
, 1, 0.0009356683540826419, 1.766804538489332e-5
c, 0, 0.012690741543747877, 0.0007816254927796373
, 1, 0.0002658378941924969, 2.434597371506077e-6
p, 0, 2.346558923172825, 11.090277631482328
, 1, 0.034975848517155364, 0.010904862949641731
, 2, 0.0011413614972220724, 2.2220918932361344e-5
c, 0, 0.01472149299972288, 0.0010377769827445628
, 1, 0.0004153050616505843, 3.7555686835149694e-6
p, 0, 0.24628336862150838, 0.13167397802891423
, 1, 0.004400272692467126, 0.00024419830029696145
, 2, 0.0011186332511359638, 2.9346021098081588e-5
c, 0, 0.011927712588825039, 0.0008546659411867442
, 1, 0.00041946262078340976, 6.524164800397783e-6
p, 0, 0.022077020077463455, 0.003629241965548956
, 1, 0.0021677085703263295, 0.00011335457703357015
, 2, 0.0008698637231848424, 1.8002502742622623e-5
c, 0, 0.010861658490220263, 0.0007711015495279117
, 1, 0.00030373004533028856, 4.122551396155694e-6
p, 0, 0.024005031441448714, 0.0050043136363959835
, 1, 0.003993122972864784, 0.00027463923173742333
, 2, 0.001450790661052034, 4.738401865830005e-5
c, 0, 0.011598739688010642, 0.0009623527989929503
, 1, 0.0006093784973334551, 1.0259231386220386e-5
p, 0, 0.06338660221203933, 0.011056374613867813
, 1, 0.0032404265450750847, 0.00024941291574351104
, 2, 0.0014607688707718469, 4.267717778555214e-5
c, 0, 0.012924387661925496, 0.0009191862040514137
, 1, 0.0004946190085208056, 8.757421907502148e-6
p, 0, 0.06311221761995794, 0.0104617330280423
, 1, 0.0024946802582471186, 8.45036320335065e-5
c, 0, 0.007926764684765705, 0.0008366294853293079
, 1, 0.000514239306803022, 1.1414343699461576e-5
p, 0, 0.051739240334855795, 0.007334284462792908
, 1, 0.00036853757102419, 4.9205275890366255e-6
c, 0, 0.009065438111533186, 0.0008605189128553997
, 1, 0.00015899068794554178, 5.688668060922373e-7
p, 0, 0.02952920770082017, 0.004017939503061643
, 1, 0.0007578622379043261, 9.811113204930667e-6
c, 0, 0.013045379361436214, 0.0007962324837964824
, 1, 0.00023755658763720922, 2.114460823124273e-6
p, 0, 0.04135133931099668, 0.006524272322548268
, 1, 0.00078582116645565, 2.7459202125734775e-5
c, 0, 0.008806076950527363, 0.0007287874627820143
, 1, 0.00040903557324180014, 5.686599418914899e-6
p, 0, 0.12077612011906105, 0.034059694188678866
, 1, 0.003420665761310761, 0.00011366472461496207
, 2, 0.0007294274432854725, 1.115096941172619e-5
c, 0, 0.011531303072477584, 0.0007878139481252834
, 1, 0.00027396940953325534, 2.314307400069616e-6
p, 0, 7.85418553620243, 123.33989454208447
, 1, 0.12023521575271433, 0.12158222433810531
, 2, 0.003307236843945409, 0.00021084463513630207
, 3, 0.000764940060230573, 2.757070479696027e-5
c, 0, 0.008951700274728686, 0.0006710665074832748
, 1, 0.00045651736323898916, 6.840527256504788e-6
p, 0, 0.03640202023595093, 0.0064509858426275105
, 1, 0.001720319812908863, 0.00011808416708698424
, 2, 0.00035230015980751005, 1.1507218553028138e-5
c, 0, 0.009057449838535132, 0.0008157586542926711
, 1, 0.00025112463519802225, 1.869276281928835e-6
p, 0, 0.05893541032502533, 0.011248933083186018
, 1, 0.0013444956618143948, 2.1985492466094726e-5
c, 0, 0.011510416488849439, 0.0007514134606927337
, 1, 0.0002719650203220161, 2.293972424898693e-6
p, 0, 1.3361563151656568, 3.574203815901296
, 1, 0.01545186421926393, 0.0027214865399061003
, 2, 0.00019428370965187387, 8.246075148993979e-7
c, 0, 0.0077392674871911106, 0.0006858794331580577
, 1, 0.00011577999208081907, 3.5319361354649584e-7
p, 0, 0.18210345093421457, 0.10978755615557438
, 1, 0.001950383631610679, 7.35409979362666e-5
c, 0, 0.011407160248098321, 0.0012078686552740652
, 1, 0.00011813261041299013, 6.125006165842426e-7
p, 0, 0.03618205795858571, 0.005997515394346999
, 1, 0.0004892883248825898, 7.71729875985739e-6
c, 0, 0.009153331467568004, 0.0008391263406740254
, 1, 9.140245214573183e-5, 3.440703581014237e-7
p, 0, 0.054477437105869754, 0.016786523467782175
, 1, 0.0014111133005321056, 3.4006120773718086e-5
c, 0, 0.009469284175544051, 0.0009823206553833254
, 1, 0.0001820308808343805, 1.038704377508784e-6
p, 0, 0.06557292090193619, 0.01099731967788195
, 1, 0.0006665580852914869, 1.3680218816626337e-5
c, 0, 0.014207144324516625, 0.0009980721338516733
, 1, 0.00016515725992437033, 1.1127767907161486e-6
p, 0, 0.08397644446442863, 0.02955790998668121
, 1, 0.0010922553534909632, 1.825223325692088e-5
c, 0, 0.010544233556605298, 0.0009670458009181627
, 1, 0.00014769612620041804, 6.466812711702142e-7
p, 0, 0.05253338649123501, 0.013069127558785231
, 1, 0.0006449378528407825, 8.860946233645862e-6
c, 0, 0.011549789123137266, 0.0010150918665392064
, 1, 0.00015728398724051168, 6.169526004671195e-7
p, 0, 0.05401644020407937, 0.011836546113962064
, 1, 0.0007473605343017223, 1.7170121957698524e-5
c, 0, 0.014091132091159628, 0.001229647936792748
, 1, 0.00021876190038434866, 1.5594120568003836e-6
p, 0, 3.080605999625943, 18.971311839422096
, 1, 0.03896779866670826, 0.015866005572337086
, 2, 0.00034496177346914894, 2.0226526911285433e-6
c, 0, 0.008609217516546055, 0.0008678126673956407
, 1, 0.00010123365809439759, 2.5677738755467423e-7
p, 0, 0.050320851116694126, 0.00655861753307125
, 1, 0.000488565598563769, 8.06525179741768e-6
c, 0, 0.010954078563826746, 0.0008517400960436214
, 1, 0.00027507990190068295, 1.905362439661741e-6
p, 0, 0.03877378073911254, 0.0062858836997475576
, 1, 0.0007976244149357131, 1.306330527787694e-5
c, 0, 0.013372202372220657, 0.0009825795410498975
, 1, 0.0002672228868104709, 2.12999793355269e-6
p, 0, 2.5445410869105123, 12.952884869858265
, 1, 0.03454507324488863, 0.011392367367024932
, 2, 0.0009323492851865658, 1.654780440275298e-5
c, 0, 0.008919494125800762, 0.0008750936145618862
, 1, 0.0001767902436492212, 1.0160394041327257e-6
p, 0, 1.881327453992464, 7.079346899264969
, 1, 0.02803818833542117, 0.006801698991276124
, 2, 0.000981196301955581, 1.8566726317390724e-5
c, 0, 0.010823862068861047, 0.0008325228918365364
, 1, 0.0004354062934553816, 6.041327044043091e-6
p, 0, 0.521080861667461, 0.5465614687819783
, 1, 0.007939065522470019, 0.0005394731718189861
, 2, 0.0003207419913781322, 2.2253613426176506e-6
c, 0, 0.013510094120499647, 0.0007039004001195912
, 1, 0.0001427678859448378, 6.287625895008612e-7
p, 0, 0.08519213378283894, 0.017886370351330245
, 1, 0.0014904580532770384, 2.4831179978766513e-5
c, 0, 0.009524328085914864, 0.0006511007549105734
, 1, 0.0002153174557189477, 1.2854582167054803e-6
p, 0, 0.030149958010751855, 0.003992030129239842
, 1, 0.0014437228435375165, 4.146959053827166e-5
c, 0, 0.008737578893814275, 0.0006657890327504589
, 1, 0.000646733250934469, 8.617572947117817e-6
p, 0, 0.05451434606406669, 0.012465268590750339
, 1, 0.0019839370604125064, 0.00011960363566684199
, 2, 0.0009022798138577419, 8.905756632382696e-6
c, 0, 0.012957874089289957, 0.0009171038415037519
, 1, 0.0001633963519423829, 8.815224590607264e-7
p, 0, 0.13350555314255447, 0.03053344047461531
, 1, 0.000990197271522831, 2.529825465534724e-5
c, 0, 0.01278072674207312, 0.0007258169510940821
, 1, 0.0003532471625859314, 3.97499286805814e-6
p, 0, 0.05327938111019775, 0.009053184172577049
, 1, 0.001311712156506118, 4.275651439218455e-5
c, 0, 0.011753499312403217, 0.001188049754971085
, 1, 0.00019101743874639466, 1.2803447770842651e-6
p, 0, 0.054692248310973, 0.014522204726393376
, 1, 0.0023515605709291086, 0.00013444074749203387
, 2, 0.0007587501795699126, 1.0108325938060327e-5
c, 0, 0.012035853981448484, 0.0009153871718276948
, 1, 0.00020908494897469977, 1.038852985210403e-6
p, 0, 11.441987079071406, 261.85184163806093
, 1, 0.11824497168607695, 0.20087096718000072
, 2, 0.0023229168875752975, 9.60308376709631e-5
c, 0, 0.023541226730249984, 0.0018033935228556122
, 1, 0.0005604833368512414, 1.0755267358472307e-5
p, 0, 486.79078835024313, 473980.36096175114
, 1, 6.985838206870952, 357.2143344180256
, 2, 0.10166627021463694, 0.22484775632944112
, 3, 0.012085776687104713, 0.013950864234494677
, 4, 0.008864195533701116, 0.002574303231726791
, 5, 0.004411413725166686, 0.0005004343731767255
, 6, 0.001969638762981494, 8.979730351808937e-5
c, 0, 0.01227229343389184, 0.0011335606444307332
, 1, 0.0007023527899087908, 1.9267220179065833e-5
p, 0, 5.733874009232073, 65.86682319629645
, 1, 0.0917153981030835, 0.05984583140241393
, 2, 0.0013650153196903643, 3.4434391388995916e-5
c, 0, 0.021151154304289984, 0.0016886653195397265
, 1, 0.0006566615505057232, 1.6347701872082306e-5
p, 0, 0.29176854847540673, 0.24753199160441552
, 1, 0.003409645633995374, 0.00020505037876353773
, 2, 0.00048073336700294757, 6.2214202770135475e-6
c, 0, 0.018299377601151235, 0.002032402500026241
, 1, 0.0002587304259289642, 2.3145413992510347e-6
p, 0, 7.459352109894081, 111.32347772681415
, 1, 0.0750372484103134, 0.07313181318584819
, 2, 0.0008068002618167997, 2.3275177463578446e-5
c, 0, 0.037135708651339354, 0.004484285737909268
, 1, 0.00040322717845254965, 5.642965770822967e-6
p, 0, 0.28553803899728936, 0.17945610619599495
, 1, 0.00221515215692406, 9.456388954335436e-5
c, 0, 0.04587243653612694, 0.006562913085098647
, 1, 0.0007091321385131198, 9.113275704888065e-6
p, 0, 0.40891584559255373, 0.3540901769600287
, 1, 0.010677728096119577, 0.0024356998724144917
, 2, 0.004126924638726662, 0.00028677894397994387
, 3, 0.0016794992372317547, 5.0814243847562976e-5
c, 0, 0.05774814002218301, 0.013972806917581132
, 1, 0.0007134460130812909, 1.6459130127720176e-5
p, 0, 0.2702171953218178, 0.35503951743562
, 1, 0.03737859907888246, 0.02547250100297294
, 2, 0.012574119624019844, 0.0024637037474473855
, 3, 0.005165944927640558, 0.0003932479804474323
, 4, 0.0021656040486450413, 7.653471269088414e-5
c, 0, 0.04700046915058035, 0.006536125513460633
, 1, 0.0007077153608814764, 1.9890533573877872e-5
p, 0, 10.879248101047168, 233.23909463636372
, 1, 0.16694656476660033, 0.22835597343492076
, 2, 0.011186285156396903, 0.0015312104749341414
, 3, 0.0023636129232584894, 0.0001666287690331941
, 4, 0.0008432531301766895, 2.0778477528947127e-5
c, 0, 0.030991887944182565, 0.0037653966933275836
, 1, 0.0005104868163281845, 5.97015514391362e-6
p, 0, 1.1294203347068361, 2.597094295089761
, 1, 0.019292762195730527, 0.0033995165897520094
, 2, 0.0018752433054428004, 8.419260432520497e-5
c, 0, 0.0205170996128042, 0.0018086880392317783
, 1, 0.0005817477028900639, 1.0908914486606354e-5
p, 0, 0.1482511457205345, 0.08067730256301481
, 1, 0.0014048945563617209, 4.070531134829887e-5
c, 0, 0.020384988993000664, 0.002306853049577214
, 1, 0.00014914279920989672, 6.540694489872579e-7
p, 0, 1.7163801371904734, 5.9151363878477
, 1, 0.030101629290479763, 0.0073334272912532255
, 2, 0.0007769991317013575, 1.1574377988840783e-5
c, 0, 0.02865234617125147, 0.001999087428084537
, 1, 0.0003800247148941017, 4.699727272261874e-6
p, 0, 0.19221885120540472, 0.16150850528993335
, 1, 0.0023925107350829308, 0.0001803469283119063
, 2, 0.00036940537100599486, 1.747411045098993e-5
c, 0, 0.021210594669924702, 0.0027596275525403505
, 1, 0.0006214574898922168, 1.0850358479683115e-5
p, 0, 0.30699211881073796, 0.3315220429707609
, 1, 0.006226898629422314, 0.0004993590348951115
, 2, 0.0009021341870301021, 2.5827245942219588e-5
c, 0, 0.03670466768491573, 0.0061398603421919965
, 1, 0.0006437927755314135, 1.2312699914148254e-5
p, 0, 1.2144214169914367, 3.284318737728155
, 1, 0.023064954940272334, 0.003987570432148432
, 2, 0.0005119038915901655, 5.7529192711433465e-6
c, 0, 0.03147806628965891, 0.006888036816178614
, 1, 0.0003883080685971813, 5.120883214556099e-6
p, 0, 0.30965978538334626, 0.2803804925912211
, 1, 0.006238026442174702, 0.0004517831550467934
, 2, 0.0004372857824075139, 5.388681237898074e-6
c, 0, 0.026459653087241467, 0.004431950085146358
, 1, 0.00024476595598220505, 2.1843209977941517e-6
p, 0, 0.8590140836279377, 1.7414702221052298
, 1, 0.009931697646501338, 0.0008285438834254806
, 2, 0.0008428834675836109, 4.012755769769822e-5
c, 0, 0.015571323193053767, 0.0016753646776167678
, 1, 0.00039758211261887695, 5.755150465437051e-6
p, 0, 0.17547351877142098, 0.09286516590167934
, 1, 0.0021298666717720774, 0.00015649400958047842
, 2, 0.0007764737016789434, 1.965962843312252e-5
c, 0, 0.017133800672442936, 0.002412272307593048
, 1, 0.00017403774088090224, 1.754756165551852e-6
p, 0, 0.07170848140949787, 0.04004604295561284
, 1, 0.0013496804109423665, 5.704195444817413e-5
c, 0, 0.015122500346246381, 0.0015052345283224108
, 1, 0.0002110105756602426, 1.6145659413620327e-6
p, 0, 20.46175575430274, 840.2628473473045
, 1, 0.28153660418361204, 0.5924714244528638
, 2, 0.0037221007916128463, 0.0001666444734043267
, 3, 0.00020034805134175015, 4.84542531914358e-6
c, 0, 0.010528266160931256, 0.0012432745898097314
, 1, 0.00018207870453385578, 1.7774170241696535e-6
p, 0, 3.869810844641415, 44.104077896292196
, 1, 0.05530437487110588, 0.03752572058743383
, 2, 0.0012631453091439444, 4.4978049080744015e-5
c, 0, 0.014073081580294846, 0.001349871153320738
, 1, 0.0003128045046299353, 4.872086220098325e-6
p, 0, 5.404796672382849, 58.395419833002684
, 1, 0.06480661819299333, 0.030524784193951004
, 2, 0.0011777752076838977, 1.6693289049499726e-5
c, 0, 0.007972161352591973, 0.0007670324262225074
, 1, 0.0006253953761591165, 1.292694004889686e-5
p, 0, 0.08625427289165201, 0.042373935610714335
, 1, 0.0015393048976558238, 8.484230948865976e-5
c, 0, 0.008146573234926452, 0.0007372910019251825
, 1, 0.0004125519559373481, 9.820627593018924e-6
p, 0, 0.11288475597558768, 0.04244506188276888
, 1, 0.0016219603401080639, 4.1832562860654564e-5
c, 0, 0.012080545922061849, 0.0009192960939742341
, 1, 0.0004307882291141945, 5.886712780290362e-6
p, 0, 0.18583786593325452, 0.14006403298201509
, 1, 0.005679559264789722, 0.0007679844587137999
, 2, 0.0014039594818833396, 6.979871878292894e-5
c, 0, 0.020984803171344015, 0.0014773116557147202
, 1, 0.0005686173487722944, 1.0301253010810198e-5
p, 0, 0.4417832057023078, 0.4425572481012495
, 1, 0.006957916438094233, 0.0012680093864391112
, 2, 0.002091533734486539, 0.00013776166254464352
, 3, 0.0008072488108171584, 2.1072502909777415e-5
c, 0, 0.019581646782063544, 0.0016650130162469935
, 1, 0.0004001410314866861, 7.021783711696613e-6
p, 0, 0.07795837611121355, 0.038631476192163096
, 1, 0.0026564924323162755, 0.00020133336068249469
, 2, 0.0007814882173843264, 1.4265998931231695e-5
c, 0, 0.013788442666769294, 0.0017752547105843606
, 1, 0.0005070436442210287, 9.598713687051289e-6
p, 0, 0.18237169014563995, 0.09701162737209738
, 1, 0.0031533326033125735, 0.00028678501924806886
, 2, 0.00043897574541376324, 9.327659502384452e-6
c, 0, 0.01869421338368163, 0.0019422740292030518
, 1, 0.0002609130142380953, 3.1498789785030235e-6
p, 0, 0.3830036898911946, 0.5442707142746139
, 1, 0.005588482552504147, 0.0011783651678180349
, 2, 0.0024991040425404554, 0.00017411737246013196
, 3, 0.0010277890558136773, 3.224629260236375e-5
c, 0, 0.017044045641000614, 0.0028040286754671033
, 1, 0.00045012833232938043, 8.93541464574814e-6
p, 0, 141.5950429723737, 40078.81993394124
, 1, 2.1611012582887095, 38.8368596189832
, 2, 0.049889175138299144, 0.05563862312123288
, 3, 0.007982740614336068, 0.0033523360321212775
, 4, 0.004440187976466561, 0.0007502261084923251
, 5, 0.0021361346345517705, 0.00014386163698476212
, 6, 0.000565196706100024, 2.1964018544529893e-5
c, 0, 0.01585575401739736, 0.0016351987914487247
, 1, 0.00022721093750183147, 2.948833839850716e-6
p, 0, 0.6999398132480561, 1.1443945471809214
, 1, 0.011039138202176068, 0.0019804803798739133
, 2, 0.0031282512966912404, 0.0003120886642523655
, 3, 0.001396621467557471, 7.008120685926298e-5
c, 0, 0.010271588103187497, 0.001344139874181106
, 1, 0.0009164013977295043, 2.203073575231984e-5
p, 0, 0.19270147947370148, 0.12837562150517562
, 1, 0.0031650285964232973, 0.00031298489728667805
, 2, 0.0013482349298649954, 0.00012256230474474083
, 3, 0.00045133600153800853, 5.156350029099186e-5
c, 0, 0.009192550517837522, 0.0014272606078061276
, 1, 0.0008019011315125119, 2.7260965769457526e-5
p, 0, 1.0024782391514195, 2.0432665346819134
, 1, 0.011504053022692612, 0.0010198141424979882
, 2, 0.0008524936179788167, 1.2109748851068756e-5
c, 0, 0.009998630871857069, 0.0011318789490223416
, 1, 0.00028653993598399977, 3.03422847776609e-6
p, 0, 0.04782043677230918, 0.013498184578313
, 1, 0.0026183758800387012, 0.00030669042770700965
, 2, 0.0013142402674828151, 5.2175294593932705e-5
c, 0, 0.013339767729292436, 0.0009418162404353518
, 1, 0.0005709860021978604, 1.1420649232647316e-5
p, 0, 1.7503498296741404, 6.31547883069462
, 1, 0.026893798857660627, 0.00557763786295339
, 2, 0.0019640320253395396, 8.132757771944101e-5
c, 0, 0.011433267723747136, 0.0007717301121813175
, 1, 0.0006026068666067335, 1.7017831950274825e-5
p, 0, 16.240661476817593, 527.3659140964598
, 1, 0.24118469989497424, 0.5167099801263075
, 2, 0.006212788059397964, 0.0007102479619016016
, 3, 0.00037988739675170417, 8.32009624404466e-6
c, 0, 0.010277942185422414, 0.0009514526166258965
, 1, 0.0001922344380078101, 1.1674873390454564e-6
p, 0, 0.09982626606568111, 0.052395483287155716
, 1, 0.0012780996673383098, 6.160826097754536e-5
c, 0, 0.006536807632015716, 0.0005518299954020003
, 1, 0.0005020299750370259, 1.1037401439396635e-5
p, 0, 7.299361210724179, 108.16254111665117
, 1, 0.11049267285370035, 0.0931810212776098
, 2, 0.0017312356690259512, 3.386275807891312e-5
c, 0, 0.00976963475410104, 0.0004921826200132378
, 1, 0.0003780323409515626, 6.737240647373979e-6
p, 0, 0.1047170966713965, 0.03159748901794986
, 1, 0.0013410693100445134, 6.721302962331808e-5
c, 0, 0.007878017372070027, 0.0006284381562022095
, 1, 0.0005947512049110477, 1.6281319513906827e-5
p, 0, 0.9711327572686617, 1.922814220868037
, 1, 0.011580234566342768, 0.001073199280286751
, 2, 0.001367551305850187, 2.6727454357683286e-5
c, 0, 0.009322608283608633, 0.0007642434313331424
, 1, 0.00034460385718673063, 5.80182095196621e-6
p, 0, 7.775697351811066, 120.77700354777969
, 1, 0.1427528566912621, 0.16600096864866895
, 2, 0.003394325539235684, 0.00012768419903635422
, 3, 0.0006155091427868832, 1.5508922318242865e-5
c, 0, 0.011270376068516138, 0.0006381883683985888
, 1, 0.000389087158459289, 4.109410990894097e-6
p, 0, 0.11345818891813773, 0.040955514306276745
, 1, 0.002540526340924358, 7.863914127178532e-5
c, 0, 0.009802341002556765, 0.0007473076798096247
, 1, 0.00038717413854634476, 6.928965177285018e-6
p, 0, 0.0497400911335628, 0.007435209075632336
, 1, 0.00046523496437177354, 1.0420211066435075e-5
c, 0, 0.011458811235850751, 0.0008883954208847917
, 1, 0.000336591559629584, 3.194307657385427e-6
p, 0, 0.048999468462844455, 0.009163613543801064
, 1, 0.0007608298883530925, 1.529678181943873e-5
c, 0, 0.0131553610808693, 0.0010853956740280327
, 1, 0.0002932759363531139, 4.361086977188212e-6
p, 0, 0.11166801768746384, 0.038648533803284625
, 1, 0.002585055801476539, 0.0001448850765484627
, 2, 0.00055385148675464, 6.977160188794221e-6
c, 0, 0.016664800337002628, 0.0015356111096172045
, 1, 0.00015454752623103119, 7.087502291165971e-7
p, 0, 0.048597407324000155, 0.011523265532340345
, 1, 0.0012626109704983993, 5.620439038097484e-5
c, 0, 0.03261642272754246, 0.003123400608385181
, 1, 0.00045636195877373496, 5.1043347772880385e-6
p, 0, 0.8167526719285052, 1.3802413384073495
, 1, 0.012638769632152004, 0.0012666942725460051
, 2, 0.00048577105239073213, 3.915179548750964e-6
c, 0, 0.014309585187596664, 0.0015307432481952196
, 1, 0.00015313634254211423, 6.660813807402365e-7
p, 0, 253.41032870998777, 128426.8963781534
, 1, 3.5407056842708577, 89.88690205950509
, 2, 0.054270768694346314, 0.049925616126769226
, 3, 0.0037905166504637335, 0.0008851481601456763
, 4, 0.0015434233266441461, 0.00012332573102592277
, 5, 0.0005820850517461578, 2.009738387100168e-5
c, 0, 0.02016239363586319, 0.002821143048385611
, 1, 0.00033001475856346226, 5.339311024007145e-6
p, 0, 8.856838249884945, 158.55989736458707
, 1, 0.09463373475596844, 0.10356603012442793
, 2, 0.002554550378744319, 0.00017320048345285255
, 3, 0.0009046633955418159, 3.125871201665721e-5
c, 0, 0.018995396677438752, 0.002493465509905951
, 1, 0.0004325750698803524, 9.384886643257348e-6
p, 0, 0.18133607674198732, 0.10843272082686647
, 1, 0.004594996168375157, 0.0002166614491364931
, 2, 0.0005626071628929813, 1.1284567309723459e-5
c, 0, 0.020256087279250816, 0.0036864014344181032
, 1, 0.0002736770733071346, 2.8891133690847153e-6
p, 0, 0.2352885252747355, 0.19881978620893476
, 1, 0.003228317099613461, 0.0001348477296718066
, 2, 0.0004525672393716829, 5.295617872522202e-6
c, 0, 0.02413434054084293, 0.002499585294960161
, 1, 0.00018964017963941785, 1.001281542295441e-6
p, 0, 0.12483057780398042, 0.0989270865045929
, 1, 0.003373363959279438, 0.00023536990702227565
, 2, 0.0009096377611280669, 1.4278163492443462e-5
c, 0, 0.024752542415610614, 0.0030810079657451516
, 1, 0.00032253171406029584, 2.3046521567037957e-6
p, 0, 0.22879152202533995, 0.13876907509198472
, 1, 0.00522537077347854, 0.00036647482976491215
, 2, 0.0016389528442369815, 5.029691751175246e-5
c, 0, 0.019511418035675892, 0.0023284978562403986
, 1, 0.0005663718196602462, 1.0655776446156006e-5
p, 0, 0.23203804787332083, 0.12037179896867246
, 1, 0.008292138880059943, 0.0009114277712101395
, 2, 0.0024822549168501706, 0.00012090872427242375
, 3, 0.0009725161076771416, 1.782346437191292e-5
c, 0, 0.01120613722679706, 0.0011585207460768497
, 1, 0.00033496359006305503, 3.512653892664797e-6
p, 0, 0.0743384573942948, 0.01946183781149951
, 1, 0.006269257718011919, 0.0008675074266954841
, 2, 0.002037191911272067, 8.001013648703649e-5
c, 0, 0.010681379182773924, 0.0008932987701776917
, 1, 0.0007023204808825712, 1.4074031464892857e-5
p, 0, 0.19870564058115478, 0.1278800823651048
, 1, 0.003963208463529882, 0.0002778139795757028
, 2, 0.0008260510173020271, 2.0443025339480586e-5
c, 0, 0.008329776585143611, 0.00096796538596662
, 1, 0.0001798787194938497, 1.5279971535769133e-6
p, 0, 0.9506702271537596, 1.8181610674939186
, 1, 0.015907918750733593, 0.001947967792958388
, 2, 0.00099539192131799, 2.288135529079881e-5
c, 0, 0.009686488570632456, 0.0014299047514177686
, 1, 0.0002523669526501702, 2.519477128331267e-6
p, 0, 63.63242095301436, 8095.65066774228
, 1, 0.6369069876767893, 4.781620686429489
, 2, 0.005523309980619969, 0.0008598015230296966
, 3, 0.0005585955280784439, 2.6989532136190105e-5
c, 0, 0.022416853252192115, 0.0029081653160383946
, 1, 0.0003579602831967365, 3.6539878017184718e-6
p, 0, 633.5264488594693, 802700.6584969759
, 1, 12.70653319729661, 1080.701241709434
, 2, 0.18490781074772433, 0.3191042810393683
, 3, 0.008555569539565308, 0.0034111986369184904
, 4, 0.0017140314130086893, 0.00022594045512490667
, 5, 0.0008507395114746486, 4.469138216241169e-5
c, 0, 0.02370908719109606, 0.003222642206466345
, 1, 0.0007620995713106254, 2.617724310690088e-5
p, 0, 9.949438343288566, 194.01928203329612
, 1, 0.19224023773123114, 0.26272396778741514
, 2, 0.0034786240144780364, 0.0001929097915808831
, 3, 0.0008013282065074456, 2.8947620160542232e-5
c, 0, 0.018531991131567137, 0.0014401519109945085
, 1, 0.0002300468762823806, 2.7915465883394128e-6
p, 0, 0.6334096258700499, 0.7890602514479529
, 1, 0.013925348705772772, 0.001459135646773617
, 2, 0.0005140625548034812, 1.0819809516623222e-5
c, 0, 0.019513273331205682, 0.002070989945513327
, 1, 0.00019714036884376103, 1.3153821867949312e-6
p, 0, 2.153623622747404, 9.330457941827278
, 1, 0.030435721004279877, 0.008208550532426357
, 2, 0.0007135886319835594, 9.518813789338477e-6
c, 0, 0.012675278117417216, 0.0008624832574878575
, 1, 0.0003224506671389792, 4.717507800550446e-6
p, 0, 1.4072393768791003, 3.982403176885509
, 1, 0.020258702686429094, 0.003833819058073951
, 2, 0.001240991636410888, 2.539773850210989e-5
c, 0, 0.008993921412622027, 0.0011013438520736294
, 1, 0.0003023802731847435, 5.0316777917737655e-6
p, 0, 0.3514097912741555, 0.2899243869172544
, 1, 0.006542028912479635, 0.00036902487792335074
, 2, 0.0006771363693324601, 1.6357557847802375e-5
c, 0, 0.01043963338931841, 0.0010052941786511255
, 1, 0.00019126502143966496, 1.4455043315078823e-6
p, 0, 6.164160923343887, 75.82737862367699
, 1, 0.06829873693218312, 0.057404426095273124
, 2, 0.0029721563567752765, 9.851803708323013e-5
c, 0, 0.024766459289306247, 0.0026887516886411407
, 1, 0.0005821519131031472, 1.216619072999219e-5
p, 0, 1.9300687890968027, 7.44574955493633
, 1, 0.03222788682717313, 0.008341726131025198
, 2, 0.0014191721661373814, 6.077312949727769e-5
c, 0, 0.019072130331052248, 0.0018749757408782148
, 1, 0.0004268737554672053, 5.17836368338135e-6
p, 0, 0.38447332612769786, 0.34363047441343525
, 1, 0.005627871782038898, 0.0005104000282799331
, 2, 0.0015170094772745195, 6.440399271212623e-5
c, 0, 0.019230483255048954, 0.003955150340408317
, 1, 0.0005342746934561946, 1.0816214319085426e-5
p, 0, 0.2388033893211222, 0.11688689063340947
, 1, 0.00987289354829778, 0.0017692639022488486
, 2, 0.0029107935603806113, 0.0001997209470191927
, 3, 0.0009738848051984125, 2.8838373707589577e-5
c, 0, 0.017919193734477798, 0.001970052662785741
, 1, 0.00032035844193340987, 3.5788971243044354e-6
p, 0, 0.08631978461619672, 0.05338497895160135
, 1, 0.0061246562784794956, 0.0009429838891573599
, 2, 0.001840436643505602, 9.10888373144047e-5
c, 0, 0.015278126439601499, 0.0018163147634516804
, 1, 0.0005437667535689647, 1.0811950346235252e-5
p, 0, 0.761314343051045, 1.2444508081470962
, 1, 0.014273565492094551, 0.0015077667569326919
, 2, 0.0012513189896101084, 3.422471539717049e-5
c, 0, 0.015802083802681322, 0.0014237368779467918
, 1, 0.0005919665541019378, 1.1129684733855987e-5
p, 0, 0.20980824469128706, 0.10493743158249255
, 1, 0.004338192240987324, 0.00015389339789408018
, 2, 0.0006024047013546627, 9.45353391773666e-6
c, 0, 0.012874818627506286, 0.0013114335805402165
, 1, 0.00021170064261205766, 1.3857272337997894e-6
p, 0, 0.11146960068196089, 0.04878681047010644
, 1, 0.0036095137568694837, 0.00043242457707976005
, 2, 0.0014973765661618625, 5.6251240328751346e-5
c, 0, 0.013737236130160636, 0.0014529864064669496
, 1, 0.0006749576834114395, 1.168257056562616e-5
p, 0, 0.059642111077191126, 0.0246198063770845
, 1, 0.0030804560945591345, 0.00032317953005521586
, 2, 0.001426665169159734, 4.1225756098988526e-5
c, 0, 0.009676194386595583, 0.0009726249032592648
, 1, 0.00026627843745179484, 3.041758760686242e-6
p, 0, 0.07729553286376407, 0.03639474696414428
, 1, 0.003335265386801852, 0.00019714049959407957
, 2, 0.0010374909218504738, 1.9849529871899137e-5
c, 0, 0.008393020282685706, 0.0010396435640674527
, 1, 0.00023798437117542119, 2.2609042478982764e-6
p, 0, 0.06615101356647042, 0.01848181476804832
, 1, 0.0005747182692022932, 1.4716237244079274e-5
c, 0, 0.013575594472362309, 0.0013048553252396674
, 1, 0.00019206413529881963, 1.5818342606681034e-6
p, 0, 10.968014534914078, 240.57953759750498
, 1, 0.11942049066101998, 0.17342587505803508
, 2, 0.00415290575716377, 0.00026830780735701183
, 3, 0.0008495442669848983, 1.631565995982025e-5
c, 0, 0.011599550925781986, 0.001128956326158016
, 1, 0.00021917814444976361, 2.4623771210154294e-6
p, 0, 0.035456886308085654, 0.008135700237472652
, 1, 0.0005913226646681632, 8.905311319043185e-6
c, 0, 0.007914202757321099, 0.0008066903847375924
, 1, 0.00016365669338394426, 6.68784884614464e-7
p, 0, 0.21690929352237096, 0.09933132949446286
, 1, 0.002686015767518874, 7.769948366212363e-5
c, 0, 0.011386300108090908, 0.001060840883762288
, 1, 9.292741575743713e-5, 2.618812204173484e-7
p, 0, 0.0479645885667738, 0.011005154102709067
, 1, 0.0008562675131568423, 1.6912698866834473e-5
c, 0, 0.007921175756064186, 0.0007729001858365411
, 1, 0.0002332995051598302, 2.0593484157385885e-6
p, 0, 3.4255404618881373, 23.51128667142001
, 1, 0.05564760561599018, 0.025895685804023016
, 2, 0.0008752028007275906, 1.4442468755633937e-5
c, 0, 0.00956839660821127, 0.000955010681527505
, 1, 0.00013312995253358755, 6.0642767185803e-7
p, 0, 0.08968907420384564, 0.029304090617828463
, 1, 0.0008503714900346598, 1.4282498429795014e-5
c, 0, 0.01258181354549316, 0.0008703590927123873
, 1, 8.677681806855857e-5, 3.289405649295051e-7
p, 0, 0.06253010360122503, 0.021536599862178627
, 1, 0.001063225971962796, 2.4574890846434752e-5
c, 0, 0.01216601534282921, 0.0011938850291203788
, 1, 0.00017311452502628762, 1.1993440374025226e-6
p, 0, 0.9319275091450975, 1.754391519280938
, 1, 0.015913034115706923, 0.001988440078910979
, 2, 0.00026759894017060925, 1.094708989380648e-6
c, 0, 0.011038336930358286, 0.0009753312743618239
, 1, 0.00016253178932739483, 7.423350961077049e-7
p, 0, 0.0676466240772839, 0.015948326685882953
, 1, 0.0007926606136849747, 1.3206716653082491e-5
c, 0, 0.011955125346238413, 0.0011214869689478441
, 1, 0.0001939258935024011, 1.1852235687592666e-6
p, 0, 2.7627713652544013, 15.326655408517446
, 1, 0.04333964193593893, 0.014106941672458656
, 2, 0.0006641987628677102, 4.818275447056955e-6
c, 0, 0.01120722948260452, 0.0009383831478087436
, 1, 9.951344529323869e-5, 3.764622581138563e-7
p, 0, 0.0477911763416152, 0.016197142318659343
, 1, 0.0008839847144817854, 2.683078129967441e-5
c, 0, 0.031952749173837815, 0.0028145836523986558
, 1, 0.0002647496452772905, 2.108033514377511e-6
p, 0, 0.7794090011453495, 1.9968019643939352
, 1, 0.007764670708780674, 0.0005424102948236611
, 2, 0.00021908506475276057, 1.3334318870723874e-6
c, 0, 0.013496940527650042, 0.001345655133865818
, 1, 0.00013123681756695193, 5.622030798507541e-7
p, 0, 0.07993326312851023, 0.045282862201256914
, 1, 0.002025526106312611, 5.4813679295203196e-5
c, 0, 0.04026966283602527, 0.00424403940765095
, 1, 0.0001975640620829565, 9.950131239069134e-7
p, 0, 3.0249190173522327, 23.31553047281166
, 1, 0.04684762748492868, 0.01673027644480861
, 2, 0.00038106658174090664, 3.9544869366243175e-6
c, 0, 0.019441911784676805, 0.002368734019128971
, 1, 0.0001895651838308315, 8.347426402710884e-7
p, 0, 0.07431113898806993, 0.022635315071794032
, 1, 0.0016639238462094615, 7.25933610969609e-5
c, 0, 0.02640886259353227, 0.0027024794624826358
, 1, 0.00028028112871366474, 2.4020859545482204e-6
p, 0, 0.1120314463541821, 0.03666379790694253
, 1, 0.0038161695173694224, 0.00018014756723167306
, 2, 0.00052400388670619, 3.899817137604812e-6
c, 0, 0.02073405876371633, 0.002613791385824832
, 1, 0.00016038526877743643, 5.683803625316795e-7
p, 0, 0.7016086855287799, 1.764790378516963
, 1, 0.007610695996033211, 0.0007417361458054832
, 2, 0.0002798649595794054, 1.9177834014993885e-6
c, 0, 0.018239264017062235, 0.0021621859879232485
, 1, 0.00014877208570214284, 9.377315373130588e-7
p, 0, 190.44512568756952, 72538.35018228044
, 1, 1.9263758098616572, 26.72539233988088
, 2, 0.0363631296754221, 0.013718252813375156
, 3, 0.003323814561162614, 0.0002984327566648693
, 4, 0.0009299059022757713, 2.063880582422692e-5
c, 0, 0.017727696906794717, 0.001917434046547626
, 1, 0.00022171172036570467, 2.2827079692203067e-6
p, 0, 0.06768495027776865, 0.017325391337770675
, 1, 0.0011378076906186805, 3.744635253372221e-5
c, 0, 0.013197560756138612, 0.0016389683308873973
, 1, 0.00041881538611556086, 7.155784753404356e-6
p, 0, 0.0785019844043181, 0.015523206877545326
, 1, 0.00291939692714161, 0.00025847565767407496
, 2, 0.0013261979650860682, 3.069625323295105e-5
c, 0, 0.00809788127468258, 0.0009391554744744351
, 1, 0.00040088034730672526, 5.389378855012182e-6
p, 0, 0.038483238143812035, 0.00899779505937629
, 1, 0.0037069735128140565, 0.00021401857145445733
, 2, 0.001103001631153381, 2.2813219272379625e-5
c, 0, 0.011317018356088481, 0.0011949205263246387
, 1, 0.0002811152778882149, 3.2638118619524556e-6
p, 0, 0.06241122568092167, 0.021543416319240873
, 1, 0.004981176044073777, 0.0005825413968344364
, 2, 0.0015031373735517892, 5.6092775899526626e-5
c, 0, 0.013954490822747256, 0.0014802913530461458
, 1, 0.00044392351920093565, 7.965798568763112e-6
p, 0, 8.746107128479919, 152.6947418611101
, 1, 0.0821241185319174, 0.050288730134367354
, 2, 0.0016086266974078879, 5.253656333435046e-5
c, 0, 0.010840340627554915, 0.0011014549221102623
, 1, 0.00038609396295552554, 7.286572541328539e-6
p, 0, 0.04950452528437649, 0.021097098324906607
, 1, 0.007053639917647739, 0.001198949198396218
, 2, 0.0014252170963869456, 0.00010982478047221344
, 3, 0.000496735175995271, 1.0595696009162122e-5
c, 0, 0.009380242781880647, 0.0012816120832966986
, 1, 0.0002833795871444785, 2.4150961319462476e-6
p, 0, 0.4587778509739332, 0.6587575017597601
, 1, 0.009440394964800827, 0.0012437676531512742
, 2, 0.0020005168989993133, 0.00012977691122418225
, 3, 0.0005508736562713369, 1.2951228396641852e-5
c, 0, 0.013491794412202598, 0.0013709796337924324
, 1, 0.00016669676221436495, 9.310490142414004e-7
p, 0, 0.2937196127235665, 0.19293858510034217
, 1, 0.007640926302550083, 0.001138377062049409
, 2, 0.0018459154122587396, 0.0001229555455635033
, 3, 0.0006611800891785954, 1.2448289116164977e-5
c, 0, 0.013085912869800846, 0.0017862850665970092
, 1, 0.0003805425035410077, 3.3450846974679457e-6
p, 0, 2.530349152561869, 13.999943736641029
, 1, 0.03792153668209248, 0.014811979618670623
, 2, 0.0024840581261762473, 0.00013936393987664755
, 3, 0.0006138665182181854, 1.1881811395256787e-5
c, 0, 0.01048989705444731, 0.0013066234585843723
, 1, 0.00014524539562697455, 5.5002485194351e-7
p, 0, 38.538878925148815, 2957.055531735157
, 1, 0.6410074782301207, 3.4601011270592683
, 2, 0.016865540429635336, 0.0033825107398966154
, 3, 0.004159515991605479, 0.00040298143798037566
, 4, 0.0012361663361900575, 3.6093281608924786e-5
c, 0, 0.01958191465343014, 0.0021490104940574822
, 1, 0.00038545417001067787, 6.950669581423619e-6
p, 0, 0.10578600056149096, 0.10573302293863135
, 1, 0.0032059980483399213, 0.00038539885564255855
, 2, 0.0009788221670764922, 4.0815666053471784e-5
c, 0, 0.012612497084485504, 0.001286341785588563
, 1, 0.0006200078375123595, 1.7539974274332098e-5
p, 0, 0.12212394225112966, 0.04796518949570063
, 1, 0.002511479011156384, 0.0001568526365174284
, 2, 0.0006853291981428981, 1.171371114013876e-5
c, 0, 0.01081779206042651, 0.001309112259125433
, 1, 0.00027496096995107723, 5.407284128322707e-6
p, 0, 0.11331423857735709, 0.06278118139887771
, 1, 0.0014190672003427049, 0.00010234744230826356
, 2, 0.0004497966812388024, 7.8063690712924e-6
c, 0, 0.00897511317177347, 0.0009699632736682543
, 1, 0.00044055879257542095, 6.735332841518469e-6
p, 0, 5.23618091889232, 62.41040094596754
, 1, 0.07583007032672248, 0.04275816317550622
, 2, 0.0016439439767853004, 3.720349750402592e-5
c, 0, 0.028976607740828105, 0.0032348985620579396
, 1, 0.0004259009451826247, 6.84197666819523e-6
p, 0, 210.5228686170266, 88723.82538225298
, 1, 2.3244856508201295, 38.83974542830353
, 2, 0.04410983736730721, 0.01777598973044217
, 3, 0.002209999137204056, 0.0001234278771266599
, 4, 0.00034326455866657565, 2.456787473226322e-6
c, 0, 0.013326163628592687, 0.0012619558235930101
, 1, 0.00010392203213667711, 3.3987736728674906e-7
p, 0, 0.14632195193109934, 0.07455147484352986
, 1, 0.0026458999245972514, 8.749569694391034e-5
c, 0, 0.016724498423718943, 0.0017921581740608704
, 1, 0.00039043578404844527, 3.991566536877459e-6
p, 0, 0.05833882405531046, 0.0310863172669164
, 1, 0.004510210623745401, 0.0005514224715966838
, 2, 0.0016064505565433313, 6.314412338769624e-5
c, 0, 0.013994409411774385, 0.0020284783494893366
, 1, 0.0005162380365749644, 1.400850994424757e-5
p, 0, 0.08558706389696363, 0.04104561771187561
, 1, 0.004112965710733563, 0.0005550203284919278
, 2, 0.0019740113671326857, 7.79950508943267e-5
c, 0, 0.01247368812322749, 0.0017297859848730945
, 1, 0.0005550400067304886, 1.6839555214062154e-5
p, 0, 0.10668902524865466, 0.04115743352727581
, 1, 0.0017705288525477155, 0.00016804464644008034
, 2, 0.0008817477771061909, 3.2616786086318706e-5
c, 0, 0.0162581089892498, 0.00148407321115424
, 1, 0.0003313522337299535, 6.491274450491724e-6
p, 0, 25.07971862686615, 1257.6482865147675
, 1, 0.3420161814723617, 0.9672400283485509
, 2, 0.005523643303206579, 0.00037310073532910383
, 3, 0.0005798382703170113, 1.7993453852761697e-5
c, 0, 0.015885448250875654, 0.0023374841539725477
, 1, 0.0003536614070480215, 4.039826928783967e-6
p, 0, 0.4306624234505454, 0.39420569051132676
, 1, 0.007294775383074555, 0.0005182536105220667
, 2, 0.0010113292227984841, 3.741040856598539e-5
c, 0, 0.014355627605343606, 0.0013863466965491921
, 1, 0.0006473202467604596, 1.2763167069454379e-5
p, 0, 0.9971537752669001, 1.9927289812627516
, 1, 0.012628817551291189, 0.0016156648925599465
, 2, 0.0006002445723764122, 6.719579304358106e-6
c, 0, 0.015596480848330204, 0.0013937980290868051
, 1, 0.00022604211973414662, 1.5427001153272533e-6
p, 0, 0.08823052586255191, 0.022962619637328086
, 1, 0.0019696570474253155, 0.00022545434378549076
, 2, 0.0010101058115831731, 3.4254814344315235e-5
c, 0, 0.011346780404059098, 0.001170460429400661
, 1, 0.00028239064824596633, 3.403506127965764e-6
p, 0, 0.17497580958347725, 0.0707728372872346
, 1, 0.009364824573355392, 0.0009998087289142638
, 2, 0.002315651200938893, 0.00018515440950589505
, 3, 0.001076584104617447, 3.174055707101506e-5
c, 0, 0.011281217444036628, 0.0010268806172981323
, 1, 0.0004141870811298161, 7.578121018088821e-6
p, 0, 0.06036856799232714, 0.018659862013439044
, 1, 0.00786500438316539, 0.0018259345558698642
, 2, 0.002548114078172469, 0.00033940317335119283
, 3, 0.0010330132261470483, 5.357493302067047e-5
c, 0, 0.009976672488318013, 0.0008503793167086116
, 1, 0.00045659809234617683, 8.310846514408514e-6
p, 0, 0.04873235924573848, 0.021907686183323064
, 1, 0.007807048779238361, 0.001737849476300408
, 2, 0.002205832201480437, 0.0003034410619411007
, 3, 0.0008744125640152022, 4.525355716533472e-5
c, 0, 0.008609896998955055, 0.0008738365465032956
, 1, 0.0004570337706056287, 1.0705646155389714e-5
p, 0, 0.4223539209875583, 0.3696784452525056
, 1, 0.011196816718534224, 0.001469438828660228
, 2, 0.0022089105770466497, 0.00021732630832725332
, 3, 0.0009685120276064564, 4.1129081406237605e-5
c, 0, 0.014334157814890586, 0.0009989457936596313
, 1, 0.0004076969741567877, 6.2847851366945406e-6
p, 0, 0.1765105093645299, 0.09356989194679917
, 1, 0.00684122247212595, 0.0009064446055164865
, 2, 0.0017731979900045588, 0.0001287496519822324
, 3, 0.0006019783167366688, 2.034208622957613e-5
c, 0, 0.008803717974118901, 0.0009204664462738762
, 1, 0.0004963114756631956, 7.503399411654529e-6
p, 0, 0.09547646567450244, 0.035237876500971335
, 1, 0.004194607018765681, 0.000986395176336159
, 2, 0.0014190309417700703, 0.00011201009648762709
, 3, 0.00042673749645937063, 1.519104353167907e-5
c, 0, 0.00793648688188607, 0.0007831243887810155
, 1, 0.00031176974670064537, 2.758421087237589e-6
p, 0, 0.09735841284434991, 0.038252761458999786
, 1, 0.0034974292884651244, 0.00040291156855152757
, 2, 0.0009917722433904594, 5.74012812799882e-5
c, 0, 0.010406133181147397, 0.0013202796304852813
, 1, 0.0006153945133411685, 1.1784697082320792e-5
p, 0, 0.11238688919379626, 0.041041282062891336
, 1, 0.002942404404338164, 0.0002267851533414981
, 2, 0.0012325880815805624, 3.130367201779806e-5
c, 0, 0.022411278509829723, 0.001990720348964998
, 1, 0.00024072623977728467, 3.0768913033993426e-6
p, 0, 0.11629905136531044, 0.051689287289053185
, 1, 0.003433643585304625, 0.00027065144173016835
, 2, 0.0014403548476699694, 4.019179521035052e-5
c, 0, 0.019341238679267427, 0.0018114575607232723
, 1, 0.00041479917591394377, 7.460661171130117e-6
p, 0, 0.3423475057835915, 0.21013189772183746
, 1, 0.003451447888858125, 0.00033805854376650195
, 2, 0.001278664469833314, 4.2628164201699695e-5
c, 0, 0.009792594350247144, 0.001154163831551366
, 1, 0.00032683666049802124, 5.387031396234001e-6
p, 0, 0.2589247602967084, 0.1526417526934113
, 1, 0.005536019802948079, 0.00041471292856001677
, 2, 0.0010943491160431335, 2.9083915272596018e-5
c, 0, 0.01599580310223782, 0.0014932333448394687
, 1, 0.0004949823965350277, 8.50598963814221e-6
p, 0, 0.1406995954050496, 0.04351943054237387
, 1, 0.006704357865076712, 0.0005494079475492469
, 2, 0.0015025609064740432, 4.404884657083867e-5
c, 0, 0.02678656532579854, 0.0027262270275431166
, 1, 0.000268104543225489, 3.7578299678771914e-6
p, 0, 7.750802138730609, 212.588786511076
, 1, 0.05841596313403539, 0.04096493422105324
, 2, 0.002549385649214787, 0.00014043482101764508
, 3, 0.0005369834585262851, 1.2273338196510343e-5
c, 0, 0.020412531665398442, 0.0014740841331301864
, 1, 0.00022969020078869606, 1.7489111915082623e-6
p, 0, 0.12258708826571323, 0.09321529951300159
, 1, 0.0034975957012768726, 0.00013887982565533526
, 2, 0.0004385988102752951, 4.167641166137475e-6
c, 0, 0.01746605579440619, 0.002070347181422096
, 1, 0.00015415307600430883, 5.208424505409872e-7
p, 0, 0.14195641128258918, 0.047720731121708757
, 1, 0.002411540877889848, 6.354139519211415e-5
c, 0, 0.012702956213032213, 0.0018316461719217949
, 1, 0.00032662464909253316, 5.1814079793536256e-6
p, 0, 0.7257426980320559, 1.0655716811318774
, 1, 0.008643328683015507, 0.0008623749672469648
, 2, 0.000629232257789357, 7.3604762128359315e-6
c, 0, 0.009813173226554171, 0.0012781470282818394
, 1, 0.0002081368966803776, 1.4682075945923886e-6
p, 0, 0.7324662955008654, 1.133250131063923
, 1, 0.009668323114614269, 0.0010703660088417762
, 2, 0.0008812703241540575, 1.6155136578482597e-5
c, 0, 0.010163465759061765, 0.0012397885989391799
, 1, 0.0002703625023742272, 1.9752254334695425e-6
p, 0, 0.9584095392640624, 1.8426196471075371
, 1, 0.011024718615190143, 0.0009038570650473453
, 2, 0.0004864461945335159, 3.788398857966664e-6
c, 0, 0.011004851306336626, 0.0012407931993563364
, 1, 0.00013992026535816944, 7.178571072092315e-7
p, 0, 0.38094740332910565, 0.3020885478546112
, 1, 0.0063792770849362655, 0.00037340131459787687
, 2, 0.0010943353845483542, 1.8285104567234522e-5
c, 0, 0.015110758930253267, 0.001415607057687265
, 1, 0.0003212508850753519, 2.9782143571613153e-6
p, 0, 0.0607790791011344, 0.015017545514286643
, 1, 0.001208753196713394, 1.7391805523947983e-5
c, 0, 0.01136490922491438, 0.001260729448366043
, 1, 0.00018651086539318585, 1.0330088252495933e-6
p, 0, 0.08119491704033971, 0.02477417904613859
, 1, 0.001053812600952786, 1.5089456286172471e-5
c, 0, 0.012827775102125566, 0.0012389093757352665
, 1, 0.00018044708441450924, 8.778610756877346e-7
p, 0, 0.045365141755370667, 0.010323962179691256
, 1, 0.0005065708703736853, 8.323779031193576e-6
c, 0, 0.013689183034748375, 0.0011432819803410571
, 1, 0.00023889306809652286, 1.6696169869258208e-6
p, 0, 0.06485072794685193, 0.013607493997127403
, 1, 0.0031266959764703365, 0.00019675569192735334
, 2, 0.0006714690508221447, 7.3357770787524695e-6
c, 0, 0.010241801713055871, 0.001120337920678452
, 1, 0.00010864951421918374, 3.0471906897877267e-7
p, 0, 0.10347283193631823, 0.046984968556181075
, 1, 0.002001975598660667, 8.273067030591822e-5
c, 0, 0.014562797112667267, 0.001365747033338452
, 1, 0.0004473635763568931, 5.307353939466293e-6
p, 0, 0.30021436187529776, 0.19053728962451774
, 1, 0.0041993488499683426, 0.00018804984286234736
, 2, 0.00047145179903123534, 6.204295542870756e-6
c, 0, 0.018694010909923214, 0.0013019528572084684
, 1, 0.00013428991842089747, 4.6669471093315957e-7
p, 0, 0.6700811144444989, 0.9196569389254228
, 1, 0.012048726982448117, 0.0010428704899675901
, 2, 0.0005552414101600987, 6.294072440194963e-6
c, 0, 0.014080505546843215, 0.0015372993022340267
, 1, 0.00016449320887633112, 1.064017096024937e-6
p, 0, 0.07587950289147899, 0.035653438302033144
, 1, 0.0031956579316108047, 0.0003616686446442908
, 2, 0.0006321855241088145, 1.0203546904208822e-5
c, 0, 0.011745906841250691, 0.0014184949119203363
, 1, 0.00012633190157508757, 6.122230587592186e-7
p, 0, 2.087745991709147, 8.713063324167875
, 1, 0.036130460157758164, 0.011619873135616897
, 2, 0.0012869240439140582, 2.8600747211722415e-5
c, 0, 0.014776883523773357, 0.0019776188729627355
, 1, 0.0003017514047488004, 3.944996022257276e-6
p, 0, 0.25766060566841265, 0.16771394434429146
, 1, 0.0053671344437062314, 0.0005916803058342488
, 2, 0.0008684706680190945, 2.10625048895197e-5
c, 0, 0.017703811027985926, 0.002782914108116213
, 1, 0.0002453310471585832, 2.0270885935266995e-6
p, 0, 0.3615656011128778, 0.255848317491594
, 1, 0.0099766377915264, 0.0008610096961150396
, 2, 0.0018766028038996684, 8.254057900996648e-5
c, 0, 0.01859277276247072, 0.002742951478885955
, 1, 0.0008197895752331841, 1.9208981152423616e-5
p, 0, 0.4599257688965075, 0.4249602550545867
, 1, 0.008696154726178329, 0.00062795572560715
, 2, 0.0006962773216547568, 1.305784693193714e-5
c, 0, 0.023919338564542744, 0.003142906630869102
, 1, 0.0002631865370905503, 2.5481781570340625e-6
p, 0, 0.15840870441109522, 0.07669031307933362
, 1, 0.00479737425499222, 0.0005098537501236225
, 2, 0.0023633899965718797, 0.0001014907645079197
, 3, 0.0007297502550058956, 1.5422416391511063e-5
c, 0, 0.016834134483918246, 0.002630150952656363
, 1, 0.0002273136125331318, 2.2068428651841235e-6
p, 0, 0.13718043764215157, 0.07030416267031006
, 1, 0.0018059094377469794, 0.00013934861921173987
, 2, 0.0006911368461910141, 1.7676547063875962e-5
c, 0, 0.018751290191893085, 0.0022808168991145347
, 1, 0.0003516608089098739, 3.743794591969181e-6
p, 0, 0.5931369269165352, 0.7293444036547571
, 1, 0.0078044796580695975, 0.0006331289422715824
, 2, 0.00032047236755211735, 2.076489553843634e-6
c, 0, 0.01909960913774265, 0.0021876091431274744
, 1, 0.0001580859950044807, 8.159991552237974e-7
p, 0, 0.0878688304986591, 0.026352006546969148
, 1, 0.0007389213488082659, 2.8202273297454893e-5
c, 0, 0.009655871943244665, 0.0012571260465396228
, 1, 0.00042811384365399057, 6.561584832176827e-6
p, 0, 0.05116363733245959, 0.009445542193988956
, 1, 0.0015055713244534518, 3.8724063230195484e-5
c, 0, 0.013050922467716055, 0.001359846237654341
, 1, 0.00040141576333075566, 7.426762227122965e-6
p, 0, 0.03749177851386439, 0.007026511158330461
, 1, 0.0005196755299716549, 8.084741384204456e-6
c, 0, 0.008893131332959483, 0.0013402351721835005
, 1, 0.00014808964929943736, 7.016960971692927e-7
p, 0, 0.07016592815476229, 0.014237209407367479
, 1, 0.001149316831399621, 3.302832896676529e-5
c, 0, 0.009574881217445052, 0.0013777544968662178
, 1, 0.0003998741184188209, 7.391893272948208e-6
p, 0, 0.18462241247643355, 0.06327293681651264
, 1, 0.003661886504162979, 9.078961202881013e-5
c, 0, 0.008977943805322458, 0.0011390104527364605
, 1, 0.00013855553929687978, 6.667974806863979e-7
p, 0, 0.45758793493903904, 0.40760972028760584
, 1, 0.0057449993257926235, 0.0003225789857571654
, 2, 0.0004464680811405759, 3.742487959192278e-6
c, 0, 0.009023179065050119, 0.0013590536779453546
, 1, 0.00020730974529809955, 1.863113902508111e-6
p, 0, 0.11514375546065174, 0.04069142680921619
, 1, 0.0012662355794655637, 4.488703189396417e-5
c, 0, 0.011132919489033501, 0.0011836872046937967
, 1, 0.00027557584503962716, 3.481218792342992e-6
p, 0, 0.17137417865125085, 0.08034805092355224
, 1, 0.003905681687936341, 0.00026598423704902015
, 2, 0.002109657036470453, 4.873359332132635e-5
c, 0, 0.017848057248496696, 0.001751156050253642
, 1, 0.0004033131069685886, 5.275868591157015e-6
p, 0, 0.48263728540278555, 0.49583309182902247
, 1, 0.0063792767723846264, 0.0004503502816898267
, 2, 0.0023173656440119822, 8.681459983984815e-5
c, 0, 0.010997734346752852, 0.0012384614866279746
, 1, 0.0010135259662951228, 3.0426015951023295e-5
p, 0, 0.09774029400976016, 0.0460111850659402
, 1, 0.008181662515037925, 0.0009835033587061357
, 2, 0.0023467179435356406, 8.747841161385494e-5
c, 0, 0.0122454450861803, 0.001424029118297356
, 1, 0.000494063146123356, 9.826068231626231e-6
p, 0, 0.07768704225205018, 0.01842526995138505
, 1, 0.005119459438218697, 0.0004642684186134245
, 2, 0.0017168512968241763, 5.2892559219849384e-5
c, 0, 0.012931594500781672, 0.0016149407938673276
, 1, 0.0007352575341163059, 1.7001264026296816e-5
p, 0, 0.10297225119218305, 0.048343206756853156
, 1, 0.0042135690178451285, 0.0004328099860737344
, 2, 0.001431940801921153, 3.538096338876645e-5
c, 0, 0.021584188373825846, 0.0025764468038026187
, 1, 0.0002359997640309367, 3.0641029575165974e-6
p, 0, 579.0845440337871, 670679.9994643702
, 1, 8.543652846802765, 524.8755642306571
, 2, 0.1406984796586557, 0.34985502368185384
, 3, 0.020803134133952468, 0.013332588361731217
, 4, 0.007141725559351408, 0.0011353277621130886
, 5, 0.002330940097060522, 0.00012851465947858005
, 6, 0.0007198779792582483, 1.3596224202796292e-5
c, 0, 0.01691927226133993, 0.0018639994998118762
, 1, 0.00023129128732069187, 2.573826360052888e-6
p, 0, 0.4110845428684005, 0.3682573897558786
, 1, 0.006439372492166508, 0.000441152087959515
, 2, 0.0011148739086289286, 2.7441650991425653e-5
c, 0, 0.014154974259862712, 0.0020870887877537363
, 1, 0.0003318973023626976, 5.009367754863251e-6
p, 0, 1.2721942467463734, 3.1561717211181337
, 1, 0.024302989493663114, 0.0037961855689407956
, 2, 0.0011508933388484457, 2.2726602218298475e-5
c, 0, 0.02116318948702473, 0.0023641166486114158
, 1, 0.0003382829053567221, 4.047406957647189e-6
p, 0, 0.09455471845254902, 0.05061769586331992
, 1, 0.0043771288786593286, 0.0005242375807313858
, 2, 0.001344483736683725, 3.783855391303512e-5
c, 0, 0.01726626313126233, 0.0017709455584909103
, 1, 0.0002455573017995488, 2.9946269188756086e-6
p, 0, 0.07411265426522624, 0.030964653611835993
, 1, 0.003353122714251849, 0.0002198439944363279
, 2, 0.00051463147835543, 7.099751895140937e-6
c, 0, 0.019783787008775634, 0.002820376881892403
, 1, 0.0002705402041208743, 2.163077490862918e-6
p, 0, 0.26975556938603146, 0.17530018823367238
, 1, 0.0013247314768233083, 4.496086356537701e-5
c, 0, 0.02444062503272043, 0.0026423903514886174
, 1, 0.00026771928611450083, 2.0655697110803064e-6
p, 0, 0.061809027627990114, 0.02076100004263361
, 1, 0.0009161018918946062, 2.5624293887745015e-5
c, 0, 0.018296460904833382, 0.0030019300836350168
, 1, 0.0001696208617332697, 1.3838185745542768e-6
p, 0, 0.10957788280286011, 0.04527305174942784
, 1, 0.001456016746403561, 4.6280941373313764e-5
c, 0, 0.018074410237789117, 0.002292000287469679
, 1, 0.000205430337956957, 1.4944451936516309e-6
p, 0, 0.1595700859738686, 0.07019471584903055
, 1, 0.003221341582682638, 8.187158924122298e-5
c, 0, 0.02172814079889829, 0.0028405908688067666
, 1, 0.00018710962312008006, 1.257830409133481e-6
p, 0, 0.9402488066042806, 1.8195493001160217
, 1, 0.01000180140138405, 0.0014852165890404572
, 2, 0.0007485770976428543, 1.6207491840163238e-5
c, 0, 0.01578331067389963, 0.0019081760876858067
, 1, 0.00023324212483037443, 2.3473797098858115e-6
p, 0, 0.2025070832282462, 0.07318774354344376
, 1, 0.0023646440829129477, 9.226845382936185e-5
c, 0, 0.01648979823344288, 0.0022387626234345866
, 1, 0.00025742533956120374, 1.872500151652878e-6
p, 0, 0.09627732707396207, 0.03741012937056481
, 1, 0.0011906317644915817, 3.705418899555992e-5
c, 0, 0.014457485922839504, 0.0018033284213529843
, 1, 0.00019562087846945224, 1.0720375693180747e-6
p, 0, 0.07190070178371957, 0.019490973221213105
, 1, 0.0011479195048662736, 3.9856709043203985e-5
c, 0, 0.010772993621355876, 0.0013503814766035577
, 1, 0.00018256148734193702, 1.078371556380939e-6
p, 0, 0.029119404674114044, 0.009518575536530977
, 1, 0.0009752194425092344, 4.080491539174416e-5
c, 0, 0.011823903687040954, 0.0011181415591559845
, 1, 0.0002096124906942265, 1.731702498430952e-6
p, 0, 0.4297893237545282, 0.3888175951089291
, 1, 0.004921145101179757, 0.0004043667066736821
, 2, 0.000291978213780967, 5.712065243285472e-6
c, 0, 0.008756517213081193, 0.0010311169041807185
, 1, 0.00016957384833075938, 1.0451720565229802e-6
p, 0, 0.5266864442596009, 0.684339029245468
, 1, 0.005943131991287135, 0.0005554952425403754
, 2, 0.0002612294164723276, 2.999653775438741e-6
c, 0, 0.010765903175015162, 0.0015025971958037892
, 1, 0.00013497176941881496, 4.1868801390536683e-7
p, 0, 0.05930914196186282, 0.0339553860465805
, 1, 0.014687868314129798, 0.002773226467819574
, 2, 0.002997245053597677, 9.25597617395258e-5
c, 0, 0.014536603390332437, 0.0019225775990305274
, 1, 0.0005464857105668315, 5.3503442252012144e-6
p, 0, 0.12581170904302003, 0.0832188689605177
, 1, 0.020939567135187485, 0.0062827776902347155
, 2, 0.0057223805029626065, 0.000402470451652212
, 3, 0.001360125829487739, 2.2217841845250622e-5
c, 0, 0.019514573257324218, 0.001690903223790795
, 1, 0.0001815098191585633, 1.0438970943947459e-6
p, 0, 0.1695775629805663, 0.07456440021644312
, 1, 0.020437550638197955, 0.004637055858959633
, 2, 0.004566267668796354, 0.0002660460975458006
, 3, 0.0012221517126061307, 1.5254556802821952e-5
c, 0, 0.026949523578890366, 0.002395837538211197
, 1, 0.00040121627612966604, 5.5542970543827725e-6
p, 0, 0.16811147745080074, 0.08356850675446217
, 1, 0.020921708027986034, 0.00642032720146203
, 2, 0.005879380003557183, 0.00043560627582388153
, 3, 0.0018027653809986324, 3.521416161578553e-5
c, 0, 0.014932282864455016, 0.001825855203015738
, 1, 0.00022423327974010804, 1.2879805931945173e-6
p, 0, 0.18070709053390843, 0.09931852854196059
, 1, 0.010857391848537904, 0.0020216777398685735
, 2, 0.0037364263794819955, 0.0001292520686587843
, 3, 0.0008042837245864888, 9.103468655281408e-6
c, 0, 0.03153085957304332, 0.0036240318662599177
, 1, 0.0005161593307741409, 4.410749623500619e-6
p, 0, 0.11354784908930227, 0.037949316726226985
, 1, 0.012938709904108359, 0.002562980726042406
, 2, 0.0033609053788182107, 0.0001432518891893687
, 3, 0.0008288671522018494, 1.0408359678496005e-5
c, 0, 0.018801675082746088, 0.003144818187405958
, 1, 0.0004583492261694618, 6.474517507360947e-6
p, 0, 0.08555367535276863, 0.029101103451581928
, 1, 0.005135407475446484, 0.00046795617139781223
, 2, 0.0010013909041105711, 2.0699631098214367e-5
c, 0, 0.028691567119005047, 0.002933609186827472
, 1, 0.0007279046865717733, 1.4994642674179073e-5
p, 0, 0.1152185944010913, 0.043248395625513116
, 1, 0.006429344227252886, 0.0008252667732972852
, 2, 0.0011899169731039937, 2.583149622385141e-5
c, 0, 0.023539583397057823, 0.003915840670773777
, 1, 0.0002623437412050569, 2.07224020344395e-6
p, 0, 0.16282403933583012, 0.07680145550494753
, 1, 0.0012969988240731632, 3.7131778395107885e-5
c, 0, 0.022560858994375238, 0.0038313840417358675
, 1, 0.0003648039624739569, 2.138623175668111e-6
p, 0, 0.32320168445915304, 0.21965971203779316
, 1, 0.005620798880635868, 0.0002891773775356073
, 2, 0.00034368259717381647, 3.3285419471847237e-6
c, 0, 0.017417265051554807, 0.0021241959189346946
, 1, 0.00025382774517213524, 1.3535434057912415e-6
p, 0, 0.0909271381009526, 0.025468538219264692
, 1, 0.002247356215777728, 7.010010158451052e-5
c, 0, 0.022811722563551004, 0.003709400918077742
, 1, 0.0003863131971445367, 2.735622579861718e-6
p, 0, 3.960916294437531, 33.05501423240687
, 1, 0.06062938533179808, 0.02388565408881977
, 2, 0.0010631453319671288, 2.030330766404099e-5
c, 0, 0.057006345484852276, 0.008747372186431733
, 1, 0.0008474002638075166, 5.2344112755064755e-6
p, 0, 0.23961322789614015, 0.17406873804718695
, 1, 0.004516225671791572, 0.00017831921090808323
, 2, 0.00010538725600400814, 3.843644161343624e-7
c, 0, 0.0631257738027524, 0.01098031204865859
, 1, 0.0003103111905116899, 2.570758631366259e-6
p, 0, 0.3759720884811246, 0.41119019581626853
, 1, 0.004044244025615619, 0.00028593507403716693
, 2, 0.0009801014774603804, 3.637275306849486e-5
c, 0, 0.09145409434512225, 0.03619585526923049
, 1, 0.0005680256986638327, 7.57354896648324e-6
p, 0, 0.40359557808215507, 0.6206309823296489
, 1, 0.011600472504824754, 0.0012327544031500554
, 2, 0.002695361218257604, 0.00022039247338878518
, 3, 0.0008373562411148834, 2.0987243130458113e-5
c, 0, 0.0791183438858669, 0.016659798947563753
, 1, 0.0004667141514156652, 3.919694485899704e-6
p, 0, 0.34178524919453374, 0.19907979723435504
, 1, 0.009173875291164778, 0.0006260473477189163
, 2, 0.0024392973218651175, 0.00017479128161983635
, 3, 0.0010840033675514123, 4.2049189625108296e-5
c, 0, 0.06514268483255578, 0.013390641954866347
, 1, 0.0012842155282660524, 1.523483453835292e-5
p, 0, 0.29516177287888656, 0.22580540980309188
, 1, 0.009696987723047418, 0.0006678850558987156
, 2, 0.0038557106725727874, 0.0004119224213601184
, 3, 0.0013481174880036644, 4.0928143426049505e-5
c, 0, 0.05130488385503086, 0.008526794360119855
, 1, 0.0007874135196627278, 6.5226269302474955e-6
p, 0, 0.23877434167051542, 0.14159289487408128
, 1, 0.006158901248385001, 0.0005476245920633701
, 2, 0.003173700417927254, 0.00025193034980693215
, 3, 0.0006684068394252382, 6.1007680643009165e-5
c, 0, 0.037782480860421075, 0.005102167621190574
, 1, 0.0007557886333554826, 1.6406067284411666e-5
p, 0, 0.2504531770583845, 0.12030895970805339
, 1, 0.0040712803152402844, 0.00011639397164965067
, 2, 0.0009214749412998399, 2.3290956119060392e-5
c, 0, 0.031231685545477485, 0.002568021306982422
, 1, 0.0004563484200648711, 5.119914089032989e-6
p, 0, 0.2868092509230451, 0.1709369388348357
, 1, 0.004681124404189559, 0.00010775737643688152
, 2, 0.00027322983621954494, 2.840189192577574e-6
c, 0, 0.03675979460585923, 0.0034636628009912128
, 1, 0.00019783414930586046, 8.175569076441196e-7
p, 0, 0.3374944179908117, 0.21129874347143718
, 1, 0.006586152967074474, 0.0002549842487031622
, 2, 0.0015377293933417462, 4.9214541235535265e-5
c, 0, 0.02000506707202443, 0.002365898485035888
, 1, 0.0008195789691978, 1.1884181435493677e-5
p, 0, 0.23557038013058088, 0.11610424671474774
, 1, 0.004041880507016549, 0.0002206665264849381
, 2, 0.0009392117761175964, 0.00012628018930537513
, 3, 0.0005139814634992716, 4.141413018133126e-5
c, 0, 0.030537098257194088, 0.003254312286246397
, 1, 0.0011022996583462542, 1.5187426033275507e-5
p, 0, 0.2524289308599476, 0.17784867387771663
, 1, 0.0054557294750560165, 0.0003766187848394938
, 2, 0.0013894979742188082, 0.0001417509334184157
, 3, 0.0005422405125326338, 5.237509409375242e-5
c, 0, 0.031676832262435145, 0.0041554463259108184
, 1, 0.0008200817380132552, 2.137605552324018e-5
p, 0, 0.29673307133595944, 0.15146261883922046
, 1, 0.00506655870705227, 0.000156299778393618
, 2, 0.0009958520051982346, 2.6704187467338894e-5
c, 0, 0.021073028896383895, 0.003162011301282584
, 1, 0.0006483726331007279, 7.882356056298349e-6
p, 0, 0.3352856062110017, 0.20945083630980552
, 1, 0.007660052067433813, 0.00041943286572687774
, 2, 0.002504575858528562, 0.00010924238913828001
, 3, 0.0011298755761388998, 2.708332996787046e-5
c, 0, 0.033324083682149445, 0.003575524824877529
, 1, 0.0005129092284605301, 6.918420040280407e-6
p, 0, 0.2543055605455372, 0.1040888761488215
, 1, 0.0067040361499773465, 0.0004702937191953628
, 2, 0.0027423686249318053, 0.00024152341981394142
, 3, 0.0006978381416981158, 6.563804900335588e-5
c, 0, 0.035807792664275966, 0.0069244631643246325
, 1, 0.001407895310998716, 2.90419453657773e-5
p, 0, 0.12699238697641685, 0.04909374855424461
, 1, 0.007908540959681663, 0.001274197986109251
, 2, 0.0035872904249462066, 0.0003053033382393839
, 3, 0.0015397619308593988, 6.933140378062968e-5
c, 0, 0.018814148883545215, 0.00328944819181686
, 1, 0.0007870886480039355, 1.9321167926262028e-5
p, 0, 0.150597531823217, 0.06898596578805599
, 1, 0.0025811843773233954, 8.726034576077913e-5
c, 0, 0.02707510560422887, 0.0036081694892798255
, 1, 0.0006699081388925414, 2.060316095653445e-5
p, 0, 0.03494781047624331, 0.006271680122847972
, 1, 0.0019372451563762433, 0.00013688762467417115
, 2, 0.0009745012021811284, 3.460037547373143e-5
c, 0, 0.03241002180619823, 0.004456000568962464
, 1, 0.0007546782994558794, 1.0835493453676666e-5
p, 0, 0.08678867058406174, 0.020862424148364346
, 1, 0.001401242709620307, 3.692578812700259e-5
c, 0, 0.018134863032886986, 0.00263938975047728
, 1, 0.000641205125694517, 1.0174293481513839e-5
p, 0, 2.9931155585475184, 17.912576944474857
, 1, 0.04696805551508396, 0.016356862674897145
, 2, 0.0009257058742744669, 7.90139220731671e-6
c, 0, 0.041431922056715184, 0.004726814235221896
, 1, 0.00038568573747783973, 2.9515388661045465e-6
p, 0, 0.04701492567489937, 0.006657384043455562
, 1, 0.0010103973593413363, 3.9328217249331447e-5
c, 0, 0.015766057935542085, 0.0022731760626370184
, 1, 0.0006526427551185171, 1.0697966201500573e-5
p, 0, 7.659812772623508, 117.38959636198643
, 1, 0.13308427125901354, 0.14404239918838724
, 2, 0.006755382321021047, 0.0009987346904156505
, 3, 0.0030145539576658057, 0.0003282057380043619
, 4, 0.0011488960119799, 8.042437019378435e-5
c, 0, 0.019235100838652527, 0.0029199682994359684
, 1, 0.0010540340818470046, 2.2861659702656513e-5
p, 0, 60.552877330393265, 7311.062663330704
, 1, 0.9014295579235606, 3.657610357609488
, 2, 0.01287731497592225, 0.0010844538012064803
, 3, 0.0014036195280773879, 7.64807644438049e-5
c, 0, 0.019409683855656442, 0.0030382730508127427
, 1, 0.0007395187402523147, 2.1968169009628372e-5
p, 0, 2.377449077192013, 11.052092681436573
, 1, 0.034519738191068954, 0.005417153880240617
, 2, 0.0011820742019038736, 2.9051125995574427e-5
c, 0, 0.026632181634933583, 0.0028181658830857366
, 1, 0.0004633661555177696, 9.33877890448815e-6
p, 0, 7.688810802211611, 122.05850636956816
, 1, 0.07836495256718455, 0.0870119144400249
, 2, 0.003996758839853642, 0.0002822230196182226
, 3, 0.001472905663121375, 8.034057849120593e-5
c, 0, 0.014348582995164252, 0.0015801683093004605
, 1, 0.0007025530605182454, 2.1119913947482317e-5
p, 0, 0.6773815465078245, 0.8370354871126949
, 1, 0.00938733212085185, 0.0004147486887659067
, 2, 0.0006065636404785957, 1.2759241181171349e-5
c, 0, 0.014139004505278989, 0.0013443470171284936
, 1, 0.00037335416652756746, 4.661089963661898e-6
p, 0, 0.4491469904650975, 0.4082830500182291
, 1, 0.006844763501371656, 0.0002613880830371723
, 2, 0.0007891216548349957, 2.8608156590175943e-5
c, 0, 0.012936378033740367, 0.0012261083684300081
, 1, 0.0005953384792207379, 9.708838571923586e-6
p, 0, 0.36703410895804117, 0.21583343615230396
, 1, 0.005064637603351726, 0.0001431348198582983
, 2, 0.0005919203746234511, 1.1964281538920226e-5
c, 0, 0.013365885286529496, 0.001009653439776409
, 1, 0.00030311723916393756, 3.27176630024977e-6
p, 0, 0.2631880226851711, 0.19483088491130274
, 1, 0.0038495258196215333, 0.0001360520279010814
, 2, 0.00023904482469091663, 2.7369451669975174e-6
c, 0, 0.00675180560971043, 0.0006578867070868513
, 1, 0.0002029253080564564, 1.509368040414585e-6
p, 0, 0.21590566942807848, 0.07234153768621092
, 1, 0.0034468653233566604, 0.00010489202389960981
, 2, 0.0009622706774165549, 2.1775883472127924e-5
c, 0, 0.006930819723366624, 0.0006560157247018524
, 1, 0.0004186468473696154, 6.0489914996331095e-6
p, 0, 0.1554622305950788, 0.05579188299191402
, 1, 0.0029491763603861506, 9.649996159586779e-5
c, 0, 0.011770319817463492, 0.0009293860971988593
, 1, 0.0006426430115053673, 2.0469306829753767e-5
p, 0, 0.13542458684387482, 0.0373883736940535
, 1, 0.0023652137306084922, 7.141973083980981e-5
c, 0, 0.00645330554758034, 0.0007345670438429072
, 1, 0.0005683614906115953, 1.8940986890743363e-5
p, 0, 0.616742203971713, 1.3355909996738096
, 1, 0.013678354235897494, 0.0015922021206186204
, 2, 0.0006812082295267346, 1.0260364797879716e-5
c, 0, 0.014077764753012928, 0.0008691390816005
, 1, 0.00025633724025831014, 2.28069521623425e-6
p, 0, 0.15023574230507042, 0.10449071977004311
, 1, 0.0020391206485105267, 7.600955807441835e-5
c, 0, 0.011015870997439182, 0.0010060800024613492
, 1, 0.00030561582329690756, 2.89385695751575e-6
p, 0, 0.3797349882648107, 0.3111487676260336
, 1, 0.004241929464981425, 0.00016111019178941978
, 2, 0.0004953650829928161, 6.797824348039501e-6
c, 0, 0.0184055559533723, 0.0011360858618124432
, 1, 0.0002856949083256966, 1.6378168672671873e-6
p, 0, 0.26373745998890846, 0.16602684393430053
, 1, 0.0034702377595661857, 0.00012165820559608931
, 2, 0.00017107915974779654, 5.193908200156751e-7
c, 0, 0.020050417694704625, 0.0013740006513271493
, 1, 0.0001544268513183436, 3.685420383833049e-7
p, 0, 0.14976993333402408, 0.06233185644240975
, 1, 0.0018767760490875566, 3.2810115997699414e-5
c, 0, 0.009523988807577204, 0.0009236961718038773
, 1, 0.00028952522990650605, 1.2898535027060045e-6
p, 0, 0.08436077968346403, 0.019202020625140877
, 1, 0.0016645390842442611, 3.541985582529349e-5
c, 0, 0.008436594693668958, 0.0010155629115890675
, 1, 0.0004482797320399968, 7.0699056857964905e-6
p, 0, 0.05844754226617518, 0.01993223696965683
, 1, 0.0013460791113566594, 7.522958083798416e-5
c, 0, 0.009500099397862394, 0.001018396588403479
, 1, 0.0005329314054130698, 1.1778437419580417e-5
p, 0, 0.08300421891748831, 0.021697939280186304
, 1, 0.002094413187233405, 6.555050883849787e-5
c, 0, 0.007453368225371373, 0.0008489226411228031
, 1, 0.0004588094886141967, 7.85552132877076e-6
p, 0, 5.687944421881586, 61.43097741520198
, 1, 0.08284811673987495, 0.029919800340577417
, 2, 0.00233526754096101, 8.01212454268573e-5
c, 0, 0.015595684548264335, 0.0015912041272908625
, 1, 0.0011343109122682123, 3.328441857674402e-5
p, 0, 2.9608144183690364, 15.906972543037645
, 1, 0.04302541980790844, 0.008349735731351072
, 2, 0.0014348245604950329, 3.187721141301003e-5
c, 0, 0.01725238413858406, 0.0013761360621287462
, 1, 0.0006947453051638348, 1.8700307444723814e-5
p, 0, 0.9583577710242173, 1.6103533035264388
, 1, 0.016354782413687468, 0.0015708575175168956
, 2, 0.0031271302262069547, 0.0001897042198638846
, 3, 0.0013329756879355676, 3.458279298958031e-5
c, 0, 0.009406664913311937, 0.0010110404391524552
, 1, 0.00036794510880102705, 6.458478254841025e-6
p, 0, 0.4964839775587914, 0.4744498836388945
, 1, 0.011688100522521495, 0.0010134494112479801
, 2, 0.0031936593329797763, 0.00017875496983244693
, 3, 0.0011111495440083643, 2.6688823959996186e-5
c, 0, 0.00861484149626075, 0.0008539693078427244
, 1, 0.0003353180256043992, 5.791652364849733e-6
p, 0, 0.34009131016808275, 0.18889875019630836
, 1, 0.005539134179208767, 0.00017927805200832256
, 2, 0.001142555811000567, 2.786482083208102e-5
c, 0, 0.00753471139474089, 0.0008654129095901496
, 1, 0.0004128659668653484, 6.937100609002904e-6
p, 0, 0.2671077961395824, 0.18691818295439622
, 1, 0.005050367938839691, 0.00032929585502820314
, 2, 0.002211055788507472, 8.935132793445646e-5
c, 0, 0.013906071455292176, 0.0010376938551051743
, 1, 0.0007529815064954864, 1.8332059563605425e-5
p, 0, 0.17886664048097387, 0.06690505683734696
, 1, 0.01068628043390383, 0.0018619571363740672
, 2, 0.0037900998885601216, 0.00027533003878051125
, 3, 0.0013527546264405946, 4.2332245126607543e-5
c, 0, 0.020869915379675995, 0.0015330196044790142
, 1, 0.0007209630702802803, 1.0896407783754106e-5
p, 0, 0.18132123463824593, 0.059382340300287176
, 1, 0.016461416983911917, 0.0038124397881857544
, 2, 0.005037217345387535, 0.0005508196271881467
, 3, 0.0020194289469291516, 8.270855776326524e-5
c, 0, 0.010700455283198409, 0.0011874390205840954
, 1, 0.0008061652199367667, 2.023357420504104e-5
p, 0, 0.1166109923933632, 0.03616702561740386
, 1, 0.01065800142137581, 0.0028680603936416717
, 2, 0.0037189760121431213, 0.00033469851347222565
, 3, 0.0013491573334189363, 4.655559405950984e-5
c, 0, 0.008761709254008113, 0.0009384069696093977
, 1, 0.0004339997391726673, 8.012173933558966e-6
p, 0, 0.10229580154198993, 0.0221098005749284
, 1, 0.0063630374535981905, 0.0005398873259359937
, 2, 0.0018325538184370748, 7.204462109999801e-5
c, 0, 0.012957251342150691, 0.0009558339022056117
, 1, 0.00044566896290746023, 1.1781500846063046e-5
p, 0, 0.0984056096457305, 0.01743344374052144
, 1, 0.0012147465160977367, 1.7944356434809388e-5
c, 0, 0.014927019448850479, 0.0009708745259096861
, 1, 0.00040162177555575304, 4.984174182842057e-6
p, 0, 0.2689356832537858, 0.09966778220334058
, 1, 0.01614143869071199, 0.003091903121702644
, 2, 0.004289127379287474, 0.0005156783881099537
, 3, 0.0017921357354011753, 9.135879780406065e-5
c, 0, 0.012915558179152346, 0.001373066947023803
, 1, 0.0006409301748980088, 1.761252698908045e-5
p, 0, 3.048995127483574, 16.940418740521245
, 1, 0.05175949408662017, 0.011479987256955308
, 2, 0.005629606686122102, 0.0008658422358194998
, 3, 0.002310022090699355, 0.00016034667691747464
, 4, 0.0006690311803534419, 2.2575650698029618e-5
c, 0, 0.010683642170466207, 0.0011623991369204643
, 1, 0.00041172387879202414, 5.709048824004482e-6
p, 0, 4.6682851918086, 45.09577435799192
, 1, 0.06448835845001633, 0.028897741741832492
, 2, 0.005694525636411195, 0.0006160800712239427
, 3, 0.0021409892137130766, 0.00010007068613963451
, 4, 0.0008104243607131544, 1.86153469966522e-5
c, 0, 0.01997414386020368, 0.001296324483191866
, 1, 0.00044356344720741683, 4.187278070371892e-6
p, 0, 0.46942672941653873, 0.4507108060743569
, 1, 0.008468981207953636, 0.00031903653273511267
, 2, 0.0011172854589827958, 3.231648100273525e-5
c, 0, 0.0073882193589459326, 0.0010254289771100397
, 1, 0.00045024450758227713, 8.538340815281618e-6
p, 0, 0.3230345714273554, 0.17402027779564663
, 1, 0.004435706310595228, 0.00010160704169070344
, 2, 0.0006429471240371603, 7.2715777037037235e-6
c, 0, 0.008981278296035058, 0.0009338350236460548
, 1, 0.00014425902958741042, 5.93916915835401e-7
p, 0, 0.25854712202532193, 0.10394425793673223
, 1, 0.003177773496317133, 5.0971296657415176e-5
c, 0, 0.011315738975823957, 0.0010725841758018168
, 1, 0.00035753186042687874, 2.0888394476844863e-6
p, 0, 0.18730598667003506, 0.07105886030899519
, 1, 0.007967157100965148, 0.0008184083875527224
, 2, 0.002787683345454714, 0.0001314794977498149
, 3, 0.0008920115169779087, 2.0430255267264353e-5
c, 0, 0.014036398067401711, 0.0018790647410605378
, 1, 0.00037565980087319104, 5.458128693041932e-6
p, 0, 18.98035763558892, 721.8000462859569
, 1, 0.24636717706889813, 0.18557855880719756
, 2, 0.004891473410959253, 0.0004587454666384965
, 3, 0.0025817559410612687, 0.00011677289290412436
, 4, 0.0006197471684696163, 2.4797200286002457e-5
c, 0, 0.031036830637346118, 0.0033084732934063566
, 1, 0.0005612366842373566, 4.888990217899342e-6
p, 0, 2.342644948284758, 19.47341073729067
, 1, 0.03446576407483362, 0.00752359921674402
, 2, 0.002019715391758087, 7.674355543579632e-5
c, 0, 0.030045425974600873, 0.0029525654926991834
, 1, 0.0008829228123843598, 2.5887660040220435e-5
p, 0, 1.0245591611280984, 2.3075805595897263
, 1, 0.013694627393875024, 0.002458217080910092
, 2, 0.0037575691865150366, 0.00027360157809180907
, 3, 0.0012704427411207378, 4.079243491425123e-5
c, 0, 0.044885260774934925, 0.01082554437817722
, 1, 0.0009836990610337095, 1.2153325861864778e-5
