p/c, iter, r∞, r₂
p, 0, 0.0, 0.0
, 1, 0.0, 0.0
c, 0, 0.0, 0.0
, 1, 0.0, 0.0
p, 0, 0.0, 0.0
, 1, 0.0, 0.0
c, 0, 0.0, 0.0
, 1, 0.0, 0.0
p, 0, 0.0, 0.0
, 1, 0.0, 0.0
c, 0, 0.0, 0.0
, 1, 0.0, 0.0
p, 0, 0.3584136034002963, 0.5234782499520783
, 1, 0.007256969134528833, 0.0004663841506628813
, 2, 0.00011511449294945858, 2.6791519067490564e-7
c, 0, 0.06618328571339041, 0.016200563053724377
, 1, 0.00028338421792720967, 1.7202831114843602e-6
p, 0, 0.7738649879933214, 2.57843112390867
, 1, 0.02058243375229621, 0.0032404942320202
, 2, 0.003832644609716797, 0.0015144746789932536
, 3, 0.0018036297387693985, 0.0006219438875683117
, 4, 0.0008707753625333602, 0.0002098824408525791
, 5, 0.0006992991529439793, 8.310761079087517e-5
c, 0, 0.5421188572483796, 1.5650707665628865
, 1, 0.0033929518095161875, 0.00021776312908878013
, 2, 0.0006248538836271034, 1.8221201992668936e-5
p, 0, 0.44353012426052224, 1.0224254139239428
, 1, 0.008947836477735675, 0.0014477443744654167
, 2, 0.0020312308438228785, 0.0006673255120510683
, 3, 0.0011258994159427888, 0.00023608581047764244
, 4, 0.000552731133655632, 9.415951449446727e-5
c, 0, 0.0343123139465795, 0.012606174763669918
, 1, 0.0016747300310945503, 3.2592821408001664e-5
p, 0, 1.7922364040241627, 7.995305392461249
, 1, 0.02368802231983285, 0.009259926801906019
, 2, 0.005909049533632465, 0.005756748300359118
, 3, 0.0033688947232071668, 0.0023098737087351717
, 4, 0.0018574352186448333, 0.000980858521722157
, 5, 0.001321584057827771, 0.00037306675143599315
, 6, 0.0006954921610403732, 0.00015281760168049256
, 7, 0.0005003247408739541, 6.0187099266422974e-5
c, 0, 0.3890498003484937, 0.8030201544733002
, 1, 0.003331853011502916, 0.00014674926752665795
, 2, 0.0004442484454994949, 1.6316330255201513e-5
p, 0, 0.8210376656294968, 3.907008664419416
, 1, 0.013668499976077757, 0.005158323711867611
, 2, 0.004719216914105232, 0.0036019509217831516
, 3, 0.0026540937051861063, 0.0013738380722839864
, 4, 0.0014500945767778957, 0.0006084853789246868
, 5, 0.0010775747709318453, 0.00022345384922097845
, 6, 0.000549075176019142, 9.57288425869645e-5
c, 0, 0.07533931121691836, 0.034085776146322556
, 1, 0.001638699254344096, 3.22996996758695e-5
p, 0, 4.847256073613393, 55.66101979238109
, 1, 0.08435034971623333, 0.07393851161881151
, 2, 0.01335587058756517, 0.02518109460697921
, 3, 0.007354041584389089, 0.010397679369497575
, 4, 0.0040588866015711135, 0.004451515587635981
, 5, 0.002922619988890696, 0.0017440902484093881
, 6, 0.0014683406538602858, 0.0006994622801481728
, 7, 0.001135034195116766, 0.0002775034577726717
, 8, 0.0006055186420198734, 0.00011214557181768767
, 9, 0.0004544522778274011, 4.694837193870135e-5
c, 0, 0.036341612986154216, 0.008359505766987307
, 1, 0.0007829465226041713, 2.0205783136782024e-5
p, 0, 0.5716540508950718, 0.6090287820285254
, 1, 0.00816497292180738, 0.00025771058833507166
, 2, 0.0009455647795806013, 4.46128690843394e-5
c, 0, 0.021038705516606873, 0.002253922981844257
, 1, 0.001009056977724499, 1.887143774263575e-5
p, 0, 0.3015944684097749, 0.15524208901205547
, 1, 0.003865641336747263, 5.670547331557387e-5
c, 0, 0.024763306218004037, 0.002498931450248467
, 1, 0.0003043695960498953, 3.7110128699051162e-6
p, 0, 0.2870605596395341, 0.12793600321231896
, 1, 0.003369070723604324, 5.198195302566302e-5
c, 0, 0.02966421578934106, 0.0025711883793519295
, 1, 0.0006627092104949882, 1.2748302028475459e-5
p, 0, 0.32096262304880246, 0.21847104414637006
, 1, 0.005158328425623655, 0.00012052027834289352
, 2, 0.00025843435951568544, 1.7786227970400687e-6
c, 0, 0.033676078163873836, 0.0037148641228469882
, 1, 0.00013695242206009946, 5.973845481105624e-7
p, 0, 0.2507540410930011, 0.0931441575150716
, 1, 0.0022958470034388882, 2.929580235932999e-5
c, 0, 0.019037792309374784, 0.0018020041369905717
, 1, 0.0002755174015813389, 1.961673177353128e-6
p, 0, 0.19815317926336337, 0.08978318662058375
, 1, 0.003003107323451802, 4.659214772275439e-5
c, 0, 0.027452543762560892, 0.0033041775173215777
, 1, 0.0002708329160980897, 1.737154378095779e-6
p, 0, 0.14258998929616248, 0.033983374953339834
, 1, 0.001339367970812797, 1.0392157482733415e-5
c, 0, 0.01417232237171173, 0.0017369756281152497
, 1, 0.0003268547682732288, 1.5568848802321722e-6
p, 0, 0.13895557181927118, 0.03990183405885595
, 1, 0.0012478637201297493, 9.098918420407977e-6
c, 0, 0.01102261767222348, 0.001385013411683463
, 1, 0.00014641301282509209, 6.621583923058998e-7
p, 0, 0.4020667259447109, 0.17888183201281932
, 1, 0.010100554668638887, 0.0011016187924134094
, 2, 0.0024638662581041105, 0.00019361460738704815
, 3, 0.0008612128810417751, 4.527048510637811e-5
c, 0, 0.08588942965214741, 0.0171151028391623
, 1, 0.000919464616381381, 8.869582369300539e-6
p, 0, 29.71029655106934, 1756.3437299956759
, 1, 0.5261558691000299, 1.0263868980629038
, 2, 0.00819526398548237, 0.00029263639991383266
, 3, 0.000921709483870244, 2.3046185754171775e-5
c, 0, 0.05099271693986488, 0.012087613521406497
, 1, 0.0005925718675248548, 1.1119397753740409e-5
p, 0, 0.5513562439070023, 0.7299340372587058
, 1, 0.01262427838289812, 0.002491984722676907
, 2, 0.0037903897767436303, 0.0005548048291047597
, 3, 0.001141073910499216, 9.001586643390676e-5
c, 0, 0.042043975026831375, 0.006225066214395353
, 1, 0.001686046477822847, 4.366625558697051e-5
p, 0, 10.646884044598947, 222.69587536246135
, 1, 0.15680281784316139, 0.11396584354529124
, 2, 0.004705018817819087, 0.0003407060476291077
, 3, 0.0010715659498119704, 8.851027836701746e-5
c, 0, 0.019207945802465858, 0.001655926275327938
, 1, 0.0007463903703190409, 1.9693972479063724e-5
p, 0, 1.571805298480507, 5.419793233209699
, 1, 0.02312432448209125, 0.0031936126551543307
, 2, 0.0013100828357777562, 7.168053347273691e-5
c, 0, 0.016134434565116172, 0.0017299916077292256
, 1, 0.0008561173795987637, 2.1812166014160956e-5
p, 0, 1.0548548269194067, 2.2096840807306335
, 1, 0.01404095065952856, 0.0010050684370650027
, 2, 0.0004984210808195343, 5.849589542662897e-6
c, 0, 0.02755311270576209, 0.0017971542019519088
, 1, 0.00021445326417348235, 1.4874251053348756e-6
p, 0, 0.5355221952972247, 0.46731769126253375
, 1, 0.006822042947755593, 0.00028121506282180713
, 2, 0.0009177552650526612, 3.670106334358129e-5
c, 0, 0.019264522250094254, 0.0019046680683215429
, 1, 0.00042935178801236116, 6.39072160189237e-6
p, 0, 0.7128100937410113, 1.6691384542325625
, 1, 0.007710302558330387, 0.0007414715104201209
, 2, 0.0015285055242491789, 9.363246413404981e-5
c, 0, 0.016446310337501716, 0.0016873112171239492
, 1, 0.0012005547590386925, 2.34234342425106e-5
p, 0, 0.32727657904996116, 0.244154812432748
, 1, 0.004456511038285024, 0.0002832232070569963
, 2, 0.0010460844693470001, 3.0732442649292176e-5
c, 0, 0.01773012287974215, 0.0018703916867514885
, 1, 0.0004120828761996768, 5.292970335417684e-6
p, 0, 0.27382631992014056, 0.15558875440980868
, 1, 0.0026611081965915123, 7.852223166797718e-5
c, 0, 0.015390702655391535, 0.0011833448122152209
, 1, 0.00017619850605348736, 1.0501358304930001e-6
p, 0, 9.388235325204871, 176.32368795355572
, 1, 0.12642682807073635, 0.16695032167545093
, 2, 0.0021336260180986407, 6.216081090174277e-5
c, 0, 0.033886685354581995, 0.004382761267229959
, 1, 0.00025916793415245757, 2.6975660832229942e-6
p, 0, 4.293510039772307, 37.01299536049507
, 1, 0.06433113148402017, 0.04041250144212678
, 2, 0.001385710290974266, 2.1134683833428578e-5
c, 0, 0.034785281122558236, 0.004461280740833637
, 1, 0.00019630540666930514, 1.1288224378160113e-6
p, 0, 0.09039197087080271, 0.025960746394567455
, 1, 0.0023925969684331014, 9.422671657538937e-5
c, 0, 0.02428102672653871, 0.0024320439366781674
, 1, 0.0014638969402893255, 5.796277460437508e-5
p, 0, 0.2808551676768415, 0.2244611261521045
, 1, 0.007337823283160828, 0.0012150205058601153
, 2, 0.004401222514394691, 0.0005605679458812343
, 3, 0.002347911830414524, 0.00021964066351620574
, 4, 0.001719467697503704, 8.94800452687818e-5
c, 0, 0.017517518546575142, 0.002217073483303557
, 1, 0.001008766441328792, 3.913534264205929e-5
p, 0, 0.9366627039972025, 1.865968537940463
, 1, 0.008631861209237484, 0.0012727433027612377
, 2, 0.0005193879564048778, 6.25134837658268e-6
c, 0, 0.01405184278982245, 0.0015336722049689162
, 1, 0.00023924596480077268, 2.7612427375463865e-6
p, 0, 0.2737342802071591, 0.11604457395468559
, 1, 0.0101583178928196, 0.0012402977962608598
, 2, 0.0036197182735894975, 0.0005138429003858728
, 3, 0.0024560541508232146, 0.00020910131244183803
, 4, 0.001522558622400622, 8.373423676950162e-5
c, 0, 0.015085428733408963, 0.0026319940393353548
, 1, 0.0009915103519617982, 3.7067143626802715e-5
p, 0, 0.2479339278267492, 0.08252399210566601
, 1, 0.0027112993341338173, 5.046215329568297e-5
c, 0, 0.017982353768733455, 0.002427687061580854
, 1, 0.0007361156395723429, 2.1961170907377818e-5
p, 0, 0.2116408575893221, 0.05972443606869478
, 1, 0.002627477483274073, 3.554357376576305e-5
c, 0, 0.04132744871787031, 0.00495126680774274
, 1, 0.0008026912583321567, 8.540355080147261e-6
p, 0, 0.18804248259626855, 0.058169569710004566
, 1, 0.004633438985766746, 0.00020806522683444078
, 2, 0.0010931429151849691, 6.0997639267328965e-5
c, 0, 0.02527328684546436, 0.0022608998290336102
, 1, 0.0010364780318552645, 2.8092551204508118e-5
p, 0, 6.479118862977426, 84.65111798785983
, 1, 0.09802651590091721, 0.06904037120215052
, 2, 0.0016199796759091755, 3.255914899907745e-5
c, 0, 0.011342325879873145, 0.0011864019963532214
, 1, 0.0004545448858815158, 7.435600812370491e-6
p, 0, 0.8392165451873265, 1.427870076437871
, 1, 0.009802670634384898, 0.00069879846977455
, 2, 0.0008691221841578844, 1.3873459104572837e-5
c, 0, 0.024810924095599086, 0.002323645352843683
, 1, 0.0005807125402718283, 6.900654025736744e-6
p, 0, 0.19546721701747669, 0.08952201175028404
, 1, 0.003344125013115507, 0.00011338706497786597
, 2, 0.0010501502140320348, 2.4241218737930777e-5
c, 0, 0.015238703722375225, 0.0014982862640811857
, 1, 0.0004393284552377606, 5.8100309933568486e-6
p, 0, 0.09907294490093407, 0.032595391223229145
, 1, 0.00390845708425538, 0.0003705681741941579
, 2, 0.002077675100618382, 8.377486204227671e-5
c, 0, 0.014726643090976063, 0.0016887089767467747
, 1, 0.0010646863875207796, 2.6722229239840326e-5
p, 0, 0.23788625963964968, 0.1253549871260306
, 1, 0.0033273828708832516, 0.00011207504725651499
, 2, 0.0010422981559622079, 2.7246143912077794e-5
c, 0, 0.020393043999879706, 0.0019001586868202555
, 1, 0.0004949263227300037, 6.805469402028581e-6
p, 0, 0.060478962769474114, 0.01470665841584836
, 1, 0.0027715758408512797, 0.0002627439928243833
, 2, 0.00159860151356714, 6.92579727091039e-5
c, 0, 0.014118116468261666, 0.0015155507043066222
, 1, 0.001001563898716887, 2.7599090705171453e-5
p, 0, 0.14843300968404272, 0.0616456450004922
, 1, 0.00447281289402446, 0.00027406076878555097
, 2, 0.002004491681125244, 9.747124724316625e-5
c, 0, 0.015035504848568294, 0.0013914733914231776
, 1, 0.0007706957550514449, 2.3161580863187577e-5
p, 0, 0.08142189275519184, 0.013502003477973642
, 1, 0.0009527424582493936, 2.8089609190296937e-5
c, 0, 0.0225910876345648, 0.002165307485672731
, 1, 0.0004762931640383099, 7.751003510223265e-6
p, 0, 0.06357374856386223, 0.035534058379697614
, 1, 0.002380692984814187, 0.00018154252268866446
, 2, 0.0006688794552085217, 2.2013318810125137e-5
c, 0, 0.0202063629381443, 0.001651416268299032
, 1, 0.0005953821416666292, 7.709327450555962e-6
p, 0, 0.055733475541885104, 0.020579167833199748
, 1, 0.0033836128912838786, 0.0003224904670339752
, 2, 0.0011415436164970974, 4.493795471517074e-5
c, 0, 0.009878837211487627, 0.001120693221975407
, 1, 0.00041551749080731646, 2.5118794431873346e-6
p, 0, 59.09493871801574, 6983.776006763035
, 1, 0.6505538247740323, 3.047989961153706
, 2, 0.014577931415595841, 0.0023636639166495174
, 3, 0.0024772413879076984, 0.00017243584422443008
, 4, 0.001000782959652573, 1.9031751060049163e-5
c, 0, 0.012044033090107561, 0.0008809710096859529
, 1, 0.0002972432870407832, 2.2873435279047e-6
p, 0, 0.08041963933466569, 0.035490033154955136
, 1, 0.004816998240373885, 0.0006723597061605078
, 2, 0.0015695487750389042, 6.823414962391323e-5
c, 0, 0.021901533031462816, 0.001998430829608533
, 1, 0.0006145370234091208, 9.168606152419617e-6
p, 0, 0.17160659262775138, 0.07682160616056997
, 1, 0.0030371232660533504, 0.00014622054610847904
, 2, 0.0008827160554983021, 2.424567892126579e-5
c, 0, 0.02705731819245234, 0.0025265879683278435
, 1, 0.00042758355425141705, 5.220730220531533e-6
p, 0, 0.20967111867381896, 0.10226642215215001
, 1, 0.002133891760692558, 7.765364913428147e-5
c, 0, 0.017873862461775056, 0.0015661601297832252
, 1, 0.0006507474623891122, 8.778184406746046e-6
p, 0, 0.1339525194486255, 0.055809849681327746
, 1, 0.005176601192731577, 0.00032916913659566515
, 2, 0.0014720021314456769, 5.1566398575641425e-5
c, 0, 0.012440012729765207, 0.0010582848376215156
, 1, 0.0008545144020810218, 1.447218363014509e-5
p, 0, 0.0324330960313737, 0.013868416681308261
, 1, 0.003833866568048028, 0.00024087797235257643
, 2, 0.0012486795171012199, 3.820870795337627e-5
c, 0, 0.008679685257965015, 0.0007921546976176227
, 1, 0.00045559304387900396, 6.674820995221687e-6
p, 0, 0.46451140578886635, 0.5422437788839001
, 1, 0.006419989592507892, 0.0005359072324354749
, 2, 0.00029695537537140855, 1.4976857959005005e-6
c, 0, 0.009588126017856675, 0.0008347808821779866
, 1, 0.00010702270965956351, 3.0929467147270017e-7
p, 0, 0.025918545614107946, 0.005862652269146042
, 1, 0.0012837900747844305, 7.162872923407151e-5
c, 0, 0.010217423379230997, 0.0009938629446964336
, 1, 0.0005927390536079218, 1.441728012746535e-5
p, 0, 0.06264804563538354, 0.010114200297906073
, 1, 0.001023111120371676, 4.4040852338698744e-5
c, 0, 0.014390285404903676, 0.0012707984822958808
, 1, 0.0006938187381682242, 1.6679060555583315e-5
p, 0, 0.1390385126536458, 0.05867535887665795
, 1, 0.003980078549492622, 0.00029557098697746584
, 2, 0.0017146807981236033, 6.686483545039954e-5
c, 0, 0.01847662250925051, 0.001910481101895153
, 1, 0.0006218118519612577, 1.8945950556671945e-5
p, 0, 0.06364188280665196, 0.021683442093047883
, 1, 0.0016074670185757466, 0.0001248773141011427
, 2, 0.0007523948568251703, 1.8617072720924322e-5
c, 0, 0.00851084488443188, 0.0012197601451726548
, 1, 0.00026013873266999535, 2.4726284674857085e-6
p, 0, 0.5832662278867584, 0.6924410593449458
, 1, 0.0073926876600551635, 0.0005798580817616417
, 2, 0.0005336723655282828, 4.77492794499024e-6
c, 0, 0.01701130983517004, 0.0017142116504633678
, 1, 0.00035046465890359676, 2.9538149078951296e-6
p, 0, 7.335365710880304, 107.75672517849212
, 1, 0.09840433157408632, 0.09521048492129758
, 2, 0.0015603032470303823, 3.2157036159927636e-5
c, 0, 0.009621568247461236, 0.0013026109522311263
, 1, 0.00036148099738695055, 3.6663947821319627e-6
p, 0, 0.12278678414279165, 0.04573676242678822
, 1, 0.00461538193265786, 0.0002053480398908289
, 2, 0.0010987859006978927, 2.1198528103185744e-5
c, 0, 0.008786380835188866, 0.0009994966813249634
, 1, 0.0003600626331716827, 3.5137533360754387e-6
p, 0, 0.13637621389656307, 0.04305466778792215
, 1, 0.002179548962696827, 7.78715871768677e-5
c, 0, 0.01215937640091447, 0.001266300874296808
, 1, 0.0006140534065031563, 1.0993451837778404e-5
p, 0, 0.07186837822570918, 0.029803859804620816
, 1, 0.002628094694262185, 0.00011973272196347754
, 2, 0.0005809619138173771, 8.923706709038379e-6
c, 0, 0.015273952635782783, 0.0013072431974762112
, 1, 0.00022538634205152063, 1.4544451157827396e-6
p, 0, 0.03770445333091189, 0.00886532828379001
, 1, 0.0008722678714387874, 3.904639287503691e-5
c, 0, 0.010430976046640852, 0.000989776853341588
, 1, 0.0002447377800573559, 2.053125217607176e-6
p, 0, 0.059669430728906216, 0.015140775171080218
, 1, 0.0020576937569695905, 8.042292270841676e-5
c, 0, 0.013723595400044308, 0.0018070537372332175
, 1, 0.0002875353779681039, 4.021034783899264e-6
p, 0, 0.07302047904801634, 0.02500011188104087
, 1, 0.0011561448580344217, 4.9526210458001476e-5
c, 0, 0.012080165322853904, 0.0013952179741273138
, 1, 0.00024043759850325656, 1.587992730094023e-6
p, 0, 0.13399538716099893, 0.04904343926659837
, 1, 0.0015705159734641953, 4.622407759757124e-5
c, 0, 0.015001927844368526, 0.0014132352941193245
, 1, 0.00017474781547593155, 1.24369413270027e-6
p, 0, 0.10560916563571397, 0.04346800308231486
, 1, 0.0022867247322931866, 0.00012936922872987773
, 2, 0.000330186029471577, 3.158407696851375e-6
c, 0, 0.012667507461586583, 0.0012328010724242367
, 1, 7.6071717537004e-5, 2.755066705631868e-7
p, 0, 0.38556870545936556, 0.3120785298780126
, 1, 0.007131218567305333, 0.0003763277279664582
, 2, 0.0005172977894980168, 2.4863705166502988e-6
c, 0, 0.008689938119763586, 0.0006438812107334348
, 1, 0.00019974092407716142, 1.2459652522660695e-6
p, 0, 0.045489728979375074, 0.014566861525529379
, 1, 0.0005851636896509317, 1.0171071751873099e-5
c, 0, 0.00968874726237981, 0.000691864198808434
, 1, 0.0001062821817877708, 2.994770912202375e-7
p, 0, 0.3674197143570386, 0.306204509491067
, 1, 0.005259512927159773, 0.00032378142215758003
, 2, 0.0014173163111083527, 2.5160752582871608e-5
c, 0, 0.01631217302571558, 0.001615539676590487
, 1, 0.000706051404941914, 1.3597873924617262e-5
p, 0, 0.3588199945967034, 0.3116489137771205
, 1, 0.004080866529446918, 0.00023080087970986162
, 2, 0.00041513980658487254, 3.3560868575536606e-6
c, 0, 0.013692805851777826, 0.001288809227594955
, 1, 0.00025721367592787195, 1.480167437700871e-6
p, 0, 2.315450595798754, 10.7564845693149
, 1, 0.03920880321419947, 0.01200574832729683
, 2, 0.0008846311099484523, 2.3028646970054526e-5
c, 0, 0.018565349282423586, 0.0013994832924445143
, 1, 0.0008007079397172412, 1.3438724313655605e-5
p, 0, 0.16564538884412253, 0.10723429135343635
, 1, 0.002570694341185757, 0.00010520987808978239
, 2, 0.00017582022831679468, 1.0148612343233595e-6
c, 0, 0.01023545102016867, 0.0011551498968262104
, 1, 0.00015241878190453217, 9.216785842054116e-7
p, 0, 0.41423642333606153, 0.5385023756753676
, 1, 0.011812639724332264, 0.0007903791857840162
, 2, 0.00022420558852696083, 1.0850812689219511e-6
c, 0, 0.008816020441922845, 0.0007728874093885043
, 1, 0.00013126460660176732, 6.89333433622614e-7
p, 0, 0.13325944759224134, 0.05537479044581425
, 1, 0.002580271696627662, 9.564193936350621e-5
c, 0, 0.009647644517085515, 0.0013210552663693769
, 1, 0.001139304051543936, 1.810095135456974e-5
p, 0, 0.046394467687094515, 0.017659349550669008
, 1, 0.0009004158620458413, 2.5962492984892837e-5
c, 0, 0.008477503826809531, 0.0009028668966220222
, 1, 0.0005598535061242999, 9.816636282142875e-6
p, 0, 0.10723748536453327, 0.057026914434255054
, 1, 0.0011529421043282337, 6.471060175762518e-5
c, 0, 0.013338078061077903, 0.002050923198095186
, 1, 0.0004520557128951061, 6.86334927501846e-6
p, 0, 0.13496499763225306, 0.05781575654275106
, 1, 0.0023159952110790557, 0.0001086111560069832
, 2, 0.00026400306719454606, 3.999917625613412e-6
c, 0, 0.011377745145338498, 0.0013618688147113177
, 1, 0.00018228067563714936, 6.464053371657305e-7
p, 0, 5.041632316718267, 50.64755771217668
, 1, 0.08159232615257929, 0.048916323425345104
, 2, 0.002498467347548072, 0.00012138759018314645
, 3, 0.0008102638421716059, 1.9742116148912728e-5
c, 0, 0.036326647257622344, 0.007777068630939353
, 1, 0.0004733746877361494, 8.53830990495051e-6
p, 0, 0.32278702788155084, 0.6049459749821642
, 1, 0.006819222119292258, 0.0007125295634980216
, 2, 0.0007160825380282906, 2.861460261822971e-5
c, 0, 0.019699660201108526, 0.0029012576648662367
, 1, 0.0006601689220232659, 1.1114874264889567e-5
p, 0, 0.23079497838676438, 0.2542360787582009
, 1, 0.0034634209453742754, 0.00024402293354924416
, 2, 0.0009965790617329751, 2.5424018107663202e-5
c, 0, 0.023233060310972473, 0.004968852382375008
, 1, 0.0003328962300056028, 2.8866831942578585e-6
p, 0, 0.22971540881539484, 0.3744042190467465
, 1, 0.0031721775150198184, 0.00029978452673789846
, 2, 0.0012138813850970432, 4.3269829312004115e-5
c, 0, 0.01882317697145467, 0.003136480951180135
, 1, 0.0005424397382415415, 1.3822418707157109e-5
p, 0, 9.800700335377767, 192.2529277488453
, 1, 0.15571642711711786, 0.18839462897001258
, 2, 0.010006438523704511, 0.0012679194189004872
, 3, 0.002891277616538614, 0.00022721929114540354
, 4, 0.0009093071076922769, 2.6572790119687216e-5
c, 0, 0.014948108799698793, 0.0023774002972435865
, 1, 0.000310821696060641, 4.527628672893271e-6
p, 0, 0.4975541463511581, 0.7172433176820956
, 1, 0.011941486243266157, 0.0010852089628775076
, 2, 0.0008513917153103365, 2.4779004631413174e-5
c, 0, 0.01467124113123735, 0.0026630270385708497
, 1, 0.0004728645705180647, 1.169050189141365e-5
p, 0, 0.31158261187398983, 0.31442063184867036
, 1, 0.004791691748016103, 0.0005044853280994813
, 2, 0.0019035505502688816, 0.00011352896470033715
, 3, 0.0007660492498116949, 2.751033804661975e-5
c, 0, 0.014684077237969686, 0.0019717331770760685
, 1, 0.00043094634029372666, 7.487979120341403e-6
p, 0, 4.363719879670388, 41.75440535757125
, 1, 0.11258482891745007, 0.06652632155905047
, 2, 0.0041965719488015795, 0.00031167461951185627
, 3, 0.00138069485434621, 6.349057871471736e-5
c, 0, 0.016722443706103655, 0.001994790955720499
, 1, 0.000669634836298031, 9.98651764783972e-6
p, 0, 0.06796434428155376, 0.05247386397874759
, 1, 0.002242460733560169, 0.0001327192776451587
, 2, 0.0009175697266159966, 3.252929431297184e-5
c, 0, 0.021536919027948142, 0.0017056732861363008
, 1, 0.0003237778083190891, 5.470474586666486e-6
p, 0, 0.875247661701095, 1.5943315698407867
, 1, 0.015534139148671954, 0.0015557930075389091
, 2, 0.0019435306638744248, 5.464794039422894e-5
c, 0, 0.044119278492889526, 0.006838419180833544
, 1, 0.0005133645389082554, 1.1350706712624813e-5
p, 0, 0.4191058013318345, 0.40464360094871005
, 1, 0.0018556369406908775, 7.193200347393677e-5
c, 0, 0.017104634204480468, 0.0022300866317152756
, 1, 0.00040134394769306765, 9.45336635638874e-6
p, 0, 0.4418501122510896, 0.4794718090529704
, 1, 0.011676410285139318, 0.0007573451264957738
, 2, 0.0005201105213694381, 1.1978935353947398e-5
c, 0, 0.018010645821848147, 0.0028131389227671775
, 1, 0.00032726566317650067, 3.5380766278649554e-6
p, 0, 27.910659941088237, 1558.8306239976637
, 1, 0.37886049484448037, 1.0377189312825983
, 2, 0.006278865529348115, 0.0007193661861627642
, 3, 0.0004466992683092581, 8.600271369641248e-6
c, 0, 0.022907589309508314, 0.0024193888417333425
, 1, 0.00012379968037992345, 9.368486355139962e-7
p, 0, 0.3963306671604131, 0.36792492520243325
, 1, 0.007362669678865048, 0.0005177906471313278
, 2, 0.0012657171886628937, 4.956486467705758e-5
c, 0, 0.020763110063309203, 0.0028590787233920847
, 1, 0.00040350687606533235, 8.405098032776756e-6
p, 0, 0.22674650199929944, 0.20036676110407617
, 1, 0.003147404866018549, 0.0002185452376263446
, 2, 0.0006774829234296057, 1.490753345290835e-5
c, 0, 0.05083664492805746, 0.006179031430528518
, 1, 0.0003358049549299772, 2.9093641863685495e-6
p, 0, 0.43087628815895546, 0.3976566776130156
, 1, 0.002287456358358783, 0.0002825124782796252
, 2, 0.000996009273879534, 3.593918044645225e-5
c, 0, 0.03535072183294602, 0.005191342029240391
, 1, 0.0003082317960453791, 5.6416797736958654e-6
p, 0, 0.1587772827386742, 0.07864291044498742
, 1, 0.0013376757462124117, 9.468896695806546e-5
c, 0, 0.017469223694365096, 0.0026486416278547684
, 1, 0.0004301965062837145, 9.841624919655251e-6
p, 0, 0.13074861454559034, 0.08160315659074018
, 1, 0.0026339582921164175, 0.0001615278266782109
, 2, 0.0006901391110505671, 1.213718620768807e-5
c, 0, 0.01336349349204179, 0.002227807656217588
, 1, 0.00036412211166265355, 4.322007392385486e-6
p, 0, 1.5653784581034385, 4.9460943308904755
, 1, 0.02258591481764772, 0.0019112810761690215
, 2, 0.0007397655808782943, 1.8033937787626076e-5
c, 0, 0.013529477352663223, 0.0021991175009630276
, 1, 0.00035498759069843436, 4.609440880004823e-6
p, 0, 0.08561172786399991, 0.03955737698794789
, 1, 0.0031781652801664427, 0.0003162552754667433
, 2, 0.0019857319258218173, 6.461001008247177e-5
c, 0, 0.011503690832634594, 0.0017499258028226068
, 1, 0.000522312200365379, 9.571437709567214e-6
p, 0, 0.4944269459880244, 0.5931405020749124
, 1, 0.0071749566042000595, 0.0005434771228471454
, 2, 0.0015826371691563775, 5.3291648641508135e-5
c, 0, 0.01730835865906836, 0.001964443085544993
, 1, 0.0005178994335946474, 1.008897933235328e-5
p, 0, 0.7693880023192802, 1.2179525218371496
, 1, 0.01619988940773593, 0.001975027696992151
, 2, 0.003885065353117412, 0.0003392229424771037
, 3, 0.0017753302715452287, 4.463571906304349e-5
c, 0, 0.014618120495407347, 0.0023938504385449624
, 1, 0.0005508995604284239, 7.867609244798968e-6
p, 0, 0.11535957272463244, 0.08160166357740886
, 1, 0.007507121360731721, 0.0012986055750765935
, 2, 0.0016555102115438413, 5.717351379004684e-5
c, 0, 0.013832468146592463, 0.0015859312759426648
, 1, 0.00036987399117140033, 3.7336334658192616e-6
p, 0, 0.07875071047634104, 0.05131012186867227
, 1, 0.0031109557128673375, 0.00027147645618898214
, 2, 0.000758829804035797, 1.4282012561624758e-5
c, 0, 0.011948304014093978, 0.0014078441426164923
, 1, 0.00035068113332720684, 4.949391964504073e-6
p, 0, 0.5617599582438656, 0.6528214624313693
, 1, 0.012698471211991101, 0.0009741547090863249
, 2, 0.000506796282332734, 6.701347209693002e-6
c, 0, 0.012692892477929997, 0.0013378197588104367
, 1, 0.00022916988416299048, 1.1305987113893015e-6
p, 0, 0.060536504535830205, 0.04566379485528414
, 1, 0.0024003312161664115, 0.00013779136052404238
, 2, 0.00021961392951869112, 1.5781515840190431e-6
c, 0, 0.011041788110258993, 0.0011273639351788208
, 1, 0.00010787011962155998, 3.716907394110724e-7
p, 0, 0.04640897776873646, 0.01932448041027567
, 1, 0.0011147464145957202, 3.646522560362409e-5
c, 0, 0.010837260873419319, 0.0010616857939195303
, 1, 0.00025902897557289516, 3.3307524701817247e-6
p, 0, 0.09461790723393883, 0.04868512555799303
, 1, 0.0015533677203103907, 8.954000707101875e-5
c, 0, 0.012530132249301116, 0.0015377288342192372
, 1, 0.0007701358797884463, 2.0097623321190962e-5
p, 0, 0.6235061274200449, 0.9518844055967702
, 1, 0.008097856543967443, 0.0006551199165634751
, 2, 0.0003288926849084521, 2.2113955430170704e-6
c, 0, 0.011087035630015259, 0.0013697544899785614
, 1, 0.00016824428582350005, 9.073167061227386e-7
p, 0, 11.214747701888205, 251.35460929310437
, 1, 0.17887062819556337, 0.23722017734426856
, 2, 0.0024892557642330728, 7.723632630750711e-5
c, 0, 0.014014128537206858, 0.0013138102484924062
, 1, 0.0003912908351530447, 5.29944533630011e-6
p, 0, 35.16441538990316, 2472.9830997900494
, 1, 0.40267130947508467, 1.1714940206672964
, 2, 0.005236226332942531, 0.000360514721192926
, 3, 0.0005687699847399372, 1.1529291793722442e-5
c, 0, 0.010724523848677434, 0.0013695892554203167
, 1, 0.0004527216360745315, 5.211112044685081e-6
p, 0, 12.299346761046868, 303.2481168527289
, 1, 0.19175324376926983, 0.2717426871427532
, 2, 0.002836217046923096, 9.998582975615853e-5
c, 0, 0.012747062104762567, 0.00151181775492006
, 1, 0.00042024803896397296, 8.663906464687293e-6
p, 0, 31.597568715809178, 1996.6783736043408
, 1, 0.3650867212262527, 0.9702577709967614
, 2, 0.004749668134737853, 0.00029299306125619973
, 3, 0.00029743561516383846, 3.383440004933658e-6
c, 0, 0.014518757885946084, 0.001896775605511449
, 1, 0.0001463215594689081, 7.835536938039853e-7
p, 0, 2.066889233094211, 8.804784753265176
, 1, 0.03401275810713854, 0.009565299938213645
, 2, 0.0004659918049071028, 2.8236442702491635e-6
c, 0, 0.012227638266974475, 0.001402152550700892
, 1, 0.00012928345837089428, 5.402449403824676e-7
p, 0, 0.7051089818525976, 1.321068435889619
, 1, 0.010007419514991345, 0.0008509241540683682
, 2, 0.00018337834241779937, 6.727861068201454e-7
c, 0, 0.01347186194990912, 0.001434146225930341
, 1, 0.000135865391747069, 5.880238692926866e-7
p, 0, 0.34457276600139997, 0.4155686338891895
, 1, 0.009815866806952882, 0.0005918757482343887
, 2, 0.00018286085496250722, 1.3896058451038167e-6
c, 0, 0.011536959739496344, 0.001468452255890051
, 1, 0.00018072834936542625, 6.959167678844193e-7
p, 0, 0.37791997019195406, 0.33211567549881255
, 1, 0.004177505645873504, 0.0002566469615487106
, 2, 0.00029264546614456914, 2.529017852290815e-6
c, 0, 0.013930573486328904, 0.0011827187608966692
, 1, 0.0002038458786396589, 1.6447114119786933e-6
p, 0, 0.6220577479609016, 0.8139763778414123
, 1, 0.009726158540883123, 0.000870873975229735
, 2, 0.00027710027001183983, 1.526977518318151e-6
c, 0, 0.017420435835087584, 0.0014566617762489114
, 1, 0.00027587116571597405, 9.725282484237128e-7
p, 0, 3.0057763621631715, 18.312253127972678
, 1, 0.05793310013936054, 0.020780341399571894
, 2, 0.0017967430626344813, 5.7517203045427346e-5
c, 0, 0.014173214248004024, 0.0012684954258475151
, 1, 0.00025295209523664125, 1.7690753499556598e-6
p, 0, 0.14268553217864774, 0.061076677372056375
, 1, 0.0020637547369845087, 8.629791102784614e-5
c, 0, 0.015538696545382612, 0.0012104035957724187
, 1, 0.0003485538542076478, 4.307502996270336e-6
p, 0, 0.09541067735543796, 0.038832743829374274
, 1, 0.0020314459017155497, 0.00012701535258046362
, 2, 0.0002455992052582796, 1.8850984195008873e-6
c, 0, 0.013363830506502321, 0.0011128696454315065
, 1, 0.0002178320680518426, 5.208904710633964e-7
p, 0, 0.11300495679633482, 0.04819453946042201
, 1, 0.001926583481111677, 5.969147577307029e-5
c, 0, 0.016622711457246354, 0.0013844441973311942
, 1, 0.00022340656621770092, 1.4763493741242546e-6
p, 0, 0.06407596521874274, 0.037260341288531694
, 1, 0.0030016798031101783, 0.0002214589190846682
, 2, 0.0003491608947992506, 2.2486502409440734e-6
c, 0, 0.015179433871607608, 0.0014336525983338387
, 1, 9.558529691200867e-5, 3.172545749755445e-7
p, 0, 0.14776250478321165, 0.05878160939620838
, 1, 0.0030541103201934066, 9.956498054360406e-5
c, 0, 0.017761189215935905, 0.0017337376982788219
, 1, 0.00033276514820401487, 2.0423864233536715e-6
p, 0, 0.08401895559917215, 0.0351765094294136
, 1, 0.002283777604767526, 0.00017258228440017863
, 2, 0.0002521585666186049, 2.1614659929678112e-6
c, 0, 0.017971730652478732, 0.001767078809235884
, 1, 0.00014022102468923893, 6.496782910594306e-7
p, 0, 0.0908272758414255, 0.027403554153128052
, 1, 0.0013179638962811408, 2.508110135063549e-5
c, 0, 0.02000586291425471, 0.0017855567764677206
, 1, 0.0002703962377752151, 1.5210377504475814e-6
p, 0, 0.04672636442333139, 0.01999541838826814
, 1, 0.0018549618176798815, 9.61292702440794e-5
c, 0, 0.025060658513608676, 0.002498405605871775
, 1, 0.0001917499308862835, 1.2612569762157066e-6
p, 0, 1.5503855972206557, 4.825021752546043
, 1, 0.027639608079918634, 0.006017109603329536
, 2, 0.0004025936777297002, 1.9827096753144374e-6
c, 0, 0.01897306340533589, 0.002174352353535548
, 1, 0.00016144187493485725, 6.178911100705405e-7
p, 0, 0.22555439302040592, 0.16863376936491933
, 1, 0.004888401390240292, 0.0003040592251425442
, 2, 0.00045577281154646405, 5.041286206836112e-6
c, 0, 0.0622931780770357, 0.012589074591974744
, 1, 0.0003622175497545228, 3.5445813981880273e-6
p, 0, 0.9684320283798945, 2.739028980666582
, 1, 0.012680149825287845, 0.0016951259331073058
, 2, 0.0019894805029981584, 0.00013191645881409608
, 3, 0.0005493728795011534, 6.324563589316619e-5
c, 0, 0.09608701547158906, 0.026148904485917876
, 1, 0.0018570168711082016, 5.190124215986023e-5
p, 0, 2.1457767390258207, 11.320403859632027
, 1, 0.04932745514996554, 0.01713768549728503
, 2, 0.00450286873070468, 0.000335371045865358
, 3, 0.0012177357342200643, 0.00015573108385244104
, 4, 0.0003361787662204122, 3.113397675781714e-5
c, 0, 0.1080964113460789, 0.02957254509831924
, 1, 0.001065918957543357, 1.4206369561774364e-5
p, 0, 0.3997296002921998, 0.36747183708006287
, 1, 0.003432039417911862, 0.0003178026485316135
, 2, 0.0008778294814093341, 4.8813449537551737e-5
c, 0, 0.04399362138795925, 0.006163857134988315
, 1, 0.0007870531040815058, 2.9988390762126478e-5
p, 0, 2.623111881357294, 13.793631598499228
, 1, 0.024449801172822812, 0.009145940339193444
, 2, 0.0015374552066106592, 4.2817052840952175e-5
c, 0, 0.027200560248428596, 0.0035282152227956616
, 1, 0.0007481256440353291, 2.794426320790749e-5
p, 0, 0.1389453368466448, 0.06473074893670985
, 1, 0.0016436137845146017, 8.7801618848506e-5
c, 0, 0.015146845293449427, 0.002694912919236245
, 1, 0.0004813528684876042, 6.984912533659094e-6
p, 0, 0.5442691524662632, 0.5256218809306847
, 1, 0.016623253424672076, 0.004260407189514511
, 2, 0.0065282364052436734, 0.0008347986996896529
, 3, 0.0022506403241468213, 0.00010641083852120133
, 4, 0.0007389452369815983, 1.755467735034737e-5
c, 0, 0.08850736282670724, 0.030407307518722736
, 1, 0.0017827961914471451, 5.623660743650012e-5
p, 0, 2.230585691561069, 18.744066787192086
, 1, 0.05213582830690669, 0.018025975698826455
, 2, 0.007471402871412468, 0.001292526713348314
, 3, 0.003069710092902097, 0.00020037155729022097
, 4, 0.0013325136947151752, 3.445093934797257e-5
c, 0, 0.05814752529982522, 0.025548371055940475
, 1, 0.0008111739418197868, 1.1926252496202233e-5
p, 0, 1.6302314857698617, 5.964749409349278
, 1, 0.01188205409645051, 0.0026883739503588844
, 2, 0.005569817336114336, 0.0005493992733139172
, 3, 0.002196097824748214, 8.312030934285047e-5
c, 0, 0.051638527103763904, 0.007582859646267527
, 1, 0.0007188400200393958, 1.840625939316841e-5
p, 0, 0.0885283890660769, 0.03168042869961374
, 1, 0.009621371072819969, 0.001476536107092777
, 2, 0.003075692873870469, 0.00020653346973517148
, 3, 0.001189634521522245, 2.8812348482063835e-5
c, 0, 0.021828651047698724, 0.003108095657018607
, 1, 0.0004870704179508976, 8.928828202173075e-6
p, 0, 0.038983055988056944, 0.014760897285652497
, 1, 0.003103562943441429, 0.00021713104687916387
, 2, 0.0007263648336689745, 1.621297846473399e-5
c, 0, 0.015813029723553706, 0.002413853053149667
, 1, 0.00034096847676706504, 2.1742910977672516e-6
p, 0, 0.3604944183253264, 0.2830480980683418
, 1, 0.010363375739088522, 0.0007468215892432991
, 2, 0.0009599922296666162, 1.720645982399278e-5
c, 0, 0.01318148071367628, 0.0018449699681142328
, 1, 0.00039246033998946596, 6.232595880626238e-6
p, 0, 2.7234077084533137, 16.04562288781808
, 1, 0.048397319897870834, 0.021223088831054757
, 2, 0.0007568026354895219, 9.280915785268113e-6
c, 0, 0.013268382081794304, 0.0015659273761848777
, 1, 0.00019600561834859001, 1.6381058756936434e-6
p, 0, 0.09669667504564836, 0.03619566030914022
, 1, 0.0026033917188594204, 0.00010728434506675615
, 2, 0.0006222063267516946, 8.181662846617153e-6
c, 0, 0.018091926839247895, 0.0015865063154064806
, 1, 0.00034682794213369605, 2.0069014271383446e-6
p, 0, 0.06785849570526974, 0.02232346198632956
, 1, 0.0009595529583246575, 4.205161358602487e-5
c, 0, 0.013328649623727873, 0.0017209582161481383
, 1, 0.00019348901458855354, 1.2885508646329105e-6
p, 0, 0.34889972709147493, 0.2487680927729811
, 1, 0.009154139056371928, 0.00043235021102274086
, 2, 0.000326893097941468, 1.6653334772581479e-6
c, 0, 0.013496907041637675, 0.0011149138177231719
, 1, 0.00017686410201454424, 8.016257621453353e-7
p, 0, 0.05427132827412295, 0.009402371698078619
, 1, 0.001564116525951556, 7.2944986495421e-5
c, 0, 0.01235959423341118, 0.0010831284526775227
, 1, 0.00062992738542186, 8.307226395163593e-6
p, 0, 18.567011832878038, 688.8891514583158
, 1, 0.1903756179662659, 0.4610500561459607
, 2, 0.001630585137766304, 7.975369942482351e-5
c, 0, 0.011892768939716468, 0.0009543353542438258
, 1, 0.0004893621752068209, 9.836443400729465e-6
p, 0, 0.030902149126533694, 0.011849749880264509
, 1, 0.0030900751388104886, 0.0002597059272146584
, 2, 0.0010455646593361344, 2.0499149490558266e-5
c, 0, 0.014402863241130513, 0.0010263517166742377
, 1, 0.0002633556144505058, 2.2014503153203228e-6
p, 0, 0.22176848497561616, 0.11542426316940857
, 1, 0.004803517354180863, 0.00017564496001949923
, 2, 0.0010417883745717188, 2.207864101003503e-5
c, 0, 0.009855702800290887, 0.0008248507898765769
, 1, 0.0003321908781687996, 2.247806385107141e-6
p, 0, 0.4155887834813154, 0.3513106469548662
, 1, 0.004907958434034474, 0.0003156596420572228
, 2, 0.0006072661801913168, 7.905868305137057e-6
c, 0, 0.010347331292869742, 0.000980340203772938
, 1, 0.00014507121244285935, 8.591124909950278e-7
p, 0, 0.03776292157318184, 0.009722611899930454
, 1, 0.001020400086480066, 3.837436783424288e-5
c, 0, 0.012530003943258062, 0.001122761146822303
, 1, 0.0002705837000944689, 1.9243951697690804e-6
p, 0, 0.06767007952056563, 0.030398124232132333
, 1, 0.004544884235518809, 0.0005101609518637941
, 2, 0.0004647863733875799, 7.934102499469526e-6
c, 0, 0.011249378859375768, 0.0010761399552097854
, 1, 0.00018047961841476028, 7.000096138901844e-7
p, 0, 0.054235377942397855, 0.018181441157748862
, 1, 0.0014268597398873553, 7.812977872713624e-5
c, 0, 0.014781202428499314, 0.0015575828313727814
, 1, 0.00018165634553555634, 1.4764700085516254e-6
p, 0, 2.2712620702888917, 10.512748182261285
, 1, 0.039665433312194465, 0.010565152145307375
, 2, 0.00205318570467089, 7.299525941472421e-5
c, 0, 0.012970814229444148, 0.0015205855365458911
, 1, 0.00016324044057228456, 1.197861326564863e-6
p, 0, 0.6349483417076224, 0.8065602053705826
, 1, 0.0057580535482433404, 0.0005825246640245645
, 2, 0.00037307984157034614, 2.1951631468994216e-6
c, 0, 0.014155416862554065, 0.0013019546531033617
, 1, 0.00017096806096244038, 5.302286622837098e-7
p, 0, 81.62928842864416, 13325.76669806462
, 1, 1.5418041909185214, 18.62465209538297
, 2, 0.014671247512972278, 0.0032068932420185907
, 3, 0.0004134799224772768, 6.182114546918248e-6
c, 0, 0.013469648211084057, 0.001220885068064264
, 1, 0.00012315825387413905, 5.128140028980351e-7
p, 0, 0.07246308087351443, 0.020271324104875966
, 1, 0.0014639293904076898, 2.9816031634753096e-5
c, 0, 0.014377340568495314, 0.0013467617705969184
, 1, 0.00012864126292597367, 5.280819065728997e-7
p, 0, 15.309058164158264, 468.55541461050154
, 1, 0.35099128259192824, 0.6162405925836224
, 2, 0.012956233735722661, 0.005251335822102895
, 3, 0.0012817405680027151, 4.933184170726892e-5
c, 0, 0.01565553711072354, 0.001413925243962615
, 1, 0.00019867120067342504, 9.266448734007135e-7
p, 0, 0.11811153558196179, 0.04192800362593846
, 1, 0.0015048425368548962, 3.401756490468223e-5
c, 0, 0.011596834857826026, 0.0011655350022302753
, 1, 0.00022623152356196938, 1.2881467780660612e-6
p, 0, 0.2895305907765872, 0.2502267751575833
, 1, 0.007088674777296173, 0.0003419209628007697
, 2, 0.0003877515358733746, 3.957112136964322e-6
c, 0, 0.016968331390805797, 0.001579518873240835
, 1, 0.00019107948126021582, 1.0543682003127255e-6
p, 0, 0.8716924783448868, 2.3284981593313194
, 1, 0.012531408492072604, 0.0018109425520408968
, 2, 0.0007027635637887697, 1.0646940994140809e-5
c, 0, 0.019348692660437473, 0.0017655136104611224
, 1, 0.00015969757691279798, 7.489919969097515e-7
p, 0, 0.15486165603658666, 0.06790520277642398
, 1, 0.0022352716318220023, 5.2199298230726525e-5
c, 0, 0.016180971679089273, 0.0016807440590842699
, 1, 0.00018764885424550488, 1.3358485814086688e-6
p, 0, 0.09966790456810828, 0.06554937625376912
, 1, 0.0024839998669195966, 0.00013640019325249792
, 2, 0.00034221867158834996, 3.3896727095470934e-6
c, 0, 0.014759862729063522, 0.0017386117471149063
, 1, 0.0002265271700095847, 8.172958962195157e-7
p, 0, 0.25744614198745724, 0.2374380399502041
, 1, 0.006775426757961503, 0.0003540443624561016
, 2, 0.00022985951710859765, 1.8005750928035715e-6
c, 0, 0.01689186865139061, 0.0018210286814140258
, 1, 0.00014437915342735362, 7.159770910588028e-7
p, 0, 0.10099103361465801, 0.056307850206855935
, 1, 0.001207214153127628, 4.950081405914759e-5
c, 0, 0.017027396134434967, 0.0023753500922179442
, 1, 0.00027141150325558016, 2.7322197515112518e-6
p, 0, 0.13613656430464727, 0.08558161921929228
, 1, 0.007529880634456379, 0.001383800393806565
, 2, 0.0025504436172242287, 0.00013005880276319506
, 3, 0.0009749685530587278, 1.6407860221543703e-5
c, 0, 0.01681929296445613, 0.002113075811554858
, 1, 0.0002539736065975617, 1.823886168254726e-6
p, 0, 0.14951350561295126, 0.08106192497050646
, 1, 0.0038971393844025497, 0.00040553195316621294
, 2, 0.0021685895317167295, 7.337544815595918e-5
c, 0, 0.011845824766204016, 0.0017191853427652437
, 1, 0.000653057037316835, 1.564077208952065e-5
p, 0, 5.384962669756857, 58.05042414133249
, 1, 0.10334446051031522, 0.06591198727305293
, 2, 0.00939641755275297, 0.0020398982093157297
, 3, 0.0037228482436306902, 0.00023645403797768324
, 4, 0.0011516139101885522, 2.6866323977498685e-5
c, 0, 0.014247624129377417, 0.001526722837100402
, 1, 0.0005153151902785825, 7.683059171869611e-6
