p/c, iter, r∞, r₂
p, 0, 0.0, 0.0
, 1, 0.0, 0.0
c, 0, 0.0, 0.0
, 1, 0.0, 0.0
p, 0, 0.0, 0.0
, 1, 0.0, 0.0
c, 0, 0.0, 0.0
, 1, 0.0, 0.0
p, 0, 0.0, 0.0
, 1, 0.0, 0.0
c, 0, 0.0, 0.0
, 1, 0.0, 0.0
p, 0, 0.0, 0.0
, 1, 0.0, 0.0
c, 0, 0.0, 0.0
, 1, 0.0, 0.0
p, 0, 0.0, 0.0
, 1, 0.0, 0.0
c, 0, 0.0, 0.0
, 1, 0.0, 0.0
p, 0, 0.0, 0.0
, 1, 0.0, 0.0
c, 0, 0.0, 0.0
, 1, 0.0, 0.0
p, 0, 0.0, 0.0
, 1, 0.0, 0.0
c, 0, 0.0, 0.0
, 1, 0.0, 0.0
p, 0, 0.0, 0.0
, 1, 0.0, 0.0
c, 0, 0.0, 0.0
, 1, 0.0, 0.0
p, 0, 0.0, 0.0
, 1, 0.0, 0.0
c, 0, 0.0, 0.0
, 1, 0.0, 0.0
p, 0, 0.0, 0.0
, 1, 0.0, 0.0
c, 0, 0.0, 0.0
, 1, 0.0, 0.0
p, 0, 0.0, 0.0
, 1, 0.0, 0.0
c, 0, 0.0, 0.0
, 1, 0.0, 0.0
p, 0, 0.0, 0.0
, 1, 0.0, 0.0
c, 0, 0.0, 0.0
, 1, 0.0, 0.0
p, 0, 0.0, 0.0
, 1, 0.0, 0.0
c, 0, 0.0, 0.0
, 1, 0.0, 0.0
p, 0, 0.0, 0.0
, 1, 0.0, 0.0
c, 0, 0.0, 0.0
, 1, 0.0, 0.0
p, 0, 0.0, 0.0
, 1, 0.0, 0.0
c, 0, 0.0, 0.0
, 1, 0.0, 0.0
p, 0, 0.03490905223361426, 0.0032237109580785447
, 1, 0.0001244199186165416, 2.3553592687696243e-7
c, 0, 0.001581476588828538, 5.275474840410742e-6
, 1, 5.047749850231862e-6, 3.9701207691050654e-10
p, 0, 0.4677416252975466, 1.1006286608313558
, 1, 0.01862151930998815, 0.005321111163204378
, 2, 0.0040194780974414125, 0.0024451514535126107
, 3, 0.0019870041930136013, 0.0008201129724322996
, 4, 0.0012550390777697727, 0.00037699921569415263
, 5, 0.000840236751275788, 0.0001217260757388612
, 6, 0.0004885356936963126, 6.023263594937026e-5
c, 0, 0.29167756327172956, 0.632448314709515
, 1, 0.0018674902643796229, 5.755623309468977e-5
p, 0, 3.063936604014802, 48.3384393640269
, 1, 0.04118023842224244, 0.026879833768412204
, 2, 0.012485348114949935, 0.010105731385256203
, 3, 0.006073795195837996, 0.006099077546255712
, 4, 0.002821182749077295, 0.0017226202063835938
, 5, 0.0018501223322575128, 0.0009815735498437143
, 6, 0.0011302300467977392, 0.00031351449006292517
, 7, 0.0007100954706818782, 0.0001727489624381645
, 8, 0.0006200163800389603, 6.111355954238661e-5
c, 0, 3.037446639954284, 43.729819018234146
, 1, 0.012950094610783065, 0.00404933578033916
, 2, 0.001167276535196136, 2.9480051212616314e-5
p, 0, 2.3625237031123216, 44.37318498511673
, 1, 0.03684978035148967, 0.034049036714371234
, 2, 0.011300945498906718, 0.022465207741508085
, 3, 0.00771963660062139, 0.008917024596145224
, 4, 0.003737743138821416, 0.0034033249365959723
, 5, 0.0024200782683342715, 0.0014346588096682206
, 6, 0.0014922653536735215, 0.0005742621337972286
, 7, 0.0010242616245335057, 0.00022827459626443327
, 8, 0.0005460738791791871, 9.29238755796378e-5
c, 0, 0.3394789097562832, 0.664361095927298
, 1, 0.002158697287135212, 0.00012645232659368622
, 2, 0.0004675758087976388, 2.4117591198739476e-5
p, 0, 4.595964027865761, 118.60246184482646
, 1, 0.05939845517432405, 0.11468347767848898
, 2, 0.019739842432839372, 0.0706730688630102
, 3, 0.011722627953276448, 0.026214470637374775
, 4, 0.007369222838194558, 0.010450608925915851
, 5, 0.003939600461422066, 0.004199130785958422
, 6, 0.002476821975762722, 0.0016956185591111403
, 7, 0.0016735963651704124, 0.0006764004674841278
, 8, 0.0009060632715763949, 0.00027262850558142755
, 9, 0.0006974389726397688, 0.00011006565223907224
, 10, 0.00038464556145295745, 4.57244740619364e-5
c, 0, 0.22229781052647135, 0.3180533352835076
, 1, 0.001413582887111358, 3.702641904383083e-5
p, 0, 0.8115432538966415, 2.053898586554873
, 1, 0.010011386829548833, 0.0008014092674731559
, 2, 0.0012992272311094903, 8.764264776408121e-5
c, 0, 0.16917954336412958, 0.15025534954028177
, 1, 0.00137008596851589, 3.598379158269825e-5
p, 0, 0.7615848644384606, 1.7445549617205713
, 1, 0.008749476429198825, 0.0005827229600497242
, 2, 0.0007343161657158009, 9.311081304944911e-6
c, 0, 0.12540161705636435, 0.123757629075402
, 1, 0.0011143813910055862, 1.6003971396323184e-5
p, 0, 0.6626507889182716, 1.75467167807371
, 1, 0.009725889505479316, 0.0007567419741391039
, 2, 0.001195020793306381, 7.547541700755825e-5
c, 0, 0.07505410168829758, 0.04148218904426746
, 1, 0.0011809355236501598, 4.0828869752789303e-5
p, 0, 0.5962595958033671, 0.9995369407744594
, 1, 0.005325238821279778, 0.0005856787354214052
, 2, 0.00210896182169438, 0.0003294148208264798
, 3, 0.0009239800341878312, 0.0001493696648415685
, 4, 0.0005394355201257441, 4.939432496359997e-5
c, 0, 0.07002154303624142, 0.029801911523946976
, 1, 0.0005106703615876079, 1.2698984515300845e-5
p, 0, 0.4512548620950107, 0.8784061257343816
, 1, 0.006811302608573147, 0.000388749981103642
, 2, 0.000532008550149421, 8.567201947145033e-6
c, 0, 0.07527624253268715, 0.021593803514274014
, 1, 0.0003736443860175467, 4.019671539488802e-6
p, 0, 0.3126970396011594, 0.3286958576508032
, 1, 0.0034162058395770805, 0.0002482694937224748
, 2, 0.0009148326050624205, 0.00014766822434813992
, 3, 0.000658395567540247, 5.478180098762001e-5
c, 0, 0.02954388193000108, 0.008071112556549093
, 1, 0.0008205493884992704, 2.1318469371210185e-5
p, 0, 0.38698782441793284, 0.6290875860806362
, 1, 0.008210260693801994, 0.0006313346149071641
, 2, 0.0011875269869412567, 0.0001498058458965566
, 3, 0.000668031657504833, 9.307417962520787e-5
c, 0, 0.08814795706373064, 0.020181102302767717
, 1, 0.0010022157937718008, 1.6395441506161076e-5
p, 0, 20.93292072857746, 873.9704091869769
, 1, 0.33983353059898164, 0.47287849863475656
, 2, 0.0063539967517047945, 0.00019640814891924574
, 3, 0.0006356323615554081, 2.5080609818918714e-5
c, 0, 0.013150193041778639, 0.0011939073586121015
, 1, 0.0007259291989680864, 1.0696983271511891e-5
p, 0, 1.510896313756389, 4.025600745210697
, 1, 0.022611024159458325, 0.0021510389242559917
, 2, 0.0009198257345533764, 8.229012509203663e-6
c, 0, 0.009771811752816828, 0.0009309688256839032
, 1, 0.0003980238790743347, 3.926670442118508e-6
p, 0, 1.2203019852147066, 2.902925290595952
, 1, 0.0171469846336652, 0.0014303288393741043
, 2, 0.0011417249951777022, 1.673473289617867e-5
c, 0, 0.02626365059096148, 0.005845289061321237
, 1, 0.00039021607416975777, 4.3966742541705736e-6
p, 0, 0.6871584601237579, 1.4451999424574797
, 1, 0.006731537270773796, 0.0009812014013281577
, 2, 0.0013264824611826428, 8.572127524829664e-5
c, 0, 0.0211532935367984, 0.004013009764191921
, 1, 0.0007780829694164315, 1.388058803354004e-5
p, 0, 0.5603094090615349, 0.8915690284521178
, 1, 0.009517923661537654, 0.0011705390820945627
, 2, 0.0012721071212571438, 0.00016247017374554717
, 3, 0.0006090329275320113, 8.792904486847858e-5
c, 0, 0.06605437161240932, 0.00948708641303302
, 1, 0.0013084744818038741, 1.3340132685443612e-5
p, 0, 41.22347726783249, 3404.3222616567937
, 1, 0.7082439979762098, 1.9210946737578127
, 2, 0.01334993912072743, 0.0007554936313830519
, 3, 0.0010790236476518156, 4.840409438991396e-5
c, 0, 0.010300039360518409, 0.000887098412378926
, 1, 0.0007485240185943637, 2.175917264219344e-5
p, 0, 1.7201073326962808, 5.685762620080189
, 1, 0.02677597196849022, 0.0029383921004727457
, 2, 0.0012406850349637117, 1.971945362935094e-5
c, 0, 0.010024218013778074, 0.0007792241416861929
, 1, 0.0003422234462910044, 5.271043976602397e-6
p, 0, 0.5313960519152394, 0.4812914824595063
, 1, 0.007639083446010868, 0.00028228694251527896
, 2, 0.00040164809904852475, 2.497148256658028e-6
c, 0, 0.012446837331763038, 0.0010882246203285748
, 1, 0.00015789121683174254, 6.879721590422356e-7
p, 0, 0.29549554408267337, 0.19874396691371263
, 1, 0.00403733639829295, 8.680231092932489e-5
c, 0, 0.013642407554434034, 0.0014123607347261023
, 1, 0.00035174779676395816, 3.6098032450110148e-6
p, 0, 1.9616507470371407, 11.81466854589627
, 1, 0.026355482067650732, 0.008515874190186545
, 2, 0.0009526077792935219, 1.1287939608694541e-5
c, 0, 0.015208039167582817, 0.00125920177316346
, 1, 0.000258154808275952, 2.561183154044012e-6
p, 0, 0.6099652153256134, 1.0947314250088043
, 1, 0.011845394710296622, 0.0008791480707053664
, 2, 0.0006952383340369862, 9.975235725419272e-6
c, 0, 0.019795351490636624, 0.00304608295850283
, 1, 0.00028733065907348917, 2.8881626197879407e-6
p, 0, 0.46932248017956657, 0.6031339610459121
, 1, 0.007943093961026082, 0.0003296839732231417
, 2, 0.0004374840742836801, 3.7057729944922937e-6
c, 0, 0.015351693184156868, 0.002068804350952387
, 1, 0.00012312573003387883, 6.771245244864208e-7
p, 0, 1.5990200248614281, 6.4523325785629675
, 1, 0.0304917611303835, 0.007816738993698735
, 2, 0.004707598196328369, 0.00023630623530941148
, 3, 0.0021782058774523112, 4.446542824475194e-5
c, 0, 0.025953644217863475, 0.0034143993175580183
, 1, 0.0006326047106139163, 1.370493480973616e-5
p, 0, 1.0259322609950026, 2.2707933312462143
, 1, 0.020513252921427014, 0.004030063600178985
, 2, 0.0055080253478457675, 0.0002900080623770039
, 3, 0.00275271663779586, 6.850880939982765e-5
c, 0, 0.020730799226152608, 0.002688257466823843
, 1, 0.000896558079741092, 1.959792946551521e-5
p, 0, 23.923365503759396, 1143.7878106080634
, 1, 0.3886387279207234, 1.0282277090527077
, 2, 0.01785547964750344, 0.00508968797925636
, 3, 0.00404126846710492, 0.0001516486253681306
, 4, 0.0018166869201742646, 3.081179103975643e-5
c, 0, 0.032523162770447256, 0.0034839374442733736
, 1, 0.0007406552171631721, 1.254843752550291e-5
p, 0, 0.1697001384133237, 0.0555343494593234
, 1, 0.00415644352693692, 0.00025320012924620193
, 2, 0.002590748361166137, 7.461771426078113e-5
c, 0, 0.02740611915730441, 0.0027246185449182115
, 1, 0.000788408487816025, 1.9608120697195246e-5
p, 0, 0.41963950659831045, 0.4169611915543313
, 1, 0.007347999062089662, 0.00047861190045323735
, 2, 0.002445812317199124, 6.934554785396915e-5
c, 0, 0.017281931476424966, 0.0030672882228380393
, 1, 0.0010846558537688097, 2.7863101256321535e-5
p, 0, 0.42451626616290017, 0.39009336597805666
, 1, 0.007961491087695016, 0.0004785735370532688
, 2, 0.002516809168213692, 6.981419144940798e-5
c, 0, 0.022778648369391613, 0.003885639607379076
, 1, 0.0011448807171168282, 3.4044957706602134e-5
p, 0, 7.603200541880869, 121.51805763859463
, 1, 0.09320066102711841, 0.08170647546802376
, 2, 0.003711565433961561, 0.0004178304926621914
, 3, 0.005191302122357208, 0.00030976145197766084
, 4, 0.003076208458178143, 0.00013525001161069662
, 5, 0.0021534452569092546, 6.173631773915345e-5
c, 0, 0.0351382679384135, 0.00728447778101937
, 1, 0.0014391387473073293, 4.61348726443653e-5
p, 0, 0.14857410185358916, 0.08006712338074778
, 1, 0.010583607360918732, 0.002577719406607585
, 2, 0.007277994104246463, 0.0008827212054988202
, 3, 0.004593502391081681, 0.00038053029355294667
, 4, 0.003465966886745427, 0.00018306654661907985
, 5, 0.0022974506851896797, 9.021787392105332e-5
c, 0, 0.040311463296382515, 0.006333366816586339
, 1, 0.0016318907425975165, 4.6853864297865265e-5
p, 0, 0.0963091780439022, 0.04380255388404286
, 1, 0.0016262211096700608, 6.78345425221777e-5
c, 0, 0.04683392961342445, 0.006830297263729977
, 1, 0.0009747152027777148, 2.490169346002651e-5
p, 0, 0.40216037457077686, 0.4782756450288576
, 1, 0.0047682703188505855, 0.00026692974914842944
, 2, 0.0005703996998691198, 8.067434248435822e-6
c, 0, 0.03890475272471232, 0.004302530234227383
, 1, 0.000390378494959324, 2.975475082391207e-6
p, 0, 0.16321979262549763, 0.10248679279891276
, 1, 0.0028696948068670544, 0.00015995361040758798
, 2, 0.0019599421365066637, 6.023453221352333e-5
c, 0, 0.022244100876056397, 0.0025887485124347098
, 1, 0.001067484678341014, 3.596946794128237e-5
p, 0, 0.45506689935274386, 0.42225062313149253
, 1, 0.008797646928887529, 0.000606067823564969
, 2, 0.0013791967496693208, 4.536362021696324e-5
c, 0, 0.026805377887321822, 0.0034386330014679776
, 1, 0.0008243971707307292, 1.892177477415788e-5
p, 0, 0.06396772968619427, 0.01832212049169748
, 1, 0.0026219908725981004, 0.00015843888011658568
, 2, 0.0004884650681505042, 4.581799241421504e-6
c, 0, 0.043433155605439186, 0.0046111334762793344
, 1, 0.0003729013413571021, 3.528787284959552e-6
p, 0, 0.05283320464808823, 0.01496174405924302
, 1, 0.001620032673404649, 9.723562592483699e-5
c, 0, 0.052444413056194614, 0.005341857567528223
, 1, 0.0008515790034633858, 1.627020923858855e-5
p, 0, 0.3964133946924868, 0.33255195170972984
, 1, 0.009598340779910107, 0.0013721911858456302
, 2, 0.003870336092137723, 0.0003783126018688058
, 3, 0.0021862870114782444, 0.00011002135331618949
, 4, 0.001214313460620571, 3.570533157516308e-5
c, 0, 0.037119861349013475, 0.0038871305877026755
, 1, 0.0006889244467912219, 1.0832882464399371e-5
p, 0, 0.09939984741019693, 0.04166574807699987
, 1, 0.0014853919999361545, 3.6771080939350915e-5
c, 0, 0.01671841755342524, 0.0029100820953525614
, 1, 0.00022616380707029125, 1.2100114743513533e-6
p, 0, 6.883647981533964, 127.56845886408408
, 1, 0.07290426207887506, 0.07933067202205889
, 2, 0.002333791155589575, 0.00015340668979035003
, 3, 0.0003718329531014471, 7.083686173503084e-6
c, 0, 0.024847736306812487, 0.0033103923251878785
, 1, 0.00022634365928839585, 1.3159677720474673e-6
p, 0, 2.0106725832184935, 8.12255308819581
, 1, 0.02283084749781112, 0.006021251832771428
, 2, 0.00046398709816961124, 3.189351979713342e-6
c, 0, 0.03343548534728823, 0.003733016366646383
, 1, 0.00028516959028786795, 1.5419923588120785e-6
p, 0, 6.415102258790592, 82.42062659155475
, 1, 0.07162586167590962, 0.05877962266268315
, 2, 0.0033803778882266697, 0.0001909151378854158
, 3, 0.0007305577300912305, 1.2314022303316067e-5
c, 0, 0.03904204729492409, 0.003476987170959487
, 1, 0.00034692381029232777, 2.5012365045146137e-6
p, 0, 0.19321051386133736, 0.1263981559175431
, 1, 0.003989620668124874, 0.0003053285894531582
, 2, 0.000977065077542217, 1.7418971367485272e-5
c, 0, 0.026831985366577264, 0.0024085242047900838
, 1, 0.0004279338204186306, 4.1053373666812895e-6
p, 0, 0.4356575691225687, 0.41622353105545534
, 1, 0.009281995893590354, 0.0012158524891197392
, 2, 0.0012181653483022347, 3.791867879485273e-5
c, 0, 0.012867958000126743, 0.0021994674442431896
, 1, 0.00040401275046318143, 6.5331450770294015e-6
p, 0, 0.4465599187240223, 0.4329961571636724
, 1, 0.010871764716288434, 0.0009632840431653549
, 2, 0.000442769010091557, 5.980972818667899e-6
c, 0, 0.023928314887307407, 0.0021790991511213393
, 1, 0.00016791643179354552, 6.258884775131092e-7
p, 0, 1.2390467784015948, 3.086817583682908
, 1, 0.020041257160900952, 0.0034260644694420793
, 2, 0.0005283834680866711, 5.014980293896384e-6
c, 0, 0.031539059505699386, 0.002571656412827729
, 1, 0.0002639862507532684, 1.251027369601065e-6
p, 0, 0.02685337613494157, 0.007199673081045793
, 1, 0.0013190845305093783, 6.624212461290911e-5
c, 0, 0.018814964357882866, 0.001974566340402113
, 1, 0.00018065907670097061, 1.1491690529936062e-6
p, 0, 0.05600488613664137, 0.012848348902879995
, 1, 0.0008257245474416509, 1.932089755174877e-5
c, 0, 0.014248943879029145, 0.001610971875264008
, 1, 0.0002824049892010932, 1.4914575045637515e-6
p, 0, 0.07710539814145272, 0.03040052984333512
, 1, 0.0014486524822594105, 6.714429908209615e-5
c, 0, 0.025644578302627563, 0.002599798258931502
, 1, 0.00021798545187497209, 1.0113366882354523e-6
p, 0, 0.11236246508524074, 0.031040326017342638
, 1, 0.0018428532699292573, 6.720069126855048e-5
c, 0, 0.025620850176705796, 0.0025638285547465592
, 1, 0.00024519896419873823, 1.6515862510466628e-6
p, 0, 0.4280314349576753, 0.40912020646207614
, 1, 0.006665270902413009, 0.0004382780959804541
, 2, 0.00019709281365164734, 6.195672744895944e-7
c, 0, 0.01965378622732533, 0.0019262375496334658
, 1, 0.00011179510571875325, 4.83445508222624e-7
p, 0, 0.43604393285051674, 0.4088991875547675
, 1, 0.005154718283357932, 0.00020725570274036692
, 2, 0.00015662392432632928, 4.112536628712046e-7
c, 0, 0.026289212192961046, 0.0020973714117828134
, 1, 0.00020679359548265866, 9.010825310375783e-7
p, 0, 3.1394258642725954, 21.24978749640744
, 1, 0.029431446820586703, 0.014311667000201407
, 2, 0.0004948175192318991, 4.880812298932195e-6
c, 0, 0.012718138091237478, 0.0014029890659192315
, 1, 0.00012765993710534327, 5.691561555406383e-7
p, 0, 0.14173419557120356, 0.055039682404702264
, 1, 0.002030671987642828, 4.610981151064333e-5
c, 0, 0.013865105572404746, 0.001589755515178927
, 1, 0.00010802411003672369, 3.6348572645366004e-7
p, 0, 0.07445765764449895, 0.020918433567198184
, 1, 0.0012851652226821522, 5.8267541905836607e-5
c, 0, 0.023388854195196825, 0.0020541807753508405
, 1, 0.0003445385500963223, 2.3673013809601344e-6
p, 0, 0.5780845318409212, 0.6922083393107447
, 1, 0.010033699481712737, 0.0008654429276404606
, 2, 0.0003951164709428992, 3.743179071193665e-6
c, 0, 0.016113864331481906, 0.0015574363704981599
, 1, 0.00011913424067160446, 6.268497629962444e-7
p, 0, 0.18441512037878402, 0.09961836419082443
, 1, 0.0028486761752731173, 0.00011207246271260282
, 2, 0.00020276247829488172, 1.923916607341368e-6
c, 0, 0.01157144684973094, 0.0013279037060956124
, 1, 0.00012330995835778017, 5.45016037420704e-7
p, 0, 0.06687571413072381, 0.02079683508952327
, 1, 0.0018714462400698795, 5.2489562702923385e-5
c, 0, 0.01736410161276438, 0.001316166367456032
, 1, 0.00023884426077327536, 1.3923918991917898e-6
p, 0, 0.02985053286353064, 0.01443436237592674
, 1, 0.003054016480580899, 0.00023305381719060028
, 2, 0.00023484207256029282, 2.9652109721911935e-6
c, 0, 0.014812090727078632, 0.0011137848494010998
, 1, 0.0001124677941985397, 3.8531773074324964e-7
p, 0, 1.4637893904873978, 4.2958517720775165
, 1, 0.015120526029053834, 0.0016698459493803793
, 2, 0.0009855892119943073, 1.4909746474501328e-5
c, 0, 0.012813948508656975, 0.0010680757032637495
, 1, 0.00023307868663076094, 1.7227124325685629e-6
p, 0, 0.052669119718050716, 0.03639878413989155
, 1, 0.008255975385670244, 0.0020041818523556776
, 2, 0.001258140146559115, 6.609904604912777e-5
c, 0, 0.020097661826865874, 0.0017106618824987052
, 1, 0.0004787181186874105, 7.2602683644371645e-6
p, 0, 0.03863017497135815, 0.021680093923533723
, 1, 0.006021831092378433, 0.0009813335315597739
, 2, 0.0008946212922914636, 2.35320740404945e-5
c, 0, 0.012654909005170176, 0.0011939429004687262
, 1, 0.00026704429308770355, 2.0382003723660503e-6
p, 0, 0.07668305695558741, 0.046481865743352266
, 1, 0.008046450501382493, 0.0016880717654711975
, 2, 0.0009255693496364525, 2.458061187367395e-5
c, 0, 0.01686999597453032, 0.0019511086655980487
, 1, 0.00018639639005817597, 9.591327324157661e-7
p, 0, 0.7470518962255016, 1.14678668396394
, 1, 0.013035655681114594, 0.0026246372481019816
, 2, 0.0013268187796269817, 4.1742005557076996e-5
c, 0, 0.02047768132301266, 0.0018565453959141205
, 1, 0.0002781961055551952, 2.7130051088520864e-6
p, 0, 0.4350753452869267, 0.4057642870352115
, 1, 0.008198445368692603, 0.0008992015739891146
, 2, 0.0006159429958581383, 1.5077956634801282e-5
c, 0, 0.012762931408227313, 0.0020227229414124877
, 1, 0.00027021457640341633, 2.283534248562626e-6
p, 0, 0.29272672888347057, 0.2268486633297387
, 1, 0.008599278705691889, 0.0012576827589786243
, 2, 0.0006505156968747657, 1.3462156767254315e-5
c, 0, 0.02219322556125553, 0.002501539258951045
, 1, 0.00022270225945523792, 1.5206943847779755e-6
p, 0, 0.14780683205263306, 0.09407984122929498
, 1, 0.005774490107449572, 0.0008115185153401219
, 2, 0.0009919483048556217, 3.0355438036510388e-5
c, 0, 0.014429260300391513, 0.0021536590867254684
, 1, 0.0002503158810622637, 2.036348258078825e-6
p, 0, 0.260871552111526, 0.22165673302733205
, 1, 0.008825841982564137, 0.0014093860573790697
, 2, 0.0017940677347137088, 4.924988845978023e-5
c, 0, 0.01755237952318123, 0.0025444650168039316
, 1, 0.0004379051815312743, 6.35201144534488e-6
p, 0, 0.07443564806676951, 0.06522433078101464
, 1, 0.01528180744554106, 0.002867402466282042
, 2, 0.002878075779606713, 0.00014367639193378629
, 3, 0.0007731654824558676, 1.1447736581447568e-5
c, 0, 0.013698936508811054, 0.0017969521091069697
, 1, 0.00023451602638206677, 1.7856711439090433e-6
p, 0, 0.06371452109245095, 0.025426190643561115
, 1, 0.00808710970562875, 0.001042885353403225
, 2, 0.0012299294966009737, 3.0205080814797647e-5
c, 0, 0.01763574678880868, 0.002219794112999506
, 1, 0.00042158334469081095, 2.9974127334340568e-6
p, 0, 2.9627354349459774, 17.549303963174818
, 1, 0.03082121264789925, 0.010783587166635838
, 2, 0.001820729895163255, 0.00010030105920937342
, 3, 0.000353354240556113, 3.6981636833162513e-6
c, 0, 0.019694054750026672, 0.0023496842772601422
, 1, 0.00017795036437075532, 8.071413632938502e-7
p, 0, 0.03690858717283634, 0.01143360490650817
, 1, 0.0017375462314777137, 9.603506663531304e-5
c, 0, 0.022353669745689107, 0.0022041641637475973
, 1, 0.00022119209953403335, 1.7679437247388726e-6
p, 0, 0.18193872076206513, 0.08095447991936329
, 1, 0.0016404750488643318, 3.0836509903574524e-5
c, 0, 0.022949632636491565, 0.002418706047119603
, 1, 0.00022403124567578692, 1.3111635851233811e-6
p, 0, 4.425544414997726, 39.14321506178823
, 1, 0.055092990688993676, 0.021690266271490375
, 2, 0.000758063082537807, 6.597133385848312e-6
c, 0, 0.023554454036994497, 0.002339041600655475
, 1, 0.0002197916328644615, 8.463677233670299e-7
p, 0, 26.092375366441246, 1363.3151880108292
, 1, 0.4519724682249011, 1.5967132291130188
, 2, 0.00752682942674355, 0.0006451142795387794
, 3, 0.0010120611010133655, 3.7944973273185936e-5
c, 0, 0.021377557246434174, 0.002355737835131044
, 1, 0.00033183918169164774, 2.6528420828806087e-6
p, 0, 0.056338519142430064, 0.025853796439594314
, 1, 0.0010246207598993496, 3.700760222405733e-5
c, 0, 0.01771996489402726, 0.0017524214097954208
, 1, 0.0003904118185238662, 4.270451819161732e-6
p, 0, 0.057654142860697435, 0.02445585794278879
, 1, 0.0028561272526115827, 0.00016939864680936274
, 2, 0.0009210020394803647, 1.763777963792922e-5
c, 0, 0.013528305167723957, 0.0017308696048960466
, 1, 0.00037886987304963844, 3.7098855302875377e-6
p, 0, 0.6808203197577007, 0.9622305153358633
, 1, 0.006608818374697814, 0.00040511344158333643
, 2, 0.0005773209220253679, 9.917723213803672e-6
c, 0, 0.010778834507529415, 0.0015960071046936812
, 1, 0.00024941948986700717, 1.7708010261759937e-6
p, 0, 7.442377353611426, 110.7008416672628
, 1, 0.09299479361027531, 0.06458608796129799
, 2, 0.0018428011301158099, 5.864812832679603e-5
c, 0, 0.014432920769529197, 0.0014909090311459121
, 1, 0.0006964350189146436, 1.634198131012239e-5
p, 0, 0.27678523520093107, 0.1689176865209226
, 1, 0.0037077705555671374, 0.0001105086850221239
, 2, 0.0002690737946367157, 2.135617895626963e-6
c, 0, 0.01480311746242175, 0.0015694275679972824
, 1, 0.00013949852587067998, 8.164747238288678e-7
p, 0, 0.1622652684702425, 0.08089155034029645
, 1, 0.0023232092891209226, 9.456775046255968e-5
c, 0, 0.031526781969015955, 0.005869343600324515
, 1, 0.0003973012555579731, 4.72657455628439e-6
p, 0, 2.3749617967682486, 12.242989363839328
, 1, 0.028492058347846815, 0.00608195141699359
, 2, 0.0017684274365339647, 6.516440100687021e-5
c, 0, 0.014783636775314399, 0.002111830019184891
, 1, 0.0004752836057142428, 9.832027011218457e-6
p, 0, 0.28836164571758455, 0.25709400119039294
, 1, 0.0031645526709751176, 0.0002924950830221219
, 2, 0.0004299772788011137, 5.911373209546892e-6
c, 0, 0.013190888690804316, 0.001974683879283998
, 1, 0.00012601787780727985, 6.190495804268584e-7
p, 0, 0.10748432694340092, 0.058264895984427814
, 1, 0.004180927447983764, 0.0005508074541895385
, 2, 0.0017966854049609846, 6.40751073558809e-5
c, 0, 0.01238903557536782, 0.00177076129872775
, 1, 0.00044332952997218, 1.2253201483426424e-5
p, 0, 7.406523500892361, 109.81022775590738
, 1, 0.13694904218042012, 0.13162923992573775
, 2, 0.0025897783814847752, 7.078803064361486e-5
c, 0, 0.017043493902744327, 0.0019149613321552772
, 1, 0.0007131885812293481, 1.406706082595773e-5
p, 0, 0.1738368940383344, 0.09487856518693115
, 1, 0.00428868365062967, 0.00024836426008796586
, 2, 0.0003799850007740947, 4.933584957915189e-6
c, 0, 0.015917265009615243, 0.002554989965865838
, 1, 0.00023483874451930552, 2.0463350731851846e-6
p, 0, 0.04460569682778699, 0.03152731707091709
, 1, 0.0017298613921703796, 0.0002189782507724256
, 2, 0.0006630551780635985, 1.5383443688703757e-5
c, 0, 0.019695812550682198, 0.001970591768266075
, 1, 0.00024281604331719982, 1.671651265368317e-6
p, 0, 0.04238045217077626, 0.020031022391448796
, 1, 0.0007434648344730478, 3.0529400846130904e-5
c, 0, 0.02060762104180004, 0.002230863975590965
, 1, 0.00017504296742978573, 9.182888202826678e-7
p, 0, 0.24370654685244214, 0.13429889446274632
, 1, 0.004469881411775876, 0.00016938268854911073
, 2, 0.0005124287962878659, 1.022549089180596e-5
c, 0, 0.014892680509075669, 0.0013160750671173918
, 1, 0.0003867459550489314, 5.573812466888859e-6
p, 0, 0.05194947510238295, 0.013747546250344996
, 1, 0.002760867790799512, 0.0001617553696036986
, 2, 0.0008390294114678182, 1.5961434550571137e-5
c, 0, 0.012604713976578506, 0.0013444166880309577
, 1, 0.00029772899019088516, 3.498614093598022e-6
p, 0, 0.07289141174214604, 0.01910641184290249
, 1, 0.0011550478455308124, 3.763242508537517e-5
c, 0, 0.014750729047268839, 0.0013021250461011315
, 1, 0.00032388638659206056, 2.9982024865240854e-6
p, 0, 9.684979009091307, 336.3319605965157
, 1, 0.1398767440545741, 0.18869926662587153
, 2, 0.0037779251069136894, 0.00035532799466341013
, 3, 0.0014715737142632196, 5.762460918390982e-5
c, 0, 0.012764623155701708, 0.0013705192762522903
, 1, 0.0005027886398690565, 1.1875035472330352e-5
p, 0, 0.13005253469719968, 0.05823114431415378
, 1, 0.004986267306307452, 0.00022212814574857658
, 2, 0.001205647363448193, 2.6425745345849864e-5
c, 0, 0.009367452333778873, 0.0010242981198978992
, 1, 0.0003377360108732008, 6.143864299448312e-6
p, 0, 0.10265329606431571, 0.03217659950726202
, 1, 0.0017754279981476483, 6.194277595107008e-5
c, 0, 0.018372476025503404, 0.0017950691949667626
, 1, 0.00020808806976353131, 1.4832311327982929e-6
p, 0, 0.05767334879886537, 0.0230782780739083
, 1, 0.0014310260955422715, 0.00010764068957271647
, 2, 0.00051317634256747, 6.616949388367423e-6
c, 0, 0.014173718708045414, 0.0010394782449031886
, 1, 0.00018659192077134318, 1.2344185959577363e-6
p, 0, 0.08782286080588919, 0.031949954790567704
, 1, 0.003275196472178007, 0.000294670846533694
, 2, 0.0006305823670282232, 9.275798543727515e-6
c, 0, 0.014998252918867421, 0.001400851772250773
, 1, 0.0002220493813675476, 1.8275336581785315e-6
p, 0, 0.08038666595142864, 0.04282373328859878
, 1, 0.004144518660342646, 0.00035958172161092275
, 2, 0.0006043211207766706, 9.338184414064981e-6
c, 0, 0.014320394368511418, 0.0018604955782861332
, 1, 0.00018466700029766148, 1.2734391083026361e-6
p, 0, 10.487243583422275, 219.86931354796545
, 1, 0.1768375632838585, 0.2642959887920724
, 2, 0.0029374516993954675, 0.00015018108457113074
, 3, 0.00026020448871992465, 4.12490627322402e-6
c, 0, 0.011358769303054132, 0.001131661486043147
, 1, 0.00010901074212923934, 5.223835512088884e-7
p, 0, 0.07603357030802843, 0.036089560277301445
, 1, 0.001938589503531752, 0.0001464803691678844
, 2, 0.0004901119155132278, 1.0216949596315067e-5
c, 0, 0.020200721002482096, 0.0016284931356412527
, 1, 0.0002632995174446546, 2.979821902525474e-6
p, 0, 0.037325635286380776, 0.0166817472268634
, 1, 0.0013743482054970474, 6.655528475398392e-5
c, 0, 0.01991089450741507, 0.0022561032773599356
, 1, 0.0006064356071108685, 1.0302216350351936e-5
p, 0, 0.18966659605675687, 0.11760863380595979
, 1, 0.003943973867136715, 0.00018945150543638913
, 2, 0.0002541831437504946, 3.087000722218781e-6
c, 0, 0.011863472556988969, 0.001388723669228337
, 1, 0.00014294902546433964, 8.082009784106277e-7
p, 0, 15.141946495052382, 458.5672399689764
, 1, 0.1691055882933378, 0.2072115959459722
, 2, 0.0022997340220340104, 5.9759035859866815e-5
c, 0, 0.020806662192320118, 0.0027070694027696665
, 1, 0.0002689042208354009, 2.830807343604766e-6
p, 0, 0.06420071710032797, 0.04483653620584601
, 1, 0.0014828111676219718, 0.00015466891578085344
, 2, 0.0006660916554208085, 1.9186128477957354e-5
c, 0, 0.020177790597804016, 0.0022223740216890152
, 1, 0.0003854664841955518, 6.563743399331405e-6
p, 0, 0.05050953707976053, 0.03217074025671217
, 1, 0.008183673479519938, 0.0009418397615552454
, 2, 0.0016975774477607389, 6.072729791720637e-5
c, 0, 0.012611548730023682, 0.0017520824539865635
, 1, 0.0004016933857690567, 5.803558241295415e-6
p, 0, 0.17976561657839488, 0.10462723534544663
, 1, 0.008136298207209437, 0.0016579312028942074
, 2, 0.002827875973898987, 0.0001268745316303396
, 3, 0.0009704407056978241, 1.2950807850629018e-5
c, 0, 0.013933067478724722, 0.002091905816231829
, 1, 0.0002850304304402989, 2.2243558967493653e-6
p, 0, 0.04617530220972301, 0.01582615226179648
, 1, 0.008059685856471927, 0.0012254774786936815
, 2, 0.003039396645974311, 0.0001221972515472139
, 3, 0.001067111147997591, 1.5929702331123817e-5
c, 0, 0.02046370679674568, 0.0021921761996592133
, 1, 0.0002114361610997686, 2.0418329577517994e-6
p, 0, 3.5303120729864625, 24.359015378212266
, 1, 0.04062973826538337, 0.017605949647208508
, 2, 0.001946230550238192, 6.112188061004924e-5
c, 0, 0.012459319130913768, 0.0018274219298151208
, 1, 0.0006151277395155757, 1.5233408196040057e-5
p, 0, 0.07790337662855339, 0.03052194738353327
, 1, 0.00784973447837961, 0.0005411060462764603
, 2, 0.0019941748015673373, 7.015040833096802e-5
c, 0, 0.014281355585351244, 0.001949030819094796
, 1, 0.00074428154353184, 1.4231788001485154e-5
p, 0, 0.09790484498547866, 0.02805316007806983
, 1, 0.0013848876723859987, 2.597572594170904e-5
c, 0, 0.01612168068156881, 0.00150242509930262
, 1, 0.00036556358647900616, 5.968069905231745e-6
p, 0, 0.171707000387772, 0.08839328760866362
, 1, 0.00861895317228425, 0.0018251990895317316
, 2, 0.0035539045243533672, 0.00031044052243989125
, 3, 0.0018036962469394398, 5.784130373283615e-5
c, 0, 0.013254541729760535, 0.0015360789835051458
, 1, 0.0006380904597503105, 1.7065732692726688e-5
p, 0, 0.09598934355999907, 0.030952368494373196
, 1, 0.005546168123756707, 0.0005880490031395256
, 2, 0.0015181397221127333, 6.766296405954756e-5
c, 0, 0.01404376543595573, 0.0014317795547572352
, 1, 0.0005827729814847087, 1.2768316290261945e-5
p, 0, 0.15355259122489207, 0.06912395060203527
, 1, 0.006235842064807771, 0.0005387672311418318
, 2, 0.001232815433463491, 5.3405084760459245e-5
c, 0, 0.013365805084578637, 0.001279619200996433
, 1, 0.0005411231887361995, 9.85911798746586e-6
p, 0, 0.1147860527868803, 0.06540714828375072
, 1, 0.008032259131568648, 0.0016529497531560897
, 2, 0.0025876124401589115, 0.00014360194892662216
, 3, 0.0010130184449894223, 1.703201614013053e-5
c, 0, 0.018358192517894365, 0.0016135825667302546
, 1, 0.0003282628553557526, 4.572866689750232e-6
p, 0, 0.2732972986886505, 0.18243680139645824
, 1, 0.010033653615267235, 0.0018151358823721862
, 2, 0.0021768263904435375, 0.0001042624991698766
, 3, 0.0007278384165769279, 9.240217626288373e-6
c, 0, 0.013427388197655071, 0.0015704762023866885
, 1, 0.00027288397509535626, 2.53257131837236e-6
p, 0, 0.04008230249352378, 0.025101321329076467
, 1, 0.005360226291690327, 0.0008941903373195867
, 2, 0.0010818955806417038, 3.0323817503245644e-5
c, 0, 0.012649970378490213, 0.0011847467453401205
, 1, 0.00027669076624585876, 3.2403750882404428e-6
p, 0, 0.030106783296744353, 0.017068676987372276
, 1, 0.004141935159627833, 0.00048775569632954067
, 2, 0.0007182143786518129, 1.1877573222619345e-5
c, 0, 0.011160250136058114, 0.0012788336095889356
, 1, 0.00016016910473094662, 7.536808641255584e-7
p, 0, 0.20362089903106595, 0.09335114096272057
, 1, 0.004644663338696481, 0.00024911620745676907
, 2, 0.00022886559268984428, 2.150041812270891e-6
c, 0, 0.011954464442838056, 0.0010975707071607665
, 1, 0.00011931645030606812, 3.6012094562454694e-7
p, 0, 0.06366921330682784, 0.017841783324349113
, 1, 0.001621654280380742, 9.954772154822938e-5
c, 0, 0.009783402273757532, 0.0015281954753839477
, 1, 0.00021831402186023847, 1.4920231097682946e-6
p, 0, 0.20431304752759702, 0.10076551305350628
, 1, 0.0019220628792551977, 7.301975126179363e-5
c, 0, 0.011146360013930882, 0.0015741724759572892
, 1, 0.0002130705418570445, 2.505677130775367e-6
p, 0, 0.0565710500559564, 0.02428962148539417
, 1, 0.0013085738007145996, 4.547301278315578e-5
c, 0, 0.00976216506667555, 0.0011795690505857163
, 1, 0.0001974834366951974, 1.7291934621892067e-6
p, 0, 0.16176531226210764, 0.07196090651267723
, 1, 0.0023797108272639285, 0.0001010386235338485
, 2, 0.00028550897904202753, 4.570693315289673e-6
c, 0, 0.00977942166992988, 0.0011616879710585179
, 1, 0.00016560134313323366, 7.346038175102434e-7
p, 0, 0.1597211257086963, 0.0586372247945725
, 1, 0.003401523065667148, 0.00011120400888551305
, 2, 0.00028027878652066567, 3.87391326235961e-6
c, 0, 0.013318007239610177, 0.0012846289917737026
, 1, 0.00012135340650642142, 4.4903649570857286e-7
p, 0, 0.034843835593826214, 0.010027244175496035
, 1, 0.0014220723782474571, 0.00010648658115465837
, 2, 0.0004656509094855629, 9.288315725909736e-6
c, 0, 0.01131549931827486, 0.0014028637326854428
, 1, 0.00011972494033006129, 5.919184956844083e-7
p, 0, 0.07954242978633179, 0.026594561126167593
, 1, 0.0019958210144971136, 0.00011965121595891015
, 2, 0.00034797070879469353, 7.788398920170687e-6
c, 0, 0.01127274401767833, 0.0014566156359609673
, 1, 0.0001343399979512918, 7.3339884797323e-7
p, 0, 0.037878310904099634, 0.02055382402929561
, 1, 0.001993539093058394, 0.00016915112829197972
, 2, 0.0003629477153542649, 9.460789272762567e-6
c, 0, 0.014739439401235463, 0.0017746821128708508
, 1, 0.00015569186379546117, 9.68237583623645e-7
p, 0, 0.11169776886324653, 0.06506265785527343
, 1, 0.0031117590854389233, 0.00017416461512164577
, 2, 0.00017695765343242895, 1.4306754085706961e-6
c, 0, 0.01581917500547637, 0.001692377475910168
, 1, 0.00010244077724407193, 3.7861313190224685e-7
p, 0, 2.790512544274993, 15.50908201007852
, 1, 0.041937887663051426, 0.012780740910608187
, 2, 0.0004610625152033879, 4.565593822609352e-6
c, 0, 0.011476032420216177, 0.001277006783044322
, 1, 0.00010924800975608066, 4.7176914558769805e-7
p, 0, 30.621032510674564, 1875.3681444203783
, 1, 0.3811949328949056, 1.039034545466631
, 2, 0.005804832202215635, 0.000553773735170011
, 3, 0.00024572102925177376, 3.1394575156913003e-6
c, 0, 0.014719346396628913, 0.0016977443334233889
, 1, 0.0001632918781920801, 7.543077478895301e-7
p, 0, 0.4797857777572128, 0.4905165056306134
, 1, 0.008071753708333806, 0.0005072278320007069
, 2, 0.00021110123782320503, 8.145060670501561e-7
c, 0, 0.016799764024335417, 0.001635097904554323
, 1, 0.00011733309793876129, 3.510402743618701e-7
p, 0, 0.39171995718115715, 0.39441418095419334
, 1, 0.00975425998440013, 0.0005174818992740776
, 2, 0.000500767502223255, 5.693180262735347e-6
c, 0, 0.018418826638857917, 0.0014025628099610774
, 1, 0.0001307498959433528, 6.046242596292805e-7
p, 0, 0.06658667649045695, 0.02385617011587692
, 1, 0.0021965211750948252, 9.148938098393528e-5
c, 0, 0.010998513473319928, 0.0013389211030418124
, 1, 0.0008280841087758412, 2.353382950269254e-5
p, 0, 0.0880049392957714, 0.05148766225929273
, 1, 0.0013332482874332308, 3.6494978465357335e-5
c, 0, 0.01221996406812044, 0.0014163927758863535
, 1, 0.00021646295374538676, 1.6258913072577416e-6
p, 0, 0.03872097529942548, 0.017587667298455928
, 1, 0.0019757961857318385, 0.0001379760277614293
, 2, 0.001403873653874815, 3.391771876878488e-5
c, 0, 0.020360422946566627, 0.001834988442443881
, 1, 0.00044919441366868154, 9.130889506085507e-6
p, 0, 0.14795881474032688, 0.061122867549441136
, 1, 0.00586806209403312, 0.0005284049667248306
, 2, 0.0026193433522152614, 0.00012540176106936245
, 3, 0.0011885128797639707, 2.562437763258979e-5
c, 0, 0.017203453168097495, 0.0018348463479352147
, 1, 0.00043827192608666016, 6.544086942008935e-6
p, 0, 31.02899563101964, 1924.9056705625956
, 1, 0.3092468679495312, 0.6922637831469385
, 2, 0.004900560828079117, 0.00030227477105189556
, 3, 0.001090302269441856, 3.818679573096245e-5
c, 0, 0.010901598578563265, 0.0015053061803506956
, 1, 0.0005786278934914729, 1.0007194970489922e-5
p, 0, 0.09303086332578563, 0.050186623304143745
, 1, 0.0038157569651909133, 0.0004335479753591688
, 2, 0.001864939066704498, 7.586342865348338e-5
c, 0, 0.01712827313308221, 0.0017774345134967946
, 1, 0.0005636787268959418, 1.3811439847303113e-5
p, 0, 17.353150763631707, 602.2951659050943
, 1, 0.24977792380839592, 0.4612241084189037
, 2, 0.004362484088457015, 0.0003176447708043385
, 3, 0.0014331807492636312, 5.779929229961011e-5
c, 0, 0.022599756951992515, 0.002390751673209902
, 1, 0.0005963041616434241, 9.99675361697291e-6
p, 0, 0.3340019599764763, 0.26897163737171553
, 1, 0.006949077430286042, 0.0005389400847223213
, 2, 0.0013522573257122293, 5.2933707947000206e-5
c, 0, 0.017145787809374775, 0.001549715843858123
, 1, 0.00044145478777899024, 8.175982140555646e-6
p, 0, 0.5689967381853674, 0.6635007996174772
, 1, 0.008283447780678285, 0.000594913459815146
, 2, 0.0009500731568353011, 3.394529411247995e-5
c, 0, 0.01637358424643646, 0.001975320197172425
, 1, 0.0005656901570226502, 7.886701147219147e-6
p, 0, 0.11327390810969293, 0.05364593332668958
, 1, 0.0024781172551953546, 0.00017078765079902393
, 2, 0.0007858587821356487, 2.578248449618885e-5
c, 0, 0.011236312140132983, 0.0015965291403067727
, 1, 0.0005021928883398572, 5.011197111041734e-6
p, 0, 0.06906610326179606, 0.019539433772376043
, 1, 0.0017150426512113368, 0.00012324942254914736
, 2, 0.0007223999563054237, 1.961007340563959e-5
c, 0, 0.01598582719837987, 0.001358226609717209
, 1, 0.00034141042416899984, 3.8455268514318995e-6
p, 0, 0.04718536861368804, 0.012954870401480426
, 1, 0.0024857589678860207, 0.0002048352738864415
, 2, 0.0010198081271320088, 3.73070720944356e-5
c, 0, 0.012390833468095332, 0.0015412588968309283
, 1, 0.00038300204808181345, 6.950910540556416e-6
p, 0, 0.16971888715185765, 0.07200456797928736
, 1, 0.0032100148214426107, 7.198157848354281e-5
c, 0, 0.009096454285347924, 0.001159981220812791
, 1, 0.00017685622588688236, 1.3927202222345372e-6
p, 0, 0.034727343161283494, 0.009732271362251674
, 1, 0.0011618281713919151, 5.145433782356944e-5
c, 0, 0.013209847014747965, 0.0020788145938790956
, 1, 0.00032390802682758814, 4.791591651014036e-6
p, 0, 0.05535612835578172, 0.01181070498731616
, 1, 0.000998800514783937, 2.593627391370399e-5
c, 0, 0.014946704778441127, 0.001437252686865878
, 1, 0.0004396225313780542, 6.025010302253243e-6
p, 0, 0.039945169164350695, 0.010812683118138544
, 1, 0.0010759087691667422, 3.569420169949917e-5
c, 0, 0.010976484871350773, 0.0012234226839012135
, 1, 0.0003420783131413063, 3.7717777167913563e-6
p, 0, 1.4962954114248899, 4.533409520234715
, 1, 0.014332227368846501, 0.0015945463436784473
, 2, 0.00024142598768691552, 8.617305953041626e-7
c, 0, 0.012290784577839683, 0.0012159721061007689
, 1, 0.00010743776955453535, 3.143059411313943e-7
p, 0, 0.5609653762362514, 0.9463065927537121
, 1, 0.008828329870143186, 0.000825484989528747
, 2, 0.0006351234510671772, 9.794709698864763e-6
c, 0, 0.013810638401117042, 0.0011474721784630033
, 1, 0.0002643450987613588, 2.8293998379284427e-6
p, 0, 0.13713776884753454, 0.08858950515218271
, 1, 0.0016555283995854152, 4.580084919065534e-5
c, 0, 0.012643994910163495, 0.0011452301554972751
, 1, 0.00014631593647363364, 9.223178704190123e-7
p, 0, 0.05299404119897348, 0.023653688412479158
, 1, 0.001126174279779072, 5.9329328553437455e-5
c, 0, 0.01097674021531217, 0.0014466409195557333
, 1, 0.0004089326205545594, 9.49170356631143e-6
p, 0, 0.15433874112183843, 0.06693586316155081
, 1, 0.0025572779502610727, 7.755353182290485e-5
c, 0, 0.01583456176282939, 0.001859686659598818
, 1, 0.00025238989710365726, 3.5283982687101635e-6
p, 0, 1.1661748544673602, 2.773943359767254
, 1, 0.012556849657544446, 0.0019169399765125693
, 2, 0.00036473537056187376, 1.993849365297779e-6
c, 0, 0.015543444363416939, 0.002020812616381736
, 1, 0.00015034647780201902, 6.824402395431329e-7
p, 0, 0.4421553852106549, 0.41446182201656034
, 1, 0.008109375958591706, 0.0005407484154476555
, 2, 0.0003734015618648178, 3.004387757600304e-6
c, 0, 0.01331395744866046, 0.0014968406089585853
, 1, 0.00023104200863571258, 1.850378607904445e-6
p, 0, 0.06823034109521528, 0.03267725726638563
, 1, 0.0016461039883375883, 8.005929983910767e-5
c, 0, 0.01032313130662303, 0.0012546296710855833
, 1, 0.0002860136495118893, 4.1231746315539635e-6
p, 0, 0.0683078240359563, 0.024587808739723917
, 1, 0.001078936751646263, 4.2154291277546716e-5
c, 0, 0.015292882345152269, 0.0015402293353120049
, 1, 0.00018567312598713543, 1.0574618161125485e-6
p, 0, 0.05483580703660053, 0.013022287451496679
, 1, 0.0012203439898474304, 2.9493673957047885e-5
c, 0, 0.012774685508890082, 0.0012552519014587637
, 1, 0.00017688464387762042, 8.272002487361058e-7
p, 0, 0.07230970284128012, 0.02057156647714309
, 1, 0.0012514142143639927, 3.7243154802485286e-5
c, 0, 0.01002584652907438, 0.0013239737201674623
, 1, 0.00017034098834395382, 9.691764355286857e-7
p, 0, 0.04826498022985129, 0.014274875176068536
, 1, 0.0007679595934259318, 1.5528595692929853e-5
c, 0, 0.012287731179279714, 0.0012965385994107158
, 1, 0.000212616625325678, 1.1943613567445754e-6
p, 0, 0.03420562628764212, 0.008480623570691587
, 1, 0.0005548989184245805, 8.948118293084443e-6
c, 0, 0.014029111155096696, 0.0011341312563019495
, 1, 0.00013998596963436387, 3.789454320996402e-7
p, 0, 0.07191344502520809, 0.01820114905545182
, 1, 0.0011260316159090384, 1.6303284149670264e-5
c, 0, 0.01213039910859601, 0.001388605249896271
, 1, 0.00014350506885040006, 6.824974915864658e-7
p, 0, 0.34382305021150467, 0.24412437601849796
, 1, 0.004177904394505805, 0.00019908646977106115
, 2, 0.00023530054068800508, 1.0114277326718316e-6
c, 0, 0.009756671297460853, 0.00109179785873411
, 1, 0.00011271016401186412, 3.7755905036557047e-7
p, 0, 0.04443474105397296, 0.010747629243857275
, 1, 0.0008995788333723078, 2.2291338563769848e-5
c, 0, 0.016544653402438308, 0.0016398492448756435
, 1, 0.0001284591487349682, 7.185001326290957e-7
p, 0, 0.8242793642934411, 1.5503479108113862
, 1, 0.011632485027318736, 0.001804782237870874
, 2, 0.0006751781054593904, 8.282498756645596e-6
c, 0, 0.012435688356080743, 0.0012262113801740835
, 1, 0.0002291184355113393, 2.3532282464217262e-6
p, 0, 0.06146358576280864, 0.02201517580641673
, 1, 0.0013953210662374818, 8.720737604015997e-5
c, 0, 0.0092942173317058, 0.001263319326834571
, 1, 0.00013578671230458385, 8.794692524140839e-7
p, 0, 0.40552483316007104, 0.333131136081494
, 1, 0.003840934919262631, 0.00023846179843676013
, 2, 0.00020744648573370442, 1.2983126253916963e-6
c, 0, 0.012088121939843243, 0.0011562164838280395
, 1, 0.00012487593489004205, 3.673456506955158e-7
p, 0, 198.0428776178714, 78439.28684891108
, 1, 3.446817775384465, 90.35836009268945
, 2, 0.03424322234157261, 0.013386244740215096
, 3, 0.004905847484246643, 0.0009119504739850812
, 4, 0.0008356161442011567, 3.2726860609343675e-5
c, 0, 0.009698654775108716, 0.000928643239177511
, 1, 0.000229922434273335, 1.6824410260715575e-6
p, 0, 0.06685030435665136, 0.018899278771418625
, 1, 0.0008868380377170594, 1.961944708471219e-5
c, 0, 0.011045135560698168, 0.0015169378995288517
, 1, 0.00013101241898158823, 7.150281924161294e-7
p, 0, 0.347299707631273, 0.25054812893441025
, 1, 0.006253159609651804, 0.0002645559048455351
, 2, 0.00010920552056600898, 1.0941012583296511e-7
c, 0, 0.012520517491274526, 0.0008547863276862626
, 1, 9.402233466050707e-5, 2.1185454217634418e-7
p, 0, 0.03970519333885635, 0.006021511690582329
, 1, 0.0002095366953184858, 1.823487748931479e-6
c, 0, 0.00949779795283479, 0.0009039655998688136
, 1, 0.0001463933956052998, 4.894609718102037e-7
p, 0, 3.771197356864505, 28.456730138298354
, 1, 0.06789832527427044, 0.03685670852377065
, 2, 0.001394338948510356, 2.7419756997992234e-5
c, 0, 0.008590957347132437, 0.0009183399979921374
, 1, 0.00014469179983409583, 5.726687719084826e-7
p, 0, 0.35731172874490674, 0.2595362235227359
, 1, 0.0034483660846954833, 9.388817454145199e-5
c, 0, 0.012410816265557973, 0.000846902978549664
, 1, 0.00020719104083020403, 2.0135286307430793e-6
p, 0, 0.035431737606006854, 0.006843497238247508
, 1, 0.0007119377126656315, 2.67616896665471e-5
c, 0, 0.012285034279923982, 0.0009070436068501643
, 1, 0.0003013379665556218, 3.5798604489638806e-6
p, 0, 0.9104254247674768, 1.6672384139005245
, 1, 0.008772726344287182, 0.0005761035814473776
, 2, 0.0003529377245038628, 2.307532344737682e-6
c, 0, 0.006951858830269678, 0.000826309094021488
, 1, 9.965846521817303e-5, 2.856166257403129e-7
p, 0, 0.6637304376878796, 0.9969519853868596
, 1, 0.008877527483625159, 0.0006172299257106338
, 2, 0.00045994385620981543, 4.773396707594596e-6
c, 0, 0.009189636154434942, 0.0008772864502028893
, 1, 0.00016108559599057896, 1.173385267843929e-6
p, 0, 0.09829742593345929, 0.03558811754485579
, 1, 0.0018894776695877204, 7.028652393408036e-5
c, 0, 0.01073238276142874, 0.0009480098392170273
, 1, 0.0004306468874294762, 5.299430587154221e-6
p, 0, 0.053816267986285506, 0.02398376103767761
, 1, 0.0015915117727785272, 9.891463864491394e-5
c, 0, 0.008289623805684704, 0.0009551805718023519
, 1, 0.00027797704787599586, 5.3561287809661995e-6
p, 0, 1.9138615154326428, 7.330748080027197
, 1, 0.027608601627144982, 0.0058966695938403235
, 2, 0.00043214753295554766, 2.9779326695805057e-6
c, 0, 0.011603051914264549, 0.001239315625588016
, 1, 0.00013680229842455974, 7.155003848601619e-7
p, 0, 0.059420236353589964, 0.022810022864849767
, 1, 0.001232642240541166, 5.889926685964994e-5
c, 0, 0.009851278331496014, 0.000998917006689187
, 1, 0.00030702289149946903, 5.223098321193301e-6
p, 0, 0.05716954409616226, 0.026408127240043804
, 1, 0.0011732339922269626, 4.6814218318266944e-5
c, 0, 0.012392455084020738, 0.0012384485375971632
, 1, 0.0002867812752911229, 2.678688482182562e-6
p, 0, 1.4973378967160416, 4.435953600784723
, 1, 0.020454968522128962, 0.003669962698211157
, 2, 0.0004888048814523033, 4.949677115396936e-6
c, 0, 0.014177221099579926, 0.0012829739820669006
, 1, 9.990833537170666e-5, 4.939628439355627e-7
p, 0, 4.908493339931044, 48.4816830938667
, 1, 0.07506392139795975, 0.044576981096674545
, 2, 0.002398748886692369, 0.00012883297563860542
, 3, 0.00031446923153770877, 2.4217138696384353e-6
c, 0, 0.011575751643417353, 0.0016682255484104312
, 1, 9.848676348868702e-5, 4.572654302465388e-7
p, 0, 1.2950838171990964, 3.386297758557176
, 1, 0.01403795200885144, 0.00259100357721901
, 2, 0.0007139402880450613, 1.1762419826541423e-5
c, 0, 0.014510986108464949, 0.001393063878559719
, 1, 0.00021105422405244027, 1.520344595513134e-6
p, 0, 1.476835684927423, 4.367172943737762
, 1, 0.026572557644991307, 0.005753723819598272
, 2, 0.00102730486876529, 2.6932034956347105e-5
c, 0, 0.01430375738623431, 0.001468338289744314
, 1, 0.0002434782858250277, 2.0856849199823183e-6
p, 0, 0.11050633483625669, 0.03891783264030257
, 1, 0.003428239727469068, 0.0003469858300865841
, 2, 0.0005524982044048801, 1.015207577022486e-5
c, 0, 0.011112095661505223, 0.0008754702876756211
, 1, 0.00020428481931456083, 1.706039294750008e-6
p, 0, 0.11865136662538861, 0.04478259015917909
, 1, 0.003759290661553123, 0.00023369204699546844
, 2, 0.0005144653588104934, 9.882138846694934e-6
c, 0, 0.012897310818022931, 0.001106882134492741
, 1, 0.00020717465017303216, 1.269321990794534e-6
p, 0, 0.056463324563464284, 0.01714679556850656
, 1, 0.0022188716048924815, 0.00014031338607695633
, 2, 0.00038701020403642683, 5.599439276025738e-6
c, 0, 0.010143930867996835, 0.0011873397514650917
, 1, 0.0001916537157625583, 1.8376920351482306e-6
p, 0, 0.05868918689410754, 0.0196110803276959
, 1, 0.0016719469536998802, 6.473855603267345e-5
c, 0, 0.010813866408567515, 0.0011186510416054487
, 1, 0.0001883320643704208, 1.7578513069294254e-6
p, 0, 0.04431636199162172, 0.013887374940328925
, 1, 0.001471490589919989, 7.517554156133878e-5
c, 0, 0.008400590941883931, 0.0009158522480162787
, 1, 0.00048321054043990965, 5.7867362867132675e-6
p, 0, 1.6366744890823226, 5.39062322582768
, 1, 0.01765059888863484, 0.002235880071856457
, 2, 0.0006275530545367607, 5.008475690882387e-6
c, 0, 0.0077707456784057195, 0.0009399894461789583
, 1, 0.00014388315686948223, 9.171494109248717e-7
p, 0, 0.7577583812089684, 1.1770545204601501
, 1, 0.012392935428585149, 0.001121862423628593
, 2, 0.0004926478173773919, 6.937711951519287e-6
c, 0, 0.009473628632822082, 0.001017265060917934
, 1, 0.00021099034303576124, 1.6474298546858646e-6
p, 0, 0.06260698888197547, 0.01954569863085247
, 1, 0.001309393607048986, 5.7575590000102075e-5
c, 0, 0.006782465411990862, 0.0008934654972632169
, 1, 0.0005569297360511815, 1.3418358238275374e-5
p, 0, 0.0624030418780196, 0.03067222658755033
, 1, 0.004102091102713939, 0.000463116704879302
, 2, 0.001850788638633469, 8.519030009370877e-5
c, 0, 0.012595759960114167, 0.00135184226939926
, 1, 0.000733174433910466, 1.9259645890603364e-5
p, 0, 0.7899493904157844, 1.183891133639772
, 1, 0.006676939167414937, 0.000814991883575903
, 2, 0.0019977114845462682, 7.084154077872139e-5
c, 0, 0.008215897401587853, 0.0010431315847661742
, 1, 0.0007614102581254983, 1.8085552304728147e-5
p, 0, 2.266829114009995, 10.388225619709699
, 1, 0.030102600741345315, 0.010181560829955688
, 2, 0.004353925478612837, 0.0002849219373081884
, 3, 0.0018000050255939518, 6.205849374893111e-5
c, 0, 0.012915878125262565, 0.0013846032315553455
, 1, 0.0007329753686305709, 1.7362305180918304e-5
p, 0, 23.992767161419795, 1151.0894970713755
, 1, 0.29333876468111936, 0.9552920745720681
, 2, 0.017353445252308947, 0.004834076843781554
, 3, 0.002222650787171672, 0.0002126924518556137
, 4, 0.0009728073805126121, 2.2307795069807177e-5
c, 0, 0.01014636082032552, 0.001101327609167134
, 1, 0.00046809752682364027, 6.761682071603625e-6
p, 0, 0.6040704477264184, 0.7374484038444141
, 1, 0.013205982412778976, 0.0021085811479413523
, 2, 0.00328444944391591, 0.000213522448295886
, 3, 0.0015648337502840275, 4.8160938298347236e-5
c, 0, 0.01727006095180332, 0.0017768188912974847
, 1, 0.0005768955937534165, 1.3382066936800271e-5
p, 0, 0.14353063066576677, 0.07279848423496774
, 1, 0.007763638645617708, 0.0015689890858471914
, 2, 0.0028831788907633733, 0.00017217601293357813
, 3, 0.0015171962353545498, 3.88687866431317e-5
c, 0, 0.011585338950850576, 0.0011438171982885398
, 1, 0.00043457968463400643, 1.0630687632421264e-5
p, 0, 39.292895896418166, 3087.093792122807
, 1, 0.6772981317827129, 3.584467057616532
, 2, 0.016405470063980847, 0.0043428975145356425
, 3, 0.002853537912077123, 0.0001916082652460382
, 4, 0.0008890012196586659, 3.907541082997205e-5
c, 0, 0.014074416310831585, 0.0015566593297480149
, 1, 0.0005544314503969294, 8.195051225527011e-6
p, 0, 6.871023470507281, 94.39258882270349
, 1, 0.07346983721436698, 0.06933341152842865
, 2, 0.0024444435437962512, 0.00014677435291486212
, 3, 0.001107150929606215, 3.858996981785078e-5
c, 0, 0.0111263429824397, 0.0013148976484406699
, 1, 0.00045687372917570745, 8.53704091774715e-6
p, 0, 1.8764246315568858, 7.057530520798799
, 1, 0.01863126794301042, 0.002568075703339252
, 2, 0.0008056333396686442, 9.98312716488934e-6
c, 0, 0.012985055798543005, 0.0016347274583671536
, 1, 0.0001935350445882723, 1.8481720201728662e-6
p, 0, 0.11962634110315981, 0.04905950217534699
, 1, 0.002525910136266533, 7.32127872518885e-5
c, 0, 0.012626959576933168, 0.0011966072140223534
, 1, 0.00043758549344137076, 8.034410647355877e-6
p, 0, 0.03976440097950126, 0.020943445149756143
, 1, 0.0027320814621810546, 0.00036764284120186354
, 2, 0.0008402876400487204, 4.595172641651543e-5
c, 0, 0.011925186117302039, 0.0021054517431788574
, 1, 0.0005726813538884578, 1.0185399330188789e-5
p, 0, 1.2058551527379144, 2.9290556977925544
, 1, 0.023773805680694614, 0.003930507408277433
, 2, 0.0010142482861791207, 2.0237358074168064e-5
c, 0, 0.0100494132265243, 0.001040454096759305
, 1, 0.0002923037669926037, 2.914905775185714e-6
p, 0, 0.0524022304812776, 0.01925044188137654
, 1, 0.0017487471667980406, 9.139514142071765e-5
c, 0, 0.009409827357740397, 0.001174341008240519
, 1, 0.00041487371283813114, 7.581983845221943e-6
p, 0, 0.5319733874819471, 0.574346697086397
, 1, 0.008239637306398031, 0.0007068241734336887
, 2, 0.000691915195398725, 8.165590382000673e-6
c, 0, 0.009590395299868269, 0.0008803973198358491
, 1, 0.0001367084910409077, 7.636493974136163e-7
p, 0, 0.4672611788371748, 0.4565244660059033
, 1, 0.006811614298946143, 0.0004358540893857028
, 2, 0.0007278821117169739, 8.877970025291076e-6
c, 0, 0.007749098811220925, 0.0006165082472296528
, 1, 0.00017079403384243004, 1.2340881987343633e-6
p, 0, 16.585925954216826, 550.0280497293338
, 1, 0.21894646797334175, 0.467873538613422
, 2, 0.0023581875484087645, 8.943080870682105e-5
c, 0, 0.009526697418620833, 0.0008605570609781521
, 1, 0.0008161288004175003, 3.1874725759632466e-5
p, 0, 0.05773537198110046, 0.021858564862553446
, 1, 0.0014991475070423332, 4.680872841416436e-5
c, 0, 0.00919726799224187, 0.0009025779761971612
, 1, 0.00034479640108125834, 4.694225198237376e-6
p, 0, 2.8036975119592125, 15.901800252099374
, 1, 0.03308927478223565, 0.011558302422757906
, 2, 0.0009585383731332403, 3.2127433568218246e-5
c, 0, 0.013481205065392788, 0.0012535394293172542
, 1, 0.00017713925697972216, 1.8107476213668901e-6
p, 0, 0.07523554346840233, 0.023605935444524943
, 1, 0.0014185690748808617, 5.664562286255617e-5
c, 0, 0.009276693570061268, 0.0010791133484572906
, 1, 0.0003657429920969934, 6.181267230184478e-6
p, 0, 0.4724862740502793, 0.4624608022953814
, 1, 0.006600045880843774, 0.0005525319712629528
, 2, 0.0013095911379841427, 3.45841742836679e-5
c, 0, 0.010554948806640183, 0.0011550714022895766
, 1, 0.0004143701085805074, 7.635786425090812e-6
p, 0, 0.12934630215523463, 0.052021613027003144
, 1, 0.003746277266647116, 0.00019195980638677917
, 2, 0.0013202967210442119, 2.9056997472395687e-5
c, 0, 0.011566017391263261, 0.0010155488835617132
, 1, 0.0005024546918939758, 7.214339389141869e-6
p, 0, 0.03652434913095127, 0.011034467489878304
, 1, 0.005920353481860282, 0.0007232553793060195
, 2, 0.002445491713508906, 9.816963540606548e-5
c, 0, 0.013145299951490075, 0.001429279272337327
, 1, 0.0008965506029854709, 2.5174081477110598e-5
p, 0, 0.11203435963857619, 0.040007478228930214
, 1, 0.003263240650231301, 0.00031239624655939746
, 2, 0.0014617380687935789, 4.432622544182902e-5
c, 0, 0.014464873625453095, 0.0015467053280444941
, 1, 0.0005593411182028737, 1.1435139814116561e-5
p, 0, 0.05235391919888924, 0.02438118622159446
, 1, 0.005771016655974474, 0.000821346445566553
, 2, 0.00247655646262435, 0.00012195988040300784
, 3, 0.0012660317678894284, 2.5153240488140772e-5
c, 0, 0.01475026636501418, 0.0014962445276689859
, 1, 0.0004695420462856089, 9.354227283796388e-6
p, 0, 0.44950429704509604, 0.5765595137757379
, 1, 0.01153233485174121, 0.0009888732738357231
, 2, 0.001960988981418792, 0.0001005809824957575
, 3, 0.0009957044989358237, 1.8400050264817804e-5
c, 0, 0.030086625130663854, 0.002112396393684645
, 1, 0.0003728698098731791, 5.565664092505649e-6
p, 0, 0.04918454201572022, 0.01428376163832717
, 1, 0.0009659172421027682, 3.95917512850782e-5
c, 0, 0.011026932613403994, 0.001141568886709775
, 1, 0.00043820910477208495, 7.378481968275485e-6
p, 0, 0.0463810079554933, 0.019639274416292454
, 1, 0.0025006112577257364, 0.00024483152131249517
, 2, 0.0007044587782230889, 1.1869101151881e-5
c, 0, 0.014713377637804377, 0.00121488835624066
, 1, 0.00024149951415901712, 2.087894876574624e-6
p, 0, 0.0464849707002545, 0.014572335782435473
, 1, 0.004222667664550249, 0.00046094295656541975
, 2, 0.001088941010975483, 2.5552814604191727e-5
c, 0, 0.01168450888388307, 0.0013428260099005143
, 1, 0.00031537211617407726, 3.9906167696431815e-6
p, 0, 0.06502632927474414, 0.021792837649238558
, 1, 0.0031416689072291696, 0.0002799691656235636
, 2, 0.0007224046309712681, 1.4828409669939196e-5
c, 0, 0.008930060453119311, 0.0012519243992467693
, 1, 0.00030907569241385, 3.2706244644981777e-6
p, 0, 0.028074642170337536, 0.009854889031991087
, 1, 0.0023281386260446896, 0.00017555981328221785
, 2, 0.0004109880705764052, 5.5515145299721175e-6
c, 0, 0.01273039603255942, 0.00155777099756658
, 1, 0.00017718290751689942, 7.941754389718681e-7
p, 0, 0.06995751493545235, 0.02416373977496302
, 1, 0.0022220215261609644, 0.00012867178002432092
, 2, 0.0007257163346789439, 1.3042181999756713e-5
c, 0, 0.013067882009242771, 0.0016030312627564156
, 1, 0.0003230076632397914, 2.6027798638891925e-6
p, 0, 0.3785780255600813, 0.2945293059158194
, 1, 0.00561206375947074, 0.00023214814072380978
, 2, 0.0002374524324256533, 9.643392600670062e-7
c, 0, 0.011029298867470158, 0.0012410061533924077
, 1, 0.00011514738684535555, 4.442959063936698e-7
p, 0, 0.049384688079224595, 0.017616121459676927
, 1, 0.0004511830699591479, 1.066136079015637e-5
c, 0, 0.012490624104734097, 0.000995132962689214
, 1, 0.00044330368928440454, 6.439704715968799e-6
p, 0, 2.641503517572575, 15.197577780502133
, 1, 0.04066573676328196, 0.014264097813252639
, 2, 0.0007065656052152522, 1.2308485113287634e-5
c, 0, 0.007992926389976682, 0.0011122145201491274
, 1, 0.00028051716709865857, 2.281931520804692e-6
p, 0, 0.06643889600174775, 0.014249671723062768
, 1, 0.002273951071719617, 0.00011418889149630038
, 2, 0.0003742396104339833, 4.008566960641847e-6
c, 0, 0.010681609182299153, 0.0010162282249793
, 1, 0.00016438514979879969, 1.1334352274146851e-6
p, 0, 0.05072345199448019, 0.01756858541154571
, 1, 0.0018306145463595925, 8.872454018605957e-5
c, 0, 0.010239173384134997, 0.0010164768886876145
, 1, 0.00022095153768424754, 2.3128451110030404e-6
p, 0, 0.05431537736176746, 0.016399332761676134
, 1, 0.0017343403722201198, 7.698988692476085e-5
c, 0, 0.010256571339659069, 0.0009887361151641324
, 1, 0.00038545421895141887, 6.38727285159139e-6
p, 0, 2.1587074085270275, 7.277181346817138
, 1, 0.01910858628269679, 0.003644290801442545
, 2, 0.00034264294996093884, 2.2602732864020472e-6
c, 0, 0.011104139034223822, 0.0009462287369518713
, 1, 0.0001286920116375706, 6.790199168006342e-7
p, 0, 0.09174263492155435, 0.04621940817786197
, 1, 0.0015071729658035081, 3.0193477278801835e-5
c, 0, 0.007693561402024322, 0.0007510982944964181
, 1, 0.00019945801982472843, 1.5794518194918736e-6
p, 0, 0.4831217599500522, 0.47920731910313663
, 1, 0.007154444584863582, 0.00036869968661952003
, 2, 0.00043393895843656934, 4.754459332288448e-6
c, 0, 0.009464437871911285, 0.0008627289301741898
, 1, 0.00021681791957648102, 2.465114157413689e-6
p, 0, 0.09061655839988564, 0.022261512516398328
, 1, 0.0007535643682798379, 1.5053410400031221e-5
c, 0, 0.009174683944381305, 0.0007359752533191214
, 1, 0.0001248883741538988, 5.609313590168496e-7
p, 0, 0.03837167323013534, 0.010453605885270511
, 1, 0.0006067321948318132, 1.4473684938729706e-5
c, 0, 0.009421678093461361, 0.0007492284983198767
, 1, 0.00026588938545231715, 3.3151228645384747e-6
p, 0, 3.617028652372409, 26.10637619397491
, 1, 0.05456382131167157, 0.021733578047843646
, 2, 0.0008303841160612897, 9.880629648261209e-6
c, 0, 0.013353150640917718, 0.0011545246892645127
, 1, 0.0004338089334443335, 7.385312200526006e-6
p, 0, 0.6678866932878867, 0.9167344724847954
, 1, 0.007381211616327134, 0.00041357110241495765
, 2, 0.0004366059371473165, 5.769771496500649e-6
c, 0, 0.014046873935397657, 0.0014528480552692044
, 1, 0.0001416441729068305, 7.558709262966761e-7
p, 0, 0.0640087207201723, 0.015739340319083937
, 1, 0.0009851114572592926, 1.409350777281602e-5
c, 0, 0.02121154137458602, 0.001618517394704545
, 1, 0.0003017894276344943, 4.207731784002684e-6
p, 0, 0.08920526373781604, 0.029210443229011878
, 1, 0.0012245276289866032, 2.7045000100311523e-5
c, 0, 0.010830748256252298, 0.0012722640022526956
, 1, 0.000188414434598222, 1.5748241568164785e-6
p, 0, 0.04359841929293055, 0.01625040804600947
, 1, 0.0012941736933356936, 5.469406501767335e-5
c, 0, 0.008761763896512492, 0.0009190051496831751
, 1, 0.000448468092891415, 7.659991361182357e-6
p, 0, 0.16589000917544328, 0.08241691099351371
, 1, 0.004611510187697559, 0.00047746718113018504
, 2, 0.001865207322093217, 8.093730894509553e-5
c, 0, 0.00941733501735029, 0.0011148048297575169
, 1, 0.0005687071801569142, 1.610169553123711e-5
p, 0, 0.0824750223353473, 0.042280845387187786
, 1, 0.005144760899631465, 0.0007631588321079304
, 2, 0.003185758595988324, 0.00019909348387316356
, 3, 0.0012858212950667492, 3.350287670508547e-5
c, 0, 0.013619495405119447, 0.0012198414848551733
, 1, 0.0004387257392287789, 7.660254469729859e-6
p, 0, 0.09089380852039317, 0.0417800955304294
, 1, 0.00649074334641822, 0.0012494118920917667
, 2, 0.003965248516315436, 0.00033095433929258063
, 3, 0.001974406336475333, 7.172623709283077e-5
c, 0, 0.008809221017343672, 0.0008891948410403896
, 1, 0.0007498420156627206, 2.332693513596563e-5
p, 0, 3.022959781110672, 18.150458240964806
, 1, 0.03758342427998407, 0.014699831212852161
, 2, 0.006614116816906427, 0.0007330472694851997
, 3, 0.002807010095769501, 0.00012902644596437244
, 4, 0.0011308997793815236, 2.7044891546963013e-5
c, 0, 0.01403330027025005, 0.0010228019027319541
, 1, 0.00045994369645640056, 8.172481977039692e-6
p, 0, 2.0246055710205417, 8.468555733104186
, 1, 0.030866686326356692, 0.00918187549210153
, 2, 0.0031726760731525154, 0.0002400543659235842
, 3, 0.0011720383240281698, 3.457200858433388e-5
c, 0, 0.01421324042222357, 0.0012135723856376462
, 1, 0.00039842974098807293, 8.347916997094336e-6
p, 0, 0.4076094266494545, 0.3452922266288957
, 1, 0.006659181877792313, 0.00040944914388616664
, 2, 0.00030956025730174877, 2.121335840705e-6
c, 0, 0.007120872946610176, 0.0006155264290002686
, 1, 0.00017782052541144368, 9.771132179684792e-7
p, 0, 0.2639477995301134, 0.13679063684112688
, 1, 0.001936963641920139, 0.00011840678724144767
, 2, 0.0002119205621213083, 9.000805242566151e-7
c, 0, 0.06570804464534204, 0.008980753322616664
, 1, 0.00030251873527789954, 2.6134779433635827e-6
p, 0, 0.6762469669410336, 0.759091717488963
, 1, 0.00296927196992875, 0.0003584688104061491
, 2, 0.001148030539601412, 3.159996090669457e-5
c, 0, 0.01486233908242671, 0.0023841163015745977
, 1, 0.0002826378099707699, 4.5607171301045335e-6
p, 0, 2.356662672145982, 11.10918381634976
, 1, 0.02371228360771119, 0.00684223414795036
, 2, 0.0004925242958475201, 6.351477551158356e-6
c, 0, 0.010955527614503819, 0.001900115607411709
, 1, 0.00025439354157736466, 2.0540172385770757e-6
p, 0, 2.3016511766365975, 10.590024507390222
, 1, 0.02463614022776914, 0.0046720052054190974
, 2, 0.0022243865653501726, 0.00012138609375580045
, 3, 0.0005345053063893171, 7.95753776038289e-6
c, 0, 0.01624902576426395, 0.0018684035981585267
, 1, 0.00012962573797580077, 6.575281338934902e-7
p, 0, 0.08808967793642974, 0.0647137000723594
, 1, 0.002018692916206154, 0.00017157748327789786
, 2, 0.0007310428994942224, 1.5224330587080668e-5
c, 0, 0.01415599040108807, 0.0023750546408891427
, 1, 0.0002907776444813242, 2.680344902981903e-6
p, 0, 0.0672426445635623, 0.046634102087450176
, 1, 0.0032208984869406074, 0.00044148904172760665
, 2, 0.0012055491728808034, 3.827517094946357e-5
c, 0, 0.012690282855934239, 0.0014389571432627704
, 1, 0.00019454204481150923, 1.2267028301990944e-6
p, 0, 0.08639113004530963, 0.06471205152968228
, 1, 0.0017909445255867473, 0.00015196393389819174
, 2, 0.0003559232136357002, 1.3444554064638345e-5
c, 0, 0.01542894694691578, 0.0021968770839487536
, 1, 0.00036073061764566803, 4.578325051061399e-6
p, 0, 0.11673073238612526, 0.13001836212448306
, 1, 0.006066382725978144, 0.001327243677127188
, 2, 0.0012505215747403307, 6.668754113577513e-5
c, 0, 0.016684764215206732, 0.0018188326944144752
, 1, 0.00041719138817543995, 7.97378358173455e-6
p, 0, 0.10627439715052106, 0.07816095475933922
, 1, 0.005922128539164431, 0.001057032454632171
, 2, 0.0007992817956347248, 2.9269198911339423e-5
c, 0, 0.010169813903259738, 0.001408512228038136
, 1, 0.00026819161281411107, 3.041408464033981e-6
p, 0, 0.07454537543509886, 0.035120594785608514
, 1, 0.0025411853260917995, 0.00018580480899897894
, 2, 0.0004582064176817495, 7.597199328191917e-6
c, 0, 0.01265749656436897, 0.0017168066534195053
, 1, 0.00019520669977061479, 1.243008006590767e-6
p, 0, 4.398116739818739, 38.768499998653304
, 1, 0.04389352854156619, 0.014334764640377305
, 2, 0.0040494108799172535, 0.00029670486920420694
, 3, 0.0014442200265533044, 4.596227716028873e-5
c, 0, 0.015337038068586252, 0.0016640583126782066
, 1, 0.0005246705274679145, 1.1048658740384265e-5
p, 0, 0.11330541967410626, 0.03406909622446361
, 1, 0.0015475485795357654, 0.0001166991671681898
, 2, 0.0011253023824712568, 4.025911270916562e-5
c, 0, 0.008160017462510244, 0.000982653530374862
, 1, 0.0005051191800084706, 1.024614317721028e-5
p, 0, 0.10886216211880377, 0.0440982971540482
, 1, 0.0063320042411276955, 0.0012294341830874594
, 2, 0.0029578148229892774, 0.0002286363190263836
, 3, 0.0014042375542430282, 4.4433001517853104e-5
c, 0, 0.010565119362677478, 0.001123302019781959
, 1, 0.0005708626195568283, 1.4290332243281949e-5
p, 0, 0.24700211970645777, 0.18607735056642336
, 1, 0.004330880939936433, 0.0002005715126497559
, 2, 0.00034840967714282504, 1.9479889907647843e-6
c, 0, 0.010190492333586113, 0.0010679104810745123
, 1, 0.00010639616796653261, 4.020882928139986e-7
p, 0, 27.17821591180139, 1386.9379910855494
, 1, 0.308195082774823, 0.960322310401549
, 2, 0.023736135086939055, 0.015462039767639242
, 3, 0.009386098587398067, 0.002649748090692259
, 4, 0.004021721384877053, 0.00038074311905281883
, 5, 0.0014224625621236688, 5.824960301210419e-5
c, 0, 0.009498433727209966, 0.0010712050338545017
, 1, 0.00048447364529579994, 1.0104439811297485e-5
p, 0, 0.1807217135081872, 0.12267997207972528
, 1, 0.004229428169157132, 0.0005276457080777993
, 2, 0.0013507112540623875, 6.372878336003131e-5
c, 0, 0.010348274352556615, 0.0017385389372024543
, 1, 0.00047356486591656897, 1.2838811958713862e-5
p, 0, 0.36315616872922857, 0.304289462063671
, 1, 0.007723064238063831, 0.0006316069973135776
, 2, 0.0011902507046972286, 4.9385246217168204e-5
c, 0, 0.010872848268119018, 0.001069308251682971
, 1, 0.00047230225930256853, 7.6283756580759095e-6
p, 0, 0.06901195918096607, 0.03496721536472929
, 1, 0.0019772149034890246, 0.00014282679477131495
, 2, 0.0007059915537330915, 1.6186073196562676e-5
c, 0, 0.013006714873174938, 0.001845581416680304
, 1, 0.0002776103326442343, 3.835896789545596e-6
p, 0, 0.04502367251089112, 0.04067360828075687
, 1, 0.005225928990972387, 0.0004400936814789798
, 2, 0.0011446133586527631, 4.193519251042581e-5
c, 0, 0.011076108827348058, 0.0016202736882180353
, 1, 0.00030108292949818506, 4.317107555733962e-6
p, 0, 0.04337658682957817, 0.028922793362735125
, 1, 0.0037190391782217663, 0.00021139436746659638
, 2, 0.0006565926258501912, 1.5399718628463763e-5
c, 0, 0.014061220706585892, 0.0012633644330377442
, 1, 0.00018140459492026417, 1.5592227936993968e-6
p, 0, 0.235922090111566, 0.2604608700541395
, 1, 0.0028785527983473543, 0.00020547291295026663
, 2, 0.0005185137371147325, 1.0317591198467029e-5
c, 0, 0.018924255976828626, 0.0027884792311650072
, 1, 0.0002953625655851724, 3.3594457238694327e-6
p, 0, 25.89628642977233, 1341.0253481985558
, 1, 0.3168353245489259, 0.7242982185048398
, 2, 0.005366239636161507, 0.00043225708934932006
, 3, 0.0009989839457042798, 2.0633708387610886e-5
c, 0, 0.018771003197130588, 0.002196486397191816
, 1, 0.0002153671965828841, 1.9804745395305073e-6
p, 0, 0.24955085446876704, 0.14582804381409625
, 1, 0.0024361661765135083, 0.0001975410430098779
, 2, 0.0005669584899378875, 8.358997120778507e-6
c, 0, 0.019288321473604344, 0.0032519212288293284
, 1, 0.000181300845082164, 1.202446313085983e-6
p, 0, 0.18155862478914775, 0.08628445092776198
, 1, 0.0038032910087870096, 0.00014786276886672838
, 2, 0.00047689183985308043, 6.862230347273488e-6
c, 0, 0.014971998112022784, 0.0017925175205536728
, 1, 0.000157855114167007, 7.932304749487935e-7
p, 0, 0.16408822787323313, 0.10139379353145703
, 1, 0.0033729181722895506, 0.0001996016706171198
, 2, 0.0005190404957402516, 8.027441225069045e-6
c, 0, 0.012767650264624574, 0.001891476012162462
, 1, 0.0001524842290514321, 8.714705431608812e-7
p, 0, 0.10275963173266685, 0.061111057483816345
, 1, 0.007399423122655985, 0.0008986112327075893
, 2, 0.0015030991870111244, 5.525853906798466e-5
c, 0, 0.015182062663659119, 0.0023676066914532995
, 1, 0.0003821905217933887, 5.285264656134846e-6
p, 0, 0.44404291890357794, 0.43316253298769924
, 1, 0.007522671321597828, 0.0005903937620872484
, 2, 0.0015121031221709122, 5.007879227150657e-5
c, 0, 0.01280585599724789, 0.0016927851588309183
, 1, 0.0004126017805090923, 6.896760445925676e-6
p, 0, 19.733669286960613, 778.5646640857682
, 1, 0.28313553915108075, 0.5865911655665926
, 2, 0.004779832225833225, 0.0002669334251905309
, 3, 0.00018984494472216778, 3.09694447845607e-6
c, 0, 0.010137776665617089, 0.001625663422408904
, 1, 0.00022220978310093828, 1.140106667242112e-6
p, 0, 2.152428810905395, 9.186433593644105
, 1, 0.026478347342259043, 0.005467214771160837
, 2, 0.0038078867269008185, 0.0003091820246882218
, 3, 0.001818444482871231, 5.871191117881561e-5
c, 0, 0.011183530874387185, 0.0013807137935061854
, 1, 0.0006194037942545917, 1.5026282535742074e-5
p, 0, 0.06517064819783863, 0.033258254611474296
, 1, 0.003536324070473278, 0.00044322325075524824
, 2, 0.002592562646587841, 0.00010944632239676607
, 3, 0.0010308343838625119, 2.364744984943982e-5
c, 0, 0.010714756491896701, 0.001431883315352041
, 1, 0.00039780502162412696, 6.556993756001095e-6
p, 0, 0.047200061615695, 0.015955103414629485
, 1, 0.0031939837235763838, 0.0003667266869682727
, 2, 0.0019137770329958187, 8.463419013496123e-5
c, 0, 0.013551041715206958, 0.0013602310887452587
, 1, 0.0007848770673988557, 1.827901644597152e-5
p, 0, 0.4055986066674439, 0.36405794317099405
, 1, 0.005135719586529567, 0.00021170964743179326
, 2, 0.0012697656839579402, 3.1270913812026215e-5
c, 0, 0.01953183972920691, 0.0016486112284608142
, 1, 0.0003745942722985178, 4.781786511766259e-6
p, 0, 0.06453127771681642, 0.022998950174612245
, 1, 0.0034073597058840183, 0.00033223724301428826
, 2, 0.001340591053269521, 5.049702838431045e-5
c, 0, 0.01707097294583331, 0.0018986769158227492
, 1, 0.00032777474671204346, 7.075893871651243e-6
p, 0, 0.062326503199880035, 0.02716557009032152
, 1, 0.0011975385554217333, 7.57975145777658e-5
c, 0, 0.014643752089354884, 0.0014153746573193247
, 1, 0.0005938242967544258, 1.2501546326658283e-5
p, 0, 0.04651144484948506, 0.02178466996933438
, 1, 0.0028535842842428933, 0.0003438257060854999
, 2, 0.0010381599547936342, 3.9750386096671226e-5
c, 0, 0.020921882327705154, 0.002577244999877334
, 1, 0.00029356602670593964, 4.446463871997543e-6
p, 0, 0.3261337328205496, 0.22899643957165408
, 1, 0.006420149482895213, 0.0003175805310982143
, 2, 0.0007416540274613297, 1.609675417475004e-5
c, 0, 0.019367231489166723, 0.0020424386780077022
, 1, 0.00023285087972355577, 1.9158180267511872e-6
p, 0, 0.04686165685208862, 0.01909480839518224
, 1, 0.0021850448816658342, 6.784191542900951e-5
c, 0, 0.013425982893799282, 0.0015642050862155119
, 1, 0.00036024876737350255, 4.574464651482146e-6
p, 0, 0.09195472176545283, 0.027725994238731597
, 1, 0.0018979762862763926, 7.926242143929744e-5
c, 0, 0.016404695613770278, 0.002007463698974457
, 1, 0.0002907135221054265, 4.298722422384621e-6
p, 0, 0.134937630767155, 0.04919342040081775
, 1, 0.002089332200653658, 4.78811071822837e-5
c, 0, 0.014226981766395894, 0.001711658556702516
, 1, 0.00010152328164659809, 4.840334166296697e-7
p, 0, 0.09658398760003202, 0.03166091740545761
, 1, 0.0007813752821157348, 3.188790763692083e-5
c, 0, 0.010935457163949855, 0.0012953769727311738
, 1, 0.0001904236796728154, 1.3383962411149682e-6
p, 0, 1.3446608747376385, 3.839495981254573
, 1, 0.02208655860847555, 0.004428562834651525
, 2, 0.0012255970960757263, 3.539717581737435e-5
c, 0, 0.0136124529730391, 0.0021520100255685735
, 1, 0.0004030924258783657, 5.771616712584218e-6
p, 0, 8.30675461258584, 138.00421292040465
, 1, 0.12745489101239876, 0.1367266421445688
, 2, 0.0018211575215183423, 6.912888357757246e-5
c, 0, 0.011998858397840456, 0.001148968931817526
, 1, 0.00023300849309004296, 1.7960446406177686e-6
p, 0, 9.902272286276647, 196.13641131203852
, 1, 0.14071179263589703, 0.1541795570640013
, 2, 0.00196853188041467, 4.665046717790955e-5
c, 0, 0.014187774592670954, 0.0010014554223410912
, 1, 0.0001369287373165099, 9.287090440259847e-7
p, 0, 0.056019399236670445, 0.02895718717938724
, 1, 0.0018541554242398745, 0.00011166854978599531
, 2, 0.0006542605921935666, 7.491421266163817e-6
c, 0, 0.014593969994552812, 0.0018430145139747844
, 1, 0.00025755813125797857, 2.0406440976275385e-6
p, 0, 1.107214313701476, 2.527812952307135
, 1, 0.012369891320653973, 0.001184886476560362
, 2, 0.0008567926258401862, 1.5023034358705297e-5
c, 0, 0.014339645005166234, 0.001546013181509407
, 1, 0.0001792261468431548, 1.2764458691854198e-6
p, 0, 0.04107588125418078, 0.017168381205536237
, 1, 0.0008376344883357755, 2.1108115843635955e-5
c, 0, 0.02119201526024025, 0.0014307538484819161
, 1, 9.512020728686223e-5, 3.4443555522452625e-7
p, 0, 0.4473215011973333, 0.4448255064301706
, 1, 0.007141755475464353, 0.0005199957779734112
, 2, 0.00021497544288014175, 1.0498363967728458e-6
c, 0, 0.015897085619799436, 0.001648600068244767
, 1, 0.00021651083391628878, 8.534987022319716e-7
p, 0, 0.06711651720655441, 0.032503489052003065
, 1, 0.002252653639162003, 0.00015577304571903742
, 2, 0.0005574479558237407, 4.6115995846738615e-6
c, 0, 0.011691736204595807, 0.0017382069697716254
, 1, 0.00014990720108964538, 7.742594457872397e-7
p, 0, 1.1666351455702502, 3.21558847599113
, 1, 0.012164405908566746, 0.0021448787376843045
, 2, 0.00032643372373686644, 4.0074908590955e-6
c, 0, 0.017263865840070444, 0.0020744545408263888
, 1, 0.0002081940689038765, 1.227870493755997e-6
p, 0, 0.06750673770686173, 0.028757645167953833
, 1, 0.0013548929964390358, 4.193602693005e-5
c, 0, 0.015358152490713551, 0.0019173871680371306
, 1, 0.00015515370102777603, 8.020412341813542e-7
p, 0, 0.915091186529604, 1.6840090138572605
, 1, 0.008766590033091756, 0.001136509758474725
, 2, 0.0001341751692042967, 4.821839667624435e-7
c, 0, 0.0157065625088189, 0.0019476790369108718
, 1, 0.00014274155276124503, 5.100149171623354e-7
p, 0, 0.06230579472469647, 0.01635233620595159
, 1, 0.0007776999129038131, 1.185879878440753e-5
c, 0, 0.020542580368378097, 0.002411424834289937
, 1, 0.00016544904906944487, 4.5019999167574517e-7
p, 0, 0.1353651952398606, 0.08560486472120145
, 1, 0.0024492631981768375, 0.00010582105239160953
, 2, 0.00020440543336967134, 1.3166570118215166e-6
c, 0, 0.01169420097052673, 0.0018831118418542615
, 1, 0.0001601239679676809, 5.43904176290811e-7
p, 0, 0.24966361095802975, 0.16512106831658246
, 1, 0.003193936248408635, 0.00026853231233345124
, 2, 0.000240665681548411, 2.2270401390082933e-6
c, 0, 0.04858795969372827, 0.008684911244612207
, 1, 0.000451489527363329, 5.497463934921788e-6
p, 0, 0.8660338413217122, 2.432065031298837
, 1, 0.0047289718467547846, 0.0004635518089307005
, 2, 0.00016536376495132325, 5.491589852626001e-7
c, 0, 0.02655470676164078, 0.00773239828559631
, 1, 0.00020650980829064916, 9.630136456535069e-7
p, 0, 1.406421394633778, 4.042803536927946
, 1, 0.020693170481748013, 0.00382572207735279
, 2, 0.00032342254451351817, 2.532371974479826e-6
c, 0, 0.029544994343212064, 0.0040197006170710455
, 1, 0.00023884126633295105, 9.424860425019688e-7
p, 0, 0.3766797638852115, 0.29908554681996524
, 1, 0.004446619446085127, 0.00022990148419559507
, 2, 0.00022187889766569016, 1.316152629067295e-6
c, 0, 0.023452885987910548, 0.0028315229198089867
, 1, 0.00028480958095405685, 1.4748912854323844e-6
p, 0, 0.6674417461929074, 0.9245534778152958
, 1, 0.008721315694082268, 0.0008434548747885787
, 2, 0.00021799684835203769, 9.343048812276497e-7
c, 0, 0.03109161976473574, 0.004507887211821632
, 1, 0.00023996175786441382, 9.93140960490062e-7
p, 0, 1.9799534149105593, 7.841857669021356
, 1, 0.01972338931940292, 0.0053428729085446105
, 2, 0.0005486888636165954, 8.578661700746948e-6
c, 0, 0.023994235894069384, 0.003822483403364884
, 1, 0.0004459776941816094, 4.381458587967718e-6
p, 0, 1.8269124477455332, 6.7093846216613215
, 1, 0.02936948940817293, 0.007271927631861595
, 2, 0.0011158966969174755, 3.861498644652986e-5
c, 0, 0.06455359415609722, 0.010497726964827368
, 1, 0.0018829553653075233, 3.360871957371298e-5
p, 0, 0.08193634505386628, 0.054748370169523074
, 1, 0.00248728598400376, 0.00011570513285168324
, 2, 0.0007318704779008343, 1.0999234624180555e-5
c, 0, 0.04220640162014955, 0.007446982971542232
, 1, 0.000555205568591545, 3.910373578690394e-6
p, 0, 0.36262019867651724, 0.2647773398568589
, 1, 0.015577858460383613, 0.004509706324822371
, 2, 0.003196964243947296, 0.0003636767187251606
, 3, 0.0015157623193326373, 5.790429741956682e-5
c, 0, 0.06900240775892397, 0.015022892061896073
, 1, 0.0014215963129611646, 2.5910814326772972e-5
p, 0, 0.4035930463859535, 0.41914795846488373
, 1, 0.00814992607921203, 0.0015493102693006106
, 2, 0.0031893506183487174, 0.0002660897042425795
, 3, 0.0011720454014460418, 2.9573643957337076e-5
c, 0, 0.06049415231397478, 0.010069498231294077
, 1, 0.0008079705546410242, 6.992311909738014e-6
p, 0, 1.9801625232011115, 7.920494313807717
, 1, 0.034118121641948905, 0.010411425758000758
, 2, 0.0057308704118958125, 0.0008257045714337287
, 3, 0.002630912437703618, 0.00016853622535676661
, 4, 0.000607109553969322, 2.1220571294871206e-5
c, 0, 0.03476557115993733, 0.005623121015417135
, 1, 0.0008941667871540297, 1.229423990489687e-5
p, 0, 0.2943966721162968, 0.18157002438266262
, 1, 0.004847272864363521, 0.0003541589171283856
, 2, 0.0013825480204056218, 5.4109229097509884e-5
c, 0, 0.04927151158486122, 0.005755800516338527
, 1, 0.0013149173108591976, 1.446738158615998e-5
p, 0, 0.9509386262054907, 1.9021613992843702
, 1, 0.011482711856180071, 0.001088452617987202
, 2, 0.0013826879529618876, 4.4062005656541485e-5
c, 0, 0.04006618551726354, 0.0062686508909627165
, 1, 0.0010486950244111668, 1.1154671247814914e-5
