p/c, iter, r∞, r₂
p, 0, 0.0, 0.0
, 1, 0.0, 0.0
c, 0, 0.0, 0.0
, 1, 0.0, 0.0
p, 0, 0.0, 0.0
, 1, 0.0, 0.0
c, 0, 0.0, 0.0
, 1, 0.0, 0.0
p, 0, 0.0, 0.0
, 1, 0.0, 0.0
c, 0, 0.0, 0.0
, 1, 0.0, 0.0
p, 0, 0.0, 0.0
, 1, 0.0, 0.0
c, 0, 0.0, 0.0
, 1, 0.0, 0.0
p, 0, 0.0, 0.0
, 1, 0.0, 0.0
c, 0, 0.0, 0.0
, 1, 0.0, 0.0
p, 0, 0.0, 0.0
, 1, 0.0, 0.0
c, 0, 0.0, 0.0
, 1, 0.0, 0.0
p, 0, 0.0, 0.0
, 1, 0.0, 0.0
c, 0, 0.0, 0.0
, 1, 0.0, 0.0
p, 0, 0.0, 0.0
, 1, 0.0, 0.0
c, 0, 0.0, 0.0
, 1, 0.0, 0.0
p, 0, 0.0, 0.0
, 1, 0.0, 0.0
c, 0, 0.0, 0.0
, 1, 0.0, 0.0
p, 0, 0.0, 0.0
, 1, 0.0, 0.0
c, 0, 0.0, 0.0
, 1, 0.0, 0.0
p, 0, 0.0, 0.0
, 1, 0.0, 0.0
c, 0, 0.0, 0.0
, 1, 0.0, 0.0
p, 0, 0.0, 0.0
, 1, 0.0, 0.0
c, 0, 0.0, 0.0
, 1, 0.0, 0.0
p, 0, 0.0004753973965724725, 3.4710579160635036e-7
, 1, 3.927016246045691e-6, 8.495942953861785e-11
c, 0, 2.798061590513885e-6, 4.842296447998671e-11
, 1, 3.778099710996432e-8, 2.5782414530123315e-14
p, 0, 0.29226387171705, 0.4295244888549784
, 1, 0.00564948102218454, 0.0003125945928081516
, 2, 0.0010033573281484705, 5.9224987677091135e-5
c, 0, 0.2284271353010373, 0.2198003415095129
, 1, 0.0018685991480549544, 6.906556341796269e-5
p, 0, 0.9957634754973294, 4.911507270116114
, 1, 0.026378461454659014, 0.010666538404260052
, 2, 0.005627580948634637, 0.0025112694097774437
, 3, 0.002064443985410523, 0.0010057226292334183
, 4, 0.0011171499951133368, 0.00040414217116075557
, 5, 0.0008605127113823054, 0.00015692949758044802
, 6, 0.0005616451507112115, 6.29217981970763e-5
c, 0, 0.5771235501168063, 2.1239494647390744
, 1, 0.009901401033258865, 0.0007127441539687679
, 2, 0.0011894237466000385, 1.6804378813766925e-5
p, 0, 0.7840675865877101, 3.542652464235654
, 1, 0.02772521887380759, 0.007732949691961351
, 2, 0.0046203571396366255, 0.003078032596892497
, 3, 0.002255897985130121, 0.0012602070302674348
, 4, 0.0012648413955521677, 0.0004959574562671137
, 5, 0.0009572993819525724, 0.0002002102128475967
, 6, 0.0005235041537437805, 8.018081736184556e-5
c, 0, 0.10560513422603163, 0.09345622493441548
, 1, 0.0013348660998372401, 3.067739601543937e-5
p, 0, 2.2135438609418077, 13.401818580982951
, 1, 0.055381504690010935, 0.024749142419900436
, 2, 0.008275092073488635, 0.012937757234721936
, 3, 0.004710982267777655, 0.005112062186793978
, 4, 0.002716402167595867, 0.0021306409636488634
, 5, 0.002088494723855435, 0.0008556691481725828
, 6, 0.0011364845623259398, 0.00034057981757783473
, 7, 0.0007466067446717984, 0.0001419854300529053
, 8, 0.0004988086757421819, 5.959914062869558e-5
c, 0, 0.03398185546345412, 0.010430783574302443
, 1, 0.0009172422380121899, 1.923628462145118e-5
p, 0, 0.2992689486525068, 0.25315542465871943
, 1, 0.004122427892749201, 0.00011221963421324204
, 2, 0.0006000518654886161, 1.0056574537319323e-5
c, 0, 0.024701691778645573, 0.004399285122094633
, 1, 0.0005019298217303115, 2.708737267569864e-6
p, 0, 0.1848813318355043, 0.0731544818265323
, 1, 0.0023565548165863535, 0.00011090894090443003
, 2, 0.00039729576337056856, 3.390833193102226e-5
c, 0, 0.022047187357125943, 0.0032831658705495246
, 1, 0.0011453551451199278, 1.678399607751024e-5
p, 0, 0.11595144556087673, 0.04034898621986283
, 1, 0.003178790134946949, 0.00015169065870710842
, 2, 0.00060144513829939, 5.708071953229497e-5
c, 0, 0.01942368183193868, 0.0021784768574912017
, 1, 0.0008788583645952272, 1.874738730575088e-5
p, 0, 0.08085856388160058, 0.02313694319436406
, 1, 0.001255277096367977, 1.7088947754810375e-5
c, 0, 0.015529886269371173, 0.0018590443554920527
, 1, 0.00037546815828840745, 2.6199293961752223e-6
p, 0, 0.029584771493219274, 0.0071505166971799075
, 1, 0.0008760520829259385, 1.1671235860190142e-5
c, 0, 0.025685095176799646, 0.0029218060103566082
, 1, 0.0008559629104806054, 1.0128145188516424e-5
p, 0, 0.21763254228895818, 0.06103599491048752
, 1, 0.0034452518359351096, 0.0001707066304264278
, 2, 0.0007353829495937416, 7.066593260486252e-5
c, 0, 0.044223601818391474, 0.006245716506064815
, 1, 0.0011393848501351385, 2.839670717765653e-5
p, 0, 9.400731505427963, 175.26380049185067
, 1, 0.14063887822406929, 0.06953940667442385
, 2, 0.0013409218797808412, 3.246329498373725e-5
c, 0, 0.034610987311032244, 0.008184860320049768
, 1, 0.0009388756752760368, 2.2429247084664488e-5
p, 0, 1.097050068760327, 2.170683951477559
, 1, 0.015353032073748375, 0.0009092494124411758
, 2, 0.0006416844813921142, 7.310078166963858e-6
c, 0, 0.015056202730687713, 0.001717363177256835
, 1, 0.0004414808856160095, 2.4451081571140576e-6
p, 0, 0.7036921733305637, 0.7926031993207029
, 1, 0.008858113628009865, 0.000324921265447803
, 2, 0.0008473962319476099, 2.507779521364589e-5
c, 0, 0.020054960788100595, 0.0022719408430032784
, 1, 0.000758818706960989, 9.93034557101305e-6
p, 0, 0.5320744386769428, 0.469662548941866
, 1, 0.006906396169898321, 0.00015893614936376104
, 2, 0.0005223527036542399, 3.281079261005258e-6
c, 0, 0.014182727840810509, 0.001324793310568682
, 1, 0.0003195615440953944, 1.3593897083256876e-6
p, 0, 2.0857653475135827, 9.219808561156944
, 1, 0.02687622992449116, 0.0050716158389151195
, 2, 0.001937067476782425, 4.677773987081723e-5
c, 0, 0.019808509817227978, 0.001880553179063779
, 1, 0.0011208608130780103, 2.889067117165723e-5
p, 0, 0.25767502272680837, 0.0911494811328659
, 1, 0.0022179734633215806, 2.4627510621429474e-5
c, 0, 0.009531988760110932, 0.0007128779772948025
, 1, 0.00043177508376747757, 4.4602083861437455e-6
p, 0, 1.1488056711857844, 2.806272636504515
, 1, 0.02245395838338815, 0.004004611685086182
, 2, 0.0005065551673560908, 3.016333643125198e-6
c, 0, 0.016407054711337424, 0.001257514632741554
, 1, 0.00015502894922013794, 6.170883829336234e-7
p, 0, 0.303814348605983, 0.1209284694540503
, 1, 0.002892099114251075, 3.1378360686965684e-5
c, 0, 0.01749621593779766, 0.0014731890241593637
, 1, 0.0007335093832199384, 1.0713718712216566e-5
p, 0, 4.6732457492434065, 43.734825313704434
, 1, 0.05661537093447125, 0.03906591347795449
, 2, 0.0008194511210134623, 1.2545361935855553e-5
c, 0, 0.026841307392190372, 0.0021529767817398517
, 1, 0.00027526050459716905, 1.291816716077172e-6
p, 0, 0.21860142941916064, 0.08987258936336262
, 1, 0.003704406554748239, 0.00014814718718880466
, 2, 0.0009333607650694588, 3.5680601018510524e-5
c, 0, 0.09941674848463368, 0.02228381081217359
, 1, 0.0012700912410684461, 1.6526057630991407e-5
p, 0, 4.1481765750367865, 34.32539217805307
, 1, 0.07001628018555964, 0.020260860764111724
, 2, 0.0016301343875142274, 2.082596851214346e-5
c, 0, 0.03745804287521534, 0.010998372315713675
, 1, 0.0008625639688541278, 1.8248711995559795e-5
p, 0, 0.7451487506289529, 1.4173587482574197
, 1, 0.010830845808931608, 0.0007868859152076631
, 2, 0.00046527568381740946, 5.267449365461886e-6
c, 0, 0.023004336683308563, 0.003379584334356819
, 1, 0.0002660456280765609, 1.3026271686905433e-6
p, 0, 0.6873111890999256, 0.8292410466030339
, 1, 0.010109925439045693, 0.0004988356981865264
, 2, 0.0002381079807325962, 6.580299746362549e-7
c, 0, 0.01881311522996925, 0.002601030947484493
, 1, 0.00018325573356284334, 4.814275908690468e-7
p, 0, 0.41998340254785455, 0.6144279854736874
, 1, 0.006865351731796841, 0.000261665146220235
, 2, 0.0006818018280708065, 4.086891077810844e-6
c, 0, 0.022997064788518484, 0.003113991483947068
, 1, 0.0002837517920725587, 1.1992371622764423e-6
p, 0, 7.031003217658155, 99.0507089849978
, 1, 0.1287914613445532, 0.1468158222326801
, 2, 0.0016673202595929686, 4.128193756110906e-5
c, 0, 0.02897110830838577, 0.004752559471490023
, 1, 0.0007018799368650925, 1.52615106810648e-5
p, 0, 0.28173027039576987, 0.23677447953199032
, 1, 0.004117610412012245, 0.00019709352965262833
, 2, 0.0005772937662431945, 2.8535034187479508e-5
c, 0, 0.06242134578332197, 0.009526779337571355
, 1, 0.0012999233528209343, 2.231188557037527e-5
p, 0, 3.8712993431496483, 51.18504214759311
, 1, 0.0467919132974963, 0.017959594612823128
, 2, 0.0009858693479439411, 1.9870961115925695e-5
c, 0, 0.019435542748826397, 0.0020175254202437483
, 1, 0.0005757791171753646, 8.220413243682698e-6
p, 0, 1.120640013088337, 2.724499999341754
, 1, 0.016414192532154485, 0.0014311426241748245
, 2, 0.0006111186488126453, 7.9447318204444e-6
c, 0, 0.05150280316746576, 0.010264442663158442
, 1, 0.0005678133220606916, 5.461456820295119e-6
p, 0, 0.41674402411062883, 0.36318369724151633
, 1, 0.0026993988983177158, 0.0001153266342116642
, 2, 0.0004241960846962673, 7.379229542263806e-6
c, 0, 0.02368695895908142, 0.0030513778890481793
, 1, 0.0002468167721274595, 1.4423822678704031e-6
p, 0, 3.5849413369029834, 25.866068460996484
, 1, 0.025893797712614797, 0.009113924166704063
, 2, 0.0005958462305253986, 1.1324863169253986e-5
c, 0, 0.023924932978799166, 0.0030273391009190947
, 1, 0.00039160437106548643, 2.2025753643647403e-6
p, 0, 0.28855663945019605, 0.19703144891914195
, 1, 0.0034611614202457617, 9.034878659668923e-5
c, 0, 0.03323587170375429, 0.0038980593917590156
, 1, 0.00039283070138287684, 2.9232901189416605e-6
p, 0, 121.19352463736182, 29386.290236996545
, 1, 2.6573914150301468, 52.15555964993801
, 2, 0.02075291753605323, 0.005974020761361314
, 3, 0.006182078464767912, 0.00043211056919626
, 4, 0.000731264088857647, 1.1997074926779866e-5
c, 0, 0.02700053613222405, 0.0047528221758409645
, 1, 0.0002762804369170857, 2.410226613486002e-6
p, 0, 3.7372740030215454, 27.868443864448334
, 1, 0.03808377364727436, 0.016492898368687007
, 2, 0.000718173996872101, 1.8736655518304597e-5
c, 0, 0.012677419374812753, 0.0013659695959862528
, 1, 0.00025676056934420804, 1.952143848238399e-6
p, 0, 0.5058237316360352, 0.5345930001990333
, 1, 0.008995882435497076, 0.0005888251535111621
, 2, 0.00044645763406514255, 3.176448862226457e-6
c, 0, 0.011682812063431764, 0.0010185040125807261
, 1, 0.00016904343408881466, 5.627663265994537e-7
p, 0, 14.575564584014803, 424.6869126921033
, 1, 0.2789196979262468, 0.5877460299965929
, 2, 0.004156794607158969, 0.00014808603805841953
, 3, 0.000714387024018725, 1.2675494374680877e-5
c, 0, 0.018087039474296327, 0.0024980725597494365
, 1, 0.0003105032450139984, 2.1213957212369416e-6
p, 0, 7.587823711726314, 114.90386958036244
, 1, 0.07949308967023286, 0.06255626900355292
, 2, 0.0008021980284780952, 2.367061578406303e-5
c, 0, 0.0126254535336665, 0.0013991374261815871
, 1, 0.00038361591294286596, 3.4136891717305166e-6
p, 0, 0.6984538881516584, 1.9986820900688855
, 1, 0.013450132244360213, 0.0024747881061815196
, 2, 0.0002976357435476591, 2.020812045873761e-6
c, 0, 0.01825790708355022, 0.0019833162837569426
, 1, 0.00021360439356199245, 1.2130258756736153e-6
p, 0, 0.24877482976059734, 0.16765158857649715
, 1, 0.00245511758087829, 8.795956088977099e-5
c, 0, 0.01451974640949139, 0.0017452081399381523
, 1, 0.0006130371076473424, 5.8593559663864544e-6
p, 0, 0.5960860793203593, 0.7540200019566404
, 1, 0.00640560628286821, 0.0004681048589363864
, 2, 0.000710551076224831, 1.009196884049382e-5
c, 0, 0.02348956713766802, 0.0021937162513693126
, 1, 0.0004464162676504316, 4.3602562702652445e-6
p, 0, 0.28209462863226936, 0.25595721538833727
, 1, 0.0053544782849219074, 0.00031030425485807086
, 2, 0.0006981755031108671, 1.6810027346691148e-5
c, 0, 0.010409095261342288, 0.0008595227889601075
, 1, 0.0005723224566158546, 8.60268956702093e-6
p, 0, 55.323590116590736, 6121.236803173897
, 1, 1.020591597536604, 7.426007402486323
, 2, 0.010244708690638697, 0.0011855504386024626
, 3, 0.002900932187012544, 0.0001287796931407594
, 4, 0.0003326766936797846, 2.876647609568045e-6
c, 0, 0.017705927042468744, 0.0016693717201696561
, 1, 0.0003025751935978805, 2.256846845164672e-6
p, 0, 0.17303658224129134, 0.08533815579267731
, 1, 0.001944538695732783, 0.0001062292153657522
, 2, 0.0013994243810912955, 2.126234495098611e-5
c, 0, 0.01258318750643287, 0.0016549071530382426
, 1, 0.0006665396502565921, 1.1499167594058842e-5
p, 0, 0.18383988575299065, 0.08806770183995387
, 1, 0.00851046450328561, 0.000672377455186349
, 2, 0.006391041483309091, 0.00017685446836840835
, 3, 0.002757253822022221, 3.2488118411455565e-5
c, 0, 0.019207416906452907, 0.0010641141288558339
, 1, 0.0006528669379337784, 4.666573888058364e-6
p, 0, 0.30641466456831934, 0.23790141330915118
, 1, 0.006115703059206747, 0.00032523868228360347
, 2, 0.001429832320856242, 1.774197569054215e-5
c, 0, 0.010957280925202841, 0.0009362635004414655
, 1, 0.0006151782522976794, 5.485983549779697e-6
p, 0, 1.3964689117946947, 3.9242988472357307
, 1, 0.02798513357621431, 0.006508658896790046
, 2, 0.009397509422127533, 0.0006923855526423245
, 3, 0.005941074707391842, 0.00023752427363504705
, 4, 0.0037885834357760982, 9.293352134470157e-5
c, 0, 0.021103842341023464, 0.0012511943688652677
, 1, 0.001645485638816982, 3.936750174909357e-5
p, 0, 0.08403182395326517, 0.020525628567645313
, 1, 0.002804464367948337, 0.00010898548535350518
, 2, 0.0011857809719635962, 1.457359776885218e-5
c, 0, 0.012934339211241127, 0.000985343212937839
, 1, 0.0004724737142520251, 3.322459479565048e-6
p, 0, 0.0606118879264226, 0.015297598169045041
, 1, 0.00104063172705068, 1.981891515086109e-5
c, 0, 0.026071230941506787, 0.0018718424580926817
, 1, 0.0004958776037383572, 6.5263670236542265e-6
p, 0, 0.0583304622021942, 0.015774580737367722
, 1, 0.0009587328986915671, 2.2040835470830033e-5
c, 0, 0.012368429871545553, 0.0007866553502780883
, 1, 0.00030435054321219674, 2.181541938161166e-6
p, 0, 8.010558112319929, 127.86258755547607
, 1, 0.15694672111596752, 0.1648193913271026
, 2, 0.0031074677500121098, 0.00010766694480531979
, 3, 0.0012581468775431644, 1.877175896232578e-5
c, 0, 0.022953473356053824, 0.0011227241091529298
, 1, 0.0004345127717693758, 4.665020171194938e-6
p, 0, 0.0906804556173071, 0.045613455021517695
, 1, 0.0017253764117382043, 4.595513919353178e-5
c, 0, 0.012767980297783648, 0.0008837631005050943
, 1, 0.00032798694226046415, 3.2691921419620466e-6
p, 0, 0.07961411213965677, 0.021726108354773097
, 1, 0.001987524453137864, 5.000711940309907e-5
c, 0, 0.02339418593029294, 0.0011236838063669592
, 1, 0.0006794231353429805, 1.2217745191206744e-5
p, 0, 0.07602719260339516, 0.01627437278761758
, 1, 0.003070655887172034, 0.00011756360526655206
, 2, 0.0011787213615234234, 1.719162294838161e-5
c, 0, 0.016397949434304913, 0.0009251130757373363
, 1, 0.00042134415294942573, 4.029018142274744e-6
p, 0, 0.03834573932978296, 0.006313399017061323
, 1, 0.0016953637807294577, 5.939347882075882e-5
c, 0, 0.018961963477718998, 0.000919808755439009
, 1, 0.0008296853432666491, 1.2376178475738101e-5
p, 0, 0.05867468914977198, 0.011443528884138245
, 1, 0.0018883595742066918, 4.887474689275313e-5
c, 0, 0.023902997412809195, 0.0014856633831883592
, 1, 0.0006004224168514353, 7.908178495710393e-6
p, 0, 1.5484657978704774, 4.805151188377042
, 1, 0.01631574909635731, 0.002874318976680713
, 2, 0.0011414122727878757, 4.057129046025557e-5
c, 0, 0.014926054725038537, 0.0008327999775622336
, 1, 0.0006533397167578667, 8.397262480305104e-6
p, 0, 0.031921937678092, 0.00419504101893903
, 1, 0.0014269808119947891, 6.86549262096682e-5
c, 0, 0.020254648533345368, 0.0011918123509307627
, 1, 0.0005686845303263627, 9.48922334829597e-6
p, 0, 0.034704757330586346, 0.005878843528338549
, 1, 0.0012431180179902142, 4.7748947316464345e-5
c, 0, 0.008544562985041294, 0.0006405493399823188
, 1, 0.0005270390770292924, 5.394311110722052e-6
p, 0, 0.4677896509118889, 0.44325982180574225
, 1, 0.009032287812580789, 0.000720857776600388
, 2, 0.0012489249863114806, 3.979214316830463e-5
c, 0, 0.025239551760634343, 0.0014388817190212379
, 1, 0.0006053175889234587, 9.656170557715812e-6
p, 0, 0.028776328130549682, 0.00389262840681196
, 1, 0.0009920118251228157, 4.5896094619374655e-5
c, 0, 0.009212737765700989, 0.0006129800987155902
, 1, 0.0004465987056407051, 5.432451375729021e-6
p, 0, 0.3394896244689159, 0.23304782713535047
, 1, 0.005622717733051834, 0.00028401805086465117
, 2, 0.0009194220997207447, 1.577834523375862e-5
c, 0, 0.0266026686630147, 0.001348272908984057
, 1, 0.00038523661081180067, 4.023056660841888e-6
p, 0, 0.05568373222715393, 0.009612987960537795
, 1, 0.0012801471518867685, 3.511495961800654e-5
c, 0, 0.010217465380369802, 0.000716659288964579
, 1, 0.0003472266805200697, 1.9210623759616396e-6
p, 0, 0.20635081850528664, 0.09131573418649062
, 1, 0.0023643956059695988, 7.059237429847266e-5
c, 0, 0.021420410068703013, 0.0012748608200356978
, 1, 0.00017385135311398387, 7.929152242205613e-7
p, 0, 0.042021089162500976, 0.012183969814080722
, 1, 0.0008578781771155472, 1.5304931963849343e-5
c, 0, 0.009913289862202234, 0.000723128525342694
, 1, 0.0002191686223696654, 1.0833455602636906e-6
p, 0, 0.03949814790073496, 0.013810154069477686
, 1, 0.0015167949440049971, 7.956943820810118e-5
c, 0, 0.019343200397239003, 0.0009303312468056575
, 1, 0.0008011076423915091, 2.1235137444934278e-5
p, 0, 2.934014718413789, 17.347596512402827
, 1, 0.04337210203341994, 0.01190218619229917
, 2, 0.0008072338101325061, 8.324115383650155e-6
c, 0, 0.007864316485297522, 0.00041815519254709716
, 1, 0.00033377536756090903, 2.631803404383278e-6
p, 0, 0.0483341669341099, 0.010149467599759003
, 1, 0.0006965224307046444, 2.067958049794236e-5
c, 0, 0.019460303166572445, 0.0007860291179858302
, 1, 0.00021180555971847152, 1.5264663788062605e-6
p, 0, 0.14311541544930412, 0.049238043699876624
, 1, 0.0021481472988635866, 4.846714174056403e-5
c, 0, 0.007175139619484644, 0.0003949301404215249
, 1, 0.0004108157859181185, 6.519178975178902e-6
p, 0, 0.03907268153752932, 0.0069604767912940105
, 1, 0.0005552698200090853, 1.0135148961680429e-5
c, 0, 0.012588103395509783, 0.00047612436486208344
, 1, 0.0002737138291850845, 1.6704084228389287e-6
p, 0, 0.034333731268892546, 0.017184731177561748
, 1, 0.003324125655234003, 0.00027536304271298754
, 2, 0.0020741568915707714, 8.48809705772772e-5
c, 0, 0.007629370588854677, 0.0004874888696922302
, 1, 0.0010697886555678779, 2.4746481308427534e-5
p, 0, 0.030606039736794384, 0.007241201955364861
, 1, 0.0006272950997305163, 1.29085136388391e-5
c, 0, 0.013508539930763109, 0.0004951860908223634
, 1, 0.0002368235922003467, 2.311499861614067e-6
p, 0, 0.04319673308447605, 0.015029945601869066
, 1, 0.0009199607826653135, 1.712393835376883e-5
c, 0, 0.008041389968793437, 0.0005277342871102662
, 1, 0.00016631676602581538, 8.089241541448353e-7
p, 0, 0.05332951751732546, 0.029956036791538243
, 1, 0.0017445828775115258, 3.820906346458581e-5
c, 0, 0.011181333810369396, 0.0007005730641670021
, 1, 0.0005613875753054152, 9.757805919518424e-6
p, 0, 0.8164104204839894, 1.3487872641178655
, 1, 0.00917616320695706, 0.000632664750269369
, 2, 0.0003180176039793433, 1.5945667603289656e-6
c, 0, 0.010462048869941185, 0.0006223021573477291
, 1, 0.0002449100006790858, 1.8450894614101415e-6
p, 0, 3.8481446812232476, 29.613046159222794
, 1, 0.06951415037122435, 0.028146091231876395
, 2, 0.0015061367983721491, 4.6762593600353174e-5
c, 0, 0.010508920774245365, 0.0005896051426005155
, 1, 0.0006681837612641311, 1.9933115659526465e-5
p, 0, 0.23942728249369943, 0.14209712828351817
, 1, 0.0041057935094955126, 0.00022942194706026552
, 2, 0.0005011124172720368, 8.62508510997977e-6
c, 0, 0.013994743574971874, 0.001237876613974539
, 1, 0.00030261600213467163, 3.868634863783791e-6
p, 0, 0.49144740597621367, 0.5148921058916911
, 1, 0.005622888372906948, 0.00026132192009538943
, 2, 0.0004093946052596256, 4.23505057389309e-6
c, 0, 0.008661790984850506, 0.0006951159795249993
, 1, 0.0001666350087644251, 4.6248049856370424e-7
p, 0, 0.08826682018521896, 0.029737522146113835
, 1, 0.0012605819185335975, 5.350556796046419e-5
c, 0, 0.01513405959239133, 0.0008841027892449291
, 1, 0.0006806064666840016, 2.0488048229898744e-5
p, 0, 0.36731156882162075, 0.2991010209197379
, 1, 0.00633680210999467, 0.00044757059737130666
, 2, 0.001407144790947038, 7.340495256502273e-5
c, 0, 0.010074062889628256, 0.0006596529586497135
, 1, 0.0007835798779831768, 2.1978743422474384e-5
p, 0, 0.49841004719290877, 0.5088166423631408
, 1, 0.006253899227585081, 0.0005848335574575762
, 2, 0.001152347285405622, 3.95169584730904e-5
c, 0, 0.011256630497349243, 0.0008050128534148308
, 1, 0.0005512568170535162, 1.0070612735610956e-5
p, 0, 0.40374491059652207, 0.3666442686196192
, 1, 0.011805123045590253, 0.0018163218875472842
, 2, 0.0016186080822369843, 8.546635049586584e-5
c, 0, 0.010324088600333714, 0.0007083868289073622
, 1, 0.000677796066590858, 1.4999354823012048e-5
p, 0, 0.7531885402274936, 1.1533196847822487
, 1, 0.00790323832417728, 0.0009269965847071258
, 2, 0.0008559959312450703, 1.2769169656194728e-5
c, 0, 0.010105296826755669, 0.0007085847510831025
, 1, 0.0002496282811868722, 1.932913985373117e-6
p, 0, 0.5363405719367734, 0.5850999402051114
, 1, 0.009258432724608733, 0.0007179488800397107
, 2, 0.0008026870791713057, 1.3134431671985351e-5
c, 0, 0.013155640069998536, 0.0006223180719274555
, 1, 0.00043215611533675593, 6.6925366469883265e-6
p, 0, 0.0459394579412807, 0.015087377215557092
, 1, 0.002455194805743444, 0.0003583255077223173
, 2, 0.0014788446605434402, 7.975964819308871e-5
c, 0, 0.008333029552935663, 0.0006690904234705061
, 1, 0.0008170701301409222, 2.6481391831866377e-5
p, 0, 0.07184039664085601, 0.02310000862804255
, 1, 0.0031223486842029634, 0.0006825653957693047
, 2, 0.0011400836550216238, 7.627090587038294e-5
c, 0, 0.012252283854565043, 0.000803520085088754
, 1, 0.0007271971409770972, 1.9893531597208725e-5
p, 0, 0.5832958568356534, 0.8795209406665855
, 1, 0.009227485257906886, 0.0007875151976499122
, 2, 0.0005500939075510048, 5.726715484111417e-6
c, 0, 0.020370532779849886, 0.0012518889451860753
, 1, 0.00024793121561830593, 1.683850709969702e-6
p, 0, 0.1632794941209636, 0.11036760024685903
, 1, 0.001358853109865631, 5.255916693237e-5
c, 0, 0.0164919099555797, 0.0013811226097230132
, 1, 0.0002365602142300641, 2.485693613023843e-6
p, 0, 0.15560073886468648, 0.09326133475504889
, 1, 0.0033282416785462, 0.0001047912507795352
, 2, 0.0008603092804289334, 1.7483912275282143e-5
c, 0, 0.00990935658383095, 0.0006166437590637486
, 1, 0.00030960087270690055, 3.3922688641400563e-6
p, 0, 3.7387550189601257, 27.914669269206975
, 1, 0.038441860271342006, 0.020820136974411457
, 2, 0.0009942889809083752, 3.014940843481712e-5
c, 0, 0.007257219917434245, 0.0005190096276323789
, 1, 0.0003829481136344787, 6.666142109435166e-6
p, 0, 0.06532842848732241, 0.014664070698010914
, 1, 0.0010952425186351394, 4.069067242622179e-5
c, 0, 0.010042219650755363, 0.0005254602489764041
, 1, 0.000524664171315527, 6.8847061053033445e-6
p, 0, 0.03761079287384544, 0.008992019780363812
, 1, 0.003273600338891007, 0.00035204173449725434
, 2, 0.001755039608118509, 5.874274831723991e-5
c, 0, 0.008534429790883211, 0.0005327248816595394
, 1, 0.0008098585891814091, 1.8503847515908685e-5
p, 0, 0.18009572904543988, 0.07704059791262141
, 1, 0.0031034370217722005, 0.00013077387411855338
, 2, 0.00153869981125518, 3.8863296787266594e-5
c, 0, 0.0107672114797521, 0.0007361146515992464
, 1, 0.0006004930599178527, 1.1021833190882016e-5
p, 0, 0.28841268740465653, 0.21400918749973005
, 1, 0.005443521737545413, 0.0003108771404101828
, 2, 0.000612979760699269, 7.466468487859318e-6
c, 0, 0.059969446744694364, 0.012194497784267021
, 1, 0.0013886109892594564, 1.616095599403583e-5
p, 0, 0.8293794870717756, 1.7102293633333019
, 1, 0.003926230811860405, 0.00023669801646755538
, 2, 0.000541714728017271, 1.099273741603444e-5
c, 0, 0.026815799047305095, 0.002833085220684581
, 1, 0.0003059475567959223, 2.6042443276020405e-6
p, 0, 0.05457776295587855, 0.0309738135415305
, 1, 0.003214172993633115, 0.00035187578655390326
, 2, 0.0027660475590550754, 0.00012877038435681412
, 3, 0.001267956553305915, 3.1103097092458656e-5
c, 0, 0.011394756062593948, 0.0012106116998703619
, 1, 0.0005276775662696564, 9.283570596221015e-6
p, 0, 0.1325624575566488, 0.041815656790573405
, 1, 0.0025459790221581723, 7.526432167168299e-5
c, 0, 0.009657139583344857, 0.0008714177244221919
, 1, 0.00036844897541899206, 4.245843018093918e-6
p, 0, 0.06270919961121164, 0.011598582232541928
, 1, 0.0007291904039620192, 6.431524268186117e-6
c, 0, 0.00806695656344448, 0.0005624501018282623
, 1, 0.00029241320800687235, 1.6826562959028736e-6
p, 0, 0.05151896941791801, 0.008161625089809402
, 1, 0.0012713598421421812, 2.111085113649423e-5
c, 0, 0.008267224295435414, 0.0007053946188242199
, 1, 0.0001644542762897731, 7.583673498159316e-7
p, 0, 0.030169976475768794, 0.008313090100628308
, 1, 0.0020273175463476887, 0.0001470428614558627
, 2, 0.0004009695463305407, 1.1955467344723833e-5
c, 0, 0.007262461464898122, 0.0004653593223931795
, 1, 0.00031935936571271756, 3.4936118527307075e-6
p, 0, 0.05358091521508798, 0.008660708689630316
, 1, 0.0024519640431358066, 9.462828377554885e-5
c, 0, 0.007112612475253577, 0.0005946403784102288
, 1, 0.00030844119998948, 3.52242115173256e-6
p, 0, 0.04433835843185348, 0.007255888293586587
, 1, 0.002272806648718215, 9.208860975947952e-5
c, 0, 0.007953565045340073, 0.0004958890008371213
, 1, 0.0005906963390322902, 1.9288066377812537e-5
p, 0, 0.04223772090749652, 0.005740511853771208
, 1, 0.001331185607665149, 3.628888424256348e-5
c, 0, 0.005057866223972906, 0.0004443588936936362
, 1, 0.0001655358731937612, 1.478599552846212e-6
p, 0, 0.03619070467963234, 0.005086848785869942
, 1, 0.0005144714714096615, 1.3224282533358941e-5
c, 0, 0.008663704543520747, 0.0005132227956039271
, 1, 0.00013660379938459737, 5.919889775454127e-7
p, 0, 0.04231217275573793, 0.008889851943423288
, 1, 0.0015760348495992334, 9.356083329995651e-5
c, 0, 0.0064357069658893505, 0.0005917588020125208
, 1, 0.0007656188222293367, 1.933530120271356e-5
p, 0, 0.0661723509220723, 0.01728499835179265
, 1, 0.0007105372892903239, 1.6699044057824667e-5
c, 0, 0.009893530293922202, 0.00047122805410362156
, 1, 0.0003009915110526573, 3.015204323959765e-6
p, 0, 7.328809760042818, 113.66035449111055
, 1, 0.08174094393512417, 0.05687953348303127
, 2, 0.0019021701304512782, 3.212205159334719e-5
c, 0, 0.007741589325264487, 0.00034565798605634966
, 1, 0.0007129409299610747, 1.4436226229039788e-5
p, 0, 2.82220328021841, 15.932600510985004
, 1, 0.034677400080715244, 0.008789343264162985
, 2, 0.0027290304021443165, 8.279263883991184e-5
c, 0, 0.005146479906834284, 0.00036665037137494105
, 1, 0.000924329778341392, 2.898112206555283e-5
p, 0, 0.09170729609252173, 0.04028700529050666
, 1, 0.008987912737212018, 0.0018714926760549403
, 2, 0.0038089582938594705, 0.00036546162370625134
, 3, 0.002224678418495689, 0.0001003028746732754
, 4, 0.001181735291341894, 3.2075984170936926e-5
c, 0, 0.00847703123546517, 0.0007013633099457301
, 1, 0.0006015693763431181, 1.3698570596113058e-5
p, 0, 1.4654448261089135, 3.3387144353415414
, 1, 0.01593414824404555, 0.005056475465471573
, 2, 0.004080389230976417, 0.00042039988996645194
, 3, 0.0014797424453555173, 5.6871115964910476e-5
c, 0, 0.008287338215730466, 0.000514983983288149
, 1, 0.0007252977368047002, 1.8520541595496592e-5
p, 0, 1.0039084640792801, 2.0738994756857343
, 1, 0.01573239729260248, 0.001958585166178194
, 2, 0.0009236840212107723, 8.173014585047799e-6
c, 0, 0.005028524233045149, 0.00030797231645318397
, 1, 0.00029448815174845525, 2.129062608642016e-6
p, 0, 0.0811776136054875, 0.026983852280756906
, 1, 0.0013770358360583876, 2.710359961114272e-5
c, 0, 0.0071722828673532295, 0.0005146092352582356
, 1, 0.00040770300910132807, 4.398739300871168e-6
p, 0, 0.05707589632623085, 0.029636642549230412
, 1, 0.002734087122420705, 0.00018424643823338485
, 2, 0.0012146240430955392, 4.452343278060204e-5
c, 0, 0.007680725612438985, 0.0006728055198133603
, 1, 0.0005687187361847119, 1.2568330420694466e-5
p, 0, 0.07925440119139614, 0.015897525281932973
, 1, 0.0042468665718140486, 0.00022905059866219508
, 2, 0.001295200565146184, 5.576188402129974e-5
c, 0, 0.0075108412803136515, 0.0004829913703085596
, 1, 0.0005021667476276441, 1.2233733737835768e-5
p, 0, 0.02577133291800088, 0.005473127210449117
, 1, 0.0018152986227964866, 6.778740155944185e-5
c, 0, 0.007886449036478326, 0.0004100136178211334
, 1, 0.0006968626551268067, 1.802083872098234e-5
p, 0, 0.40580817920641005, 0.3426398010376884
, 1, 0.005072512486974153, 0.00021934260357622383
, 2, 0.000757720229031978, 1.9087701203981464e-5
c, 0, 0.00748400119922702, 0.0004693237410778919
, 1, 0.0003528084817838232, 4.568220447253853e-6
p, 0, 0.8821852105337729, 1.5541812610447725
, 1, 0.01361789241958173, 0.0015462321699572271
, 2, 0.0020156333465559057, 0.00013145516188677015
, 3, 0.0008324587551006385, 2.4709257695026573e-5
c, 0, 0.006787066107691811, 0.0004435559383201541
, 1, 0.00034640895281128835, 5.083500124744127e-6
p, 0, 0.49103433437650107, 0.5662534005540755
, 1, 0.006123859554614418, 0.00040487433081302536
, 2, 0.0012658632230034017, 4.367434646259543e-5
c, 0, 0.009006811591451497, 0.000561083504696384
, 1, 0.0004473424483372098, 8.074003790904816e-6
p, 0, 0.0723313763173505, 0.019581979928957532
, 1, 0.0014300847024234834, 3.5159749609487255e-5
c, 0, 0.010310746736745483, 0.0008396931850160666
, 1, 0.0002984240308661828, 2.360515381262539e-6
p, 0, 0.07587959599539681, 0.032226307254786084
, 1, 0.001464506056238569, 5.013163634789854e-5
c, 0, 0.0062351099208730375, 0.0004949920903654577
, 1, 0.0004425611728861794, 6.981584716428354e-6
p, 0, 0.4635417887953095, 0.5648671374968158
, 1, 0.005596717185166202, 0.00038937488399232916
, 2, 0.0006233976318547833, 7.478231606294104e-6
c, 0, 0.008457592366212413, 0.0004262370641862215
, 1, 0.0002008102819682988, 9.604373645915227e-7
p, 0, 0.03108236490552216, 0.005273358998802074
, 1, 0.0006319424782772324, 1.1693365977558907e-5
c, 0, 0.01168852856345842, 0.0006203399812491087
, 1, 0.0002626197700587243, 1.8659220294859644e-6
p, 0, 0.024481317360081283, 0.0030637215723613035
, 1, 0.0007725609632033906, 1.0073984084593141e-5
c, 0, 0.007750386573664774, 0.0004041802765241342
, 1, 0.00018216245022907533, 9.398096901268942e-7
p, 0, 0.033114105364620464, 0.008093666327573806
, 1, 0.0014616617897048577, 6.263326161883198e-5
c, 0, 0.013130644038290553, 0.0006791080724995995
, 1, 0.00025024745287057155, 2.9555885058596608e-6
p, 0, 0.04600118703008978, 0.009780215178999335
, 1, 0.0010059037042835714, 2.6274984360563248e-5
c, 0, 0.01405306790510664, 0.0008648508315429837
, 1, 0.00023821126842093262, 1.741618417320606e-6
p, 0, 0.01762146311906133, 0.0031381825767130608
, 1, 0.0003644654570756456, 4.562122093858759e-6
c, 0, 0.011330893492216424, 0.00042664722520232494
, 1, 0.00010942854140886445, 3.722547626715412e-7
p, 0, 0.21576600997929002, 0.2180340313408168
, 1, 0.003491224733581046, 0.00020141209011917605
, 2, 0.00015802007063758056, 5.190803897331571e-7
c, 0, 0.007833579919278758, 0.0004495479661098686
, 1, 9.385578796429501e-5, 1.9925402623439107e-7
p, 0, 4.262739356039942, 36.43629134641219
, 1, 0.051136442472451624, 0.01865695008876265
, 2, 0.0006568484235132547, 5.3488747191704154e-6
c, 0, 0.00802568536228468, 0.0003159823765151944
, 1, 6.98714718341235e-5, 1.6064780527392535e-7
p, 0, 0.035909551516941085, 0.009447946194891088
, 1, 0.0005613173543179454, 1.1197572567970207e-5
c, 0, 0.00610784608036212, 0.00030166135109478784
, 1, 0.00010013798973297522, 4.0019416058550474e-7
p, 0, 0.0717276859108085, 0.02829981355866352
, 1, 0.002404748613367375, 7.595137159974644e-5
c, 0, 0.007735363353482344, 0.0005829633703535537
, 1, 0.00018856632826053647, 1.4861735671896795e-6
p, 0, 0.03027462622923461, 0.009608869379309477
, 1, 0.0011861840510761887, 4.480259237845e-5
c, 0, 0.008606700613278942, 0.0005042651314314944
, 1, 0.0002164304032181437, 1.1208172321849231e-6
p, 0, 0.09991434536339039, 0.03232218966677786
, 1, 0.001261398311432146, 4.381446349111673e-5
c, 0, 0.006711527270603759, 0.00043345593794789477
, 1, 0.0005615461712389425, 9.25786240898695e-6
p, 0, 0.8983094728550681, 1.871757626602333
, 1, 0.015402173211412698, 0.0020343242082085716
, 2, 0.0007866883221503251, 1.4180034275611076e-5
c, 0, 0.09593090388977077, 0.020562071628908152
, 1, 0.002210932772332286, 3.6671391763570154e-5
p, 0, 1.6567344480707917, 5.027880857387701
, 1, 0.026341876006595787, 0.009985263422328734
, 2, 0.00874268989703503, 0.0007637499765419777
, 3, 0.0020973920126138358, 4.635086185773351e-5
c, 0, 0.060236643084004046, 0.02044030933859525
, 1, 0.0022061275542828223, 0.00010936292134192485
, 2, 0.0009337391617492349, 8.985468012907147e-6
p, 0, 1.9762603803076242, 13.29038259437887
, 1, 0.03205507561218326, 0.009823729939139306
, 2, 0.005121324693797758, 0.00044831063049882865
, 3, 0.001288642031455085, 3.065534219008459e-5
c, 0, 0.03801808394692094, 0.008848703045970322
, 1, 0.0010833137119648706, 1.6627605189505794e-5
p, 0, 0.49261878184045765, 0.6394992368063818
, 1, 0.006803763455708489, 0.0009599987921212033
, 2, 0.0023872263728392006, 8.352922066026947e-5
c, 0, 0.04356059837190069, 0.008582816409924754
, 1, 0.0008975925732735604, 1.849074268708206e-5
p, 0, 0.5705431065232255, 1.1317327147408356
, 1, 0.012633846949801287, 0.001820866342571448
, 2, 0.0018492344694351005, 6.958119066062521e-5
c, 0, 0.06744695879326308, 0.015425948174725736
, 1, 0.0012587213259735689, 3.1489672638122484e-5
p, 0, 0.6718060745055674, 2.115829587877484
, 1, 0.0031643433017363126, 0.00022391832469182863
, 2, 0.0003664156486450048, 7.76035128246559e-6
c, 0, 0.019403006623690624, 0.0021158463291481694
, 1, 0.00026682209070684834, 2.829640350411265e-6
p, 0, 0.07947821403899041, 0.016026468396820488
, 1, 0.0014612439111814923, 5.369638562958819e-5
c, 0, 0.014438183175099095, 0.0010848686568139644
, 1, 0.000572574211106776, 1.3398288523880815e-5
p, 0, 0.041932778977520874, 0.022811324302226908
, 1, 0.0016678088950992415, 0.0001256472277877128
, 2, 0.0011737444211070108, 2.6492281322944184e-5
c, 0, 0.012486319564466206, 0.0009996680724772358
, 1, 0.0003835193916310296, 4.661042655371556e-6
p, 0, 0.06794226043955008, 0.024077716396064118
, 1, 0.0018999956125229874, 5.536038900828685e-5
c, 0, 0.007615622477860892, 0.0005674352620895892
, 1, 0.00041195799564649696, 6.139985741078056e-6
p, 0, 0.0550683718777335, 0.008899496799880554
, 1, 0.0015994972362601235, 5.2831072353451555e-5
c, 0, 0.00999419105184767, 0.000573552884156211
, 1, 0.000489689129166456, 8.23658992610997e-6
p, 0, 0.07557862811960582, 0.01912102151251651
, 1, 0.0029166930566157144, 0.00014587974042673128
, 2, 0.0008904448308234842, 2.8256374312189976e-5
c, 0, 0.008620135798906994, 0.0007795681830935128
, 1, 0.0004295325985721525, 5.032193889431564e-6
p, 0, 0.10286777113078553, 0.038726156729467574
, 1, 0.00335712800914973, 0.00028746493692914665
, 2, 0.0015037660135023146, 9.35644529493746e-5
c, 0, 0.014470811156476535, 0.0007894060582759461
, 1, 0.0005176044037583239, 1.668660928084851e-5
p, 0, 0.029420393017381027, 0.012862439061778341
, 1, 0.002040323544749449, 0.00010762869081738235
, 2, 0.0010451438131923983, 3.492035287955917e-5
c, 0, 0.00780764446190796, 0.00043761404195931955
, 1, 0.00042447513754237864, 7.134657654312373e-6
p, 0, 0.0224744267704413, 0.0031606768177392325
, 1, 0.001415661857189324, 4.6745615890624674e-5
c, 0, 0.007099186552053705, 0.00038113159128137547
, 1, 0.0006645454132288229, 1.675944961314642e-5
p, 0, 0.03907485802100872, 0.007120797718793207
, 1, 0.0023656740284801366, 0.00020969812530901975
, 2, 0.0010659246361505775, 3.760059775612266e-5
c, 0, 0.009080390112296607, 0.0007110585099173923
, 1, 0.0005879360680425632, 8.865209732502465e-6
p, 0, 0.03553007824829443, 0.017371435591866373
, 1, 0.0023421009277840178, 0.00014715051664772856
, 2, 0.0009688816813584952, 2.8065242663669225e-5
c, 0, 0.010311589956100885, 0.0006521718507041869
, 1, 0.00048013055695268964, 5.175857619471841e-6
p, 0, 0.20673769214882995, 0.09208284722083487
, 1, 0.002802156815951107, 0.00017527767671725593
, 2, 0.0005747580328413186, 1.1128803174405413e-5
c, 0, 0.06453945671999754, 0.007355915805840363
, 1, 0.0008537764352476784, 1.2032997995311279e-5
p, 0, 0.6770430012943283, 0.9167704380991546
, 1, 0.0028646117721373154, 0.00020746583971745073
, 2, 0.001155956331982538, 3.080287389091904e-5
c, 0, 0.03128920462301704, 0.0032436200654186098
, 1, 0.00042983067056964573, 6.348944288614029e-6
p, 0, 0.0412073489055718, 0.015046181946312092
, 1, 0.0021033834587381676, 0.00010870202507208714
, 2, 0.000840609343977855, 1.5009511404122271e-5
c, 0, 0.016473886045776428, 0.0014715768002751338
, 1, 0.0003703416588100011, 4.339237044059549e-6
p, 0, 0.15267716713919033, 0.06144494404901744
, 1, 0.008760549394351974, 0.0007352012073003472
, 2, 0.0018252358968967194, 7.867576643589067e-5
c, 0, 0.011431912351609992, 0.001075221799097086
, 1, 0.0005065488245372808, 1.13025038350491e-5
p, 0, 0.08625739143323234, 0.02453275436510877
, 1, 0.0017106796367247477, 4.9586499231845204e-5
c, 0, 0.010741261575794773, 0.0008364032077572588
, 1, 0.0004845125370116177, 8.60130954667313e-6
p, 0, 0.08136626715610587, 0.029300412946588306
, 1, 0.006002459926542925, 0.0006288038205955204
, 2, 0.0016815970406445667, 5.006311082858338e-5
c, 0, 0.0092905379962003, 0.0005361941741231502
, 1, 0.00039172744255509687, 4.546727842455399e-6
p, 0, 0.5007119532802485, 0.5140911791329799
, 1, 0.008001126777077542, 0.000619458943952956
, 2, 0.0008209058498791613, 2.1716247193071124e-5
c, 0, 0.008028595391297558, 0.00044086901876223616
, 1, 0.0003028338826841526, 4.119535356821661e-6
p, 0, 1.7747392504597828, 12.702521120856257
, 1, 0.049166495583718044, 0.012750566381395946
, 2, 0.00043261358710638227, 4.6355952537400524e-6
c, 0, 0.008852554648189724, 0.0006624454878674039
, 1, 0.0003888452430852375, 3.99031615616386e-6
p, 0, 0.22644380884001825, 0.1354575090029641
, 1, 0.0033644759681906813, 0.00011471511827337635
, 2, 0.0002507445239070949, 3.0325186942286413e-6
c, 0, 0.013683585927147463, 0.0009029082088599282
, 1, 0.00016836058800663868, 7.27377454929979e-7
p, 0, 0.0387021824066892, 0.008459663448600115
, 1, 0.0015947969300241973, 7.898058520869786e-5
c, 0, 0.007732318893084266, 0.0005213801390553545
, 1, 0.00039049198257501465, 5.200555592321733e-6
p, 0, 0.06393896529827889, 0.022523950889838416
, 1, 0.002151502338682634, 4.8031855586928604e-5
c, 0, 0.009930106722297279, 0.0006926561240644336
, 1, 0.0003475517449466136, 3.339683906302263e-6
p, 0, 0.030492901264632437, 0.0135335986953486
, 1, 0.002008487668305476, 9.869876597720499e-5
c, 0, 0.012751807658433268, 0.0007282862909747784
, 1, 0.000757652041906833, 1.6100917163603072e-5
p, 0, 0.4690421681069869, 0.4657246481565419
, 1, 0.00845556362145489, 0.0005510583533242082
, 2, 0.001582795557909184, 4.032684358356607e-5
c, 0, 0.013458768576230842, 0.0008605439146838719
, 1, 0.00038190791540928983, 7.14478650515153e-6
p, 0, 13.246234830371119, 375.5857017584099
, 1, 0.15805447707956374, 0.3219883112355768
, 2, 0.006117974660680762, 0.0005752703640160976
, 3, 0.0017943605268879565, 5.586718198788386e-5
c, 0, 0.16024635724237452, 0.07049435748984346
, 1, 0.003725366438643803, 0.00015468636978771482
, 2, 0.000535336927695191, 5.255697097110105e-6
p, 0, 4.256806171310719, 65.08343647668359
, 1, 0.06662093704043602, 0.04114543647438468
, 2, 0.004863217807459528, 0.0004166257313511421
, 3, 0.0016695895742866946, 8.496665148384503e-5
c, 0, 0.05646317062346748, 0.015069390504952597
, 1, 0.0013332004292116754, 2.5029838493916864e-5
p, 0, 1.5776042311187535, 5.101363112541031
, 1, 0.017243673180837683, 0.004131099299211205
, 2, 0.001514403068821618, 4.804269145481892e-5
c, 0, 0.03307340329097196, 0.005682143690556846
, 1, 0.0006555839365822858, 1.1320118006695414e-5
p, 0, 0.1257643548477625, 0.08009383654782248
, 1, 0.002439870757765311, 0.00021609176574534074
, 2, 0.0016756758464070325, 4.5781108984655984e-5
c, 0, 0.023739693740062205, 0.0026245670002348854
, 1, 0.0005566520480185108, 9.918324650306118e-6
p, 0, 0.3048027974531802, 0.32290029594327035
, 1, 0.005933607080264581, 0.0005909491123116954
, 2, 0.000325387874342365, 4.954196389179808e-6
c, 0, 0.0392672608187147, 0.0055216052444475375
, 1, 0.0005275132489398872, 4.0420605139688795e-6
p, 0, 0.48225328978925897, 0.989260978314092
, 1, 0.02480521916388296, 0.010320172833794545
, 2, 0.005098780160836792, 0.00043092709910315223
, 3, 0.0015878258162837003, 4.006760810511618e-5
c, 0, 0.1423724337633376, 0.04261890454645118
, 1, 0.0033279724427760053, 0.0001241422252222297
, 2, 0.0006394506257276179, 9.077344853498674e-6
p, 0, 1.9837404459730947, 15.550183689235018
, 1, 0.006730322031206319, 0.0006525871926515629
, 2, 0.0007387640317701697, 2.595476493057466e-5
c, 0, 0.04654428940144746, 0.008933798167201265
, 1, 0.0005382990752317026, 1.1503975157140528e-5
p, 0, 0.09040865299357077, 0.08319598351592151
, 1, 0.00774212160791839, 0.0028629667379512945
, 2, 0.005067256544973342, 0.0006243933545509614
, 3, 0.0018003101725259133, 0.00012778317565598498
, 4, 0.0007594943697487944, 2.352400802820857e-5
c, 0, 0.03011199153780981, 0.004502203227910621
, 1, 0.0005319293223259345, 8.166887437075827e-6
p, 0, 0.07486631919071186, 0.05432060371844931
, 1, 0.004575715149813168, 0.0011414971462835476
, 2, 0.0038165269061747574, 0.00025982820397884096
, 3, 0.0011314006354590875, 4.909939787385819e-5
c, 0, 0.019895358893287553, 0.002599566808952605
, 1, 0.0006054680749885403, 1.2716923037055428e-5
p, 0, 0.0698029888724287, 0.026878318583057344
, 1, 0.004417313571117729, 0.0006338705884486003
, 2, 0.0022042859667481696, 0.00011826909195521477
, 3, 0.0006961861601545327, 2.0539785475593508e-5
c, 0, 0.028076867102292954, 0.0018711344440000908
, 1, 0.00034990913408911744, 5.298170064946583e-6
p, 0, 0.06272688370914348, 0.03007005206410991
, 1, 0.003884208920273079, 0.0008025257090193821
, 2, 0.001810110717527397, 0.00015782483192747075
, 3, 0.0006431938238142641, 2.6228655396500072e-5
c, 0, 0.01641813630990702, 0.0013377612383714875
, 1, 0.00038020683097718155, 8.192103054724099e-6
p, 0, 0.036168235852279955, 0.02191566285876732
, 1, 0.004721478372748539, 0.0007568076630730671
, 2, 0.002003308107719363, 0.00017541911568846777
, 3, 0.0006784847295384919, 3.045728717680405e-5
c, 0, 0.01204373656392913, 0.001013900115602264
, 1, 0.00039832861318947124, 7.855252751768827e-6
p, 0, 0.05365298057497551, 0.016141630579336902
, 1, 0.0035322249465011045, 0.000332389347320158
, 2, 0.0015390082200050497, 7.531497179588837e-5
c, 0, 0.009427225000913591, 0.0010419485083129855
, 1, 0.0006213371030295787, 1.6884577371503638e-5
p, 0, 0.13085688342998325, 0.042563147066451826
, 1, 0.0017925335456789057, 3.170025486369162e-5
c, 0, 0.009153038836192565, 0.0008473967751208469
, 1, 0.00017670958761128886, 1.508389293241642e-6
p, 0, 0.6709375539709874, 1.5858957068789605
, 1, 0.007993850481586752, 0.001067061817817491
, 2, 0.002621392320663351, 0.00015104181260603984
, 3, 0.0012132135000351653, 3.249008570026465e-5
c, 0, 0.010290155021387333, 0.0009096269594263777
, 1, 0.0005539673746063761, 8.322292491540758e-6
p, 0, 67.47883940281137, 9102.446025090254
, 1, 0.783228879846924, 4.5521823572831215
, 2, 0.025101010082420622, 0.005926630544306712
, 3, 0.006224895507794407, 0.0007795181002453544
, 4, 0.0030729915420474128, 0.0001721369016785313
, 5, 0.0014175457645156345, 3.777942052500715e-5
c, 0, 0.007795174858479593, 0.000687961099827712
, 1, 0.0005307299306887909, 1.0283813577449704e-5
p, 0, 0.047815743776158166, 0.016433444264179354
, 1, 0.0023733358571082605, 0.0002729780572321519
, 2, 0.0013971216320257528, 4.09592842938904e-5
c, 0, 0.01894149092027033, 0.001263775300332664
, 1, 0.0005276566159415849, 1.0243475019155079e-5
p, 0, 0.050454094012137955, 0.025611786078608804
, 1, 0.002367210039233756, 0.00012064963475229181
, 2, 0.0006413944246848186, 1.4626686685226319e-5
c, 0, 0.010339541783317353, 0.0008638969526079002
, 1, 0.00030471528985668656, 3.7449904194254814e-6
p, 0, 0.06242461129078198, 0.016858307707933857
, 1, 0.002325613933704997, 9.814297026033613e-5
c, 0, 0.00806799332491862, 0.0008862389949122573
, 1, 0.0007487785358565868, 2.432249394749686e-5
p, 0, 0.037600662581530275, 0.02161963287517054
, 1, 0.0021645499917171437, 0.00011078575506593831
, 2, 0.00045375589234985505, 6.687891244090458e-6
c, 0, 0.011852078370717438, 0.0011111316237513787
, 1, 0.00019726723540685134, 1.854929502244554e-6
p, 0, 0.13048178346218411, 0.03809302086020813
, 1, 0.0028543094223331313, 0.00025102103823186806
, 2, 0.0009695422574542489, 2.7484139918365603e-5
c, 0, 0.008897855004751204, 0.0007333421948451458
, 1, 0.00033136554023532633, 5.040225611213775e-6
p, 0, 0.07427692016491423, 0.04543583441548926
, 1, 0.0028417452004388076, 0.0003289792609818598
, 2, 0.0012497891683020974, 3.7746937350902417e-5
c, 0, 0.010509085520544328, 0.0010707537824598083
, 1, 0.00047461852261644085, 9.361527458125644e-6
p, 0, 4.447357339203844, 39.44316344205416
, 1, 0.05778801023846322, 0.03174449857651742
, 2, 0.002089744447601976, 9.013425781379499e-5
c, 0, 0.005681551736376404, 0.0007383843659511563
, 1, 0.0002098941275583499, 2.7925834720179566e-6
p, 0, 131.6487883347858, 34655.04551623354
, 1, 1.4159325311534734, 22.733355509820985
, 2, 0.020028028744104594, 0.00872479307921612
, 3, 0.003305293376782607, 0.00032026620635169716
, 4, 0.0013171285832373314, 4.1954009680786336e-5
c, 0, 0.014923198464440087, 0.000938812857272176
, 1, 0.0006187050323888099, 8.796395655666474e-6
p, 0, 0.4672111552608459, 0.550002423769743
, 1, 0.010272369276227527, 0.0008252735524859906
, 2, 0.0018311880278427466, 7.458157609148198e-5
c, 0, 0.009713604412217686, 0.0010064921566179884
, 1, 0.0007116949253090177, 1.3271491992808173e-5
p, 0, 0.0823548144603893, 0.028005575935981925
, 1, 0.0025656163985471898, 0.00010797833691338895
, 2, 0.0005089421701864483, 5.444604652649272e-6
c, 0, 0.015042142103135446, 0.0010024966293152849
, 1, 0.0003461191020098966, 2.660856590755683e-6
p, 0, 6.628690052178898, 87.80918452908631
, 1, 0.0726028959036546, 0.04945740423924609
, 2, 0.0013725536023678274, 3.559614009767504e-5
c, 0, 0.007881425235484999, 0.0009033013137254561
, 1, 0.00038418319464382636, 9.401342800491837e-6
p, 0, 0.09324265121281752, 0.026184191749636963
, 1, 0.002082880101227426, 0.00012083038928433198
, 2, 0.0006000130120618827, 9.221451618651078e-6
c, 0, 0.009608223699509338, 0.0010621986465091644
, 1, 0.00017436496810631098, 1.2114257738728782e-6
p, 0, 0.05780700157855126, 0.01784434714479939
, 1, 0.0011450434302742807, 4.2888490013072124e-5
c, 0, 0.011044130075189802, 0.0009471839048491772
, 1, 0.00040637605656817464, 8.197907794274835e-6
p, 0, 0.04585653003381608, 0.020492154015923542
, 1, 0.0017778813024592, 0.00011557772366462907
, 2, 0.0002998823776739088, 3.0421062213921755e-6
c, 0, 0.014359907537868814, 0.0010659481753026864
, 1, 0.00016107279042084345, 6.623571417833692e-7
p, 0, 0.047771596253106056, 0.02191964925614019
, 1, 0.003260705962139847, 0.0002611182457301413
, 2, 0.00045992376955941613, 5.9478637898474735e-6
c, 0, 0.013014661598157921, 0.0010973598678653332
, 1, 0.0001949147420854455, 1.6677855841307994e-6
p, 0, 6.195160525086079, 139.5196364612322
, 1, 0.10289749507600253, 0.0565267281422946
, 2, 0.0010062534471278579, 2.7478669756383536e-5
c, 0, 0.02525909664615534, 0.002476717962523015
, 1, 0.0002639504720141501, 1.5337601563687604e-6
p, 0, 0.11705661570927818, 0.1624356480413344
, 1, 0.0023721569939878086, 0.00021117257366105695
, 2, 0.0002807000332287562, 1.9983734081671928e-6
c, 0, 0.014669179820033022, 0.0012245365346249773
, 1, 0.0002024575590046044, 7.251828489428139e-7
p, 0, 0.06929957200486808, 0.03847424236828149
, 1, 0.003632364162569126, 0.0003106242847844669
, 2, 0.00046632414170810483, 7.016881961649352e-6
c, 0, 0.011303760109536593, 0.0010120559018380376
, 1, 0.00021229890606892532, 9.522816643191729e-7
p, 0, 0.030857499568429758, 0.016387025657078003
, 1, 0.006814779102052892, 0.000985951099986263
, 2, 0.0018360776485324328, 7.554452013293535e-5
c, 0, 0.011715639609152386, 0.0009719305337477847
, 1, 0.0004712988038336122, 7.471880550520964e-6
p, 0, 0.039358587319882725, 0.01052483391751806
, 1, 0.0008376986799751708, 3.876986367294376e-5
c, 0, 0.008889559509707339, 0.0008237238787188021
, 1, 0.00021832064446386052, 1.901036619363351e-6
p, 0, 0.035464561161805006, 0.01605187888453551
, 1, 0.0015308967181798415, 7.957373743578859e-5
c, 0, 0.011832466004211856, 0.001043009073736659
, 1, 0.00028556212511072045, 3.612781152119755e-6
p, 0, 0.5385212470539916, 0.5792141412314955
, 1, 0.008151631411496335, 0.0007617192263634332
, 2, 0.0019076476588789507, 8.809550302969798e-5
c, 0, 0.014326889086032158, 0.0011112259711455001
, 1, 0.0008432353431686879, 2.1295074806545895e-5
p, 0, 208.36350219916307, 86825.93569766043
, 1, 2.6116577490268025, 69.45291210246903
, 2, 0.11137603995389893, 0.20882529560532842
, 3, 0.009778423562101405, 0.0033056612559421465
, 4, 0.003360621290681219, 0.00041101172061420814
, 5, 0.0020359750258716275, 0.00013460656086195405
, 6, 0.0009267053546907979, 3.715027678051629e-5
c, 0, 0.008922011569778926, 0.0008595165558987056
, 1, 0.0005890303158050409, 1.0188930227882251e-5
p, 0, 0.5820343807890843, 1.144004908340238
, 1, 0.011908803193874442, 0.001493399282797578
, 2, 0.001271474765900264, 4.177056345356331e-5
c, 0, 0.011198413827343967, 0.0009774163192166026
, 1, 0.0004406322714175268, 1.2636337570928756e-5
p, 0, 0.11096556665914756, 0.0817190889787351
, 1, 0.007463173559583186, 0.0012054820981320367
, 2, 0.0028333451561025997, 0.00015956742957013494
, 3, 0.0015826240585360104, 4.277939895501281e-5
c, 0, 0.013137317930712445, 0.0014108247030944784
, 1, 0.0007042365859411914, 1.4854724580753037e-5
p, 0, 0.2722119679288703, 0.18778337593823846
, 1, 0.005453564431224277, 0.0005622835790163196
, 2, 0.0009954581236849313, 2.1593295249595434e-5
c, 0, 0.016422342143422638, 0.0013843108705234159
, 1, 0.00028119342407869924, 3.3797795531656535e-6
p, 0, 0.06563504269923352, 0.019972634849733144
, 1, 0.0011734765429459804, 4.2393782553318104e-5
c, 0, 0.00927952473941813, 0.0008558205273018158
, 1, 0.00043791892824359454, 6.87984827872452e-6
p, 0, 0.029036581527721993, 0.006078149197306116
, 1, 0.0011898739403212832, 4.7072281457243606e-5
c, 0, 0.006981821117093343, 0.0005447471155942178
, 1, 0.0005914309051452904, 1.0398338395478738e-5
p, 0, 0.04612405478332854, 0.011661784366768539
, 1, 0.0009714262558697716, 4.4110627278976154e-5
c, 0, 0.006546295683739131, 0.0006039828003547493
, 1, 0.00023070706132754162, 2.0419873380929218e-6
p, 0, 0.023873945309212295, 0.007144593692773563
, 1, 0.0030356237304000775, 0.00041940241064320854
, 2, 0.0017730501415525479, 0.00011639251564227106
, 3, 0.0008678750447540549, 2.5259785030058737e-5
c, 0, 0.009191818397852441, 0.00046804347079406575
, 1, 0.0004508306112206411, 5.672405463264872e-6
p, 0, 0.4195074987501633, 0.35715721348807733
, 1, 0.006812283599303901, 0.0002969402100053856
, 2, 0.0011251578374081384, 3.4903343892891487e-5
c, 0, 0.00927878242683241, 0.0005319794545546792
, 1, 0.0005379051888718015, 9.413401003924725e-6
p, 0, 0.05781338374972782, 0.009167250425836087
, 1, 0.00044436544307031417, 5.401927634515866e-6
c, 0, 0.010144651723809756, 0.0005784713876862379
, 1, 0.00025184653112478317, 2.560987057215685e-6
p, 0, 0.048768211836218385, 0.020851149980905984
, 1, 0.007561353848035728, 0.0012125929074386546
, 2, 0.0027555668678107986, 0.00023148645289708966
, 3, 0.0009279017930477268, 4.659390225971696e-5
c, 0, 0.018107884811578323, 0.0013493184973669577
, 1, 0.0004832021837865633, 9.614589720504349e-6
p, 0, 0.09918557801301435, 0.04044528708786444
, 1, 0.0039946425298849845, 0.0004654706139596743
, 2, 0.0013421972230562573, 0.0001280145205801927
, 3, 0.000713833112688429, 2.6836887878960856e-5
c, 0, 0.01111879758739244, 0.0009422774387886821
, 1, 0.000611423707345787, 7.485696888884301e-6
p, 0, 0.052618797615074396, 0.013519703427117918
, 1, 0.0005835834019293048, 1.0044914856574984e-5
c, 0, 0.0136528536291201, 0.0008873493434089964
, 1, 0.00016233444933355307, 1.0538835833493073e-6
p, 0, 0.026714385008595107, 0.009870695695298934
, 1, 0.003001404718886252, 0.0002996639939620211
, 2, 0.0016049059566689734, 9.22086937550106e-5
c, 0, 0.011200074583776856, 0.0007956261418750891
, 1, 0.000944815485254384, 2.3093833492354532e-5
p, 0, 0.016199627316610992, 0.005253718138514814
, 1, 0.001464865138885432, 9.004286709278993e-5
c, 0, 0.008036704677018494, 0.0006385049923413628
, 1, 0.0006578247588846305, 2.0128616121116034e-5
p, 0, 0.03645836117633935, 0.009340832551904887
, 1, 0.0015330384074646384, 8.719359950286009e-5
c, 0, 0.014163032674228056, 0.0009200287207701938
, 1, 0.0005722673900401932, 1.1759811960812654e-5
p, 0, 0.17839401296712268, 0.08827747503265779
, 1, 0.005610849591895868, 0.0004143175369318384
, 2, 0.0013738800344945982, 6.40123518577536e-5
c, 0, 0.01723592050266332, 0.0008629193402037774
, 1, 0.0006822816804328888, 1.4697265183943374e-5
p, 0, 0.055741003785663996, 0.013937147274883193
, 1, 0.0009748088982247648, 5.868971421041362e-5
c, 0, 0.008649208453326675, 0.0007250449057765066
, 1, 0.0004863519936025667, 8.762859291821092e-6
p, 0, 0.2047034729365992, 0.11856290846886665
, 1, 0.0057758632069900995, 0.0004708145130750802
, 2, 0.0006292356366399568, 1.440580688872624e-5
c, 0, 0.014413899671796926, 0.0014556227541365468
, 1, 0.0002992450192517566, 2.7149752995347587e-6
p, 0, 0.09529862200314693, 0.04337827687672881
, 1, 0.00478128062543378, 0.0006600113491048614
, 2, 0.0021778329711520743, 0.00013741338859579573
, 3, 0.0008155568488218724, 3.280026074312378e-5
c, 0, 0.010820634143423083, 0.0009356214271938714
, 1, 0.0004924983805392368, 8.203187349949495e-6
p, 0, 1.4543777478478275, 4.1730925090787085
, 1, 0.018342494184986312, 0.0038022227456041935
, 2, 0.003607033479795606, 0.00019316870102341184
, 3, 0.0009555862473923118, 4.949554974239104e-5
c, 0, 0.010752789850844808, 0.0010040342586578185
, 1, 0.0005863121810798902, 1.2428921193320857e-5
p, 0, 0.1082949268810021, 0.03907018261747285
, 1, 0.0037728797497744676, 0.0002995254490780369
, 2, 0.0019959997222047873, 8.879813514315945e-5
c, 0, 0.009052856840737134, 0.0008704900854299563
, 1, 0.000596910966402524, 2.2529682515914283e-5
p, 0, 0.08451807124889632, 0.0206528640173427
, 1, 0.002006825273834654, 7.73639586227756e-5
c, 0, 0.008739513396550276, 0.0006036604372136334
, 1, 0.0006004053398640364, 1.543214563998857e-5
p, 0, 11.37748327516731, 258.8757881184975
, 1, 0.15702953718687218, 0.23647267052771828
, 2, 0.005227210075941714, 0.00039063961479105923
, 3, 0.001376538000641407, 0.00010464021975538704
, 4, 0.0007094828864997044, 2.5638314020202434e-5
c, 0, 0.008211727193015755, 0.0005724583192369089
, 1, 0.0005279438971438252, 7.480889992511661e-6
p, 0, 1.398389456583195, 3.9190046614373406
, 1, 0.018663264786000236, 0.003329965721214021
, 2, 0.0003744234349637366, 2.7359727623854854e-6
c, 0, 0.010192189278032733, 0.0006613627492122863
, 1, 0.0001833677112165649, 1.1172117997957332e-6
p, 0, 0.38629356927770336, 0.31811576440018674
, 1, 0.0074146621796250325, 0.00024766669746662293
, 2, 0.0003880125452738231, 4.6652677408596956e-6
c, 0, 0.008229345345707554, 0.0005795926712574241
, 1, 0.00021947907545256175, 1.293126124527876e-6
p, 0, 0.046444118767136264, 0.012179136876858307
, 1, 0.0021538687361242186, 0.00011025125149860651
, 2, 0.0006590167757374663, 1.816375471037742e-5
c, 0, 0.00952961766577671, 0.000729655257365745
, 1, 0.00044862011241259285, 5.768112318259912e-6
p, 0, 0.052584119651856776, 0.015267277081912672
, 1, 0.0011545817342573316, 5.169891575887599e-5
c, 0, 0.017046650257191983, 0.0012235297993810422
, 1, 0.00039452531709352554, 7.95519660711213e-6
p, 0, 0.048646546864241524, 0.009762739015869732
, 1, 0.0006508946699802621, 1.4415081734630135e-5
c, 0, 0.009970286252494468, 0.0008113365940973806
, 1, 0.0002901083871063128, 2.919392039364777e-6
p, 0, 0.02537666496809128, 0.007895741634298162
, 1, 0.001648601705003865, 9.064505329226837e-5
c, 0, 0.008251793735526682, 0.000770379912278756
, 1, 0.0006678871524812204, 1.6365691567457343e-5
p, 0, 1.4135190699693723, 4.007440974793145
, 1, 0.016907336383515707, 0.0033729028317441958
, 2, 0.0012656999371216172, 2.3055995531535753e-5
c, 0, 0.009588958641547188, 0.0009240698241984726
, 1, 0.0003755957411400471, 3.662896207685899e-6
p, 0, 0.10316620855436025, 0.034027033110259466
, 1, 0.0011836770571364925, 2.1109727677401595e-5
c, 0, 0.013873680017018978, 0.0012406518034410146
, 1, 0.0002522105271579565, 2.1870875486454043e-6
p, 0, 1.5406096925356159, 5.396220021882263
, 1, 0.03201031728430711, 0.010796125864387673
, 2, 0.004291473796384093, 0.000206714995657037
, 3, 0.0005394490150422899, 5.710552435163492e-6
c, 0, 0.12280381777341462, 0.025748457070943274
, 1, 0.0019146513128199328, 4.7192416846953295e-5
p, 0, 2.347627060762978, 14.698326822290761
, 1, 0.030407735748074507, 0.014583039901492392
, 2, 0.0029927667819933503, 0.00010222882113527536
, 3, 0.0009721080878830809, 3.61925384385731e-5
c, 0, 0.20291900216790854, 0.07873167087094957
, 1, 0.001487936136909553, 3.3479850128800014e-5
p, 0, 2.0205986740185686, 7.805192865039098
, 1, 0.012232335085714328, 0.00305528971709012
, 2, 0.00226807401209895, 9.646230654819162e-5
c, 0, 0.11719214454641487, 0.03552260304427195
, 1, 0.0019878462423813877, 9.376132714398595e-5
p, 0, 2.2139668087893236, 16.86778797624458
, 1, 0.017536364709046175, 0.0030374599608177064
, 2, 0.0010694532361319813, 2.7460583616360346e-5
c, 0, 0.029937222926113352, 0.006347433651413305
, 1, 0.00030697858235942556, 5.610693750916824e-6
p, 0, 0.44389702619245197, 0.5864830533227643
, 1, 0.0052733145068839015, 0.0008246147666443246
, 2, 0.0023646124806805443, 0.00013841976747170867
, 3, 0.001175920389731961, 2.873521551539358e-5
c, 0, 0.02902184057232287, 0.003415930836007836
, 1, 0.00048234912996235026, 8.23540919416216e-6
p, 0, 0.05093595057893325, 0.02343030767393342
, 1, 0.0014867605411455825, 6.81073988370473e-5
c, 0, 0.028558521002706005, 0.002728592368039607
, 1, 0.0007962475277654962, 2.7982571516966484e-5
p, 0, 0.04973859319236722, 0.0418486207358104
, 1, 0.007423679091169694, 0.0017315178353836138
, 2, 0.003712605909346735, 0.0002685676582199031
, 3, 0.0017630200248634261, 5.1027644760651734e-5
c, 0, 0.015168835953113944, 0.0019490147443990697
, 1, 0.0004989561864153874, 1.4050080123736699e-5
p, 0, 0.057363191791014755, 0.023695600114214507
, 1, 0.010257277741821185, 0.001655061708566111
, 2, 0.00440766862663888, 0.0002678518432076184
, 3, 0.0018626416433065844, 4.550751073792099e-5
c, 0, 0.01564234657932209, 0.001549554961136659
, 1, 0.0005560727437972023, 8.941679706475372e-6
p, 0, 0.04118320019276094, 0.011883385364427039
, 1, 0.0036073065231387452, 0.0003035611974208333
, 2, 0.0015504059501802233, 3.9252347395979404e-5
c, 0, 0.014390459907242142, 0.0010923297322656112
, 1, 0.0004290362028139389, 5.910129910143396e-6
p, 0, 0.036353627280357965, 0.010393953774269377
, 1, 0.0017830370046406571, 6.810123807770052e-5
c, 0, 0.01354846058422171, 0.0009789255101304351
, 1, 0.00041397972431960324, 8.114094767938635e-6
p, 0, 0.050327072464480566, 0.012009958359548984
, 1, 0.001004923184744993, 4.501262154600993e-5
c, 0, 0.009530097441932797, 0.000806158504424046
, 1, 0.000371915934169542, 4.514170774140613e-6
p, 0, 1.3343306422388088, 3.629228426223006
, 1, 0.018664407826784267, 0.003245049356495179
, 2, 0.0006056491795306203, 5.824626331779603e-6
c, 0, 0.012273373489254053, 0.0011898890533665518
, 1, 0.00017946271133049963, 1.0205297768090878e-6
p, 0, 0.8063991695268689, 1.2954003378286008
, 1, 0.014421049469134214, 0.0008792690624518974
, 2, 0.0003063998312360916, 3.325853575383989e-6
c, 0, 0.008225453766215245, 0.0006239755462194741
, 1, 0.00018162348032938665, 1.3959472014438383e-6
p, 0, 0.0364810082035722, 0.01932541251468685
, 1, 0.0012758926359899602, 8.4046865862254e-5
c, 0, 0.006821228750430402, 0.0006737651427909272
, 1, 0.0005784970177447877, 7.570569622443365e-6
p, 0, 0.028754698763143335, 0.007883582537565976
, 1, 0.002173012216561447, 0.00014415415697486276
, 2, 0.0011300901411083254, 2.155899108812334e-5
c, 0, 0.007437628279549792, 0.00045910898696591867
, 1, 0.0003345185627318983, 3.479550213191431e-6
p, 0, 0.10131982440242482, 0.031966366135065136
, 1, 0.003647473489226391, 0.00032005213738986303
, 2, 0.0015217416571335022, 4.081639571369658e-5
c, 0, 0.009177126946373463, 0.0006515090545188943
, 1, 0.0005734916578682787, 9.449693931409568e-6
p, 0, 0.5114777695283819, 0.5260507861634133
, 1, 0.00998096089740254, 0.000424769448303557
, 2, 0.0003696850990413823, 2.8282046581778397e-6
c, 0, 0.013631267595986651, 0.0007588359280507048
, 1, 0.00016210189175692788, 9.227534538110225e-7
p, 0, 6.686291380471504, 89.28519225275231
, 1, 0.08977583917672553, 0.029528381663210472
, 2, 0.0022677992123664448, 8.838632395635972e-5
c, 0, 0.00783081340612997, 0.0010645624084685914
, 1, 0.0007546084412771696, 1.867788840504251e-5
p, 0, 0.057385593446941996, 0.026464924668415775
, 1, 0.001110112805028461, 8.12567556495957e-5
c, 0, 0.012915073624468415, 0.0011413107487221992
, 1, 0.000422739317302833, 7.539636463276929e-6
p, 0, 0.41652700971234496, 0.3593557625281432
, 1, 0.0063814629683196945, 0.0003639952332542489
, 2, 0.0003700417483932268, 4.166167303837237e-6
c, 0, 0.014315424194132736, 0.0009498012205226697
, 1, 0.00021250172210381972, 1.4222410880686538e-6
p, 0, 6.242826369882858, 77.63674079509269
, 1, 0.0660301289068303, 0.03129569497961086
, 2, 0.004236557228216953, 0.00025859795951761446
, 3, 0.0017311074121603934, 6.11995672244009e-5
c, 0, 0.009240202758943564, 0.0007681881632623756
, 1, 0.0006722801159373652, 1.3907063164851083e-5
p, 0, 0.8069228178752519, 1.4623194683658702
, 1, 0.015046837367411182, 0.001165848397153504
, 2, 0.002341523015927501, 0.00010507227128279068
, 3, 0.0011494378767625203, 2.3189387277072026e-5
c, 0, 0.01572318047771161, 0.0009379402964160686
, 1, 0.0004880198339822586, 7.165765814533287e-6
p, 0, 0.03239305270860613, 0.00786989049666007
, 1, 0.0007596213986483957, 2.8555845216551527e-5
c, 0, 0.021683079670321268, 0.0010262341615576824
, 1, 0.0003891785160848973, 8.15124897879348e-6
p, 0, 2.2100090970078567, 9.766505536478894
, 1, 0.02526175981237934, 0.00475657955429575
, 2, 0.0008637384048701029, 1.4756924156630966e-5
c, 0, 0.015477259911223874, 0.0009549339973166171
, 1, 0.00019102775993107174, 1.0356332649881326e-6
p, 0, 0.08220583820154478, 0.026789145317857126
, 1, 0.0016644438090985764, 2.7635313937476054e-5
c, 0, 0.012101010121388795, 0.0012557812669009105
, 1, 0.00044969652757753285, 4.757064013846364e-6
p, 0, 0.06364543043136506, 0.03224918124985809
, 1, 0.0022394824985699432, 0.00018385646452105493
, 2, 0.0013237301453646506, 5.186781086147348e-5
c, 0, 0.015092199935799243, 0.0012634893217655305
, 1, 0.0005717647546951565, 1.5827966072267643e-5
p, 0, 0.29611635334232966, 0.2246458622219995
, 1, 0.007245172527626242, 0.0004500357659438346
, 2, 0.0028375506287938203, 0.00019766078028917342
, 3, 0.0016911154179022284, 5.206356472609036e-5
c, 0, 0.020523618309581663, 0.001312998653805907
, 1, 0.000687891841795362, 1.6279687664418956e-5
p, 0, 0.06924507500420708, 0.027120406849848136
, 1, 0.0014256504507437588, 2.3535708975795034e-5
c, 0, 0.015898161307601317, 0.0009220806789897657
, 1, 0.00048674795949098346, 7.177567403907439e-6
p, 0, 0.5482269769621464, 0.6398801035502031
, 1, 0.006828288921147134, 0.0004636361588530742
, 2, 0.0011764364368261303, 3.4869490413569916e-5
c, 0, 0.011779750691188197, 0.0009955844330008096
, 1, 0.0005136943125936154, 1.0260288659573478e-5
p, 0, 0.49387378897400896, 0.4987619500447928
, 1, 0.005938297713424915, 0.0002722831443207489
, 2, 0.0007075482128925882, 1.3607606785367612e-5
c, 0, 0.012925959946491523, 0.0009894568999516812
, 1, 0.0003664893282942532, 3.295553499618051e-6
p, 0, 0.3360357911342345, 0.23517434617208177
, 1, 0.006083318891451596, 0.0002347417666473926
, 2, 0.0005962366871272203, 7.310123924374444e-6
c, 0, 0.01317999750595351, 0.0008181392381242678
, 1, 0.0002501458776378732, 2.2149830717971047e-6
p, 0, 0.11527082489788562, 0.03980230625699784
, 1, 0.006699225627762508, 0.0009528172927580167
, 2, 0.003279038402228176, 0.00031409118346167046
, 3, 0.0018160336425733358, 9.467317863749186e-5
c, 0, 0.010661885638249106, 0.0010494313487972098
, 1, 0.0010417144433607474, 4.519922044753825e-5
p, 0, 0.06065378613293962, 0.01619895235691291
, 1, 0.0021045389737509436, 0.00014092791961001897
, 2, 0.001331947312947958, 4.9134565465779094e-5
c, 0, 0.00975188264038239, 0.000798362409828706
, 1, 0.0008224363761983801, 1.8594363118436228e-5
p, 0, 0.19008320694970288, 0.07784016621846246
, 1, 0.003807359960641233, 0.00011116391990929545
, 2, 0.0004961722249115031, 9.237859223388932e-6
c, 0, 0.015314675300627767, 0.0012744295897218869
, 1, 0.00030762035666569967, 2.6639494041869623e-6
p, 0, 0.061110470100273526, 0.024739355944260393
, 1, 0.0019350351038794856, 0.000168907461592152
, 2, 0.001070734819028353, 3.724755568725565e-5
c, 0, 0.0172343092899132, 0.0013468404618190663
, 1, 0.0005854955899065226, 1.296242883617931e-5
p, 0, 0.12178066637752336, 0.04223699416083941
, 1, 0.004249024172868367, 0.0004073884010258347
, 2, 0.00212943465394308, 0.0001054915575904882
, 3, 0.0012754940296557395, 3.0283236167217582e-5
c, 0, 0.011362211687287342, 0.0008129761764374616
, 1, 0.0005452178087016627, 1.4611773207731846e-5
p, 0, 0.03392624199145381, 0.004871276642181475
, 1, 0.0012523745419079468, 4.783167785325161e-5
c, 0, 0.009330563650451758, 0.0008786443896666217
, 1, 0.0008377466913449152, 2.2370542833687456e-5
p, 0, 598.7571626355192, 717016.2857049782
, 1, 5.995841794570253, 252.98323113355542
, 2, 0.12349375869197121, 0.18546403707165707
, 3, 0.014315531777152207, 0.006019485145425389
, 4, 0.003595542303660281, 0.0002495076218404533
, 5, 0.0009626117544831113, 1.623545610600955e-5
c, 0, 0.011801555610485702, 0.0007572833988372788
, 1, 0.0002523504869306372, 1.9385155661761067e-6
p, 0, 4.573830844645194, 41.83393715686197
, 1, 0.050533294328710184, 0.029964926425786437
, 2, 0.002870221318047887, 0.0001873496037915805
, 3, 0.0008781834355855273, 3.092090339559125e-5
c, 0, 0.008284171381118774, 0.0006046918665564251
, 1, 0.0005918486503753218, 1.0052698564418396e-5
p, 0, 0.11125251728222181, 0.04555196207507262
, 1, 0.0033722225888558623, 0.00012102608693562854
, 2, 0.00038935106571084586, 6.189072440185446e-6
c, 0, 0.008331796856565928, 0.0005156176758490184
, 1, 0.0001955698889050359, 1.6295932469773027e-6
p, 0, 0.035694449805105666, 0.015552744714248775
, 1, 0.0018549999478219064, 0.00011436835793559097
, 2, 0.0009477643012479515, 2.4550330532813055e-5
c, 0, 0.008049445830895374, 0.0003951360182926364
, 1, 0.00028911645743028073, 6.274543109034646e-6
p, 0, 0.029374002977764244, 0.011095593907811115
, 1, 0.005031404652008127, 0.0008184470497801977
, 2, 0.0019681319117931654, 0.00010643219237557589
, 3, 0.0007443987816881861, 1.565669521872144e-5
c, 0, 0.011056637287705647, 0.0004912010797124694
, 1, 0.00024345981332262479, 2.296989255402852e-6
p, 0, 0.039512032059184986, 0.022479239732154113
, 1, 0.006129700908061534, 0.0006707232490510945
, 2, 0.0013117788742059689, 4.354204427970151e-5
c, 0, 0.007140430895769145, 0.0005634942900816872
, 1, 0.0005044738959927998, 9.193033997965174e-6
p, 0, 1.096046015826636, 2.410262288965427
, 1, 0.02033780042576731, 0.003403594467471323
, 2, 0.0003558448625735592, 2.244559208159676e-6
c, 0, 0.006812217022745874, 0.0004968780196352607
, 1, 0.0001386537289458138, 6.457111318280228e-7
p, 0, 0.10898082497922167, 0.08796508943419679
, 1, 0.00913019879494331, 0.002591091169518609
, 2, 0.004928315806778612, 0.00048385786301157016
, 3, 0.0020968749440662226, 8.795139297577762e-5
c, 0, 0.016768828335899863, 0.001714259710920434
, 1, 0.000769251061783933, 2.3581059632589736e-5
p, 0, 0.37881680369330273, 0.3334935281992589
, 1, 0.011861903519568624, 0.0018751077624579145
, 2, 0.0038857775115295353, 0.0003977159057480314
, 3, 0.0018498603749655912, 7.641844796909954e-5
c, 0, 0.0209137563401247, 0.001984754476791814
, 1, 0.0006905199371367069, 2.3687229956501312e-5
p, 0, 1.5656350222859938, 5.398814348303443
, 1, 0.017257743949653084, 0.005221060165081703
, 2, 0.003017080298625508, 0.0002528512980714203
, 3, 0.001666079023767285, 5.0842788265437006e-5
c, 0, 0.050856213630108726, 0.005955077273406845
, 1, 0.0006997042933385058, 1.2131420486151602e-5
p, 0, 0.8307513144588404, 1.1366988344412645
, 1, 0.004601729000827594, 0.0009425756905962843
, 2, 0.0031041385872489368, 0.00023555250779960178
, 3, 0.0014113956186243256, 5.5275287312754116e-5
c, 0, 0.014944528738796875, 0.0022545783282949946
, 1, 0.0006749808729746519, 2.058361210160767e-5
p, 0, 7.67161606834499, 117.79668998157705
, 1, 0.1465243650438581, 0.17476547649233481
, 2, 0.0024947914350976646, 0.0001073201009182295
, 3, 0.0002537762086665976, 2.7928456454740814e-6
c, 0, 0.01312843407561913, 0.0015077556136506066
, 1, 0.0002503760389333907, 1.1280846894504893e-6
p, 0, 0.12661849090269844, 0.05892856699584431
, 1, 0.008863673319635279, 0.002448017955941726
, 2, 0.005135818334260069, 0.0005552955918574825
, 3, 0.002366561476121324, 0.0001318507662884927
, 4, 0.0012401797073347586, 3.155907716220347e-5
c, 0, 0.010990478417077594, 0.0012748030141793995
, 1, 0.00047081187946153383, 9.501175951897569e-6
p, 0, 0.06333777574696908, 0.04784400550120282
, 1, 0.00812768246312745, 0.001056889133009124
, 2, 0.003677645639098061, 0.00023685827164144052
, 3, 0.0016097575423701638, 5.387431245764487e-5
c, 0, 0.01331691999335702, 0.001463349012776602
, 1, 0.0005068451381831757, 1.0853304573654701e-5
