p/c, iter, r∞, r₂
p, 0, 0.0, 0.0
, 1, 0.0, 0.0
c, 0, 0.0, 0.0
, 1, 0.0, 0.0
p, 0, 0.0, 0.0
, 1, 0.0, 0.0
c, 0, 0.0, 0.0
, 1, 0.0, 0.0
p, 0, 0.0, 0.0
, 1, 0.0, 0.0
c, 0, 0.0, 0.0
, 1, 0.0, 0.0
p, 0, 0.0, 0.0
, 1, 0.0, 0.0
c, 0, 0.0, 0.0
, 1, 0.0, 0.0
p, 0, 0.0, 0.0
, 1, 0.0, 0.0
c, 0, 0.0, 0.0
, 1, 0.0, 0.0
p, 0, 0.0, 0.0
, 1, 0.0, 0.0
c, 0, 0.0, 0.0
, 1, 0.0, 0.0
p, 0, 0.0, 0.0
, 1, 0.0, 0.0
c, 0, 0.0, 0.0
, 1, 0.0, 0.0
p, 0, 0.0, 0.0
, 1, 0.0, 0.0
c, 0, 0.0, 0.0
, 1, 0.0, 0.0
p, 0, 0.0, 0.0
, 1, 0.0, 0.0
c, 0, 0.0, 0.0
, 1, 0.0, 0.0
p, 0, 0.0, 0.0
, 1, 0.0, 0.0
c, 0, 0.0, 0.0
, 1, 0.0, 0.0
p, 0, 0.0, 0.0
, 1, 0.0, 0.0
c, 0, 0.0, 0.0
, 1, 0.0, 0.0
p, 0, 0.0, 0.0
, 1, 0.0, 0.0
c, 0, 0.0, 0.0
, 1, 0.0, 0.0
p, 0, 0.0, 0.0
, 1, 0.0, 0.0
c, 0, 0.0, 0.0
, 1, 0.0, 0.0
p, 0, 0.0, 0.0
, 1, 0.0, 0.0
c, 0, 0.0, 0.0
, 1, 0.0, 0.0
p, 0, 0.0, 0.0
, 1, 0.0, 0.0
c, 0, 0.0, 0.0
, 1, 0.0, 0.0
p, 0, 0.0, 0.0
, 1, 0.0, 0.0
c, 0, 0.0, 0.0
, 1, 0.0, 0.0
p, 0, 0.0, 0.0
, 1, 0.0, 0.0
c, 0, 0.0, 0.0
, 1, 0.0, 0.0
p, 0, 0.0, 0.0
, 1, 0.0, 0.0
c, 0, 0.0, 0.0
, 1, 0.0, 0.0
p, 0, 0.0, 0.0
, 1, 0.0, 0.0
c, 0, 0.0, 0.0
, 1, 0.0, 0.0
p, 0, 0.0, 0.0
, 1, 0.0, 0.0
c, 0, 0.0, 0.0
, 1, 0.0, 0.0
p, 0, 0.0, 0.0
, 1, 0.0, 0.0
c, 0, 0.0, 0.0
, 1, 0.0, 0.0
p, 0, 0.0, 0.0
, 1, 0.0, 0.0
c, 0, 0.0, 0.0
, 1, 0.0, 0.0
p, 0, 0.0, 0.0
, 1, 0.0, 0.0
c, 0, 0.0, 0.0
, 1, 0.0, 0.0
p, 0, 0.0, 0.0
, 1, 0.0, 0.0
c, 0, 0.0, 0.0
, 1, 0.0, 0.0
p, 0, 0.0, 0.0
, 1, 0.0, 0.0
c, 0, 0.0, 0.0
, 1, 0.0, 0.0
p, 0, 0.0, 0.0
, 1, 0.0, 0.0
c, 0, 0.0, 0.0
, 1, 0.0, 0.0
p, 0, 0.0, 0.0
, 1, 0.0, 0.0
c, 0, 0.0, 0.0
, 1, 0.0, 0.0
p, 0, 0.0, 0.0
, 1, 0.0, 0.0
c, 0, 0.0, 0.0
, 1, 0.0, 0.0
p, 0, 0.0, 0.0
, 1, 0.0, 0.0
c, 0, 0.0, 0.0
, 1, 0.0, 0.0
p, 0, 0.08265942417389245, 0.01959757752541095
, 1, 0.000529504899872637, 3.9236602832932185e-6
c, 0, 0.0036224038990359635, 4.095395882937776e-5
, 1, 1.857884133662305e-5, 6.774216946079635e-9
p, 0, 0.13010875372706318, 0.07852338559595672
, 1, 0.0030810155779826686, 0.0001432156328281
, 2, 0.0006409216583700855, 7.634343020052699e-5
c, 0, 0.033630457739499846, 0.005432815927854637
, 1, 0.0010016987211435555, 3.01742024414706e-5
p, 0, 0.4263599227629818, 0.5211423748791405
, 1, 0.010260423668483717, 0.0009893171987868004
, 2, 0.0023566930722102282, 0.0006742540207133166
, 3, 0.0009711230273418072, 0.00019529388595120536
, 4, 0.0005877761815002178, 9.467500283070663e-5
c, 0, 0.14116340119325493, 0.04892869866882526
, 1, 0.001074768976784749, 1.719524063430777e-5
p, 0, 0.2017814398185308, 0.141728514598515
, 1, 0.0056184393208029105, 0.0004364319521928553
, 2, 0.0009817441950394454, 0.0001700697310152234
, 3, 0.0005681891378205637, 7.089554430823037e-5
c, 0, 0.03152947670590286, 0.003337302601586611
, 1, 0.0010704824433844075, 2.1561219818322374e-5
p, 0, 0.2525977037288109, 0.22718383643901127
, 1, 0.008507077554347004, 0.00041824450738453246
, 2, 0.0012456455771406253, 0.0002462214941718154
, 3, 0.00038681404478401555, 4.284076224626706e-5
c, 0, 0.03311724888096937, 0.005211135092971792
, 1, 0.0012673258290150653, 1.6246153029355226e-5
p, 0, 0.2937356036633581, 0.24530388353748786
, 1, 0.006766708400597406, 0.0008360308450046234
, 2, 0.0016236954143866247, 0.00042614031791400375
, 3, 0.0008005229075546017, 0.00014576508111683808
, 4, 0.0004854098762881734, 6.451557114746124e-5
c, 0, 0.026186698353948115, 0.0023852760159215032
, 1, 0.0011464671164530757, 1.628549524282596e-5
p, 0, 0.15232628956636313, 0.07586620947771683
, 1, 0.0054321417412107175, 0.0005522368274780685
, 2, 0.0012237793146862939, 0.00028630552373203744
, 3, 0.000464503638168115, 5.18739067402659e-5
c, 0, 0.005358204743734902, 0.000185030650942204
, 1, 0.00045813750535122593, 2.720718132777336e-5
p, 0, 0.06733323051900776, 0.025577346130244857
, 1, 0.0018854864131480423, 1.84641758724362e-5
c, 0, 0.013645308549233189, 0.0017639083387109582
, 1, 0.0005655695954636748, 6.834921531518684e-6
p, 0, 0.08924536564794149, 0.029936593078662456
, 1, 0.0010091997003978447, 1.9109176236291653e-5
c, 0, 0.020576002352362406, 0.0019750822467861713
, 1, 0.00028986073312097405, 1.6256926242203443e-6
p, 0, 0.06414728387709223, 0.0161495811640296
, 1, 0.0019883814488388073, 3.687435501090158e-5
c, 0, 0.007718140798387113, 0.0004795664708043493
, 1, 0.0007455713762568602, 2.4449441145857334e-5
p, 0, 0.1394590854033121, 0.032476742195378154
, 1, 0.0018399067664455647, 3.410132818202781e-5
c, 0, 0.010276362058556905, 0.0007861935381477402
, 1, 0.0013786405101412153, 2.930473961012864e-5
p, 0, 0.0867078868031014, 0.023470797409339512
, 1, 0.002254863496784508, 3.4230259974029964e-5
c, 0, 0.011711355647318301, 0.0008492816710164442
, 1, 0.000868951717423807, 1.3252109799570631e-5
p, 0, 0.07352257091278255, 0.016949146799257322
, 1, 0.0024344114527209398, 0.0001623068558922782
, 2, 0.0006244390011260724, 6.585685901791614e-5
c, 0, 0.008582853442866656, 0.000517219117653153
, 1, 0.0006965947941167626, 1.728540812636365e-5
p, 0, 0.054912614035715256, 0.015401890513872784
, 1, 0.0012565136398264695, 3.415922993486649e-5
c, 0, 0.01824207774567264, 0.0016743616856182144
, 1, 0.0005716820098105083, 6.640199745926243e-6
p, 0, 0.24925249125530388, 0.08196942017128758
, 1, 0.0038547991741397112, 0.00018483285780783728
, 2, 0.0008946066075518036, 2.5746078231638954e-5
c, 0, 0.04989641996058757, 0.010660001645845175
, 1, 0.0008628688469937978, 8.879621638599636e-6
p, 0, 1.7522670067973742, 6.0172197414442365
, 1, 0.02702380012431329, 0.0018471967412688336
, 2, 0.0005941447860146785, 6.229004407765676e-6
c, 0, 0.02825245818739116, 0.003119544000009907
, 1, 0.000311762946361879, 1.534845357784915e-6
p, 0, 0.4680593732739117, 0.32865768161076486
, 1, 0.006446119985752129, 0.00022092986521083624
, 2, 0.0008579453061711854, 3.7329676145842035e-5
c, 0, 0.03313897818183942, 0.004393601071544708
, 1, 0.0012737146164557684, 1.74174616068316e-5
p, 0, 0.35361111870894446, 0.28762318407156184
, 1, 0.005219207623612764, 0.0001167456246437515
, 2, 0.0005345047434772213, 2.1291129657270655e-5
c, 0, 0.017905978020237405, 0.0013250209492093904
, 1, 0.000811362247275054, 9.14114719830007e-6
p, 0, 0.19479592028685114, 0.07667173960857786
, 1, 0.0032633206963129558, 7.056459186145043e-5
c, 0, 0.01260426783916629, 0.0006922453002138638
, 1, 0.000991729791302427, 5.836935549252525e-5
p, 0, 0.08106014840080997, 0.019442656653093346
, 1, 0.0016657011041338872, 3.0859634842446275e-5
c, 0, 0.03086547427915349, 0.001969667052109314
, 1, 0.00029176023438248826, 2.188317468980508e-6
p, 0, 0.058383329392345085, 0.00933680458234867
, 1, 0.001147477135249321, 1.713015066880382e-5
c, 0, 0.012036505786404805, 0.0007423426944365292
, 1, 0.000849723545338225, 1.0871323597878367e-5
p, 0, 0.06818255545517836, 0.01616208912259804
, 1, 0.0008935285813974816, 1.2608907568832517e-5
c, 0, 0.022866310781671794, 0.0011681838983493183
, 1, 0.00026698738165546466, 1.1639368803184513e-6
p, 0, 3.4825491266750386, 24.25075587110885
, 1, 0.07031487255564609, 0.028200211423215243
, 2, 0.0013940659423783332, 1.4177393071463877e-5
c, 0, 0.02243417936717143, 0.0012352352943360559
, 1, 0.00017854904883550228, 4.833722205823e-7
p, 0, 2.3885175327287853, 16.318738278833635
, 1, 0.01628336052099317, 0.0019287620605011884
, 2, 0.0003366074747333786, 1.7500571620073927e-6
c, 0, 0.01361091070758562, 0.0009317191113151699
, 1, 0.0002536558884981832, 1.1644077776317356e-6
p, 0, 0.21461634486664308, 0.06194763082362498
, 1, 0.002850044491133792, 5.84061013836899e-5
c, 0, 0.03584096072338651, 0.003539841845656237
, 1, 0.0011531929652830728, 1.8124624777496257e-5
p, 0, 1.1955654677600545, 2.655762348452223
, 1, 0.01951085789615664, 0.0016570921685120587
, 2, 0.000980334055599176, 1.1446617994056243e-5
c, 0, 0.010718974312429078, 0.00063706669434538
, 1, 0.000656634049068482, 6.0723693634273455e-6
p, 0, 0.7643007306649896, 1.164238267352799
, 1, 0.012094099443385933, 0.0006140132770932533
, 2, 0.0007717902399198601, 1.1924378427503231e-5
c, 0, 0.02019398637516003, 0.0012398414538992125
, 1, 0.0005202940164059703, 5.2179446921462355e-6
p, 0, 0.7605084036582467, 1.0754698559001137
, 1, 0.01166808536946462, 0.0005824091024145604
, 2, 0.00029229504721820545, 5.898241690267749e-7
c, 0, 0.01035153686952696, 0.0010235739669658198
, 1, 0.00011549896707307838, 1.7996249597836536e-7
p, 0, 0.21169833943782065, 0.08375855243077732
, 1, 0.002915429160760874, 5.756086905241083e-5
c, 0, 0.019212828237473077, 0.001460612631847431
, 1, 0.0003748295714208734, 2.9239719926586726e-6
p, 0, 0.19939790414509057, 0.07551098098581334
, 1, 0.0024927944687598213, 3.670043377941628e-5
c, 0, 0.018376062583761166, 0.001172473306930218
, 1, 0.0001793270713086187, 6.838764525530048e-7
p, 0, 1.1591667572572604, 2.9770507733724534
, 1, 0.012332515533655306, 0.002087906573670868
, 2, 0.00019981688051260352, 6.817062390357815e-7
c, 0, 0.018039860637246975, 0.0008548948189532937
, 1, 0.00012152050531351837, 2.75093361130649e-7
p, 0, 0.20362387073695307, 0.057390043824131716
, 1, 0.0041372111603022645, 9.548468600464499e-5
c, 0, 0.0323230446495399, 0.0031473624569206024
, 1, 0.0011556090791188965, 2.6888153459550322e-5
p, 0, 1.7436247083935459, 7.178484772847473
, 1, 0.028394285897800173, 0.003932367689443349
, 2, 0.0005002504196795553, 2.591219425704267e-6
c, 0, 0.026834029826918085, 0.0016252520977099096
, 1, 0.0002465804670508453, 9.188542068933405e-7
p, 0, 0.8195974864318273, 1.3669551345096798
, 1, 0.012760999793814048, 0.0007155225180222329
, 2, 0.0006003574795083771, 7.501285375618344e-6
c, 0, 0.038956629790733215, 0.005545832621304919
, 1, 0.00048352297398024765, 4.122851217072569e-6
p, 0, 1.2948958683791536, 3.574920368755556
, 1, 0.012688513007272566, 0.0017535767794233316
, 2, 0.0006482944994751043, 4.894800734656537e-6
c, 0, 0.0356784971472945, 0.0036038787108831107
, 1, 0.00034314366865845886, 1.8556202487358165e-6
p, 0, 0.1781650244689734, 0.13540137126758542
, 1, 0.0056523323975253255, 0.0007610804312998068
, 2, 0.0022247004323134112, 7.522272643219069e-5
c, 0, 0.04185571794001837, 0.005171984246353523
, 1, 0.0012121999651308149, 1.4195095623606534e-5
p, 0, 0.20431689173933273, 0.144511136904288
, 1, 0.004595462870382631, 0.0005429895109970589
, 2, 0.002073312897542331, 7.166031370867564e-5
c, 0, 0.02278141114397714, 0.0012539053706836442
, 1, 0.0005911469472045791, 4.38934480940447e-6
p, 0, 0.6719732152912784, 0.9564533457950749
, 1, 0.015509810240977993, 0.00192768869905734
, 2, 0.004332196052174503, 0.00019209728553085367
, 3, 0.001544173909264411, 2.5324180020591556e-5
c, 0, 0.020566605168131524, 0.0016107058679873682
, 1, 0.0006672436723870766, 6.345938413578257e-6
p, 0, 0.04493994095798817, 0.013962293777924304
, 1, 0.002133650793484411, 8.60237345315569e-5
c, 0, 0.036036040517698945, 0.0021725687023444957
, 1, 0.0010638707244765132, 1.6464892238146536e-5
p, 0, 0.04765141384747147, 0.007590469017134611
, 1, 0.004116103025535007, 0.0002398115225924201
, 2, 0.002371207656012917, 5.212335013870967e-5
c, 0, 0.021279489889233408, 0.001863187331187704
, 1, 0.0010758212975554126, 1.6906871523137035e-5
p, 0, 0.07487800221078242, 0.030395763694451572
, 1, 0.012304410617825598, 0.002184454441682954
, 2, 0.007501224406644849, 0.0004510508327287793
, 3, 0.003422180521373546, 9.681190768934237e-5
c, 0, 0.031016563432805736, 0.00199288382060336
, 1, 0.0015010586949601374, 2.2815692283537334e-5
p, 0, 0.08552109343829635, 0.020980290229364453
, 1, 0.0073728340196067745, 0.0008250713087826979
, 2, 0.004785993732644359, 0.00019851743051477725
, 3, 0.002401808098155633, 4.795748921143822e-5
c, 0, 0.013916240456627843, 0.0006827921269310624
, 1, 0.001053561581384477, 1.2550549059909661e-5
p, 0, 0.09486943146585962, 0.020660514587665567
, 1, 0.001612833866936971, 2.17152090476386e-5
c, 0, 0.03156168851664782, 0.001646709862119873
, 1, 0.0005448729720827362, 4.1606215667156676e-6
p, 0, 0.04730398694582688, 0.008103105804634698
, 1, 0.0017563590573234185, 4.03189175007404e-5
c, 0, 0.00979982031047457, 0.0005037533823955971
, 1, 0.0011888308433948055, 1.561218227733195e-5
p, 0, 0.03394021128389227, 0.004140105231751151
, 1, 0.0028104129006683203, 0.0001124674450084127
, 2, 0.002068752728751496, 3.920071621327302e-5
c, 0, 0.02722200318007956, 0.0011989857017503467
, 1, 0.001072760876430257, 1.4162295138632632e-5
p, 0, 0.045564981289028694, 0.012352068577908031
, 1, 0.004227381084165674, 0.0003915312813944831
, 2, 0.00404752060209017, 0.00016108602158854986
, 3, 0.0025309085496337856, 5.586799136523626e-5
c, 0, 0.03648348622047299, 0.002147441296229913
, 1, 0.0008856168845347674, 1.7852540767133263e-5
p, 0, 2.7294555853896627, 14.868288961163728
, 1, 0.041158812151642715, 0.013360044374421454
, 2, 0.006818609442440564, 0.0004945894631519144
, 3, 0.003689292463768312, 0.00012972232860588613
, 4, 0.0023556639458841987, 4.262224422843458e-5
c, 0, 0.020931919879282748, 0.0014180734316485664
, 1, 0.0009279850607359103, 1.3849817012654327e-5
p, 0, 0.06802573555012696, 0.024023068420112585
, 1, 0.01631440187482906, 0.0033334599092325868
, 2, 0.012440817155309284, 0.0011886639669952453
, 3, 0.007084232085333675, 0.0004271591697801485
, 4, 0.004673681452033819, 0.00016330071384946816
, 5, 0.0026745542866415326, 6.287128976359676e-5
c, 0, 0.032177134640206384, 0.0018910050605314508
, 1, 0.0009011152246421705, 1.3829980893518092e-5
p, 0, 0.06670840007346611, 0.03328259708130887
, 1, 0.02384062448199116, 0.0063811094248730745
, 2, 0.018132655019975366, 0.0025421307569964947
, 3, 0.010976259886328771, 0.0009121645069584241
, 4, 0.006691490972128789, 0.00033207572722339374
, 5, 0.003955191363529847, 0.000124720401751516
, 6, 0.0025313702124243487, 4.924810582502446e-5
c, 0, 0.011038865763013583, 0.0006397775351409667
, 1, 0.0010027043203450431, 1.8647270110334347e-5
p, 0, 0.05431117080560785, 0.011095202979502719
, 1, 0.004007932979630726, 0.00026670729642206477
, 2, 0.003990571894315224, 0.00010960210047145918
, 3, 0.002270280465331972, 4.354964630699047e-5
c, 0, 0.030058183544385473, 0.0015180476689176676
, 1, 0.0012872338767058852, 2.185749155387866e-5
p, 0, 0.04566961346403594, 0.0106710813497743
, 1, 0.00388994756483407, 0.0003315598888869846
, 2, 0.004497672989364348, 0.0001569082285574269
, 3, 0.0028851983543638077, 5.70426919550256e-5
c, 0, 0.030178005431950455, 0.0019424030861561069
, 1, 0.0008733728720227703, 1.843281095319144e-5
p, 0, 0.07688439462187974, 0.021099821644903566
, 1, 0.0024639600830359096, 0.00016161573131278002
, 2, 0.0033551413954585802, 8.728625804393305e-5
c, 0, 0.019387699929501425, 0.0010909669944270742
, 1, 0.001832202403912629, 3.357102554629318e-5
p, 0, 0.04151085363732758, 0.01651748814803637
, 1, 0.01165296745980489, 0.001473474456066924
, 2, 0.009626240834311614, 0.0007093676513352502
, 3, 0.0064105306857835855, 0.00026193499080522954
, 4, 0.0035979000426959924, 0.00010597298727894541
, 5, 0.0021680126410297995, 3.6403310148667664e-5
c, 0, 0.01384565794788203, 0.0007951717849597845
, 1, 0.0004321442647466616, 4.607493455289203e-6
p, 0, 0.04716829049450435, 0.01016705876765511
, 1, 0.008189965434446594, 0.0007630271590871506
, 2, 0.006299502070145091, 0.0003299227865664352
, 3, 0.004397701885809295, 0.000114878479669253
, 4, 0.0022687749109470915, 4.233753756743234e-5
c, 0, 0.019901966080118873, 0.0011751875087828978
, 1, 0.0010229854023683493, 2.0533865244182842e-5
p, 0, 0.4744239698232604, 0.4516359705674678
, 1, 0.006533419059213849, 0.0003262390426768509
, 2, 0.0013624565808883736, 2.730904734605784e-5
c, 0, 0.016059867076728813, 0.0008671993338742192
, 1, 0.0005108415925816929, 4.426851717756307e-6
p, 0, 0.01750251336475369, 0.002480143702786124
, 1, 0.0004303015042152969, 6.6012945364625675e-6
c, 0, 0.01434494574387055, 0.0007054804403227168
, 1, 0.0005280899604722491, 6.28254236794019e-6
p, 0, 0.03678113729126523, 0.005061203051431654
, 1, 0.0005035104959136821, 4.053197713969207e-6
c, 0, 0.017860459110059672, 0.000737399766413294
, 1, 0.00037931168496930655, 2.4464747894116924e-6
p, 0, 0.031736485721408116, 0.0050891704442239255
, 1, 0.0031550497016875605, 0.00013200115807135486
, 2, 0.002665277209206513, 6.776127373049002e-5
c, 0, 0.016164044485639396, 0.0010857129359608045
, 1, 0.001614442208635638, 3.576672567437545e-5
p, 0, 0.05127702450085465, 0.01274635702601816
, 1, 0.00064967292335171, 1.1344291094211952e-5
c, 0, 0.015934545454519406, 0.0008444204517145074
, 1, 0.0005962365395677142, 5.832478761064087e-6
p, 0, 0.03788486979198758, 0.005818372694975069
, 1, 0.002105094489606015, 8.249345627537848e-5
c, 0, 0.007960170143256569, 0.0008573214940198231
, 1, 0.001751729779020703, 4.547926046427172e-5
p, 0, 0.06227060593528917, 0.01585395030896149
, 1, 0.0008630270171550472, 1.9628377427686726e-5
c, 0, 0.015684187225791412, 0.0016271980023353741
, 1, 0.00022688321018705365, 8.513028109073265e-7
p, 0, 3.0510057688703456, 18.599120689041353
, 1, 0.04109257995893829, 0.012604997358239948
, 2, 0.002434005661867527, 9.758553290950382e-5
c, 0, 0.011969752418103266, 0.0014332454320114673
, 1, 0.0012598573490394769, 4.215817019462475e-5
p, 0, 0.7948137315991275, 1.3090559670812787
, 1, 0.008999996936686173, 0.0009263891636704841
, 2, 0.0023461150218753914, 0.00013790020873239548
, 3, 0.0013736885048212964, 4.935370073125543e-5
c, 0, 0.020593196911345892, 0.001921527155127672
, 1, 0.0008408131195487176, 1.900269789187849e-5
p, 0, 0.5793839899739506, 0.6921357931031351
, 1, 0.006304294081150291, 0.0003137540330426244
, 2, 0.0005714186729673694, 6.7838408613236115e-6
c, 0, 0.016199472967729535, 0.001580746394233623
, 1, 0.0005647323999670828, 4.8201525201149565e-6
p, 0, 0.07010900949959108, 0.024284092016880345
, 1, 0.0017236270426348752, 5.5416563922298485e-5
c, 0, 0.025083603445580555, 0.002359771062262241
, 1, 0.0009944936706973492, 3.3888422959060555e-5
p, 0, 0.14941225408935163, 0.07659463334886103
, 1, 0.005469806147061789, 0.00032784100645300414
, 2, 0.002461925082957587, 9.75912307790856e-5
c, 0, 0.015788309523526917, 0.002187741676112293
, 1, 0.001568439125672288, 4.478592182476226e-5
p, 0, 9.140168649395662, 167.29352558703292
, 1, 0.10326758667610035, 0.07772654982733515
, 2, 0.0017696011922155583, 3.475169553709747e-5
c, 0, 0.03067139275477163, 0.004467657119425476
, 1, 0.0004477549492578352, 5.421293460616775e-6
p, 0, 0.1206598081348272, 0.08650916842014515
, 1, 0.005430414041789591, 0.0014112806803489295
, 2, 0.0034780534455743192, 0.00034041498490925174
, 3, 0.0020118516759734736, 9.753088656660066e-5
c, 0, 0.02239376298024208, 0.0030823852545416234
, 1, 0.001040731256943022, 3.0054924411062353e-5
p, 0, 0.12322613360116148, 0.08515053556335754
, 1, 0.004482187572438531, 0.000865487477113361
, 2, 0.0030586173577822665, 0.00023300380497066312
, 3, 0.0015344684919214567, 5.48845799369079e-5
c, 0, 0.014162656198827185, 0.0012708469772486546
, 1, 0.0009570196087417099, 1.8024549870561816e-5
p, 0, 95.55801611108764, 18264.391878385355
, 1, 2.034784734720899, 24.19222907616634
, 2, 0.0236524620576549, 0.005767769168005162
, 3, 0.0019337059873804291, 8.216170493273335e-5
c, 0, 0.019926856359164326, 0.001695623059127881
, 1, 0.0008937154612729945, 2.1224724264161413e-5
p, 0, 0.958410778112636, 1.8544836867793306
, 1, 0.009921526370475426, 0.0011494579080713523
, 2, 0.0014981802841792587, 6.944101102247661e-5
c, 0, 0.01225745552808312, 0.001189093574305993
, 1, 0.0004929432686712207, 1.2477551103253892e-5
p, 0, 0.13397438138684745, 0.057183746590940866
, 1, 0.0015531701165178633, 4.741557020347723e-5
c, 0, 0.019737007159923894, 0.0013353952152108976
, 1, 0.00040374243283209694, 3.3972220496635822e-6
p, 0, 0.11767499960925157, 0.04160905750609773
, 1, 0.0018853215649413078, 4.786262406721588e-5
c, 0, 0.011405233328342573, 0.000798369847768753
, 1, 0.00029551440413456477, 2.30656643277812e-6
p, 0, 0.12463280139633102, 0.039327195800791526
, 1, 0.0020305959833904954, 4.138436659577181e-5
c, 0, 0.008284237738820562, 0.00045994688682301317
, 1, 0.000554632586701223, 8.382540678345171e-6
p, 0, 0.059205701906558966, 0.021917162281427163
, 1, 0.0009166225482374549, 4.483852604844727e-5
c, 0, 0.00839273021182796, 0.000582025444710809
, 1, 0.0005527263189676797, 7.44688878230984e-6
p, 0, 0.24931582995830504, 0.1317898864139661
, 1, 0.002797846523789596, 6.725284818748056e-5
c, 0, 0.006077041875872005, 0.00044281201973217987
, 1, 0.0004769865870519255, 6.702076991001661e-6
p, 0, 0.03638975959627509, 0.015581842151949243
, 1, 0.000978070337359086, 4.3833192600283756e-5
c, 0, 0.006681737900639167, 0.00042893445085996396
, 1, 0.000503717705673516, 8.2699729425618e-6
p, 0, 0.050301560357913645, 0.02347039151281074
, 1, 0.0030787184594500677, 0.0002510155381853151
, 2, 0.0011716243028268042, 8.118181817926016e-5
c, 0, 0.011035398641713509, 0.0007798315101610962
, 1, 0.00085680677089167, 2.46599565679671e-5
p, 0, 0.08368791234907191, 0.0387742234838665
, 1, 0.0013930423933466057, 5.925928852745152e-5
c, 0, 0.010998613041121662, 0.0005862491377109898
, 1, 0.0006462052245983816, 1.6285459191127123e-5
p, 0, 2.5329954723992816, 12.912299689346305
, 1, 0.038966143773213106, 0.02345600174027472
, 2, 0.0016899324224847266, 6.345912710611237e-5
c, 0, 0.006698199089423956, 0.0005065864037577713
, 1, 0.0006442242434860112, 2.73589249323988e-5
p, 0, 0.9059597833485237, 1.9022646095039721
, 1, 0.013180145305454555, 0.0017642324991656775
, 2, 0.0020307478955377406, 0.00015390431410257648
, 3, 0.0009574167069163496, 4.513038304365285e-5
c, 0, 0.005357408495949806, 0.0002859772017609345
, 1, 0.0004103517679365573, 9.23513199032593e-6
p, 0, 1.0042990944696544, 2.1419124765863407
, 1, 0.012510003071885299, 0.0016309016499234383
, 2, 0.003947123388525805, 0.00023063838658609424
, 3, 0.0012524891331988572, 4.81194790960843e-5
c, 0, 0.012313451169383842, 0.0012081253307299152
, 1, 0.0005504787599621205, 9.54516550841364e-6
p, 0, 1.5967090927472258, 5.114296614243718
, 1, 0.019885351129803053, 0.0029746438696389202
, 2, 0.0018299258646881519, 3.2086343347303365e-5
c, 0, 0.022542857475830964, 0.0044138053127146795
, 1, 0.0008366016665417827, 1.9803385671673268e-5
p, 0, 187.0814504318461, 69998.4661552722
, 1, 3.3512690737262507, 79.27527314257019
, 2, 0.06669190007022181, 0.04010322070568196
, 3, 0.016954290962018618, 0.012140476609008381
, 4, 0.005768677056052147, 0.002042097952175406
, 5, 0.0024455937768792383, 0.00033448286316724887
, 6, 0.0009475739986981016, 5.518794299613182e-5
c, 0, 0.030253728532742063, 0.006162306274515975
, 1, 0.0008740249958739403, 2.067375701492013e-5
p, 0, 0.15127468470242061, 0.17988638173503174
, 1, 0.005685273134125533, 0.0006902075931153834
, 2, 0.0010659992214632425, 0.0001014077541642475
, 3, 0.00048147272621690447, 2.7714270253942275e-5
c, 0, 0.015613881731277968, 0.0018379258025743436
, 1, 0.0005245980008087986, 1.0881929133652445e-5
p, 0, 0.08047745972002829, 0.07964436294159637
, 1, 0.015381787869224506, 0.008247920328203559
, 2, 0.005949263837549205, 0.0015874421504953767
, 3, 0.002515735608567106, 0.00029174434168356494
, 4, 0.0011104650840724865, 5.8183659263973886e-5
c, 0, 0.02359886298454217, 0.003144762917693504
, 1, 0.0009029095288667392, 1.0130088905143358e-5
p, 0, 0.11831236853195604, 0.12769539999784843
, 1, 0.007181135603748558, 0.0017203191006129781
, 2, 0.0030810853776439343, 0.00030926063954140584
, 3, 0.000988082700041765, 4.8517860441789254e-5
c, 0, 0.006395769407380476, 0.00033836397185045927
, 1, 0.0005077481430786707, 1.0102766624761556e-5
p, 0, 0.24323040451567635, 0.13364881970252693
, 1, 0.0031292955245923694, 9.778474878338352e-5
c, 0, 0.004490599838605974, 0.00027978116001776737
, 1, 0.0012125015824912618, 3.7793375035401466e-5
p, 0, 0.9945917047388928, 2.360913434982314
, 1, 0.008502809839044653, 0.0008175608225083469
, 2, 0.0009733291605654691, 1.807300676875769e-5
c, 0, 0.007654141824795533, 0.00039344657503041937
, 1, 0.00042598534815553666, 8.372514113761426e-6
p, 0, 0.21048291846287928, 0.11852208390811067
, 1, 0.004362604002481521, 0.00024611592081200405
, 2, 0.0012826227520337326, 4.826653101000665e-5
c, 0, 0.01151173268422206, 0.0006295412491244479
, 1, 0.0004892188486760427, 9.099521656154929e-6
p, 0, 0.0324677057315162, 0.017724587289921958
, 1, 0.0033058496728409843, 0.0003140122565816795
, 2, 0.0015875418328502805, 6.256637015818886e-5
c, 0, 0.016397222917515063, 0.0012958703015097206
, 1, 0.0007737938755030319, 1.2944345880246795e-5
p, 0, 0.07176416165676393, 0.02424273478731219
, 1, 0.00350587398969256, 0.000489153322235541
, 2, 0.002233055919451902, 0.00010872913138014406
, 3, 0.0010177686669018537, 2.330400867159726e-5
c, 0, 0.04209870502020648, 0.004399858846118986
, 1, 0.0005192782939349087, 4.886394219192599e-6
p, 0, 0.10272500986999325, 0.10553420181326695
, 1, 0.009080666488086059, 0.0023079868496371134
, 2, 0.004375881048348753, 0.0006039533044849095
, 3, 0.0021837670903287467, 0.0001439002253171602
, 4, 0.0008560871022769731, 2.511254751088182e-5
c, 0, 0.039157317939878665, 0.0029978107071044224
, 1, 0.0003739827419964293, 3.340963161116028e-6
p, 0, 0.35499449628829854, 0.32163846329190554
, 1, 0.0057106639848481175, 0.00048292585680986995
, 2, 0.0012575256487879077, 4.808246243026656e-5
c, 0, 0.008318769502024636, 0.0008355333397167166
, 1, 0.0005712984537661835, 1.4925488534924625e-5
p, 0, 0.2044107264194599, 0.12128104956270788
, 1, 0.0028598940507352424, 0.00018271474896610474
, 2, 0.0005853134796972265, 2.3396011627489432e-5
c, 0, 0.017345866366679237, 0.0008317517653893752
, 1, 0.0004683871784497255, 5.26699229143587e-6
p, 0, 0.03456608676203634, 0.013746722653410683
, 1, 0.0043275810364285395, 0.0001927814606714705
, 2, 0.001263349013599863, 4.074463641948608e-5
c, 0, 0.008630143593563962, 0.0005144502086485576
, 1, 0.0004921326220483233, 6.659961342312367e-6
p, 0, 0.04259165481953268, 0.01330594176028303
, 1, 0.0015187937835586627, 7.131138387411523e-5
c, 0, 0.003675582719672887, 0.00021792562245859324
, 1, 0.0007236893971618236, 2.3208684594482013e-5
p, 0, 0.02421133667367452, 0.0057887487922629825
, 1, 0.0011796127154532678, 6.630964931683526e-5
c, 0, 0.011617400536274249, 0.0005569272990656644
, 1, 0.0005655070093682411, 1.3096307452859041e-5
p, 0, 0.1772544837984281, 0.07999008293718508
, 1, 0.0024162853768909254, 8.781348456858459e-5
c, 0, 0.01620959639080918, 0.001027533801231053
, 1, 0.0004464550476902014, 8.523319896179717e-6
p, 0, 475.9976210482963, 453162.9049398177
, 1, 6.838289565432694, 439.6065361287885
, 2, 0.11817233026772443, 0.2507116072723856
, 3, 0.018664860673448226, 0.01095485958987711
, 4, 0.005420824615970252, 0.0008809348804966453
, 5, 0.0014059488701054605, 7.632475611764335e-5
c, 0, 0.010308612250812699, 0.0010276646210942173
, 1, 0.0011298541432313708, 2.9110296355182044e-5
p, 0, 0.058434756126705234, 0.02093923814262101
, 1, 0.0008014835463273791, 2.631210920952433e-5
c, 0, 0.020321466247928847, 0.0011727655926578638
, 1, 0.0002838789851393001, 2.028585097315561e-6
p, 0, 0.0564555081754185, 0.013976339990293345
, 1, 0.0005454831899165957, 9.380402591109086e-6
c, 0, 0.010224632353249536, 0.0009189741963265929
, 1, 0.0004076784493610657, 4.8902964086807825e-6
p, 0, 0.0534284854514114, 0.0251768289801639
, 1, 0.0012633580822879308, 2.1945305005175986e-5
c, 0, 0.01388687805527678, 0.000989334974625564
, 1, 0.00023833369077862256, 1.3485501467622006e-6
p, 0, 0.047203776835998135, 0.012462509139490553
, 1, 0.0004046847593801546, 6.780167200555689e-6
c, 0, 0.011549066955021592, 0.0006440127628444151
, 1, 0.00015892881544818602, 3.377045874045278e-7
p, 0, 0.03090596452655642, 0.007574326563271045
, 1, 0.0005105296138486375, 7.266409241228465e-6
c, 0, 0.010381654488497292, 0.0006093600746874469
, 1, 0.00013432774283457776, 5.71319214707682e-7
p, 0, 0.5957854284095252, 0.7822364906685633
, 1, 0.007935788276742257, 0.0005781315116696371
, 2, 0.00015393099561027045, 4.425906082443148e-7
c, 0, 0.017524067011043233, 0.0007889282448911882
, 1, 9.977383544760934e-5, 2.3669609713223801e-7
p, 0, 5.6940254444838825, 64.8783067652037
, 1, 0.08388499253811849, 0.05082481558996653
, 2, 0.0010761079877356925, 1.6528073275094998e-5
c, 0, 0.009578242739838745, 0.0004969432056298061
, 1, 0.00013724059195635634, 7.68669240112709e-7
p, 0, 0.703350224405368, 1.110566421720917
, 1, 0.008223074938322531, 0.0004994138650508635
, 2, 0.00021828738368293054, 8.551793009271238e-7
c, 0, 0.008663971089263457, 0.0005842060787765021
, 1, 0.00010937635177398146, 2.863211286441235e-7
p, 0, 0.05959881487593912, 0.015327050277562626
, 1, 0.0020038572945251507, 0.00010966650404953692
, 2, 0.00014105094361717063, 7.43813736269277e-7
c, 0, 0.011390954384296789, 0.0004887828315346587
, 1, 0.00010975165831259492, 2.2376214579635273e-7
p, 0, 0.03657271944233429, 0.0056215596421698545
, 1, 0.0005636360276770954, 1.0009125905231895e-5
c, 0, 0.007541789933409953, 0.000459635172117601
, 1, 0.00010406533405508501, 2.669579726118684e-7
p, 0, 0.20216394881923436, 0.08987783433209336
, 1, 0.0024100973320112917, 4.870662520140677e-5
c, 0, 0.009007590172849248, 0.0005213117460931755
, 1, 0.00019793579709326988, 7.906513288637396e-7
p, 0, 0.03238270659115183, 0.011650061997013624
, 1, 0.0016189177473895388, 6.248922318526545e-5
c, 0, 0.009924739359944862, 0.000572204828428536
, 1, 0.00029262088251149384, 4.743854592530985e-6
p, 0, 0.9800207057770941, 1.96680841849873
, 1, 0.015198685416151296, 0.001846135489289369
, 2, 0.0021352779647205106, 7.719735132992671e-5
c, 0, 0.018188118976500495, 0.0010347579637857965
, 1, 0.0008218267650187106, 1.4428769346667983e-5
p, 0, 0.14876958295261505, 0.08543748181228004
, 1, 0.006005375638051497, 0.0007518420450141692
, 2, 0.002763659611261201, 0.0001534005892604425
, 3, 0.0011288084865183345, 3.1992165622945285e-5
c, 0, 0.009188429453400827, 0.0005556068204816696
, 1, 0.0005842033902456705, 9.320457632030898e-6
p, 0, 2.734707479640467, 14.947159008479435
, 1, 0.025490409751864146, 0.007631806977887376
, 2, 0.00036900856854712115, 5.385006254600413e-6
c, 0, 0.009298804605277334, 0.0005492054230710982
, 1, 0.0001384464597986316, 9.152232926289778e-7
p, 0, 0.4151321112210623, 0.3685179246804749
, 1, 0.00863766740924675, 0.0006306059299537205
, 2, 0.000981791879254186, 2.5735781157361757e-5
c, 0, 0.011786210293172074, 0.0006698121818949646
, 1, 0.00033616267757598716, 5.079539676176113e-6
p, 0, 0.06417987324232703, 0.016184874513977154
, 1, 0.001873431224635656, 9.252177134105614e-5
c, 0, 0.007973825513732543, 0.0007012584161034138
, 1, 0.0008072261100792018, 2.0375640767438272e-5
p, 0, 0.15051610164203408, 0.08706932255083806
, 1, 0.0025129953882218007, 0.00010500880977795841
, 2, 0.0006851182469569872, 1.204887012220208e-5
c, 0, 0.009043699200430827, 0.0004005879570698355
, 1, 0.0002701798944041696, 2.838092387853049e-6
p, 0, 3.5125346023397372, 24.692427597585585
, 1, 0.039298955486917024, 0.017693503416860455
, 2, 0.0006162829396554508, 8.113188114117384e-6
c, 0, 0.008110586303284546, 0.0005288945124055469
, 1, 0.00018977708502632693, 1.9483224744364914e-6
p, 0, 0.05076086408438959, 0.00905824475074984
, 1, 0.0003269795405749223, 4.5551323765176645e-6
c, 0, 0.007592679208974392, 0.00047200215289617306
, 1, 0.00014380549953623884, 8.053170965380999e-7
p, 0, 0.7995182225994936, 1.3031657445737048
, 1, 0.016121169447709312, 0.0019774546011681986
, 2, 0.003129230596422379, 0.00020194221707490838
, 3, 0.0010718914667972223, 3.778934370469871e-5
c, 0, 0.007090504808933541, 0.0005220088753130633
, 1, 0.0006496572264122567, 7.717357356464994e-6
p, 0, 0.8383976600609846, 1.253814529507559
, 1, 0.016257005227422953, 0.002240873067181655
, 2, 0.0023097774117599246, 0.0001335252725413929
, 3, 0.0007014450351238484, 2.0855580937367354e-5
c, 0, 0.008337116823230734, 0.0003890097352154331
, 1, 0.0003768543404388047, 3.916779798063352e-6
p, 0, 0.30625689590523714, 0.20038079428056182
, 1, 0.0033324172497407375, 0.00017537611755274348
, 2, 0.0008423921605966124, 2.1554155702337583e-5
c, 0, 0.0068809629343202705, 0.0004009965499680941
, 1, 0.0003125997615386919, 3.7199993806820545e-6
p, 0, 0.06501290134477973, 0.011916098789194557
, 1, 0.0013007993153796888, 2.5906896250971885e-5
c, 0, 0.0076327970301154, 0.00039951040130709
, 1, 0.0003458709387369088, 4.287812032187824e-6
p, 0, 0.02503619901870488, 0.0031197019798475736
, 1, 0.0005476377698861091, 9.297107646688998e-6
c, 0, 0.00472587403345746, 0.00035482600622860756
, 1, 0.00015491612231270047, 1.0941873429906206e-6
p, 0, 4.839555829779484, 46.87014299652051
, 1, 0.04672381218644136, 0.0280044112092189
, 2, 0.0011088239633797704, 3.467494015432757e-5
c, 0, 0.006098923275130594, 0.0004401901998114789
, 1, 0.0005309074394245559, 9.184568797222398e-6
p, 0, 0.061430316633521984, 0.014786619075679363
, 1, 0.0013231301375445739, 2.2403786308087166e-5
c, 0, 0.0048379808582424124, 0.0002767693774491024
, 1, 8.595815174105866e-5, 3.279459626263942e-7
p, 0, 0.0379676429533245, 0.008978675903701293
, 1, 0.002042564473811942, 0.00012934435391687632
, 2, 0.0010913113361439085, 2.982212551129408e-5
c, 0, 0.0061023319538067835, 0.0003867849094523675
, 1, 0.00043265322080737994, 6.784895026706129e-6
p, 0, 0.12876906711201042, 0.04003958753732879
, 1, 0.0033191564029173334, 0.0001233432301205752
, 2, 0.0009418050008463697, 2.4013093909186852e-5
c, 0, 0.006884885944443173, 0.00041530667668901634
, 1, 0.0003241238036036664, 5.4887345283091776e-6
p, 0, 14.006931034005095, 394.20416831930004
, 1, 0.14994671096547244, 0.1623514885062473
, 2, 0.003181171212788412, 0.00010849535129034268
, 3, 0.0002435421526041091, 2.5343550969993824e-6
c, 0, 0.008005288222539757, 0.00036124966561095135
, 1, 0.0001062281514522877, 4.480423002656409e-7
p, 0, 0.15357217394426623, 0.08544630994742997
, 1, 0.0025902391597261453, 0.00012577780837295168
, 2, 0.0006390534599940971, 1.3180919127275675e-5
c, 0, 0.00893976418942951, 0.0005548726047939203
, 1, 0.0003284139639256555, 4.490527795184483e-6
p, 0, 45.14508393498148, 4075.7952497689594
, 1, 0.7945816070897976, 4.302090095349468
, 2, 0.02240474981533701, 0.008341999301940848
, 3, 0.0038850553935759003, 0.0004991694281065262
, 4, 0.0010577018682127188, 3.575620538799355e-5
c, 0, 0.006988175901048227, 0.00033893804540472707
, 1, 0.0003908331946189886, 5.5732177403726266e-6
p, 0, 0.2480736365041215, 0.1646025818200539
, 1, 0.006179047628061249, 0.0002546536717788207
, 2, 0.0007739625028021389, 2.1066762647205426e-5
c, 0, 0.005874416293563424, 0.0002855966876834133
, 1, 0.00036805588935062347, 5.653455963578453e-6
p, 0, 0.08251001673011576, 0.015059512068296258
, 1, 0.002112944046655684, 6.906368323878674e-5
c, 0, 0.008935124339816702, 0.0004441218575157108
, 1, 0.0010076850555083455, 2.0786915031497303e-5
p, 0, 0.021508045969462326, 0.004405668528981761
, 1, 0.0009533758853825458, 3.9718614473968115e-5
c, 0, 0.003502964175430938, 0.00018858451683491254
, 1, 0.0007131202861127447, 1.3519384798723817e-5
p, 0, 0.1300026657819294, 0.07898864163647612
, 1, 0.005075025831976362, 0.0010483837488170528
, 2, 0.0033023177083604666, 0.00026115529252910516
, 3, 0.0016743579803719685, 7.353065900235442e-5
c, 0, 0.007640286913210951, 0.0006845463636754802
, 1, 0.0008302538396726831, 2.1525636070927816e-5
p, 0, 1.7524422112956686, 6.17291507458971
, 1, 0.029745226338379074, 0.006891193582722517
, 2, 0.001954333791655212, 0.00012659094857185905
, 3, 0.0009278837968699745, 2.633214853545213e-5
c, 0, 0.012827170841228318, 0.0008509254775387978
, 1, 0.00043997419251372196, 5.776362338236806e-6
p, 0, 0.07162518900389604, 0.03272577382925321
, 1, 0.0055920005259295314, 0.0008091546422575675
, 2, 0.002743703712193799, 0.00022046295584232986
, 3, 0.0013719381676817917, 5.801813410166104e-5
c, 0, 0.009366205032347039, 0.0007501364095448891
, 1, 0.000728015505918792, 1.6301134991646786e-5
p, 0, 0.02961987276175794, 0.014287200576030643
, 1, 0.0018695067085732634, 0.0001627331103132636
, 2, 0.0012498717188273035, 4.302799512765725e-5
c, 0, 0.012397566910455267, 0.0010778488839201911
, 1, 0.0005189490153243712, 1.0728828871179681e-5
p, 0, 0.04596772745055537, 0.024157248751258045
, 1, 0.004278691600873663, 0.0006817032511876529
, 2, 0.002703123918111829, 0.00022570728619737777
, 3, 0.0015500019263230854, 6.632876371001148e-5
c, 0, 0.010089613785449366, 0.0005159375323232102
, 1, 0.0006738066203248692, 1.7025926229751985e-5
p, 0, 0.05152283943214374, 0.03477925632668146
, 1, 0.0016082445655573202, 0.00014264378013677958
, 2, 0.0011939965510639502, 5.6443663198836405e-5
c, 0, 0.0071561571780693126, 0.0006020659134194187
, 1, 0.0005796770774709441, 1.5855570162639236e-5
p, 0, 0.033378775513090424, 0.014721780993579167
, 1, 0.0020229012045115853, 0.00021996314083137
, 2, 0.0011818300131039771, 5.257267634680977e-5
c, 0, 0.0065872096388364075, 0.00043406488172260867
, 1, 0.0005710866006682883, 1.2641170857296447e-5
p, 0, 11.984314582434045, 287.22502410003426
, 1, 0.13764838265347437, 0.13599916475109797
, 2, 0.0025831103653722034, 9.052235000754596e-5
c, 0, 0.005539514461289269, 0.00034348483218494527
, 1, 0.0003341543718800381, 8.927357566983071e-6
p, 0, 0.03736558796203312, 0.010886652684760445
, 1, 0.00160439605091453, 0.00010982722201971766
, 2, 0.0010502443448566696, 3.6369025175882555e-5
c, 0, 0.005600944941851767, 0.0002928216936562033
, 1, 0.0004939486744496065, 9.893744998136324e-6
p, 0, 0.33272296549567854, 0.21981856164417057
, 1, 0.005173223629860506, 0.00019291827341796547
, 2, 0.00015054260632134804, 3.9097960670131853e-7
c, 0, 0.005404217943689256, 0.0002970552717008267
, 1, 7.244891999231667e-5, 1.8007569974964875e-7
p, 0, 0.0468500380940509, 0.005253617734690129
, 1, 0.0014129385589117126, 1.8179894938030028e-5
c, 0, 0.005775711986775105, 0.00021822069178945036
, 1, 0.00018502115449409731, 1.5949784361144694e-6
p, 0, 0.028919106560877504, 0.0026255842589773997
, 1, 0.0006752390479002388, 5.938205764095848e-6
c, 0, 0.006366087976498962, 0.0002314386434591217
, 1, 0.00018008537190582175, 9.89516938671597e-7
p, 0, 0.026315408815166676, 0.002727936589810626
, 1, 0.0008603788518477971, 1.3785008811074487e-5
c, 0, 0.005073786248292001, 0.00020819052867969017
, 1, 0.0003274651244882952, 4.783417254804801e-6
p, 0, 0.14601272017929878, 0.04785572396653005
, 1, 0.0015509919354797764, 2.748938870467322e-5
c, 0, 0.005654746879233609, 0.0003231694958407275
, 1, 0.00026691223791336393, 3.3522398642000197e-6
p, 0, 0.6205333260941842, 0.846277515500604
, 1, 0.012337159402085447, 0.001443822460195471
, 2, 0.00038915256214889187, 6.70423840992416e-6
c, 0, 0.0068079025517770704, 0.0004381008546741011
, 1, 0.0001862144221373266, 6.971828008750974e-7
p, 0, 0.07919539376546114, 0.01869132537832547
, 1, 0.001923398692828338, 7.291035321307132e-5
c, 0, 0.004882525910428171, 0.0002864317142235921
, 1, 0.0005429496386847707, 8.98510470641442e-6
p, 0, 0.410906611038114, 0.3572663249212452
, 1, 0.004110450114869345, 0.00013345659435601366
, 2, 0.00031445400592914783, 3.593241524640428e-6
c, 0, 0.005419594250891606, 0.0001841972382489054
, 1, 0.00018214705936484726, 9.527002918502201e-7
p, 0, 2.0006169118145993, 7.9854933925962195
, 1, 0.02734341687785603, 0.007059500244036707
, 2, 0.0008716317127170151, 1.685794562250496e-5
c, 0, 0.005753994660926812, 0.0002701482097698317
, 1, 0.000245671136450662, 1.8409760832310634e-6
p, 0, 0.020840055480892124, 0.004554781311608971
, 1, 0.0007177972855392032, 1.9806320943946332e-5
c, 0, 0.0074866606335074835, 0.0004071158072297097
, 1, 0.0003823579349847891, 4.984252140627905e-6
p, 0, 0.5169550848848898, 0.5362722357168732
, 1, 0.005143878358880037, 0.00037574556941959186
, 2, 0.0009593888991051342, 3.517218364890962e-5
c, 0, 0.00825705688649091, 0.0002650701254075889
, 1, 0.0004963490476319016, 7.369159468966666e-6
p, 0, 0.04155676874016416, 0.009442894243550682
, 1, 0.001393729817975324, 5.506188134186729e-5
c, 0, 0.005094087496883646, 0.00026370974424241866
, 1, 0.0004482892086761003, 8.742162409340173e-6
p, 0, 0.026971672886122896, 0.012660787347583963
, 1, 0.0024820008674844114, 0.0001764658473047917
, 2, 0.0012443029837648555, 3.752767624244811e-5
c, 0, 0.004728493842107878, 0.00024306943894615747
, 1, 0.0005425928705478362, 7.844872802389737e-6
p, 0, 0.23037057779173056, 0.11497084294990592
, 1, 0.004728484431731847, 0.00023747836353468535
, 2, 0.0011437154675531982, 2.7426281185501035e-5
c, 0, 0.003013088620002116, 0.00016636397300065622
, 1, 0.0004650903068635932, 6.046137991480951e-6
p, 0, 1.7474707721024834, 6.107798445746281
, 1, 0.020759792664914924, 0.0031580506384997617
, 2, 0.00041463969713850774, 1.976031314255683e-6
c, 0, 0.0032259839378278752, 0.00018210897744028518
, 1, 0.0001864823237747227, 7.554761630953646e-7
p, 0, 0.14849291093654438, 0.06808083634298173
, 1, 0.002149828188285511, 7.456663900102518e-5
c, 0, 0.005185966293715776, 0.0002686935678917196
, 1, 0.0004577106586308407, 8.104681186459702e-6
p, 0, 0.04074702261603028, 0.010576276449112566
, 1, 0.0018287017350483862, 7.466711767824719e-5
c, 0, 0.0064966786984559525, 0.0002500308786813713
, 1, 0.0006748788975557415, 1.3506346624759195e-5
p, 0, 0.05215295857456747, 0.013141685544668023
, 1, 0.000981688913156494, 3.218169739722926e-5
c, 0, 0.005880538764991461, 0.0002330572957170204
, 1, 0.0001673682520402681, 1.2681389049221496e-6
p, 0, 0.10745932099244822, 0.028076928444042918
, 1, 0.002889840339146462, 0.00010823162279425298
, 2, 0.0010286175591271535, 2.0546756500509127e-5
c, 0, 0.003959805485252209, 0.00014379303893358994
, 1, 0.00035338092079220576, 5.160489532441017e-6
p, 0, 0.08568390872450135, 0.020331179328239874
, 1, 0.0014169585715575344, 3.6814051282144496e-5
c, 0, 0.005246054128673715, 0.00022031763059682377
, 1, 0.0007608090615740665, 1.3250334940779002e-5
p, 0, 0.659163859318873, 1.2279050656590615
, 1, 0.00992463874100631, 0.0009297811456531644
, 2, 0.0004324877227981757, 3.976869144999661e-6
c, 0, 0.005129750181257015, 0.00017312364856852594
, 1, 0.00027647776087674417, 2.112124020400359e-6
p, 0, 0.045344198388946426, 0.010314055648882908
, 1, 0.0029697845488176043, 0.0002916659688691551
, 2, 0.0021971482998536266, 9.383790470048493e-5
c, 0, 0.004638199422056632, 0.0002617559174004647
, 1, 0.0011005800362690272, 2.64513521999358e-5
p, 0, 0.2309934912216966, 0.11271424684074413
, 1, 0.0036734452846925343, 0.00013104288172196537
, 2, 0.0005829565248430782, 9.003405084680936e-6
c, 0, 0.006378538316926549, 0.00021046224211348656
, 1, 0.00025681740524533274, 2.2866711086038213e-6
p, 0, 0.0395914899377637, 0.006668670979816105
, 1, 0.002040955623176942, 0.00017348330709038783
, 2, 0.0016123002031018278, 6.286201238366902e-5
c, 0, 0.00645208188388163, 0.00018765646462947142
, 1, 0.0007627756201633748, 1.990716125787567e-5
p, 0, 0.05912091083286494, 0.01102685574943167
, 1, 0.0029477098533792537, 0.000281745835865307
, 2, 0.0020761038382219365, 0.0001064756568181686
, 3, 0.0011713799064213197, 2.8522054187134552e-5
c, 0, 0.0038256963586112656, 0.00017931850339174344
, 1, 0.0005339733002510096, 9.526194630422872e-6
p, 0, 0.07660871514683718, 0.01642112008388953
, 1, 0.002112262004437776, 5.4885860785576864e-5
c, 0, 0.009795940252520587, 0.0005036643777338251
, 1, 0.00030687209088628496, 3.1243672682944333e-6
p, 0, 0.8766335706689451, 1.5475449793074159
, 1, 0.008319431974849216, 0.0008481539009355796
, 2, 0.0010628717754807297, 2.175163314791748e-5
c, 0, 0.005002959279099146, 0.0001631738675383658
, 1, 0.00037244676367702154, 5.03427992606732e-6
p, 0, 0.052443303123638554, 0.010633197390898172
, 1, 0.000916819886018439, 2.3025743161838102e-5
c, 0, 0.003992650137083375, 0.00016259970722893623
, 1, 0.0002308901796476793, 1.8840697093957037e-6
p, 0, 0.0947124305004058, 0.02111469713377375
, 1, 0.0013913949416639192, 2.010304126407519e-5
c, 0, 0.003377011743473435, 0.0001516981033644745
, 1, 0.0002333402054524065, 1.8879998491482542e-6
p, 0, 2.6018464086011592, 13.646679967853835
, 1, 0.03254219596261437, 0.008040320801810079
, 2, 0.0005669225761679875, 5.119931324506954e-6
c, 0, 0.004107296662951791, 0.00016618199194153062
, 1, 0.0001763758594085259, 1.2220933216387854e-6
p, 0, 0.06067421699902359, 0.02285152245617612
, 1, 0.0017192170220672225, 4.119318746349233e-5
c, 0, 0.005895173858540698, 0.00037865342053471497
, 1, 0.00016935659347604365, 1.3316531102718568e-6
p, 0, 1.5402377733796468, 4.691987769337098
, 1, 0.015520705414159256, 0.0018312955652189642
, 2, 0.0011591073330351745, 3.5779047390797996e-5
c, 0, 0.006556858077375052, 0.0004245377164581541
, 1, 0.0004175571161333933, 7.859909902513492e-6
p, 0, 0.07933585372445896, 0.05633205898741445
, 1, 0.0017833972329206024, 0.00011075132052148736
, 2, 0.00012257403639789617, 6.435515950383047e-7
c, 0, 0.008530672830251374, 0.0006382815236010108
, 1, 0.00010357795709385991, 4.5807246711072613e-7
p, 0, 0.14692265791841447, 0.09392500157758403
, 1, 0.003442421622378323, 0.00023060571756857394
, 2, 0.0014642396817827353, 4.9698268993505934e-5
c, 0, 0.006211135987910204, 0.0005045830689892666
, 1, 0.0005304713275583742, 8.762390539149924e-6
p, 0, 0.06820482673400624, 0.02251192103200909
, 1, 0.0018186470336797047, 6.861711854340324e-5
c, 0, 0.004749130761908955, 0.00028178235028435714
, 1, 0.0002842733931452803, 4.865304770879945e-6
p, 0, 0.04347269156377096, 0.019304951276182737
, 1, 0.0010749428886092044, 3.726173699990326e-5
c, 0, 0.0047916994688712985, 0.00028636581972807406
, 1, 0.0004642932021194623, 6.63844296115391e-6
p, 0, 0.46821980607088787, 0.44452256794379696
, 1, 0.004664836115912795, 0.00030068223916207386
, 2, 0.00039701242005027877, 4.936237215679582e-6
c, 0, 0.005582257359311311, 0.00027228341964878855
, 1, 0.00030090225379057485, 2.7615564807512188e-6
p, 0, 0.037545915327083484, 0.013010183326854673
, 1, 0.002065684339809113, 0.00013477837001632807
, 2, 0.0009622716362984166, 2.3072294158461212e-5
c, 0, 0.006027436088142334, 0.00034233238902016004
, 1, 0.00031752908671120857, 5.223549952766145e-6
p, 0, 0.5760230032195955, 0.6914669774461141
, 1, 0.005740650760962707, 0.00023111934974727412
, 2, 0.0004472568264294115, 5.620436361705323e-6
c, 0, 0.01366571158817017, 0.000861300016274693
, 1, 0.0002068977253711793, 1.1969743341050325e-6
p, 0, 60.30141375074704, 7272.096778455339
, 1, 0.5939091930147342, 4.0312824382068975
, 2, 0.011048846367995978, 0.00304352957614409
, 3, 0.002676128900414965, 0.0003063584739652194
, 4, 0.00124451378694107, 4.716732736200088e-5
c, 0, 0.01163118952008188, 0.000738381794548853
, 1, 0.00048644390610208716, 8.532395229614064e-6
p, 0, 2.7343987915953187, 14.912407055345088
, 1, 0.02450105750744308, 0.004625928355038061
, 2, 0.0005840606760454955, 8.95623114869373e-6
c, 0, 0.01336566284092129, 0.0006991290765592485
, 1, 0.00025693341246357576, 2.058223390938887e-6
p, 0, 3.7418160847478887, 27.972695319335987
, 1, 0.08068638415738326, 0.04348422125365472
, 2, 0.0011213286346615267, 2.559775881644805e-5
c, 0, 0.005942101484823947, 0.0004027324454355679
, 1, 0.00043338746999774876, 5.18428037958219e-6
p, 0, 0.07146766890078975, 0.02032910221840971
, 1, 0.0012641132920546358, 3.6723895836188265e-5
c, 0, 0.014659203346146718, 0.0006969674211896846
, 1, 0.00030770956783515973, 3.2633508375105117e-6
p, 0, 3.9181620242434136, 31.68583527898163
, 1, 0.03932987911897197, 0.011372777753281695
, 2, 0.0011699694958417352, 4.050440951376223e-5
c, 0, 0.022105305480613385, 0.00137001508123421
, 1, 0.0005364413490899981, 9.654452046410674e-6
p, 0, 0.28395237365685067, 0.4398203186485335
, 1, 0.00532760741787618, 0.00042717304679193836
, 2, 0.00040079525147004066, 5.362543383797417e-6
c, 0, 0.00925472762394802, 0.0008452747357199733
, 1, 0.00014298802826368236, 6.130950564417843e-7
p, 0, 0.34999415569166686, 0.2774531962008307
, 1, 0.004592057683728066, 0.00047351069073713417
, 2, 0.0014246160907872253, 0.00010266948660491404
, 3, 0.0005945186150875936, 2.4921677863827753e-5
c, 0, 0.017082593150164218, 0.0018614764448634563
, 1, 0.00044938348829379497, 4.4007607254503115e-6
p, 0, 11.214558048456366, 269.27485468311073
, 1, 0.09308530925904376, 0.11095727325440011
, 2, 0.006480402441007469, 0.0008901524829136707
, 3, 0.001399013840820482, 0.0001463636164532843
, 4, 0.0005631232104254574, 2.8801430098888813e-5
c, 0, 0.0220827202046096, 0.0023549980371457657
, 1, 0.0005708466493343714, 7.804878686991222e-6
p, 0, 23.271783267847944, 1082.0012441312697
, 1, 0.5282313541032974, 1.5634352362815767
, 2, 0.010277306647281756, 0.001818100419064011
, 3, 0.0028775527818321552, 0.0003559543320808095
, 4, 0.0008598877058354149, 7.233864764990851e-5
c, 0, 0.010395316007684792, 0.0013158891693491345
, 1, 0.0007094898313314779, 1.5092148406704274e-5
p, 0, 12.150540926322922, 294.33219656251663
, 1, 0.1284365812947394, 0.1986565122043233
, 2, 0.0014900579440649893, 5.422207645813549e-5
c, 0, 0.015756362375366883, 0.0018236242529704077
, 1, 0.00040715128301152027, 5.454079518814032e-6
p, 0, 0.08478518587706368, 0.07307642708257216
, 1, 0.005640586620720031, 0.000478234747871232
, 2, 0.0008504390257156576, 6.287217621988577e-5
c, 0, 0.012918374926521616, 0.0012683321844426884
, 1, 0.0007923617830398166, 1.4908663925201773e-5
p, 0, 41.68750797491692, 3340.019542029304
, 1, 1.0345024757228642, 6.476379570170683
, 2, 0.010660628230280623, 0.0024120331497270047
, 3, 0.003453786637493908, 0.00039729724872327864
, 4, 0.0015259175268241862, 7.017872095689694e-5
c, 0, 0.012034309316704284, 0.0012133970267247842
, 1, 0.0006393782028678674, 1.5792539447487738e-5
p, 0, 0.07610031847432686, 0.03035972781028943
, 1, 0.00233701900965769, 5.2688845838227734e-5
c, 0, 0.009702325849285294, 0.0007806417392904358
, 1, 0.00025585212021740373, 2.054018438175101e-6
p, 0, 0.3724764572323664, 0.429469887492557
, 1, 0.003540279834846298, 0.00024347443591364406
, 2, 0.00048717338158870994, 5.322072925136396e-6
c, 0, 0.008919790064209662, 0.0007007771999702789
, 1, 0.00021832993997360515, 1.2628913076983066e-6
p, 0, 0.4874724079163905, 1.001172305292139
, 1, 0.008490594200657325, 0.0010315984899176129
, 2, 0.001919468737216547, 8.451601306995198e-5
c, 0, 0.0052676499747225805, 0.0004328880912921186
, 1, 0.0009014408989687121, 2.1776787205384672e-5
p, 0, 0.9127105698566398, 1.6900402281120577
, 1, 0.009497257246475294, 0.0006667348258403567
, 2, 0.001645633275777391, 6.896895544407971e-5
c, 0, 0.006951279430169649, 0.0006188434094937702
, 1, 0.0007701679261207588, 1.6436493018792434e-5
p, 0, 0.44632075429830304, 0.40211882881250377
, 1, 0.005834001265809263, 0.00027939948678477563
, 2, 0.0020726816803639946, 7.844501778691472e-5
c, 0, 0.005397918554441738, 0.00042658509413883843
, 1, 0.0006893417522319099, 1.8179066877200216e-5
p, 0, 0.8636306855129695, 1.5430367106942244
, 1, 0.01868717077800371, 0.0027975248866774372
, 2, 0.000803624805226572, 1.483397733230336e-5
c, 0, 0.007333209644212539, 0.0005764684466965307
, 1, 0.0002444139785284508, 2.613015169551958e-6
p, 0, 0.03977577371218712, 0.012675523140396537
, 1, 0.0012147684997498905, 6.603630400226377e-5
c, 0, 0.008148682151019906, 0.0005177183855186214
, 1, 0.0002900971024757229, 3.909809795067915e-6
p, 0, 7.720111924635483, 126.27390898612967
, 1, 0.07970919971419504, 0.08549939137469104
, 2, 0.0007537916732206806, 2.598955713043676e-5
c, 0, 0.004738679918094791, 0.00040005969962335895
, 1, 0.0001531561068970758, 1.5417819282000204e-6
p, 0, 0.04585048194093862, 0.014553620187741218
, 1, 0.0032891871729551917, 0.00019521341152068774
, 2, 0.0008399283578571339, 2.6741493885603933e-5
c, 0, 0.005418547513595631, 0.00027406693032039115
, 1, 0.00038417549143302524, 5.011649122662845e-6
p, 0, 6.281725779961271, 60.793305827736965
, 1, 0.028600260996143677, 0.006506293603786675
, 2, 0.003891222070415348, 0.0003756505019863474
, 3, 0.0016353633622715124, 5.1447573856393825e-5
c, 0, 0.005243563121545134, 0.00036227454815432005
, 1, 0.0004948151273895218, 8.178008869581729e-6
p, 0, 1.601202458954513, 5.117728951126828
, 1, 0.014847308322435825, 0.001773739222064076
, 2, 0.0012971029624747393, 4.7606159142174656e-5
c, 0, 0.0039845036867681444, 0.0002925887104081972
, 1, 0.0004811310263840929, 6.847204988654159e-6
p, 0, 1.4378907120605617, 5.458909262402667
, 1, 0.03501610891912135, 0.007206209843125715
, 2, 0.0004184289873054629, 3.387929466273833e-6
c, 0, 0.005538414530918174, 0.0002852855960259323
, 1, 6.565347654135227e-5, 2.3101310691175399e-7
p, 0, 1.0813646186845716, 2.5489830088552923
, 1, 0.01934214293356899, 0.00295457565638101
, 2, 0.0005575046459604428, 3.3208931037723783e-6
c, 0, 0.0064770415650521156, 0.0004919724629111199
, 1, 0.00010823607860837404, 6.434981038317426e-7
p, 0, 0.11360054676187437, 0.07504983602329482
, 1, 0.007905294062227267, 0.0008038577696575603
, 2, 0.0022233966692841636, 0.00011144689303433267
, 3, 0.0007572726600808081, 1.838962094988752e-5
c, 0, 0.005596217868805363, 0.0004944823562015375
, 1, 0.00030657182373254463, 4.751620137374265e-6
p, 0, 0.48638515294856544, 0.40333673385557073
, 1, 0.010375218451842068, 0.0009119128285892588
, 2, 0.001831114809329279, 0.00011074179873393372
, 3, 0.0005811152111070591, 1.585773683322088e-5
c, 0, 0.005337633173611409, 0.0003720444688443376
, 1, 0.0003012342745064489, 3.4497895623337433e-6
p, 0, 29.99060170447909, 2312.4830252701017
, 1, 0.47627907330640246, 2.324726321476511
, 2, 0.00635461472883555, 0.0006127298157567188
, 3, 0.00036646426907996116, 7.0851425966221695e-6
c, 0, 0.01023767681435992, 0.0004738981601341927
, 1, 0.00020831608670827451, 8.346668272020133e-7
p, 0, 0.0724263156596258, 0.032249693631408956
, 1, 0.000993619028378209, 3.0779156575198375e-5
c, 0, 0.006070886192977778, 0.0004256689312593178
, 1, 0.00021526916007728544, 2.120829390028481e-6
p, 0, 0.07978432248907386, 0.02839704050952128
, 1, 0.00349820472270646, 0.0001976659131501138
, 2, 0.0013942160222853099, 2.2338698591901837e-5
c, 0, 0.004965414628838759, 0.00038863202994051456
, 1, 0.00024159935605169006, 2.1048539247625745e-6
p, 0, 1.5671622608422255, 5.089131143275426
, 1, 0.034780847210071374, 0.00897512513042121
, 2, 0.002780005764157486, 0.00015962570901493294
, 3, 0.0014189139426537818, 2.661134009508808e-5
c, 0, 0.004960341553099754, 0.0004282470787766251
, 1, 0.00044383195327991817, 5.499619350827919e-6
p, 0, 0.047205401145844976, 0.027755263408456556
, 1, 0.005348831077189651, 0.0003271345467510009
, 2, 0.0016047186187496225, 2.969084095691398e-5
c, 0, 0.0046974465896873355, 0.00040461064417231127
, 1, 0.0004252777288698133, 4.223658860974098e-6
p, 0, 347.30733682290764, 241224.70275116892
, 1, 3.278130819536215, 75.95780383974932
, 2, 0.08735380282816867, 0.09941466064884588
, 3, 0.026112715870406977, 0.007579181534290835
, 4, 0.00889092720464839, 0.000934403432144438
, 5, 0.0037782542907366253, 0.00015859779561669437
, 6, 0.0016011169864563663, 3.248317931343546e-5
c, 0, 0.0059651189221130475, 0.0002972787479809729
, 1, 0.0006584205341257499, 8.295820434750207e-6
p, 0, 0.1569627648658605, 0.05928214877652138
, 1, 0.0020959157509507164, 5.5466275409148206e-5
c, 0, 0.004792787639416269, 0.0003095571135576601
, 1, 0.0006405441498636892, 6.783007999145546e-6
p, 0, 0.09923863043020058, 0.028585323724010077
, 1, 0.005750182137434076, 0.0003766891294849782
, 2, 0.0021022504713596405, 5.702104659845258e-5
c, 0, 0.005804838914268467, 0.00043425064009266676
, 1, 0.0008775881492391203, 1.2265592188111494e-5
p, 0, 0.03976585020787279, 0.01203772016979907
, 1, 0.003171898789891607, 0.00021502948424923442
, 2, 0.0009705885205739815, 1.5081991050985025e-5
c, 0, 0.003866500210788284, 0.000258244218425761
, 1, 0.0002978659738492265, 2.849892783939113e-6
p, 0, 0.3151829309642686, 0.30570734744960887
, 1, 0.00378028844857195, 0.0002406914765958436
, 2, 0.00069333613160446, 1.1527189530135545e-5
c, 0, 0.0037016456211066183, 0.00023637947711470944
, 1, 0.0002582333206379338, 2.6404252985747693e-6
p, 0, 0.09268732027612406, 0.027183704533006104
, 1, 0.004941061710881946, 0.0005457596696366781
, 2, 0.0020450982628396107, 7.703377436672797e-5
c, 0, 0.004235706065831406, 0.00026004507069401345
, 1, 0.0008592094351208531, 1.765549240957068e-5
p, 0, 1.4450878094901003, 4.109978172592146
, 1, 0.024845367989339572, 0.004634810744446009
, 2, 0.0007637401935781287, 1.8696293074926722e-5
c, 0, 0.005229865750468686, 0.0002671423402529272
, 1, 0.0001865400938489801, 1.5303220406305456e-6
p, 0, 0.15742026167592907, 0.09849839180305758
, 1, 0.004674157143034341, 0.0003365279038095646
, 2, 0.001423594877044332, 3.7980263828810536e-5
c, 0, 0.004969558641630946, 0.0002826957567533627
, 1, 0.0004744981118006402, 7.781614712286936e-6
p, 0, 0.0700884899222704, 0.01613851918200404
, 1, 0.002694849992504832, 8.040846557794941e-5
c, 0, 0.009032673810197067, 0.00042979416178031684
, 1, 0.0007432443497006282, 1.246538637658054e-5
p, 0, 2.9911288625296817, 17.94164674395223
, 1, 0.04019484347427758, 0.012050215709324928
, 2, 0.0020604417100141327, 9.570556443280378e-5
c, 0, 0.008965560903371776, 0.0007184022496080404
, 1, 0.0011449140073597258, 4.514955201994021e-5
p, 0, 5.58599986805324, 62.87945745164248
, 1, 0.07163618047435222, 0.036875828481403194
, 2, 0.003967321949556709, 0.00038576961523069397
, 3, 0.0019473227594660803, 8.359232725490549e-5
c, 0, 0.007609133972018758, 0.000436952191864392
, 1, 0.0009942370399180593, 2.0749653009625175e-5
p, 0, 0.5771137231311069, 0.6912259646902191
, 1, 0.009684964978516458, 0.0007815961199859546
, 2, 0.001344660657958176, 3.843406259231651e-5
c, 0, 0.007105084141942645, 0.0004723267595311398
, 1, 0.00026021451911808943, 3.026827492952822e-6
p, 0, 0.18305132741884228, 0.13758215079664488
, 1, 0.004305947569980286, 0.000314671068936361
, 2, 0.0012140074418957314, 2.838069411524391e-5
c, 0, 0.01287774833416835, 0.0020664878523295343
, 1, 0.0003513287348772961, 4.102592223019974e-6
p, 0, 0.4064306976267278, 0.5449430607406844
, 1, 0.006576533626787484, 0.001331134272591772
, 2, 0.003222520143553699, 0.00015362978931929869
, 3, 0.0016425546667549404, 4.12127907398131e-5
c, 0, 0.020366194577634483, 0.0026531753041657176
, 1, 0.0007444424708419443, 2.349187634871823e-5
p, 0, 0.431537786922849, 0.8452284256169034
, 1, 0.006311075672572007, 0.001385560271569543
, 2, 0.0028624323038970037, 0.00013636342486528864
, 3, 0.0011365238799629022, 2.350078252063185e-5
c, 0, 0.016017228143984187, 0.002346261250726327
, 1, 0.0005798259523680199, 8.666472268683902e-6
p, 0, 0.2922107505412157, 0.44179749702737653
, 1, 0.013048598578679307, 0.004089750633177386
, 2, 0.005151308645503197, 0.00044548793219594516
, 3, 0.0019491442780863422, 8.490398038819413e-5
c, 0, 0.018102887999554906, 0.0023381146010591192
, 1, 0.001185507175393989, 3.608171409185792e-5
p, 0, 0.2277877134718079, 0.3207218217877498
, 1, 0.0023782302479644015, 0.00017034397647544135
, 2, 0.0006645246568179596, 2.8039463064823384e-5
c, 0, 0.015889790666563947, 0.0027738824537225197
, 1, 0.0005820245084309302, 1.187917705889669e-5
p, 0, 0.1953340035062058, 0.1809799487681262
, 1, 0.007164342677180501, 0.0013932248781630394
, 2, 0.0023649780338929477, 0.0001383389281291428
, 3, 0.0010573608326118152, 3.590540728705467e-5
c, 0, 0.01944292679711573, 0.0024673453490719048
, 1, 0.0006908943040999182, 1.699832634692335e-5
p, 0, 0.15460631013807002, 0.1466830997934422
, 1, 0.005033237846956811, 0.0010516796153514276
, 2, 0.0018236968517812743, 9.872126870652888e-5
c, 0, 0.009505192015868809, 0.001261592032832935
, 1, 0.0009026560300811131, 2.492794189910135e-5
p, 0, 0.13066671654571907, 0.062163810403379996
, 1, 0.0014882645886684382, 4.853077275274752e-5
c, 0, 0.010460462327795916, 0.0011083785413711184
, 1, 0.0009963306808763398, 3.706464649037478e-5
p, 0, 0.07995147731553845, 0.040451415729445786
, 1, 0.001498875983726288, 4.110350507297401e-5
c, 0, 0.009290479176491917, 0.000725715694068318
, 1, 0.00039115390093599734, 4.703897372616883e-6
p, 0, 0.0723509253755558, 0.02099556439681684
, 1, 0.0007058252985702466, 2.1276568527776968e-5
c, 0, 0.0092674193663274, 0.0006366423266231171
, 1, 0.00037241351578090197, 1.0319725677381505e-5
p, 0, 0.0803425171188375, 0.0209498090634874
, 1, 0.0007331288271010302, 1.6373580243656438e-5
c, 0, 0.007178485915413447, 0.0003876751202694411
, 1, 0.00012365553995983804, 9.58634480572867e-7
p, 0, 0.08755660881267818, 0.027138491766050883
, 1, 0.000988383279810019, 2.979877470801782e-5
c, 0, 0.012579394679200584, 0.0007562759323528892
, 1, 0.00023922123196369269, 3.451700963449841e-6
p, 0, 0.09856392978178304, 0.051674068860394114
, 1, 0.0018901729422519495, 0.00013142250442036297
, 2, 0.00029818624318021607, 3.125793826945773e-6
c, 0, 0.011450727579037619, 0.0006361565362095308
, 1, 0.00016057112100403706, 1.6180611719033476e-6
p, 0, 0.7651448039935198, 1.2229146029309992
, 1, 0.010629097707725936, 0.0011016692078061995
, 2, 0.0010271599895679885, 2.371808501919743e-5
c, 0, 0.007227477169678925, 0.00040556387164370167
, 1, 0.0003405031904402075, 5.200730500049434e-6
p, 0, 1.5381044408726583, 5.052588192140806
, 1, 0.016687141797328952, 0.0030312098646218307
, 2, 0.0008271327042076967, 1.623329680001132e-5
c, 0, 0.009168133757642282, 0.0005412534944048539
, 1, 0.0005046177560054917, 8.324023471868872e-6
p, 0, 44.33724798247174, 3519.570046309742
, 1, 0.5365880552586905, 2.7000390846652778
, 2, 0.009273668641806176, 0.0012686803028708518
, 3, 0.0021346499854648145, 8.560410744805284e-5
c, 0, 0.008483852152442873, 0.0005782280444045875
, 1, 0.0006971588343017979, 1.4220843519510486e-5
p, 0, 0.35580129380912895, 0.2997462493781703
, 1, 0.0077475195848288984, 0.0008933900969183294
, 2, 0.0012481934396241607, 4.226528602180192e-5
c, 0, 0.007620574002631004, 0.0006447206276348318
, 1, 0.0007269673420817528, 2.1609019656021862e-5
p, 0, 0.09802879883264054, 0.10474733043650934
, 1, 0.004776918965998429, 0.0008036222243313976
, 2, 0.000907791453490301, 2.3593258953655715e-5
c, 0, 0.0179577851487691, 0.001269897205604074
, 1, 0.0004988276777161351, 6.753089305428034e-6
p, 0, 0.10115959901919958, 0.10196377158721792
, 1, 0.00464390866633702, 0.0005811649808463399
, 2, 0.0014954159967119824, 4.58998587025712e-5
c, 0, 0.00658584714466195, 0.0004990282722542897
, 1, 0.0006166461668444686, 1.0777727369092112e-5
p, 0, 12.760442089218577, 552.560986619882
, 1, 0.1288577735866811, 0.30128359715787945
, 2, 0.0010584278982905826, 4.7988577485572825e-5
c, 0, 0.008322240115211831, 0.0007624158089376286
, 1, 0.0004345174672333185, 3.3161538836190415e-6
p, 0, 28.96252109803724, 2700.9581015166186
, 1, 0.5229552593619483, 3.270145955862635
, 2, 0.006457955922249253, 0.0007255465386164176
, 3, 0.0003044920032538412, 9.302983601256064e-6
c, 0, 0.020043433980976785, 0.0030191885094222478
, 1, 0.0001870477937071924, 1.6248576661207148e-6
p, 0, 0.10936348269861394, 0.05335380221865584
, 1, 0.002331433155812873, 0.00016787141947998535
, 2, 0.0008150504883270478, 1.9843685894129765e-5
c, 0, 0.013804462530184788, 0.0010706747368644184
, 1, 0.0004821249153757894, 5.289766361449364e-6
p, 0, 2.149252478046371, 9.391633573389386
, 1, 0.04754667445189033, 0.015456164722978439
, 2, 0.0037785110194629647, 0.0004190025608951205
, 3, 0.001595755102306872, 8.848021966839276e-5
c, 0, 0.009995567327560073, 0.001557754214618639
, 1, 0.0006966097546586567, 2.9749219464249283e-5
p, 0, 10.18424985995236, 208.51170378238666
, 1, 0.12313748237746969, 0.16844111942355763
, 2, 0.008551662518969792, 0.0010699424456005746
, 3, 0.0027320552062225054, 0.00020787781448022334
, 4, 0.001296757314001232, 4.1396299917492664e-5
c, 0, 0.014327939547209647, 0.001193157513429439
, 1, 0.0005381470626519079, 1.3731098681559385e-5
p, 0, 0.9066356472350792, 2.9057251661430676
, 1, 0.02272221114891418, 0.0040072110802108225
, 2, 0.0030954697513949285, 0.0002210603514702363
, 3, 0.0010652930152348211, 2.8161380630673414e-5
c, 0, 0.010422404084714149, 0.0010790599113503151
, 1, 0.00036136977381471874, 3.925992180002134e-6
p, 0, 0.10590364475390723, 0.07555690395309463
, 1, 0.0030711650906342994, 0.0003131447396332775
, 2, 0.001632915552123827, 5.5824209845268704e-5
c, 0, 0.00803562210840245, 0.0008398483937640132
, 1, 0.0004621802520349823, 9.984860187241257e-6
p, 0, 54.73099895256033, 4828.725300947248
, 1, 0.9120117865873523, 5.4741188777938
, 2, 0.012432133166199691, 0.00205842469961814
, 3, 0.0009020557332797437, 4.8407280654361946e-5
c, 0, 0.01318992273068705, 0.002403800858152131
, 1, 0.0005861035241865462, 1.1767557753688344e-5
p, 0, 6.192810734029917, 76.5515364396459
, 1, 0.09198509773498315, 0.05566330548041039
, 2, 0.002603472403763643, 0.00010008239416158543
, 3, 0.0010455196678294458, 2.320369265537629e-5
c, 0, 0.011418623186938776, 0.0012393298152672486
, 1, 0.00029628221937579166, 3.989582306361888e-6
p, 0, 0.36821619000058076, 0.5096940044281871
, 1, 0.006842807104308249, 0.00039906291606434585
, 2, 0.0015275373933569382, 6.160366354597534e-5
c, 0, 0.012252689284195492, 0.0010613714809361186
, 1, 0.000514441497309789, 1.0837249166033573e-5
p, 0, 0.4987253120648208, 0.8641744790884217
, 1, 0.004580495685812839, 0.000413240989919595
, 2, 0.0010398894405561523, 2.9520659098862085e-5
c, 0, 0.008610412209775849, 0.000844567538764211
, 1, 0.0003123594647783932, 3.7101555614830368e-6
p, 0, 1.6161798673574577, 5.301978446298733
, 1, 0.03570269620111928, 0.0067418906586141835
, 2, 0.0006802006876414992, 5.7789040458360495e-6
c, 0, 0.008124485790150125, 0.0006277914273352157
, 1, 0.0002304857186926811, 2.359876037255769e-6
p, 0, 0.3000503241701726, 0.19819365526272828
, 1, 0.007942981629997094, 0.0004443369988205485
, 2, 0.0014212817360167134, 5.310696726692526e-5
c, 0, 0.007418566432869533, 0.0007262597009531563
, 1, 0.00046152421575952976, 8.747411746190292e-6
p, 0, 2.7776794318883504, 15.60034950301791
, 1, 0.03663807239418376, 0.01160551511390822
, 2, 0.0031573609907127173, 0.00019215461452372047
, 3, 0.0014442117978955582, 3.9083490803952776e-5
c, 0, 0.006435408022251738, 0.0007206487814531011
, 1, 0.0005921053173148631, 1.0919784918397983e-5
p, 0, 0.6814566121255502, 0.9889741470144703
, 1, 0.007230755107077342, 0.0007606269814548649
, 2, 0.003295993123236872, 0.00020076163446504461
, 3, 0.001521104222018092, 3.762383126584411e-5
c, 0, 0.006370402641169121, 0.0006082174456205761
, 1, 0.0004941618386922489, 9.876315524807096e-6
p, 0, 3.6711035046478893, 26.97691836311104
, 1, 0.033827507051046424, 0.009035164760534876
, 2, 0.0007859805757713635, 2.2983160908248938e-5
c, 0, 0.010104463611774308, 0.000783247461036142
, 1, 0.00025589426494425295, 2.6235859121998535e-6
p, 0, 0.06990023751537247, 0.03699366144157681
, 1, 0.0034131032868735304, 0.00028254254039437074
, 2, 0.0014445637914202688, 3.896970927414828e-5
c, 0, 0.010522003908375946, 0.0005975644684223344
, 1, 0.0005039397354401314, 7.318026221856645e-6
p, 0, 0.41189576971213, 0.4574930357246774
, 1, 0.007313433619604218, 0.0005251467050076484
, 2, 0.0005506091082901781, 5.071272817675613e-6
c, 0, 0.00670170826601175, 0.0006336365660711046
, 1, 0.00012614806367928268, 4.067196410016767e-7
p, 0, 0.06802482651044647, 0.035804410132627716
, 1, 0.0024433950412136828, 0.00019249682920368814
, 2, 0.0006794319385995204, 7.334138856391877e-6
c, 0, 0.007359176306893764, 0.0007631504822175741
, 1, 0.00015311230841588046, 1.0294592871356022e-6
p, 0, 0.6348091383848872, 0.6937916773591116
, 1, 0.004206208397244584, 0.0001792241592187033
, 2, 0.00023699503256774794, 1.9322724557347285e-6
c, 0, 0.008477894341820887, 0.0005520833929272945
, 1, 0.00013018448919481, 5.435259120989903e-7
p, 0, 0.06739092125958623, 0.01782475383640511
, 1, 0.0008165320276207035, 2.000117534375292e-5
c, 0, 0.01048358209965412, 0.0005618882199340927
, 1, 0.00013484519141573905, 9.819055586197235e-7
p, 0, 0.7912705559906964, 1.0480121466466172
, 1, 0.004282668396289301, 0.0002758915817492694
, 2, 0.0002859557230921538, 2.34036132749557e-6
c, 0, 0.005863633048003718, 0.00047281367336865336
, 1, 0.00011197888211936967, 5.064220498196311e-7
p, 0, 0.04344893527187021, 0.014952190978631824
, 1, 0.002750980873256746, 0.0001939994880931559
, 2, 0.0008880548588904051, 1.8000313233625507e-5
c, 0, 0.008079616716913221, 0.0006272153322577705
, 1, 0.00018537615973918158, 1.9802402467207363e-6
p, 0, 4.572362377722802, 41.76246651439442
, 1, 0.09547495149709381, 0.08967706140287672
, 2, 0.0030060069551954283, 0.00016122632798882706
, 3, 0.001035409009803488, 2.9156450893182583e-5
c, 0, 0.016805020739189873, 0.0011682697761897106
, 1, 0.0002935537900602957, 5.380242856230095e-6
p, 0, 2.980496477295926, 17.833868152549393
, 1, 0.025554335762713966, 0.006561055887698017
, 2, 0.001229499439767172, 3.173732570838331e-5
c, 0, 0.009522352536803124, 0.0007774652157078529
, 1, 0.0004722236959488678, 7.25063459994851e-6
p, 0, 5.8222232891393535, 64.65410965111211
, 1, 0.07489201375168125, 0.0666370748086306
, 2, 0.018328266341864116, 0.005450171683175903
, 3, 0.007511306738656853, 0.0010196689685269891
, 4, 0.0032785490930333787, 0.00019512119735515672
, 5, 0.0013537359163834735, 3.71063256700077e-5
c, 0, 0.011659819614697458, 0.0008768926848580275
, 1, 0.0006166002392809006, 9.644698551911388e-6
p, 0, 0.2393135695746654, 0.16714067962743492
, 1, 0.003087043796861716, 7.383891271882273e-5
c, 0, 0.007589295069609934, 0.0006994328959808913
, 1, 0.00044458149561798913, 7.3296581666388e-6
p, 0, 0.16630184275118054, 0.13656611625421652
, 1, 0.006668690835202119, 0.0010389288733905157
, 2, 0.002488721043557527, 0.0001245880139251593
, 3, 0.0008547827986431575, 1.8990154265650336e-5
c, 0, 0.015870621856883232, 0.0017877231889778362
, 1, 0.000358136892641877, 5.820252863498083e-6
p, 0, 0.26843801040049675, 0.26772976934852954
, 1, 0.005755441306364187, 0.0010405720440149876
, 2, 0.0018989812902757582, 8.081073692806788e-5
c, 0, 0.009286485888271778, 0.0011443139961346068
, 1, 0.0006629240458204256, 1.4405281114845296e-5
p, 0, 0.09206513866808586, 0.042404937506391044
, 1, 0.004982779603469996, 0.00046243274399215
, 2, 0.0018288617856101915, 6.119973548260309e-5
c, 0, 0.010639000976390886, 0.0010537830479619935
, 1, 0.0006337854042841351, 1.3584913616073827e-5
p, 0, 0.06003373841603693, 0.029445793449892572
, 1, 0.0019933011321321384, 0.000118375711694734
, 2, 0.00043094518353897554, 5.7880054631587944e-6
c, 0, 0.010488073826952373, 0.000997971438487882
, 1, 0.00024859391488862127, 2.46893320023426e-6
p, 0, 2.432477410552654, 11.873885491273503
, 1, 0.06337935428584349, 0.025492616039669954
, 2, 0.0036166718349625823, 0.0003527908379591884
, 3, 0.0018041221876810944, 6.0997434294587576e-5
c, 0, 0.016373540162799214, 0.0017656666553957738
, 1, 0.0007786733150786904, 1.5538845883683376e-5
p, 0, 0.10095379016531159, 0.047954510728440584
, 1, 0.00396646803439542, 0.00045799061140561193
, 2, 0.001862326084089427, 8.261570138790534e-5
c, 0, 0.015279449802327986, 0.001339938672140986
, 1, 0.0006610134296607538, 1.374589043522818e-5
p, 0, 7.865719133316457, 101.70881105489445
, 1, 0.09901132310110214, 0.0932476852390755
, 2, 0.003999961076509301, 0.00012872099570336676
, 3, 0.0006358182101559029, 1.370380297538938e-5
c, 0, 0.010302943477799635, 0.0014488917878759165
, 1, 0.00012073619525056058, 9.561206527645127e-7
p, 0, 6.282470700523353, 82.83454560781034
, 1, 0.0639403787864225, 0.03512593188719423
, 2, 0.004074478065841013, 0.00028074154678838815
, 3, 0.0014971849902616259, 5.6519131394580646e-5
c, 0, 0.007890572937750803, 0.0008082737389640789
, 1, 0.0004864718206107882, 1.0924690744657867e-5
p, 0, 0.22803263996563536, 0.16543099511783033
, 1, 0.006660053690360842, 0.0016630027444288582
, 2, 0.003740178646602225, 0.0002496513100162946
, 3, 0.0015625820707185806, 4.957886033786717e-5
c, 0, 0.013365799944503124, 0.0012943107039240698
, 1, 0.00048252231941160934, 1.2967551647486043e-5
p, 0, 0.16214822196601936, 0.20134837876179545
, 1, 0.012699610901972407, 0.003896179955535825
, 2, 0.0049344137308114, 0.00041851581917747764
, 3, 0.0022415745697596462, 9.632181294301366e-5
c, 0, 0.01967798255318273, 0.002405719632614057
, 1, 0.0008756555086228288, 3.0421861128274647e-5
p, 0, 0.15453698512894554, 0.12932337607274452
, 1, 0.00882077762843314, 0.002022866789825682
, 2, 0.00322600824737844, 0.00016747160534283392
, 3, 0.0013015399565145698, 3.0899754170957086e-5
c, 0, 0.012496912961939647, 0.0011089436985344126
, 1, 0.0005043715323742839, 7.835230894364585e-6
p, 0, 0.14922799639407525, 0.1331810135798016
, 1, 0.003412354753908699, 0.00038504138004908614
, 2, 0.0007836611869154447, 1.8243210123981547e-5
c, 0, 0.013381694394593474, 0.0016864528761409217
, 1, 0.0002919142014413102, 6.342444260044852e-6
p, 0, 0.23686054496989487, 0.17923862863222872
, 1, 0.006074872959447948, 0.00040749349666264795
, 2, 0.0013384963470631278, 3.3336922019968615e-5
c, 0, 0.009343172221952984, 0.0010910079634140603
, 1, 0.0005279671805636504, 7.640840793214694e-6
p, 0, 0.07659196321143999, 0.040735980245404556
, 1, 0.0030221620754502334, 0.00027658846940372496
, 2, 0.0012961231890959578, 3.79978709755954e-5
c, 0, 0.012080745630793588, 0.0010027466384636098
, 1, 0.000357649005624869, 6.226676998736319e-6
p, 0, 1.134103339345769, 2.589145131230253
, 1, 0.011091626839574062, 0.0010529364430166886
, 2, 0.0016996549740268575, 6.532796318549435e-5
c, 0, 0.009925479102622316, 0.0010232573298332196
, 1, 0.0005388023700905065, 1.174106368867503e-5
p, 0, 0.2546007214292566, 0.1684029175022013
, 1, 0.005777911909770495, 0.0005768963046623954
, 2, 0.0005380009545220872, 9.387400918512019e-6
c, 0, 0.013130933701956213, 0.001362621745515303
, 1, 0.00017346059998850333, 1.155600293766737e-6
p, 0, 0.10652863780256266, 0.05896018182148232
, 1, 0.0053115136873914575, 0.0007534153465582324
, 2, 0.0013822915908675544, 2.9807748475407925e-5
c, 0, 0.017474709955728845, 0.0010281221783559544
, 1, 0.0003659556196979879, 4.768335706750647e-6
p, 0, 0.11871830630573288, 0.04043261101343399
, 1, 0.0029599936985144036, 0.00016172619408619317
, 2, 0.001034509471777217, 1.7462357572904554e-5
c, 0, 0.01629039062294185, 0.001310455224923716
, 1, 0.00024288389193938823, 2.609423879196549e-6
p, 0, 0.11785082364295105, 0.030727041381804123
, 1, 0.002082677259305354, 0.00013559480327297914
, 2, 0.0012016543389015365, 2.3690254657610258e-5
c, 0, 0.014244887021465499, 0.0009034031752236243
, 1, 0.0004938982628123896, 7.145804746883594e-6
p, 0, 5.210045448361185, 52.125461652544836
, 1, 0.12709442352612244, 0.08351181428221637
, 2, 0.0033588142190112314, 0.00021488178995509083
, 3, 0.0012355645001802715, 3.325690134583295e-5
c, 0, 0.008973694653281948, 0.0006825319310685703
, 1, 0.00047551331000016714, 6.775206804529607e-6
p, 0, 0.8034931670245273, 1.3095036319536029
, 1, 0.019241166539036778, 0.003005362404332034
, 2, 0.0007195855137171083, 1.2351711588465699e-5
c, 0, 0.006028326835072907, 0.0005863024121912264
, 1, 0.0001845994140279916, 1.5239850001971727e-6
p, 0, 0.04785437481548073, 0.02547060308425169
, 1, 0.003232117983720456, 0.00029831239472962606
, 2, 0.0012080998723305587, 2.0599844237962383e-5
c, 0, 0.00833040536775477, 0.000713406912892693
, 1, 0.000396594145094611, 6.702287880336882e-6
p, 0, 13.976520326049528, 315.513168275874
, 1, 0.31381831943341865, 0.899378593406654
, 2, 0.041642150407501924, 0.03545576291709573
, 3, 0.019154691693659073, 0.006835042387600244
, 4, 0.010579623799976104, 0.001763845619046776
, 5, 0.0053046336545362815, 0.00046701240931941196
, 6, 0.0027846428643188894, 0.00012013858752121167
, 7, 0.0013756106369926563, 3.0984980428597344e-5
c, 0, 0.015436525391945882, 0.0013028870030248531
, 1, 0.00034650537550752074, 6.752817252963764e-6
p, 0, 1.6485894072674776, 4.345561838068481
, 1, 0.010014384584658365, 0.0013108385612962423
, 2, 0.003520710692738524, 0.00015953144001936296
, 3, 0.0017538158654297887, 5.095081413115575e-5
c, 0, 0.012644364779299873, 0.0012797315795226756
, 1, 0.0006083452902555108, 1.754058980185677e-5
p, 0, 0.14388054026116376, 0.10606697433854996
, 1, 0.004073537012011235, 0.0004818168203424382
, 2, 0.0013350891280176965, 3.751986377562162e-5
c, 0, 0.012577527336925597, 0.0018521181709567614
, 1, 0.0008314550381511596, 1.9709624644285014e-5
p, 0, 4.212322816052675, 35.47861410478188
, 1, 0.03630244716282498, 0.016939117788155666
, 2, 0.002317045411564162, 0.0002060514811582256
, 3, 0.0014719833918154768, 3.731700411552209e-5
c, 0, 0.019925335645409225, 0.002619533711802045
, 1, 0.00033554673139215283, 4.601873243669919e-6
p, 0, 0.11757680298238758, 0.13484178531766566
, 1, 0.007009896610588508, 0.002223012381017985
, 2, 0.004290409032661458, 0.0003430525209217732
, 3, 0.0017281826117506224, 5.5224996967871714e-5
c, 0, 0.010050961639590314, 0.001628138161883147
, 1, 0.0005443208692570906, 1.6238622503335825e-5
p, 0, 11.495419570578362, 238.65107328837726
, 1, 0.10719153557338343, 0.17377219096007807
, 2, 0.002615979563798438, 7.614903771607865e-5
c, 0, 0.012774380569779259, 0.0011709522512918912
, 1, 0.0005852623976676714, 9.502273691955714e-6
p, 0, 0.10270882932243547, 0.04222836026857978
, 1, 0.0028921714886207582, 0.00026708454067520925
, 2, 0.0008993612375386517, 1.5716136922552567e-5
c, 0, 0.017396171230135767, 0.0022778639723970663
, 1, 0.0002061577914284699, 3.199811806470372e-6
p, 0, 0.14175778098590908, 0.11993269136621305
, 1, 0.005723636321851203, 0.0005207888973593938
, 2, 0.001823319124718534, 6.77856837942775e-5
c, 0, 0.010495055378933141, 0.0008889998012996179
, 1, 0.0005857800539888132, 1.4462190456239396e-5
p, 0, 0.46221226608779314, 0.4482454892805466
, 1, 0.010001414041609352, 0.0006839649023291569
, 2, 0.0013720909913470278, 5.466798869311923e-5
c, 0, 0.011234190710172098, 0.0018217322303268233
, 1, 0.0003997941139379006, 9.709807728477426e-6
p, 0, 0.8409783880361554, 2.758150146410753
, 1, 0.010808932574043124, 0.0011505835976032064
, 2, 0.00047795467943467145, 4.7072602381239165e-6
c, 0, 0.01621997890885883, 0.0015303104126924629
, 1, 0.0001358287421397639, 7.56263827804287e-7
p, 0, 8.673580306475126, 131.1967901297471
, 1, 0.2557684945319041, 0.5599478690078917
, 2, 0.03936930728643789, 0.02471067125481735
, 3, 0.013738318929500046, 0.0035952869907262004
, 4, 0.0070116981878031535, 0.0007216571343074563
, 5, 0.0031117998403298866, 0.00015180012885648283
, 6, 0.0014568867081215082, 3.0815670668920704e-5
c, 0, 0.01728847246014027, 0.0032505003757912305
, 1, 0.0002680078271820904, 4.990684195628425e-6
p, 0, 101.92320430346778, 20762.585456061413
, 1, 0.9731663754582952, 6.7084138338890895
, 2, 0.025828929295083777, 0.008467431774380328
, 3, 0.007222698633018431, 0.0011652788946856067
, 4, 0.0035460109665956087, 0.00023131664089969417
, 5, 0.0017278995939869865, 4.9313478103348395e-5
c, 0, 0.022548080779032958, 0.0027680486875064922
, 1, 0.0005324417045166991, 1.24185877185126e-5
p, 0, 0.1382595288320575, 0.09074997923472292
, 1, 0.018396058262258774, 0.006579065341397871
, 2, 0.007581357964834081, 0.001101627688955032
, 3, 0.0033889836231665903, 0.00021690255394717875
, 4, 0.0014645831178873487, 4.042254069175122e-5
c, 0, 0.011022403253229986, 0.0016775524583439961
, 1, 0.00039447810819813857, 6.787925694186846e-6
p, 0, 2.7496921883419865, 15.072385921473293
, 1, 0.051242739760444696, 0.03737930023347559
, 2, 0.0023398704094387828, 0.00016982982823505468
, 3, 0.0011664645624825528, 2.6074231003080818e-5
c, 0, 0.011613377663763786, 0.0012615623968216083
, 1, 0.00030171201079867845, 3.584257400738339e-6
p, 0, 4.9574464778292615, 49.19492258913849
, 1, 0.10191127777839652, 0.06083058378506135
, 2, 0.003407582981995888, 0.00010684005877109656
, 3, 0.0013803362316905747, 6.749727844983678e-5
c, 0, 0.018601905983480476, 0.003267943979061376
, 1, 0.0007246142618375024, 1.93462967816891e-5
p, 0, 0.26038900024828443, 0.2993774206472729
, 1, 0.015745303387194, 0.003216139182517881
, 2, 0.005473481341250302, 0.000635157327360472
, 3, 0.002342860422236712, 0.00013044348715670506
, 4, 0.001114514264103094, 2.8496706816105935e-5
c, 0, 0.013972193855473361, 0.0020668561376863833
, 1, 0.0003018043327963888, 6.233350469635914e-6
p, 0, 0.23314588452544951, 0.28379374376232824
, 1, 0.015777188716400402, 0.0070945596849837315
, 2, 0.005904648980379282, 0.0012191037847558623
, 3, 0.002611285467539727, 0.00022716438198458247
, 4, 0.001039379182466765, 3.943158820588517e-5
c, 0, 0.015050957368423195, 0.0023663819411125636
, 1, 0.0003964027920992483, 5.43685119244978e-6
p, 0, 0.08246501457650243, 0.10172134646062785
, 1, 0.014097892857990579, 0.005918633141853073
, 2, 0.0047596581574300125, 0.0009185416322708569
, 3, 0.0021571885107324806, 0.00018100995675258453
, 4, 0.000983614196775208, 3.7753901273807155e-5
c, 0, 0.019423700549499018, 0.001930377283197261
, 1, 0.0005384255377480136, 8.12015215594169e-6
p, 0, 1.6330118026281966, 5.327360509010185
, 1, 0.03857924655118099, 0.012235827214732735
, 2, 0.004570793322559587, 0.0004521047502693249
, 3, 0.0016194380431071944, 8.121752252714947e-5
c, 0, 0.010697936640003777, 0.0014053953846580162
, 1, 0.0007530384911408042, 1.4902323419320956e-5
p, 0, 0.41209330278470796, 0.43246403837596664
, 1, 0.011747443808435563, 0.0035493520670667068
, 2, 0.006042988748447681, 0.0006355092501843173
, 3, 0.0027708001015442573, 0.00012796337932275106
, 4, 0.0010853996087451464, 2.614027374409828e-5
c, 0, 0.019906965679575762, 0.0018910455017955166
, 1, 0.0004959724415502131, 6.040501023152737e-6
p, 0, 0.1371944848026577, 0.08438374070538238
, 1, 0.01182242806861321, 0.002815004647575226
, 2, 0.005380313747230245, 0.00043537402531665566
, 3, 0.0026052437200901834, 0.00011028463470631113
, 4, 0.0013508523577093132, 3.293025170336887e-5
c, 0, 0.01801743323597651, 0.0028520163439249785
, 1, 0.0003978763883518426, 5.232423207374131e-6
p, 0, 0.20203287641737017, 0.15847643612453566
, 1, 0.012832768188454902, 0.002726075402934124
, 2, 0.004813133428351282, 0.00025471732150219006
, 3, 0.0019502011013390929, 4.892799252130106e-5
c, 0, 0.01823764135796623, 0.0027018567327837125
, 1, 0.000714984929153359, 1.4295717131732896e-5
p, 0, 0.38037634555260663, 0.33480230866468547
, 1, 0.019828277233175665, 0.006010460121024695
, 2, 0.006490610307646749, 0.0004563612591647324
, 3, 0.002183417751070431, 7.141588326122007e-5
c, 0, 0.010477686103267204, 0.0015061854667965588
, 1, 0.000591462821628709, 1.5355823222675572e-5
p, 0, 0.09488038644994701, 0.06849814505522672
, 1, 0.021714365244280547, 0.00476152762985676
, 2, 0.0049858838831738465, 0.0003597524025056472
, 3, 0.0019730413373026208, 7.420701988227953e-5
c, 0, 0.012596854970716723, 0.001195565283894653
, 1, 0.0007779582767274609, 2.106410291870327e-5
p, 0, 0.12424979220817738, 0.06511722135215428
, 1, 0.009254855142288113, 0.0016108242440115938
, 2, 0.003004611274386883, 0.00020740474912582952
, 3, 0.001316616056793749, 4.581014487213264e-5
c, 0, 0.014713832909254418, 0.0020134549434765218
, 1, 0.0005377760742822381, 1.1744249867681792e-5
p, 0, 2.973766578255347, 18.31376701983451
, 1, 0.027627678982657677, 0.004656084994222206
, 2, 0.0033064035006361886, 0.0003133617123691532
, 3, 0.0015399193774654476, 6.365609032817306e-5
c, 0, 0.014876428758732867, 0.0012640651045047236
, 1, 0.000585054716802735, 1.4231396383332863e-5
p, 0, 32.40718816142364, 2100.318492016688
, 1, 0.6309153958204995, 2.7146299450331934
, 2, 0.011480120801325027, 0.0014706966806197475
, 3, 0.0017190559384642713, 8.537200314748051e-5
c, 0, 0.015665872868056294, 0.001994862787451424
, 1, 0.0005496427981821309, 1.1251944846022181e-5
p, 0, 0.10212820830828777, 0.06812746361736557
, 1, 0.007061904476705313, 0.0012632772695993692
, 2, 0.0019402388641581673, 8.381295110909163e-5
c, 0, 0.0150284828904705, 0.0014971448255714035
, 1, 0.0005833003975005205, 1.6502895355905606e-5
p, 0, 0.0484055766786866, 0.022284103583286655
, 1, 0.002580670470244407, 0.00019128304459885322
, 2, 0.00024650100850108145, 2.2747008500911305e-6
c, 0, 0.015828339025828343, 0.001652728286471704
, 1, 0.00011520671820839213, 4.47912183474118e-7
p, 0, 0.11823873756187923, 0.05162698466195979
, 1, 0.004113178242166661, 0.00029963639073830097
, 2, 0.00028503213841383476, 3.222114005701286e-6
c, 0, 0.011659952410244524, 0.0011799636715556904
, 1, 0.00014799893642401145, 8.292335689132041e-7
p, 0, 4.726866670915078, 56.87395700740641
, 1, 0.047097609131782306, 0.02797926807956279
, 2, 0.0011293399079845797, 3.704934033708877e-5
c, 0, 0.014669685426520479, 0.001795555640018976
, 1, 0.0004525325196741107, 5.650590995907327e-6
p, 0, 0.11860894431320741, 0.09957482937615632
, 1, 0.006547319768118017, 0.0009790437531348806
, 2, 0.002760003106039446, 0.00018731543899494274
, 3, 0.0014303681392558464, 4.279829625640328e-5
c, 0, 0.012043145433572006, 0.001901261461555786
, 1, 0.0004481116676643787, 8.56495297732114e-6
p, 0, 0.08037722105226741, 0.04750180799477933
, 1, 0.005548201199139913, 0.00094177558271804
, 2, 0.002895669147782378, 0.00020254806575122457
, 3, 0.0012025901915820546, 4.668730552730675e-5
c, 0, 0.014137588908951684, 0.0015593220191683279
, 1, 0.0004588607656760927, 1.1004245240641061e-5
p, 0, 0.09559817116684183, 0.054572215152497355
, 1, 0.00424459597727286, 0.0003444169135452742
, 2, 0.0015436024015880094, 5.966358883525692e-5
c, 0, 0.0115557023718674, 0.0011140704756109894
, 1, 0.000633957210490993, 1.268856267136758e-5
p, 0, 0.09817519200461271, 0.0578783198253005
, 1, 0.0025834629687670457, 0.00015662194607765306
, 2, 0.0008072164162313619, 1.6263833785628468e-5
c, 0, 0.012738520561573095, 0.0019859156459055413
, 1, 0.00030461063727746504, 3.4404493479453443e-6
p, 0, 0.25585675794320967, 0.17483615104989217
, 1, 0.008362795075461454, 0.0005535043446992097
, 2, 0.0018554876703489563, 6.791489196597354e-5
c, 0, 0.010227050871897432, 0.0010882812070015342
, 1, 0.0005811788469198766, 1.6273824967304554e-5
p, 0, 0.80763576823324, 1.2646315737433196
, 1, 0.022392347434864686, 0.003342974392532717
, 2, 0.004170967879211996, 0.00024206841805226816
, 3, 0.0017415163967969792, 5.777741753972225e-5
c, 0, 0.012892785534355826, 0.0012593098235150122
, 1, 0.0005814376939593168, 1.2427463097085735e-5
p, 0, 1.0656007894634139, 2.295429275912715
, 1, 0.013033541269224142, 0.0019091049902048077
, 2, 0.0037095098035544727, 0.00021452917725010216
, 3, 0.0017138650469714592, 4.863463807349689e-5
c, 0, 0.010447461607493115, 0.0013367453727626264
, 1, 0.0006369160934578711, 1.1136727106161923e-5
p, 0, 2.2033654894942725, 9.971911636810736
, 1, 0.02287974235166187, 0.0039936315735364086
, 2, 0.0036406671285331613, 0.00026652703246633373
, 3, 0.00201635931251043, 6.829303740663553e-5
c, 0, 0.010318706351539343, 0.0008850533213444271
, 1, 0.0008958906716369887, 1.994102202362172e-5
p, 0, 0.4625819775952884, 0.4342211596349621
, 1, 0.012332333999180857, 0.0015780766510491663
, 2, 0.004249971259051423, 0.00028901575256524384
, 3, 0.002203830537317506, 6.738957710693024e-5
c, 0, 0.008505551625000964, 0.0009736379401896273
, 1, 0.0006957446440668827, 1.676032067954078e-5
p, 0, 20.28972689115146, 829.3603704103726
, 1, 0.3695217572609198, 0.9047056786340657
, 2, 0.007599090071325842, 0.0006913604879264537
, 3, 0.002643764930691704, 0.00011804272225416866
, 4, 0.001239865830314474, 2.3712005319307748e-5
c, 0, 0.009915092260334778, 0.0009822301763185244
, 1, 0.00028020609223819654, 4.832295525656818e-6
p, 0, 0.46817401208223025, 0.5122457638190534
, 1, 0.009065972707443356, 0.0011861755103876488
, 2, 0.0020707465892518674, 7.325115168984894e-5
c, 0, 0.009971344579980591, 0.0010548965154623564
, 1, 0.0006923141614066308, 1.558489638727355e-5
p, 0, 0.34203758372607423, 0.22826278791126564
, 1, 0.006075244996802297, 0.0005252077091833554
, 2, 0.0026005733718258866, 0.0001008922084261185
, 3, 0.0012194110293996835, 2.4171891692798866e-5
c, 0, 0.012613557289137248, 0.0011108842196384254
, 1, 0.00045472563950321894, 5.676056571910997e-6
p, 0, 0.0646837003025148, 0.02532976222605381
, 1, 0.005498697959411861, 0.000843846043739082
, 2, 0.0024756678059038757, 9.204287766469846e-5
c, 0, 0.014744039457450115, 0.001034172543627152
, 1, 0.0008232982752080979, 2.2709241225077774e-5
p, 0, 132.38551669891942, 35051.66959342473
, 1, 1.282096911867009, 11.788949547074754
, 2, 0.027169850859693645, 0.006718746245579874
, 3, 0.004275844406352449, 0.0005095527060599901
, 4, 0.002100308354511818, 8.821494023774268e-5
c, 0, 0.01525178173945984, 0.0015070641374242593
, 1, 0.0006243653279974547, 1.901796078239996e-5
p, 0, 8.997542333512314, 162.75738323632032
, 1, 0.08873638068456526, 0.09036498520506035
, 2, 0.016242998894064713, 0.0068672308198083325
, 3, 0.007625391539304857, 0.0013074867252109439
, 4, 0.003957390618905685, 0.0002981295091420856
, 5, 0.0019299936527898548, 6.919099942225568e-5
c, 0, 0.009951334557380833, 0.0008468720255979837
, 1, 0.0006767583348989138, 1.6403152214620027e-5
p, 0, 6.221875332491185, 76.85890854508112
, 1, 0.14233608042603235, 0.10886845436585034
, 2, 0.0044190152682215406, 0.0002595676475888264
, 3, 0.0008756358795150543, 3.369152496197599e-5
c, 0, 0.01272101464119981, 0.0013552240367902338
, 1, 0.0007482841991455645, 1.5176352774930038e-5
p, 0, 0.07198602768212924, 0.037461397606786725
, 1, 0.003657599223809398, 0.0005755341998856879
, 2, 0.0008514319880204633, 1.91833892378627e-5
c, 0, 0.008317542415210597, 0.0007484266683414596
, 1, 0.00021829155596585667, 2.053401646236541e-6
p, 0, 2.3690497119226364, 17.778957752581924
, 1, 0.049138985205409436, 0.01320361766426177
, 2, 0.0010238556966059127, 1.7775928634423978e-5
c, 0, 0.013206098077796217, 0.0009630425717630874
, 1, 0.0002966942477582013, 2.8327120078261528e-6
p, 0, 64.5625648666274, 8336.412909582994
, 1, 1.1973330382375307, 11.47706871802387
, 2, 0.053544289025515404, 0.04884706920575486
, 3, 0.0211014482401555, 0.011405273528301733
, 4, 0.01098175092847023, 0.0025651196892455307
, 5, 0.005637806908245767, 0.0006089937626040395
, 6, 0.0026273345080561335, 0.00014593894293144584
, 7, 0.001343051351571074, 3.4474816377286074e-5
c, 0, 0.008991720366887002, 0.0008234777865179829
, 1, 0.00034884889189295735, 7.745530169990323e-6
p, 0, 1.484586395781954, 6.077459089413222
, 1, 0.016713796875692136, 0.0030178993034476686
, 2, 0.0015322094396448445, 4.4405574732855904e-5
c, 0, 0.014103233849082193, 0.0015526774336416533
, 1, 0.0007076331217259922, 1.7395102321306036e-5
p, 0, 0.8674808585924604, 1.5103405535382293
, 1, 0.016422994718625947, 0.0016935264621022257
, 2, 0.0014733527310454462, 4.2498968070905867e-5
c, 0, 0.010038908833408862, 0.0009669018229136228
, 1, 0.000376172713511203, 8.254152511645691e-6
p, 0, 1649.5386165577884, 5.441811814958622e6
, 1, 17.096715788785268, 2029.4749237160834
, 2, 0.5295490188820989, 2.409969623232052
, 3, 0.13093045863008607, 0.40036007681950064
, 4, 0.06571009488653426, 0.08205797057507232
, 5, 0.03195502641439235, 0.017867838152026996
, 6, 0.014059537173971823, 0.003966622991568704
, 7, 0.007035335186086865, 0.0008791684181917403
, 8, 0.0031161836354351045, 0.00019693470426211858
, 9, 0.0015630283996802218, 4.378688916377759e-5
c, 0, 0.009982601717650533, 0.0011634064919392492
, 1, 0.000577935107865085, 9.948213219745993e-6
p, 0, 0.06929847508503281, 0.07618078583734494
, 1, 0.006706304227092804, 0.0012294635206268644
, 2, 0.00086597386723699, 4.277452535769622e-5
c, 0, 0.011743231471573641, 0.0014224866413218417
, 1, 0.0006587015519346672, 2.7971558669017525e-5
p, 0, 68.77286684773497, 9459.336452231717
, 1, 1.3824517294586054, 11.589044287297934
, 2, 0.03693482270408461, 0.01459912813777553
, 3, 0.006976951523724132, 0.000760859423982292
, 4, 0.002736932620749528, 0.0001182476940849579
, 5, 0.0010876456955243724, 1.7784848727194032e-5
c, 0, 0.009192669948438493, 0.0008852945494895626
, 1, 0.0003131206990261737, 3.135907124560044e-6
