p/c, iter, r∞, r₂
p, 0, 0.0, 0.0
, 1, 0.0, 0.0
c, 0, 0.0, 0.0
, 1, 0.0, 0.0
p, 0, 0.0, 0.0
, 1, 0.0, 0.0
c, 0, 0.0, 0.0
, 1, 0.0, 0.0
p, 0, 0.0, 0.0
, 1, 0.0, 0.0
c, 0, 0.0, 0.0
, 1, 0.0, 0.0
p, 0, 0.0, 0.0
, 1, 0.0, 0.0
c, 0, 0.0, 0.0
, 1, 0.0, 0.0
p, 0, 0.0, 0.0
, 1, 0.0, 0.0
c, 0, 0.0, 0.0
, 1, 0.0, 0.0
p, 0, 0.0, 0.0
, 1, 0.0, 0.0
c, 0, 0.0, 0.0
, 1, 0.0, 0.0
p, 0, 0.0, 0.0
, 1, 0.0, 0.0
c, 0, 0.0, 0.0
, 1, 0.0, 0.0
p, 0, 0.0, 0.0
, 1, 0.0, 0.0
c, 0, 0.0, 0.0
, 1, 0.0, 0.0
p, 0, 9.498110771285414e-6, 1.80428216447216e-10
, 1, 7.739657299947148e-8, 4.599066558691878e-14
c, 0, 5.536130901319962e-8, 2.497320336765925e-14
, 1, 4.603949716804892e-9, 4.815097833338529e-16
p, 0, 0.40915437469422367, 0.8040617639631735
, 1, 0.005148537822920922, 0.0005609708524623882
, 2, 0.0017222105950925096, 0.0004341177298811217
, 3, 0.0008253825226314323, 0.0001375504091883195
, 4, 0.0004637564257819872, 6.1020256982426165e-5
c, 0, 0.4522865694964864, 0.780208912387764
, 1, 0.002162857909387202, 0.00011017033480127564
, 2, 0.0005834658867749924, 1.354434151881894e-5
p, 0, 0.4160091504391372, 0.4743821114281892
, 1, 0.0031683969501119804, 0.00015902503269674565
, 2, 0.00012077311610128965, 5.190350271435764e-7
c, 0, 0.036343866660661354, 0.007773145498614282
, 1, 0.0002450375085968294, 1.0458719065459125e-6
p, 0, 4.981094206571004, 60.77384762725898
, 1, 0.05847161259565031, 0.041452002773725405
, 2, 0.011784785139594828, 0.017953390007136628
, 3, 0.005200220334578874, 0.006063136449707874
, 4, 0.0035682390235207808, 0.0026459222754817435
, 5, 0.002264681394292427, 0.0008928425381595373
, 6, 0.0017515616459643185, 0.0004045339596331522
, 7, 0.0013661733283185408, 0.00015111160261398107
, 8, 0.0011484147256240068, 7.383517182146087e-5
c, 0, 1.6453169506383025, 22.47078522970685
, 1, 0.0182030124006197, 0.00466814419399994
, 2, 0.0007700348613278628, 2.7803719633240176e-5
p, 0, 2.4845387256356584, 37.700727731366854
, 1, 0.05327464874231315, 0.04455550003999729
, 2, 0.013861678589269864, 0.024244377962340774
, 3, 0.006463675635777283, 0.008643137974116321
, 4, 0.00421489087192497, 0.0036129262303849726
, 5, 0.0026403366893343718, 0.0011230682293246691
, 6, 0.0014296171566078458, 0.0005256114115715921
, 7, 0.0010878350682831306, 0.00017624481103381375
, 8, 0.0005378343163115653, 8.120368400081378e-5
c, 0, 0.4984418173712653, 0.7297031363276769
, 1, 0.004359307154850353, 0.00019821911120711166
, 2, 0.0006630595283486575, 1.6536182657501997e-5
p, 0, 4.189327952487505, 96.6758130280657
, 1, 0.08095538969760052, 0.13884683702103354
, 2, 0.02483464854207742, 0.07643094530246544
, 3, 0.011214247918032903, 0.026415681144291693
, 4, 0.007842153858879021, 0.011451461886698796
, 5, 0.004515571141437743, 0.0034481653355411977
, 6, 0.002532885643885453, 0.0015397705164276589
, 7, 0.0018578928743588417, 0.0005172371151843471
, 8, 0.0008929405116987407, 0.00023602915076632478
, 9, 0.0007367228179242722, 7.728490148931057e-5
c, 0, 0.16994374675072454, 0.18208754566074897
, 1, 0.001129783468493866, 3.606693016168749e-5
p, 0, 0.8898308557770394, 2.732620622651748
, 1, 0.012768466096125, 0.002275408559063059
, 2, 0.003327918443672159, 0.0016052214340543413
, 3, 0.0010914543759086952, 0.0003418144165453448
, 4, 0.000927714979557148, 0.00018516204946983025
, 5, 0.0005107765969394758, 5.369554269675898e-5
c, 0, 0.15686036111814294, 0.14918563658310016
, 1, 0.0013493035070029978, 2.4309333358856477e-5
p, 0, 0.8201763795299589, 4.217229570990194
, 1, 0.015888451286575372, 0.003789694247361301
, 2, 0.0040319902508104575, 0.0024775623714306514
, 3, 0.0020969959143227026, 0.0007946949323549728
, 4, 0.0012545136543684198, 0.000375386218639032
, 5, 0.0008021910309211995, 0.00013374060757901022
, 6, 0.0004434025532436468, 5.739386939201366e-5
c, 0, 0.10466549024184214, 0.06739844752330477
, 1, 0.0009903483633622037, 2.161069082791475e-5
p, 0, 1.2398894980183215, 3.7302956281829105
, 1, 0.013115147740629106, 0.002466481305916989
, 2, 0.0019053342313310575, 0.0005836329634054814
, 3, 0.0015673807095986404, 0.00030977001889898173
, 4, 0.0009305884679922159, 9.388866024805674e-5
c, 0, 0.09336484038170786, 0.052942674251104264
, 1, 0.0008879382842894381, 2.9732801552753468e-5
p, 0, 0.516223164832998, 0.4174603718504297
, 1, 0.004250061621455226, 0.00018084133000634717
, 2, 0.00028627645291863475, 5.0890932889754265e-6
c, 0, 0.07963844887695286, 0.02793501085383
, 1, 0.00039479063105621586, 4.765677769588914e-6
p, 0, 0.32193869228798117, 0.4255016375278556
, 1, 0.0034344688744353613, 0.00037154962805856137
, 2, 0.0010683355586972858, 0.0002665464484807378
, 3, 0.0005076137567674773, 7.97072146151442e-5
c, 0, 0.05963825791501083, 0.012279825723322361
, 1, 0.0011721489799354319, 3.9491747800413984e-5
p, 0, 0.45285998076179423, 0.4994655334477982
, 1, 0.00446919150618377, 0.00033194259157879496
, 2, 0.0011891942769408914, 0.00022969507392881346
, 3, 0.0006877738142035163, 9.268959433375053e-5
c, 0, 0.052317884501900634, 0.011805989472136597
, 1, 0.0013674390099961973, 2.858852137901655e-5
p, 0, 0.6397370940482954, 1.0033798884986105
, 1, 0.0112010856760711, 0.0011752369808281174
, 2, 0.0009765497087102438, 2.630537884283819e-5
c, 0, 0.02601503717980724, 0.00544608339493685
, 1, 0.0006762185271652664, 9.4857465025056e-6
p, 0, 0.49386979721139745, 0.44336060828279594
, 1, 0.005299378816024664, 0.0004452284747248704
, 2, 0.0008879271105318439, 0.0001254612823006245
, 3, 0.0005575660149948322, 6.554152551759256e-5
c, 0, 0.11884695285609291, 0.026948039832370572
, 1, 0.0008767817460822576, 1.3933789943255958e-5
p, 0, 151.45370651479567, 45858.292650495016
, 1, 2.1239579212249846, 21.138215305915992
, 2, 0.017290985733353054, 0.004778624069901372
, 3, 0.0017311602197253204, 8.553201354482098e-5
c, 0, 0.0473460234647427, 0.012162032056406332
, 1, 0.0010571012323740809, 3.303156332915646e-5
p, 0, 1.6964007482626546, 5.215284096315049
, 1, 0.021889566170212437, 0.0023664009930400944
, 2, 0.001025021463574521, 2.773581424518152e-5
c, 0, 0.020092313074873313, 0.0026735170823918345
, 1, 0.0006432103907040862, 1.7692322914979186e-5
p, 0, 1.0855335456763195, 2.1419171232220715
, 1, 0.013588185298674369, 0.0007867834680922284
, 2, 0.00045173879379873294, 4.344526110585635e-6
c, 0, 0.038162650722727405, 0.0044070851066902094
, 1, 0.00021191775820936793, 9.556077594282631e-7
p, 0, 0.7177900656062227, 1.3916727134130435
, 1, 0.007639977560332904, 0.0006514839256836439
, 2, 0.0017448108577489754, 0.0004562769415566345
, 3, 0.0009514370344527714, 0.00014925021325092643
, 4, 0.0006492961516412123, 7.254228093716434e-5
c, 0, 0.09894098524480167, 0.02672471094534351
, 1, 0.0009789234731289625, 1.7402799648422806e-5
p, 0, 2.0203573626893503, 6.910554285172479
, 1, 0.021760175343869724, 0.002192421539161162
, 2, 0.0018793191188478785, 0.00010656245321974727
, 3, 0.0005843761872993943, 5.941924173920552e-5
c, 0, 0.023300051494209953, 0.003576333525849686
, 1, 0.0008846686627511705, 1.588836615572061e-5
p, 0, 1.9087554385018208, 7.317136857899533
, 1, 0.02653968536359336, 0.0026669512397009265
, 2, 0.0019131477063482108, 6.603979492216016e-5
c, 0, 0.014533549805712503, 0.002353410937820007
, 1, 0.0013439582049964566, 4.193625659688121e-5
p, 0, 1.2668892553992606, 5.267595765031327
, 1, 0.01662109918448523, 0.002050313017412151
, 2, 0.00031808518146389254, 1.8846103829644958e-6
c, 0, 0.02044808808712746, 0.0031502715888813483
, 1, 0.00013050853482599002, 5.375601764461263e-7
p, 0, 11.396749891313783, 261.08901543537394
, 1, 0.15763787970474902, 0.19121588965914155
, 2, 0.0021153809282073452, 6.035293077288188e-5
c, 0, 0.017933501847254636, 0.003002781029794578
, 1, 0.00040774715567665144, 4.0242728055064385e-6
p, 0, 0.6640544083736598, 1.2305546414116955
, 1, 0.006973987069231355, 0.00040353008329136424
, 2, 0.0004467086222518421, 4.738153742045057e-6
c, 0, 0.02049341017479986, 0.00423948676225996
, 1, 0.0002192939525898064, 2.122413343826806e-6
p, 0, 0.6456014809768279, 0.7510630237810575
, 1, 0.006878654479963415, 0.0003000488780025073
, 2, 0.0003139676304304663, 6.4445217721140865e-6
c, 0, 0.02476981358292192, 0.005448979989393532
, 1, 0.00015165055884462273, 9.718061290539688e-7
p, 0, 0.6409994628175734, 0.9297686321153271
, 1, 0.008304348206805541, 0.0005478060161136858
, 2, 0.0005262713246773183, 1.5254012232745316e-5
c, 0, 0.033821786790064014, 0.008631691835154507
, 1, 0.0003359753120339105, 2.737190533415477e-6
p, 0, 0.3833033311535778, 0.20955478751366913
, 1, 0.003758661589088602, 8.127724604614891e-5
c, 0, 0.02778467309790008, 0.004873602654325356
, 1, 0.00025796676251904757, 2.2652442966804373e-6
p, 0, 0.3942166212068, 0.2265396795142802
, 1, 0.003971064425860811, 0.00011374343490010668
, 2, 0.00028777547185467576, 5.177929542396422e-6
c, 0, 0.0626530169727183, 0.00944934428737069
, 1, 0.00030223329551842815, 2.18940595161441e-6
p, 0, 0.13495325532419075, 0.12105330233208912
, 1, 0.002917335297673937, 0.0002235405047724722
, 2, 0.000501274208434714, 1.2566839320399363e-5
c, 0, 0.04558766004731632, 0.008962124826235488
, 1, 0.0002703992278947397, 2.3901095842821537e-6
p, 0, 0.12104676573049308, 0.06116458551355453
, 1, 0.00473386686343507, 0.00042274558123227475
, 2, 0.0005548760056322218, 1.9240403153497282e-5
c, 0, 0.020042540755941897, 0.003863447939063714
, 1, 0.0002620914443338392, 1.5339388763122668e-6
p, 0, 0.08252177067092559, 0.03940127438043347
, 1, 0.0040131726389588136, 0.00032788041573910087
, 2, 0.0007021421945597576, 1.1223284341048607e-5
c, 0, 0.022799226910116085, 0.004875138602569856
, 1, 0.0002918697916019531, 2.21004939274599e-6
p, 0, 0.30415515431966295, 0.2864221006490335
, 1, 0.005173798072823218, 0.00039262593627350877
, 2, 0.0003064226218223964, 4.5869049956144255e-6
c, 0, 0.024172198676920033, 0.004921298082844878
, 1, 0.00021431623680674797, 1.527306221903218e-6
p, 0, 0.2324872057101688, 0.1593252053294272
, 1, 0.003961193265185685, 0.00028662281296722386
, 2, 0.000382025966232719, 2.7996612796363855e-6
c, 0, 0.029028775830374533, 0.004157993449378252
, 1, 0.00014893407903434608, 7.740746538572984e-7
p, 0, 0.16639541919986628, 0.046499232843611314
, 1, 0.0026919971232084103, 9.563901051719326e-5
c, 0, 0.03131484134105566, 0.004812033339090342
, 1, 0.0003778881913992213, 3.4836416745625897e-6
p, 0, 0.12911830438596827, 0.05634932208839478
, 1, 0.003285549192598446, 0.00018108361039522426
, 2, 0.0004216327362846704, 2.686322823108341e-6
c, 0, 0.03199026239369866, 0.005494297779793106
, 1, 0.00018995862977675836, 1.4418593325973456e-6
p, 0, 0.1055664305734825, 0.023973089397133784
, 1, 0.0008379467330606175, 1.0578615550975439e-5
c, 0, 0.03232882356186979, 0.0058431133767948935
, 1, 0.00024268242360904813, 1.3610031431923667e-6
p, 0, 0.13057858826688243, 0.05472944532384603
, 1, 0.0014221835025242486, 4.159731353371071e-5
c, 0, 0.0255601673328879, 0.003193039816009672
, 1, 0.0002252127488154935, 1.1333974669298805e-6
p, 0, 0.07063094842526037, 0.028001938888652125
, 1, 0.0015707600928564361, 5.530715526720348e-5
c, 0, 0.017628240514393354, 0.002807743859759114
, 1, 0.00034422340420615536, 3.596195749398505e-6
p, 0, 1.3253245906790934, 3.5354119026072954
, 1, 0.02217313729597178, 0.00429554991055242
, 2, 0.0009986379689766135, 1.3549829319902885e-5
c, 0, 0.0247800741924649, 0.0035827957844225596
, 1, 0.00023648006729740337, 1.3267041447562047e-6
p, 0, 0.07140285410546757, 0.02052825684237574
, 1, 0.000659687531761782, 1.2596323560952207e-5
c, 0, 0.029435324993147192, 0.004480363681755185
, 1, 0.00023967519922750413, 2.466527367967453e-6
p, 0, 0.27236505754927276, 0.10768153995216098
, 1, 0.0023692159406055137, 8.923205399241795e-5
c, 0, 0.028093069457928044, 0.0038730488013326565
, 1, 0.00021846964927218934, 1.0324871221618696e-6
p, 0, 0.3901094337500429, 0.2690795634616012
, 1, 0.004643195434892313, 0.0002645678293664346
, 2, 0.00040734028540215467, 2.846133933652366e-6
c, 0, 0.05431207062581311, 0.009472301367356013
, 1, 0.00017204157645525373, 1.018995465311477e-6
p, 0, 1.1637080021463029, 2.730338620155088
, 1, 0.01860614433761175, 0.00308198609925513
, 2, 0.00033582267193632103, 1.7086879062013334e-6
c, 0, 0.057083553227902956, 0.00888608687001727
, 1, 0.0001947156328626587, 1.4766573149382948e-6
p, 0, 0.06897319070405558, 0.021318142593450246
, 1, 0.0005955325098017578, 1.8542407903781983e-5
c, 0, 0.027983335116787713, 0.0051578282634612465
, 1, 0.00023798657095639147, 1.5289909587318124e-6
p, 0, 0.10510437507844997, 0.033603818365002036
, 1, 0.0010602474425826709, 2.7454755565639848e-5
c, 0, 0.021406916657376502, 0.0034473506972024243
, 1, 0.00019652279233180328, 1.1711130970554587e-6
p, 0, 71.96661613720465, 10357.847683288242
, 1, 1.0891494261440708, 10.244217379432818
, 2, 0.013373668836597932, 0.003010185085326292
, 3, 0.0019717306411517407, 7.747741564124923e-5
c, 0, 0.024903463916592282, 0.003035902574728105
, 1, 0.00025135336530357087, 2.7519891017480693e-6
p, 0, 0.07849007511333994, 0.02178332581379222
, 1, 0.0007505059159645714, 1.9213529397802547e-5
c, 0, 0.022755530707016518, 0.003330658595651138
, 1, 0.00022926859448611493, 1.3046173320469592e-6
p, 0, 0.06258833391327606, 0.019181130063855596
, 1, 0.0006307237096643539, 1.3200058120189251e-5
c, 0, 0.020701154153828283, 0.002804545285705167
, 1, 0.00015243885877924516, 8.142004787116153e-7
p, 0, 0.03738333428891735, 0.013609173336361127
, 1, 0.0003399776567467744, 5.7386158340916134e-6
c, 0, 0.015470401898305902, 0.002802459859943699
, 1, 0.0001841280096908863, 9.864815792659374e-7
p, 0, 0.06990552127109675, 0.029583273264638405
, 1, 0.001138738215339835, 3.1679488067419e-5
c, 0, 0.02076436926772198, 0.0025276122410303726
, 1, 0.00021235997034211863, 8.444759851790025e-7
p, 0, 0.05810159737301406, 0.018175791134037757
, 1, 0.0013226769152857826, 3.7263713272502035e-5
c, 0, 0.01800329308263668, 0.0026973349552166627
, 1, 0.00019934756129353314, 1.1161481148307367e-6
p, 0, 0.21725711383112478, 0.11083400161137252
, 1, 0.0033498309641844127, 0.00011849310301534146
, 2, 9.200293368334688e-5, 1.8243343513883534e-7
c, 0, 0.017028500730981114, 0.002693014731120028
, 1, 0.00015445540647098234, 6.432535722158867e-7
p, 0, 0.06467304825974417, 0.02577256970554271
, 1, 0.0015790335275783548, 3.776023164576341e-5
c, 0, 0.021374535887750755, 0.0035152862003047344
, 1, 0.000175472127463587, 6.939839974249587e-7
p, 0, 0.054376122651854125, 0.026118404804278853
, 1, 0.0014521990332766687, 5.185751485286248e-5
c, 0, 0.025055592878952277, 0.003115722253319456
, 1, 0.0002295039496874033, 1.4048922128605823e-6
p, 0, 0.03936935397517775, 0.012586027982587738
, 1, 0.0004938058446096537, 1.3333469627686873e-5
c, 0, 0.030306123688043533, 0.0033423793719916614
, 1, 0.0002360244267388541, 1.429175462866349e-6
p, 0, 0.04845285224763474, 0.01463948871681687
, 1, 0.000832876197127341, 1.861503323756306e-5
c, 0, 0.032572750852222006, 0.003336556749108291
, 1, 0.00022692060049753232, 1.212731004199588e-6
p, 0, 0.04404848822328937, 0.009640794605923559
, 1, 0.00038978816954855647, 4.1713059660919065e-6
c, 0, 0.03016887289196442, 0.003287610119413638
, 1, 0.00025535720934920404, 1.4048819810710248e-6
p, 0, 0.03695315254729939, 0.010666461222678291
, 1, 0.0005404270506469403, 8.203554050344274e-6
c, 0, 0.028438489796436546, 0.0027233830417222374
, 1, 0.0002045536550622599, 1.010263180417346e-6
p, 0, 0.0338060396380907, 0.009072475914234171
, 1, 0.0005270877589974956, 7.894287713703159e-6
c, 0, 0.02591139318519019, 0.00226281765718927
, 1, 0.00019923281333496842, 7.842017345217925e-7
p, 0, 0.037851666587084554, 0.009536285012274994
, 1, 0.0005008734208189981, 7.312007751227273e-6
c, 0, 0.019353760256610623, 0.0019178649379496804
, 1, 0.00022766625675259083, 1.4068734893865823e-6
p, 0, 0.036178712555391825, 0.009245717866195527
, 1, 0.0005455796123197855, 8.980201232199475e-6
c, 0, 0.018935293130798298, 0.0023605646461673136
, 1, 0.0001801426166254343, 8.257542456064229e-7
p, 0, 0.0381174312792942, 0.008809218529768058
, 1, 0.0004500583249570918, 6.261657209989167e-6
c, 0, 0.015353394651032864, 0.002071635742932984
, 1, 0.00017808939479814303, 7.920460093956128e-7
p, 0, 0.040082105008948724, 0.00736067526035976
, 1, 0.00040409856352823556, 3.68382228169449e-6
c, 0, 0.015378393473191934, 0.002136493424150642
, 1, 0.00020059091217661474, 8.309355230551308e-7
p, 0, 0.035550811407738775, 0.007122459960739212
, 1, 0.00045712737660951776, 6.287134567537252e-6
c, 0, 0.01834306309271679, 0.0025190961158725383
, 1, 0.0001304405669356331, 4.930832616722812e-7
p, 0, 0.059672075970613504, 0.014988861529243874
, 1, 0.00043244519739567755, 5.97775482858e-6
c, 0, 0.018648791354626333, 0.0020919463670968363
, 1, 0.0002072881708320397, 1.0245408725330454e-6
p, 0, 0.03497929506643214, 0.007515235574909965
, 1, 0.00027145327523935025, 2.802777053394207e-6
c, 0, 0.01689784848502495, 0.0018341253310993173
, 1, 0.00014785205445111855, 5.801039778097398e-7
p, 0, 0.03361183944653187, 0.008322332555995631
, 1, 0.0004592904829844892, 4.245903845646205e-6
c, 0, 0.01976248195426682, 0.001756076661994225
, 1, 0.00010959130623008308, 4.1861053601412925e-7
p, 0, 1.1067798060555505, 2.986351507655882
, 1, 0.012195767462966972, 0.0013124526958673305
, 2, 0.0001273505817258897, 5.400353816231904e-7
c, 0, 0.01855862922665322, 0.0019679260279899468
, 1, 0.00021498828827668353, 8.718666127049278e-7
p, 0, 4.754832901559185, 34.53171197821456
, 1, 0.03754017509292744, 0.013655581097522858
, 2, 0.000615801198325588, 5.723143319157202e-6
c, 0, 0.019646455729313558, 0.001975609369573647
, 1, 0.00015438458108376512, 6.698974859204786e-7
p, 0, 0.5377209211243762, 0.7777807946740036
, 1, 0.010575403070956368, 0.0009961651246720568
, 2, 0.00020554646926807272, 6.549906083091852e-7
c, 0, 0.012711346408235413, 0.001965082694766085
, 1, 0.00016055262267524064, 6.740887133630734e-7
p, 0, 0.08635380460850797, 0.02340399129608521
, 1, 0.001094253867527307, 2.6257241012799297e-5
c, 0, 0.019559410300073278, 0.0019659638729265182
, 1, 0.0002342338539411453, 9.663008243239615e-7
p, 0, 0.29639890568597904, 0.1885046176508164
, 1, 0.0035955485795052342, 0.00019717682693600627
, 2, 0.0002241789033731926, 1.2381042413656873e-6
c, 0, 0.023865994529816918, 0.002440960451316586
, 1, 0.00014676609911777656, 7.311524752194046e-7
p, 0, 0.08198213716035363, 0.036077761420267106
, 1, 0.001847368934850109, 8.171934058491068e-5
c, 0, 0.022611471152145065, 0.0025423956267713187
, 1, 0.00019735520588908613, 7.168572826561476e-7
p, 0, 0.0900405961000775, 0.025464379980529344
, 1, 0.0012228170372497746, 1.833456750045368e-5
c, 0, 0.019546841349908906, 0.0019159749340500068
, 1, 0.0001845946426261805, 8.341276152514999e-7
p, 0, 0.05868818445188993, 0.012839816201100994
, 1, 0.001433264117999378, 5.230582060514022e-5
c, 0, 0.011760757098115093, 0.0016019004395722177
, 1, 0.00013367977765961204, 5.747025572587754e-7
p, 0, 0.034430016330548284, 0.00946743897693796
, 1, 0.000367164420213665, 4.4332803540974885e-6
c, 0, 0.017854127207102295, 0.0020365956350237614
, 1, 0.00019136145600206394, 7.731945019300039e-7
p, 0, 0.08344260906090399, 0.0274084023998697
, 1, 0.0011448920641134995, 3.1784673110995855e-5
c, 0, 0.02056183248935619, 0.0018696071146292695
, 1, 0.0001381040284302945, 5.302439352033459e-7
p, 0, 0.10819060286694399, 0.03160952779838805
, 1, 0.0011707001346256559, 1.268267032050216e-5
c, 0, 0.020145287882680683, 0.0015107087810759079
, 1, 0.00017637215915994976, 6.24416657355517e-7
p, 0, 0.03564010204353022, 0.008399895692028012
, 1, 0.0005346624886782246, 1.2525051629500437e-5
c, 0, 0.015496728349467597, 0.0015809681149895382
, 1, 0.00014130597902273077, 5.025044414763855e-7
p, 0, 0.03023365132155174, 0.005981220850015235
, 1, 0.00029943375739816653, 2.8706521761591084e-6
c, 0, 0.015488775959198689, 0.0015071366848740317
, 1, 0.000134811118599106, 5.559210395237929e-7
p, 0, 0.04434173486034498, 0.010739968352219966
, 1, 0.0013515444578692138, 1.4624146124829961e-5
c, 0, 0.011879629946698674, 0.0012977000002441551
, 1, 0.0001479334976397384, 7.684487994694611e-7
p, 0, 0.09236564985674306, 0.020908802561515755
, 1, 0.0013465125178653819, 2.055298037679493e-5
c, 0, 0.017337173683574528, 0.0015898844579487284
, 1, 0.0001458776178698254, 5.346401232773319e-7
p, 0, 0.03931438333055576, 0.0063020913843750805
, 1, 0.00030091248713642584, 2.432090242082696e-6
c, 0, 0.01356052297106537, 0.0015498149368473452
, 1, 0.00010881184335616583, 3.5783266256997545e-7
p, 0, 0.5866144633731122, 0.6938346392544751
, 1, 0.007477466690151768, 0.0005952505683070198
, 2, 0.0003869566506165483, 2.1697283737669693e-6
c, 0, 0.01601215108296222, 0.0016512710761965395
, 1, 0.00018632706957655856, 6.801987845208148e-7
p, 0, 0.08328032680688836, 0.018903504695017857
, 1, 0.0013312257360871885, 2.2096710323452543e-5
c, 0, 0.015355487888896555, 0.0012766915304217579
, 1, 0.0001919005665958887, 1.1226669181930468e-6
p, 0, 0.02658548482031784, 0.004952024109856777
, 1, 0.0004120316383051417, 5.072766791237158e-6
c, 0, 0.011873530591279657, 0.0011760914902125676
, 1, 0.0001286404013423344, 6.737855889385032e-7
p, 0, 0.7328462635200995, 1.0865307985771495
, 1, 0.013027915682023291, 0.0013662238459609423
, 2, 0.00038722605145192276, 2.0953209107920223e-6
c, 0, 0.010064790545539123, 0.0010507400250215748
, 1, 0.00014804916317395103, 4.296898802112798e-7
p, 0, 0.09183641268034397, 0.02530757687584023
, 1, 0.0009716612360976557, 1.6118012456072368e-5
c, 0, 0.01451050116130638, 0.0012164903290469281
, 1, 0.00013255194194201596, 5.365712417297359e-7
p, 0, 0.17076064997319934, 0.06169467021615531
, 1, 0.0017018834261432044, 4.506201558590242e-5
c, 0, 0.018324401664154395, 0.0011768875055902636
, 1, 0.00012453349613783966, 3.703433740751473e-7
p, 0, 0.03473765888425932, 0.005447080844051241
, 1, 0.00037218965427226764, 4.576056764915096e-6
c, 0, 0.01773451788724476, 0.001197895479135019
, 1, 0.00013844656007301105, 4.544023483521633e-7
p, 0, 0.06854235692523017, 0.01733809718921706
, 1, 0.0013972413669146083, 2.0003325061079258e-5
c, 0, 0.01541661312855423, 0.0012667230962659628
, 1, 0.0001439057803887121, 6.670709190332474e-7
p, 0, 0.04084161693832372, 0.0072295080874864815
, 1, 0.00024062171373847126, 2.2261795386560055e-6
c, 0, 0.011357651400989707, 0.001047223301851148
, 1, 0.00010332734322296633, 2.9254375077428636e-7
p, 0, 0.053745498007671824, 0.014011908210771544
, 1, 0.0007913718939391098, 1.976344451288395e-5
c, 0, 0.012601235746502496, 0.0017083959023739014
, 1, 0.00021469870234620884, 1.6437179389905837e-6
p, 0, 0.0882283765477257, 0.016984058018152195
, 1, 0.0003250539468521319, 4.990103354386714e-6
c, 0, 0.012467403047448493, 0.0014118893385727045
, 1, 0.0001561816760836856, 6.936976601846053e-7
p, 0, 0.09024084325420818, 0.027843471852111387
, 1, 0.0013300346699041377, 2.8815744886629396e-5
c, 0, 0.016554523857383343, 0.0023204078303614923
, 1, 0.00025395157142523805, 2.2595562889736807e-6
p, 0, 0.05116667948300008, 0.015317142740727353
, 1, 0.0006450301642760463, 1.032965327247225e-5
c, 0, 0.015798048215627025, 0.0022058423064445117
, 1, 0.00017425440930286942, 1.2954194286143897e-6
p, 0, 2.204646002583603, 9.722758447010401
, 1, 0.023191065028367496, 0.006303612575386134
, 2, 0.0007244580339772924, 1.1837379455987994e-5
c, 0, 0.019380583659096708, 0.002172072514782358
, 1, 0.0002160854259640985, 1.2141761158420878e-6
p, 0, 0.10500485118858441, 0.0389763748218274
, 1, 0.0019963766408352505, 6.02155809308584e-5
c, 0, 0.023223309152422395, 0.002341331203161673
, 1, 0.0005097019034115044, 9.52964552392675e-6
p, 0, 14.082468688107728, 396.63666116807707
, 1, 0.19591104663707049, 0.28110204430489233
, 2, 0.003236840562748979, 0.00018063730623254324
, 3, 0.0009766381559955211, 1.6356241431437465e-5
c, 0, 0.019495865222425034, 0.0021257558923322315
, 1, 0.00038870849747478015, 3.4297532813166243e-6
p, 0, 0.35818167160046305, 0.2706282656681137
, 1, 0.008210306491467426, 0.0005769879747480978
, 2, 0.0016763999896867825, 5.267826451814464e-5
c, 0, 0.019401442738973165, 0.0021850086396488053
, 1, 0.0005050237564729861, 8.174680888314208e-6
p, 0, 1.3545828862225804, 3.671151244500153
, 1, 0.01724049815949339, 0.0023921132612688533
, 2, 0.003116391000807685, 0.00018780345375128476
, 3, 0.001271427259829472, 2.929478334718226e-5
c, 0, 0.011848538683165717, 0.0015332103019744063
, 1, 0.0005483960799250351, 1.0566087008883483e-5
p, 0, 0.4237327109710491, 0.3817794622340913
, 1, 0.010951750557963016, 0.0011064338709929043
, 2, 0.0025401323541542386, 0.00010064080208528225
, 3, 0.0007293600601469572, 1.2369725507956017e-5
c, 0, 0.018340305091497394, 0.0017187754440087584
, 1, 0.0003178398930465872, 3.0332464788918667e-6
p, 0, 1.5995856109441433, 5.156775285008315
, 1, 0.020665388585319605, 0.0037050277798091166
, 2, 0.0032837016309065683, 0.0002183503467567457
, 3, 0.0011701313551867121, 2.391129901976887e-5
c, 0, 0.013156719032387989, 0.001246181958869731
, 1, 0.00035211827435874753, 5.668752071910223e-6
p, 0, 0.22124107444401514, 0.10445630032984415
, 1, 0.00509849176659688, 0.000571583410731604
, 2, 0.0011832125164680488, 2.415485893035147e-5
c, 0, 0.013385268534612818, 0.0013728558987002944
, 1, 0.0002782330793759312, 2.9328401230792968e-6
p, 0, 0.049701038211508806, 0.020341524366117334
, 1, 0.0022152218492739444, 0.00012085152143614399
, 2, 0.0002076017503306569, 2.0390545141747027e-6
c, 0, 0.010912842539588647, 0.0011623500187809138
, 1, 0.00016373751121063189, 6.999569112483774e-7
p, 0, 0.06402743454462707, 0.01741040585492022
, 1, 0.0021585885495679024, 0.00011806101288226842
, 2, 0.0006427546628575037, 1.1877647332970329e-5
c, 0, 0.01113861721332879, 0.001150592006703821
, 1, 0.0003885091976574474, 3.2906922587074218e-6
p, 0, 4.667636611016694, 44.706857896709565
, 1, 0.059219533742970315, 0.03396287728068727
, 2, 0.0030461757836126183, 0.00016259738693816722
, 3, 0.0006363063285769534, 1.2223362367649189e-5
c, 0, 0.01270320297920752, 0.0012842045934123073
, 1, 0.00016107618577172687, 1.1688248689037746e-6
p, 0, 0.264178466323794, 0.18380896798701674
, 1, 0.005766786361675124, 0.00066545181202665
, 2, 0.00040712162789960675, 6.223314804698397e-6
c, 0, 0.013002352731352739, 0.0016507711131354132
, 1, 0.00013522018133597306, 1.0273308357687523e-6
p, 0, 0.31761522104716244, 0.3153075455897777
, 1, 0.00528094241828781, 0.0006180750568979986
, 2, 0.0008509857401385095, 2.4344654316023952e-5
c, 0, 0.017372644726337427, 0.002001928275184367
, 1, 0.00035571462561619245, 3.7614420142659246e-6
p, 0, 0.5354840792035349, 0.6248044747051134
, 1, 0.006149099074398253, 0.0008201381228028879
, 2, 0.0007408054625147022, 1.9523256152175994e-5
c, 0, 0.03373897904531117, 0.0033999217425616387
, 1, 0.00022750010715034095, 2.4122195081668236e-6
p, 0, 0.3736519436487046, 0.36215879142383417
, 1, 0.0047218359145225364, 0.0006395385602133862
, 2, 0.0009799268782405566, 2.9987260725773944e-5
c, 0, 0.0345155955816738, 0.005984326700038177
, 1, 0.00030176241683939396, 5.129935668844109e-6
p, 0, 0.11349015676879863, 0.07035524175148529
, 1, 0.0037718761607938712, 0.0003420165058915079
, 2, 0.0008920241201920504, 2.250711600830621e-5
c, 0, 0.02758333105004019, 0.004762367422979111
, 1, 0.0002109094768345089, 2.616069493341825e-6
p, 0, 0.13147798653704665, 0.08827330689538898
, 1, 0.005143323006146101, 0.000835991663863884
, 2, 0.0015196405283664737, 5.451798361691871e-5
c, 0, 0.035833677900285375, 0.007442896706049247
, 1, 0.0007381183914981425, 1.1358445070121825e-5
p, 0, 0.25861533811918247, 0.1641059148506583
, 1, 0.008520584935698496, 0.001345884527014864
, 2, 0.0017671231791878987, 7.919896114399142e-5
c, 0, 0.03678972102436182, 0.003945023904622405
, 1, 0.0004203943123178434, 8.618237081245035e-6
p, 0, 0.29992734578679037, 0.17723112127086488
, 1, 0.004273916655562063, 0.0005728451680072031
, 2, 0.0010686020303781974, 2.8710090793994564e-5
c, 0, 0.03183190058376879, 0.006240988632364769
, 1, 0.00023099014379887223, 3.0315937452028817e-6
p, 0, 0.18276663719430453, 0.10380073664216018
, 1, 0.0027674867631675413, 0.00022088234106462307
, 2, 0.0006158317770031504, 9.081085237111975e-6
c, 0, 0.030461275395653797, 0.004543700925711495
, 1, 0.0002631021672267098, 3.1030918489062275e-6
p, 0, 0.20429414224658277, 0.08567696229695984
, 1, 0.0008971462299550316, 2.7551179137922592e-5
c, 0, 0.015454689590593483, 0.0022449680852435574
, 1, 0.0002729093514407749, 2.131927158537446e-6
p, 0, 0.05672713242092683, 0.02327170031646782
, 1, 0.0010161911737419916, 5.0164333201978076e-5
c, 0, 0.020986011242047232, 0.0035782365942647544
, 1, 0.00027424728023243007, 2.501297071428847e-6
p, 0, 24.216847083071208, 1172.900427098079
, 1, 0.2967119018591573, 0.9360811546679813
, 2, 0.0029371640243028357, 8.968598593232505e-5
c, 0, 0.013619948968045659, 0.0018251110781172834
, 1, 0.0002606893592238934, 3.955393004735294e-6
p, 0, 0.046801692340061436, 0.03693736486385721
, 1, 0.0015122242860787804, 0.00010501926909277232
, 2, 0.00023912633105221314, 3.815260564301541e-6
c, 0, 0.019016612928649538, 0.002250121332103577
, 1, 0.0002764161878198052, 2.343518989981112e-6
p, 0, 0.14964616919587162, 0.08561706544501785
, 1, 0.0028938622732826384, 0.00015799168105142642
, 2, 0.0003422978281183122, 3.4293487468242723e-6
c, 0, 0.014055245515265432, 0.0018925147799247293
, 1, 0.00011822530453536465, 4.919479310427159e-7
p, 0, 0.07811347026977128, 0.03654155231566043
, 1, 0.008386302947415096, 0.0013999806394130144
, 2, 0.0019012756585965768, 6.32690310911363e-5
c, 0, 0.017838859534309384, 0.0023880416883718426
, 1, 0.0005938158485988345, 8.698124185715285e-6
p, 0, 0.09429453711261629, 0.05288843682240457
, 1, 0.011040624191596796, 0.0023886911230958183
, 2, 0.003081721030120558, 0.00012462885924864795
, 3, 0.0008754360340519682, 1.1914705227361319e-5
c, 0, 0.01867432250643751, 0.0025986569699726265
, 1, 0.00017335320921894735, 1.369370563519796e-6
p, 0, 0.12216236086826471, 0.08564715085134336
, 1, 0.027630767825372524, 0.011892505073092563
, 2, 0.00703305438501268, 0.0007851052029337454
, 3, 0.002730204136298551, 8.474380907688269e-5
c, 0, 0.023786302396816315, 0.002989839718843724
, 1, 0.0010899571004175936, 3.711563008706366e-5
p, 0, 0.3548799062973211, 0.2703761958440932
, 1, 0.016498396575865167, 0.006163320738531558
, 2, 0.004148620234194123, 0.00030019639494412756
, 3, 0.0012265381829076089, 2.1328023848245905e-5
c, 0, 0.017780243897795707, 0.00286712415492466
, 1, 0.00021977153443936687, 1.5172493784644591e-6
p, 0, 17.04499026166617, 580.7695791916269
, 1, 0.1681719719685674, 0.3718929187918169
, 2, 0.001863901991656616, 9.00328697051189e-5
c, 0, 0.0257477419461465, 0.0042394429282714245
, 1, 0.0004349068614097018, 1.1698562470550749e-5
p, 0, 0.09815643409241889, 0.07685000762381965
, 1, 0.016962611134554308, 0.003426286799624802
, 2, 0.00204821248939009, 8.702955746951007e-5
c, 0, 0.06539224760238915, 0.008207182359062756
, 1, 0.0007632542687489599, 1.6393171637605886e-5
p, 0, 0.45942455738259097, 0.868069504827542
, 1, 0.01596449758056706, 0.003461695548614652
, 2, 0.0010193490334144972, 3.200884485453841e-5
c, 0, 0.03666916613302852, 0.006944149214923888
, 1, 0.0003948430176708249, 9.082762438370953e-6
p, 0, 1.4034917020146924, 4.028626531261085
, 1, 0.02288710024618259, 0.004012760981292473
, 2, 0.0016672586013605699, 6.118924397859972e-5
c, 0, 0.05779354826752482, 0.011206939316623091
, 1, 0.0004428950123129487, 4.950002205568391e-6
p, 0, 0.2792588258809719, 0.22855342173365878
, 1, 0.005717561989277499, 0.0005348430829272765
, 2, 0.0008999889014502033, 2.0418572242403324e-5
c, 0, 0.021594237168800157, 0.005152337827184194
, 1, 0.0003255285624220463, 4.0385219800999135e-6
p, 0, 0.15247659544402573, 0.07497860745121519
, 1, 0.002441367911072806, 0.00010172922405172528
, 2, 0.00029719330924450106, 5.381999239360851e-6
c, 0, 0.0440693246970142, 0.009583120642828166
, 1, 0.0004461373216783428, 5.480803569736774e-6
p, 0, 0.4486968696497567, 0.5141853255939904
, 1, 0.021210913702444385, 0.009057438608116747
, 2, 0.006650261172586221, 0.0007088755628944993
, 3, 0.0018183554895963541, 6.589961357554802e-5
c, 0, 0.02834312828718122, 0.005834932464375565
, 1, 0.0004530420491281677, 7.441803930165521e-6
p, 0, 1.22610507824733, 3.0936491287522303
, 1, 0.036499269620773996, 0.01580944851379432
, 2, 0.011841787958084136, 0.0020173233853799074
, 3, 0.0036812447963667193, 0.00026650227073830504
, 4, 0.0015251508027010496, 3.6299311168443625e-5
c, 0, 0.020479793240050174, 0.0038812623792937196
, 1, 0.0004280414118766, 8.666874383884002e-6
p, 0, 1.217569632877799, 2.9832647419555647
, 1, 0.027738913386366557, 0.009253510984376009
, 2, 0.007598307155784634, 0.001244812236654915
, 3, 0.0030787556730687443, 0.00017881805574692302
, 4, 0.0013059313061544188, 2.9105825959267944e-5
c, 0, 0.020477598801975295, 0.004357311549998065
, 1, 0.000619906616660238, 8.677814138769166e-6
p, 0, 0.4129960859535074, 0.4377034357985585
, 1, 0.0175438104023286, 0.004802230323796658
, 2, 0.006564437012024429, 0.0008321405385656824
, 3, 0.0028728469602928015, 0.00014079061492630292
, 4, 0.0012557211516835921, 2.4674403763369294e-5
c, 0, 0.01944289328217812, 0.003974539854486823
, 1, 0.0003005963324832239, 3.4804455714897324e-6
p, 0, 29.78857627037291, 1773.4294957902143
, 1, 0.362298456209465, 1.339717282352773
, 2, 0.017053232397931897, 0.00541423528366647
, 3, 0.0016860725093751857, 0.00010645708413530165
, 4, 0.00037750750231338714, 6.379573476316129e-6
c, 0, 0.020573185345882677, 0.0037415058166409758
, 1, 0.0003411193273713776, 3.0073534239287262e-6
p, 0, 0.16887273754182067, 0.1322795419373878
, 1, 0.01811428871340024, 0.007647483880480621
, 2, 0.005727519158592612, 0.0007686214109932548
, 3, 0.002469538845999016, 0.00011740697003759849
, 4, 0.0010168727466316483, 2.174740641494933e-5
c, 0, 0.019242125755364825, 0.002660299930023812
, 1, 0.0006393870510062622, 9.630728490359966e-6
p, 0, 0.09726370996825982, 0.031410128602491455
, 1, 0.002156132300916086, 0.000127868251295221
, 2, 0.0009356553166263003, 1.5122045393725574e-5
c, 0, 0.023648299993447003, 0.0035082910281448282
, 1, 0.0004240448960031381, 4.69622320388373e-6
p, 0, 0.05212192218307127, 0.05690326743033984
, 1, 0.019240061583619017, 0.005601890690543969
, 2, 0.004056356866370446, 0.00037354649850092884
, 3, 0.0015741379539097457, 4.4058485179312705e-5
c, 0, 0.024124077658693167, 0.003550411198501317
, 1, 0.0004418209127928991, 7.842774394026252e-6
p, 0, 0.369860364254714, 0.3033497209247964
, 1, 0.008779756328129584, 0.0010203505353554247
, 2, 0.0013615055713269385, 3.392571960893329e-5
c, 0, 0.015990403581815752, 0.003862403394545965
, 1, 0.0003120254083703854, 3.7927480275900118e-6
p, 0, 0.23169572537257643, 0.1944958681614144
, 1, 0.004219837975571183, 0.00019386117877547048
, 2, 0.0002572019632295791, 1.796896622873984e-6
c, 0, 0.02146112421668071, 0.005878026614722234
, 1, 0.0002755958063898693, 2.1241987871797674e-6
p, 0, 0.8067089143443135, 1.5627981010359597
, 1, 0.016176651783605014, 0.0022932176065652878
, 2, 0.0007948706119998586, 1.669315878542192e-5
c, 0, 0.034287586775250574, 0.00787113122437532
, 1, 0.000326863964264041, 3.1638144964594817e-6
p, 0, 0.5807106549449456, 0.9189316222399665
, 1, 0.010192607811459482, 0.0018541106862852376
, 2, 0.0009759159401014135, 2.0200937458657488e-5
c, 0, 0.026671411481969557, 0.005357693579280847
, 1, 0.0002686668748886267, 2.202283518510906e-6
p, 0, 3.7789955502045705, 28.74999216992528
, 1, 0.05266955576823604, 0.025904663833534996
, 2, 0.002262140213455856, 8.158898026314216e-5
c, 0, 0.022062666240295733, 0.00425046489137996
, 1, 0.0007528060131195431, 1.5633268950141682e-5
p, 0, 0.2354734921929103, 0.21940591369441179
, 1, 0.0062038300961404745, 0.0008053480875636892
, 2, 0.0008761164298971001, 2.4569332604956145e-5
c, 0, 0.018697407066453415, 0.003547255392016784
, 1, 0.0003269856346287829, 3.010459728336911e-6
p, 0, 0.21696268186795312, 0.12928645162715607
, 1, 0.005307313547710472, 0.0005541281946539611
, 2, 0.001203573659178665, 5.2084787101474104e-5
c, 0, 0.020115943205415675, 0.004803137644018882
, 1, 0.00039093234003137413, 5.653692327803065e-6
p, 0, 30.69682494748974, 1923.1991997249336
, 1, 0.5708025111521111, 2.7755088243560935
, 2, 0.013031524746431237, 0.0028828414836322277
, 3, 0.003647904849880691, 0.000287262455809248
, 4, 0.0010385384647261476, 3.6956931777261735e-5
c, 0, 0.030722967406155488, 0.004622126337251197
, 1, 0.0003444092180011224, 6.190354786076247e-6
p, 0, 0.2830324820439062, 0.20391912327467712
, 1, 0.008603093552361753, 0.0008688326580943818
, 2, 0.0017319662415804717, 6.769186595558287e-5
c, 0, 0.021866233051920776, 0.004724500413759626
, 1, 0.0004558946989976609, 1.1214928859564878e-5
p, 0, 0.09871645700188132, 0.05701815371524044
, 1, 0.008065670814316864, 0.0015120365726032686
, 2, 0.0036148490753115364, 0.00023442714157202724
, 3, 0.0011574576282204758, 3.528882720623346e-5
c, 0, 0.022071153980069116, 0.00442642904391108
, 1, 0.00038998662632728213, 5.318613309855601e-6
p, 0, 0.09274636788588785, 0.0435620071325248
, 1, 0.0039057964555826766, 0.0006193938486764237
, 2, 0.0023583111031580837, 9.19980033455349e-5
c, 0, 0.025741067570153, 0.004310775988230765
, 1, 0.0005539709700047825, 1.7697524735957404e-5
p, 0, 0.13995901544326453, 0.04206503227187074
, 1, 0.0026459078141658995, 9.374935136781974e-5
c, 0, 0.02708259044018598, 0.004612197996822621
, 1, 0.0003680652789552169, 5.112255319659481e-6
p, 0, 0.5871844108805319, 0.7323878727562928
, 1, 0.015362101569547187, 0.002300314048243201
, 2, 0.003233475082063916, 0.00027482759602709997
, 3, 0.001183866377600466, 3.537123507395055e-5
c, 0, 0.01637823255557621, 0.0034870828616064484
, 1, 0.000322472945418772, 3.1892857808362818e-6
p, 0, 0.03763376715082603, 0.025988224759469717
, 1, 0.009801872446316088, 0.0021309047025921905
, 2, 0.002569073701563047, 0.00024724582778625913
, 3, 0.0011089566642434215, 2.8774331310727675e-5
c, 0, 0.022252514499449937, 0.003614250073946916
, 1, 0.00025838716243524516, 2.6975694942801306e-6
p, 0, 0.08628130787861109, 0.02694409128977054
, 1, 0.0036208248870977246, 0.00031525018767208625
, 2, 0.0011581665037046578, 3.2482578700563976e-5
c, 0, 0.02727942335928705, 0.0033982204023390054
, 1, 0.00032380034949668036, 3.635094805736128e-6
p, 0, 0.8091608360285331, 1.3154124130391294
, 1, 0.012761820533189607, 0.0014890795076262018
, 2, 0.0016586641503665935, 3.6570204180057976e-5
c, 0, 0.02585350184182191, 0.003628502437105682
, 1, 0.0004496523681327407, 5.096914274185594e-6
p, 0, 0.04982065453742669, 0.02013770369685905
, 1, 0.008774934552035516, 0.0012603695026456678
, 2, 0.0017578537935137514, 0.00010119377865140207
, 3, 0.0006107824949672438, 1.016192992735863e-5
c, 0, 0.014973731082739822, 0.0023994836596169062
, 1, 0.00020288173500073456, 1.1835789351619814e-6
p, 0, 0.22040659587751918, 0.1187774926360962
, 1, 0.008433607106020842, 0.0007480364873340067
, 2, 0.0010312882015046112, 2.8291343074581484e-5
c, 0, 0.01639668683620765, 0.003066692549271272
, 1, 0.0003481413217687753, 3.3384960702203686e-6
p, 0, 0.1752718897517563, 0.07212033948883488
, 1, 0.002037167123550176, 3.439383029691219e-5
c, 0, 0.020948730978658753, 0.0029511251433715904
, 1, 0.00015342897582537916, 6.340990531284722e-7
p, 0, 0.0815777894331082, 0.024852369876561486
, 1, 0.003825428330556144, 0.0004717108236192929
, 2, 0.0008256874276972114, 2.2641463459696695e-5
c, 0, 0.019100614352481726, 0.002984495647625312
, 1, 0.00026135360317810444, 2.087534153949276e-6
p, 0, 0.051736521537186574, 0.03228861785290383
, 1, 0.0036554884989552683, 0.0005113574411332113
, 2, 0.0010049201815477582, 2.75906512172467e-5
c, 0, 0.015563647995405865, 0.0029947168497251268
, 1, 0.0004021109764307835, 5.068145078770055e-6
p, 0, 0.7446007455078195, 1.184830083679239
, 1, 0.007908455126002646, 0.0008510034269162721
, 2, 0.0005526169566313208, 9.82212399541086e-6
c, 0, 0.012916922926975717, 0.0027674287045697924
, 1, 0.00019216472137463547, 1.557097161598643e-6
p, 0, 1.1705302543366098, 2.764934933213657
, 1, 0.017434745627560387, 0.002210635343654411
, 2, 0.000698972305462341, 6.738376491152725e-6
c, 0, 0.014097429640597871, 0.0029668476768711367
, 1, 0.00021433448354637305, 2.4810498520137525e-6
p, 0, 0.4399443348719214, 0.4106597407824172
, 1, 0.007968353223318531, 0.0005607183078400497
, 2, 0.0005449005462982208, 8.433424518584755e-6
c, 0, 0.018697807661362486, 0.0032714327394465286
, 1, 0.00023417712825673102, 1.7074925873524702e-6
p, 0, 0.1314037577959192, 0.04502264928700031
, 1, 0.002682703417828899, 0.00023437576732417476
, 2, 0.0003132063125280201, 3.4756420707027643e-6
c, 0, 0.025458661243500554, 0.003311388264599528
, 1, 0.0001390309243851927, 6.664399590582513e-7
p, 0, 2.521071476664952, 12.79468379713294
, 1, 0.03742114556599039, 0.010316328985907047
, 2, 0.0007655955312185739, 7.575226071613572e-6
c, 0, 0.02957223656794665, 0.003610987922015079
, 1, 0.0002602738775004174, 1.482861037651659e-6
p, 0, 0.0838569669258858, 0.018942605462253004
, 1, 0.0009272244948270591, 2.65228880480749e-5
c, 0, 0.026409590591671868, 0.0031234369790796874
, 1, 0.0005131168694353611, 7.3302654557015445e-6
p, 0, 4.1221944764518215, 33.96433383660447
, 1, 0.07184955626542058, 0.035780723093421105
, 2, 0.0015082088416790024, 2.146003116340795e-5
c, 0, 0.02649287924212105, 0.0034452336993129667
, 1, 0.00031731184507077825, 1.9536413836691964e-6
p, 0, 0.09623086297966725, 0.05658447230040819
, 1, 0.0021366092478743224, 0.00012769714596541976
, 2, 0.00029601860983239194, 5.056933340188248e-6
c, 0, 0.024200131377540672, 0.0033372881677051435
, 1, 0.00016853482931029245, 8.033058229260141e-7
p, 0, 0.0898452287152888, 0.04369362353821988
, 1, 0.0018361306720795804, 0.00017725386987273018
, 2, 0.0006807294367043681, 1.4197339754931181e-5
c, 0, 0.017702663160987696, 0.0027902174889304315
, 1, 0.0002834000312870523, 2.743781361894977e-6
p, 0, 1.5134253969442197, 4.9221733002419
, 1, 0.01775673597260596, 0.0025348577014946373
, 2, 0.0005119628800422727, 5.4397456390777185e-6
c, 0, 0.017282269726888986, 0.0028181827559413115
, 1, 0.00017471032825575918, 7.912547720581584e-7
p, 0, 0.04777564231737, 0.011190317615900022
, 1, 0.0007881789468599136, 2.1423866636444575e-5
c, 0, 0.0146529045312353, 0.0022612931783332277
, 1, 0.00040338823018408606, 4.084714609361207e-6
p, 0, 0.280114139506842, 0.16359264051520264
, 1, 0.005131106152269465, 0.00019005042072546885
, 2, 0.00021242783298569152, 5.716295315168318e-7
c, 0, 0.016182198189396046, 0.002845218889882917
, 1, 0.00020557903595753519, 1.0463176384676404e-6
p, 0, 0.0531607461556934, 0.013900844568864259
, 1, 0.000615453576752419, 1.3768378778355008e-5
c, 0, 0.018899538237704207, 0.002744521024720357
, 1, 0.0002427837288425561, 1.607214111847682e-6
p, 0, 0.04818663848068616, 0.011616794706092427
, 1, 0.0005304754733915331, 1.0398766372454786e-5
c, 0, 0.025212809113601426, 0.0032218384416568668
, 1, 0.00018831499778334588, 9.739104313730307e-7
p, 0, 0.050334698872012626, 0.014206606355324333
, 1, 0.002076966876170716, 0.0001239016543885438
, 2, 0.0003948664195176985, 8.105050886467496e-6
c, 0, 0.01938016767413072, 0.0024993478273650956
, 1, 0.00028002568976320905, 1.7443759511587588e-6
p, 0, 0.23299287272258518, 0.11937396227007789
, 1, 0.003153135662276041, 0.0001453176935298723
, 2, 0.0005403191023253778, 1.0967997543147673e-5
c, 0, 0.023531039895629463, 0.0026400035267186107
, 1, 0.00021361406524085096, 1.7751352529608716e-6
p, 0, 0.10014147953535003, 0.034155521571835594
, 1, 0.0047198736309732444, 0.00033670405301936094
, 2, 0.0008421862812421952, 1.8461527170362524e-5
c, 0, 0.028596843916147537, 0.002691531539590312
, 1, 0.00033926462691288975, 3.193131528803927e-6
p, 0, 0.1518375505781711, 0.08112330084867803
, 1, 0.004775916341936288, 0.0005944172459930342
, 2, 0.0008912847212849278, 2.635515440937969e-5
c, 0, 0.025199653163182387, 0.003029819266471549
, 1, 0.00032375974228594047, 3.4379928906671585e-6
p, 0, 0.05548829636442117, 0.02106487618012639
, 1, 0.0026997601855901156, 0.00021336817354712035
, 2, 0.0008002506962372118, 1.8068401618233618e-5
c, 0, 0.021504388502227745, 0.002684464554304849
, 1, 0.00039930812889141357, 6.269541642115273e-6
p, 0, 2.081706569870185, 8.687225954081686
, 1, 0.02998910584673651, 0.008347153742638334
, 2, 0.0014436682228647028, 3.466982346098267e-5
c, 0, 0.014140954390748209, 0.00169390106660348
, 1, 0.00037342809112655886, 3.701716052495694e-6
p, 0, 0.3646725600057404, 0.28746466475384114
, 1, 0.004887888858865397, 0.00028338722947642345
, 2, 0.0010041614511291429, 2.514821112761299e-5
c, 0, 0.01902475641488397, 0.003387517580014587
, 1, 0.0006153848539792225, 1.2431684125243233e-5
p, 0, 1.2582645347142374, 3.150474427871645
, 1, 0.024285678405156802, 0.00386951897937188
, 2, 0.0007104553280188612, 7.15544890605625e-6
c, 0, 0.026839516264683536, 0.0040739543771286775
, 1, 0.0002849072585277613, 1.8105498295422674e-6
p, 0, 35.30777885586876, 2492.7224665257277
, 1, 0.37064050933563353, 1.4363189714063045
, 2, 0.003886665640483589, 0.00037715128407891474
, 3, 0.0006372072370499584, 1.1603523236101094e-5
c, 0, 0.02350001919618752, 0.003470870862881681
, 1, 0.0002698399422532717, 1.990483686964632e-6
p, 0, 0.0736771024721172, 0.03447766961955572
, 1, 0.0024713897686326025, 0.00021080960879663106
, 2, 0.0007871882384461675, 1.4213985638077768e-5
c, 0, 0.02669461952747107, 0.0057165829366784115
, 1, 0.00038980906620171, 4.420768795895977e-6
p, 0, 0.10865153594576295, 0.09795244409670516
, 1, 0.0017399679581871195, 0.00018455759358518975
, 2, 0.0008742895277006445, 4.321332257860423e-5
c, 0, 0.023480478807363224, 0.00332544649514225
, 1, 0.0012830372294560214, 2.6762105375537854e-5
p, 0, 0.21633707779841596, 0.10553375562556691
, 1, 0.0036135980921310497, 0.0001329475542698018
, 2, 0.00038655703239878894, 5.8266888759707515e-6
c, 0, 0.020144160295766714, 0.002620912760965275
, 1, 0.0002850748213626096, 2.7116709651077445e-6
p, 0, 0.03072428165518431, 0.009820050268590995
, 1, 0.0008975201895363575, 4.247512104760035e-5
c, 0, 0.02110582493306785, 0.002940708518181798
, 1, 0.000753591347739929, 1.37573010153976e-5
p, 0, 0.035258850931760705, 0.008346569510778987
, 1, 0.0016716229282899432, 6.886537232568119e-5
c, 0, 0.02433289130553245, 0.002633706856565004
, 1, 0.0005439812295441786, 1.1192910353993534e-5
p, 0, 0.058515377376233975, 0.014961608342746407
, 1, 0.0013609428859594022, 5.967485846745781e-5
c, 0, 0.028799484400922788, 0.0027494860765740507
, 1, 0.00046142658247033436, 6.8000043485915875e-6
p, 0, 0.1137322473537647, 0.033049159015315986
, 1, 0.0017350251364973322, 2.9190575134674572e-5
c, 0, 0.02785506365065928, 0.002729402727097928
, 1, 0.00022677071466329203, 1.462344432794372e-6
p, 0, 23.328567981118738, 1079.9291889470253
, 1, 0.43643909509368883, 1.5210674003688962
, 2, 0.006884749529425008, 0.0006990431560766401
, 3, 0.0003438602614682103, 5.70494877827902e-6
c, 0, 0.0279766002918163, 0.003034355605931773
, 1, 0.00039044792839710034, 2.453235658171667e-6
p, 0, 0.061994569494341296, 0.020905015278564743
, 1, 0.000987160678334167, 2.1968266807608146e-5
c, 0, 0.025528886576910683, 0.002433884542672128
, 1, 0.0005518471691744669, 8.672831323877834e-6
p, 0, 0.04265231730161262, 0.0076258075229557985
, 1, 0.000534433888709849, 6.364141227625626e-6
c, 0, 0.019425663126176447, 0.0016915511868649197
, 1, 0.0001506994882791089, 1.0966539162493374e-6
p, 0, 0.03302006429875491, 0.007578773877523172
, 1, 0.0007267765664634825, 1.0890984051414279e-5
c, 0, 0.01559072387203267, 0.001921337712209945
, 1, 0.0002957352790976476, 3.4818528400788843e-6
p, 0, 0.049012838557422764, 0.009399254910141585
, 1, 0.0005948686826574172, 1.1168836144052934e-5
c, 0, 0.013076570202081635, 0.0016805627129008944
, 1, 0.00021931106853311725, 1.5568255511297395e-6
p, 0, 0.08131079617415023, 0.018558427384305187
, 1, 0.0010062576028788, 1.574744923577486e-5
c, 0, 0.013079735374059256, 0.0017978795774712432
, 1, 0.00031954325179000523, 2.4980046646325575e-6
p, 0, 0.04106906937519206, 0.006085879213112421
, 1, 0.00043456407654869574, 8.289626865811531e-6
c, 0, 0.014527116184082233, 0.0015560107009794208
, 1, 0.00023792529411945698, 1.0589380272398907e-6
p, 0, 0.023225933685632694, 0.0045726090537909405
, 1, 0.000386711004739182, 3.936478422735051e-6
c, 0, 0.014856708661774187, 0.0016177793059047895
, 1, 0.00011927440804587874, 6.162425660209631e-7
p, 0, 0.027350280426994177, 0.004013463421227402
, 1, 0.000224754051779806, 2.271508324434681e-6
c, 0, 0.018523602108179903, 0.0016905456491424424
, 1, 0.00017764717502861927, 7.302447413342982e-7
p, 0, 0.11365690654821121, 0.02858143627352639
, 1, 0.0014268214073765869, 2.136229470767236e-5
c, 0, 0.02263181747069995, 0.00171384428823951
, 1, 0.0001602113843768004, 6.88373485957396e-7
p, 0, 0.06990910339458366, 0.01494520023432787
, 1, 0.000922867241557208, 1.0998762579399152e-5
c, 0, 0.022936568622165584, 0.0018139893860342911
, 1, 0.00017188666198010328, 6.652739860369445e-7
p, 0, 0.039702955694471215, 0.008209555968217232
, 1, 0.0006527267946807771, 8.285303233642912e-6
c, 0, 0.021460756168953037, 0.0016837725442467122
, 1, 0.00021828317150437193, 9.223429302834217e-7
p, 0, 0.031088107823330546, 0.005492164004941467
, 1, 0.0005658384813412325, 1.3243871413231862e-5
c, 0, 0.016320718252262098, 0.0014718507441631935
, 1, 0.00023886375722809373, 2.193855968877109e-6
p, 0, 0.2522515781869258, 0.22313716616657148
, 1, 0.002917303827708977, 0.0001297974048390591
, 2, 0.00012109737833490591, 2.085560764625718e-7
c, 0, 0.011332844972303493, 0.0015007159286581984
, 1, 0.00012276563671759325, 3.589238449504375e-7
p, 0, 0.04846516706306254, 0.018567266248751442
, 1, 0.0014827567504369166, 5.702447321023481e-5
c, 0, 0.012894291993713145, 0.001407310806133646
, 1, 0.0005840688800739444, 1.164870177862231e-5
p, 0, 0.024486830453650618, 0.005681295424905948
, 1, 0.0010278139583319494, 3.6678533306414265e-5
c, 0, 0.01701366194051479, 0.001384161364912718
, 1, 0.00043773348185348527, 6.859627456147755e-6
p, 0, 0.04076989652988728, 0.0073691848707162855
, 1, 0.0012653103626263907, 5.144242427100429e-5
c, 0, 0.01588646003659155, 0.0011485338216494839
, 1, 0.0004599283348752693, 8.122832639883376e-6
p, 0, 0.021211415740628417, 0.004776499301458649
, 1, 0.0013487078029665973, 7.759414082326653e-5
c, 0, 0.011657869613579862, 0.0010402724815121616
, 1, 0.00045113633640820315, 1.1366812288912071e-5
p, 0, 0.03129600252474972, 0.003759052634869119
, 1, 0.0004974613141545188, 9.020535769935021e-6
c, 0, 0.009175206839197713, 0.0009025668725488574
, 1, 0.00014694259946052042, 6.589196265466544e-7
p, 0, 0.04086395419862112, 0.006621838479383697
, 1, 0.0011699172067113866, 3.3485257558664685e-5
c, 0, 0.011375617210559722, 0.0009297071998355488
, 1, 0.0002858174336203644, 3.908175287176995e-6
p, 0, 0.0229606725527535, 0.003757201934857988
, 1, 0.00045264623502526907, 7.436802124153003e-6
c, 0, 0.011759068635163029, 0.0011705905188112208
, 1, 0.000284255804857432, 2.5463246370521887e-6
p, 0, 0.975587957387767, 1.9067251348228462
, 1, 0.016591898949681865, 0.0019623952467783348
, 2, 0.0005792365909074144, 2.7885554051103262e-6
c, 0, 0.016670670594059557, 0.0013760912172670417
, 1, 0.0001831664409468402, 8.279304205810478e-7
p, 0, 0.021786462684632135, 0.0032640898508687803
, 1, 0.0011361342138178087, 1.8057599315640037e-5
c, 0, 0.022492618610486206, 0.0017492821040763719
, 1, 0.00033099480335670796, 4.211562576516557e-6
p, 0, 0.040106461745552754, 0.00643396624222991
, 1, 0.0005277503065299012, 9.680618213686829e-6
c, 0, 0.022886954851798858, 0.0020228400449217175
, 1, 0.0002672203130979216, 1.3438902777235037e-6
p, 0, 0.05080153850870414, 0.013605254699169827
, 1, 0.0011087778013581474, 4.9530119796238266e-5
c, 0, 0.020935315507040454, 0.001798417968729642
, 1, 0.0006960371866444527, 1.0689120160347191e-5
p, 0, 0.6962774638504216, 0.976290794058929
, 1, 0.009849935277328402, 0.0007241312902510341
, 2, 0.0006521024222798634, 9.127990411476926e-6
c, 0, 0.018231187086091817, 0.0015414812548708743
, 1, 0.00026492136993548415, 1.1139803615375875e-6
p, 0, 0.19607542603497802, 0.08912993544800026
, 1, 0.0023289505020364673, 6.53383766970432e-5
c, 0, 0.012703558441008901, 0.0018717440710462126
, 1, 0.0007073693864991589, 1.0572639335103242e-5
p, 0, 0.04677429986175026, 0.010199801020440161
, 1, 0.0018962766438880712, 8.180943870783844e-5
c, 0, 0.01723280343618724, 0.0022006814637659275
, 1, 0.0007770614316749386, 1.2493338224793635e-5
p, 0, 0.148197047665459, 0.0523715601626721
, 1, 0.002626368617155061, 5.364998784555896e-5
c, 0, 0.02310560337217601, 0.0028331629230958022
, 1, 0.00023820892556303998, 1.833284351901265e-6
p, 0, 0.07828956021391015, 0.02354771833361706
, 1, 0.0014738909194344394, 5.5431519928013523e-5
c, 0, 0.012802548165938827, 0.0018850188469407092
, 1, 0.0006075152919060261, 9.478770443841144e-6
p, 0, 0.2791560139326814, 0.16868086020879516
, 1, 0.004994294626980318, 0.0002267496609562234
, 2, 0.0006349257347783777, 2.182287591528666e-5
c, 0, 0.012646364242148657, 0.0017220933300867878
, 1, 0.0003061382084100717, 3.8001302985912614e-6
p, 0, 0.07318843506034012, 0.02558683831654318
, 1, 0.0016446802884463362, 5.1931238824923916e-5
c, 0, 0.013681564413723908, 0.0013119505187835156
, 1, 0.0004917178947709655, 8.316586940942773e-6
p, 0, 0.05532837619374476, 0.010968738079335821
, 1, 0.0011816460718418595, 5.826550919341677e-5
c, 0, 0.01352116398686337, 0.0013927517459150246
, 1, 0.0004247133099028728, 9.814459505747611e-6
p, 0, 0.05081821163840654, 0.01024499015053953
, 1, 0.001452472001153391, 9.208062185803491e-5
c, 0, 0.013775248666132384, 0.001272715093777085
, 1, 0.0006343383234332739, 1.5928964410780043e-5
p, 0, 0.06549716035347021, 0.017073437271593626
, 1, 0.001156551711088105, 1.72179345837416e-5
c, 0, 0.013924084505994553, 0.00124094216304058
, 1, 0.0002617985706654585, 1.9951488689126064e-6
p, 0, 0.17547615300717773, 0.06598603002085772
, 1, 0.0023558865190168063, 7.447231076552861e-5
c, 0, 0.012261472083172189, 0.0014284908879347706
, 1, 0.0003700580498410259, 7.588085269241229e-6
p, 0, 0.14657942290159195, 0.04995798599549935
, 1, 0.002024978146687789, 4.682431744389733e-5
c, 0, 0.015406465857081438, 0.001340578615435492
, 1, 0.0004061629266538684, 4.1739060391872065e-6
p, 0, 116.30118309212209, 27050.60071526924
, 1, 1.4900245461576378, 22.326248257892402
, 2, 0.043843601347031705, 0.03175381220688024
, 3, 0.0029605175600637113, 0.0005821920964566868
, 4, 0.00151379769369419, 9.360650132692916e-5
c, 0, 0.018440088214407048, 0.0014290066267886382
, 1, 0.0005395925960924601, 1.4696531424119131e-5
p, 0, 0.14259344558011322, 0.044101408104198984
, 1, 0.0014512208887951196, 3.072413834105519e-5
c, 0, 0.019664435737602976, 0.001538264582444492
, 1, 0.0004056847539858982, 3.964462239713451e-6
p, 0, 0.033440082044492184, 0.006094850835793294
, 1, 0.0007790505329073566, 1.685698681028767e-5
c, 0, 0.0200339006574894, 0.0018819656116765841
, 1, 0.0004477574510110467, 3.3279461956939405e-6
p, 0, 0.04142193859719105, 0.006443054878219953
, 1, 0.0006536436522517802, 8.420996782118275e-6
c, 0, 0.017349815441985477, 0.0014027481999145384
, 1, 0.00027866112801623485, 2.9638637668305202e-6
p, 0, 0.025801587933311852, 0.004480535850498349
, 1, 0.001037571781490693, 3.3279831421683146e-5
c, 0, 0.01426521077210317, 0.0013642924257383183
, 1, 0.0004630506341546109, 4.628910862534564e-6
p, 0, 0.1458469394700877, 0.04797419096752571
, 1, 0.00255793692085515, 5.8168130927889396e-5
c, 0, 0.01861436677105944, 0.0016479797557847299
, 1, 0.00016592274881634673, 7.143190393868358e-7
p, 0, 0.8581128830151311, 1.474216033661741
, 1, 0.008866517143335364, 0.0009265200702558285
, 2, 0.0003437112734760895, 2.511840141247484e-6
c, 0, 0.011611266465281283, 0.0011892891044554457
, 1, 0.00017369551216358766, 8.40063504763327e-7
p, 0, 0.0219540460657431, 0.0035539944399141064
, 1, 0.00048318108862345873, 6.2455017215705855e-6
c, 0, 0.012350548533388643, 0.0011942041090308151
, 1, 0.00022494703693058926, 9.240342918151659e-7
p, 0, 0.055580938201677185, 0.009180376008685607
, 1, 0.0006743572498293811, 6.99421191004302e-6
c, 0, 0.011531128081725147, 0.000903011655403857
, 1, 0.00014152725395354172, 5.328482245709343e-7
p, 0, 0.03942712406493591, 0.005820776716243761
, 1, 0.0006435228311093993, 5.7325286532738595e-6
c, 0, 0.013325218497264011, 0.0010261171915664383
, 1, 0.00012473850428025145, 3.893509727323706e-7
p, 0, 0.025721732416127602, 0.003504227634799312
, 1, 0.000232891447090198, 2.444849284656352e-6
c, 0, 0.015559161629741322, 0.0007826185320322007
, 1, 8.816905771536768e-5, 2.0390248144094594e-7
p, 0, 0.1503459861029578, 0.04792428185666555
, 1, 0.0020039942257545113, 3.0874585651376674e-5
c, 0, 0.017525982016577818, 0.0008698255228846764
, 1, 0.00022639030793408313, 6.289819577003019e-7
p, 0, 0.017291476378350514, 0.0026340050736454223
, 1, 0.00034012138319379276, 3.7834589160361292e-6
c, 0, 0.014904402813295395, 0.0007993120505911746
, 1, 0.0001726114685696781, 5.980143334203562e-7
p, 0, 0.023992913650671712, 0.003549571870514046
, 1, 0.00039248383402270767, 5.167131137536487e-6
c, 0, 0.009438757995212124, 0.0006698364888891886
, 1, 0.0001590421030563809, 7.544938423123153e-7
p, 0, 0.03814266847955529, 0.005659051675845367
, 1, 0.0003414137887890659, 5.401221593569168e-6
c, 0, 0.008990815386394263, 0.0009631250717940639
, 1, 0.00014757586213408723, 5.806573290096368e-7
p, 0, 0.05782841254410991, 0.009620077244701571
, 1, 0.00039125396214987056, 6.470906783695118e-6
c, 0, 0.012282467767775425, 0.0009335162631120892
, 1, 0.00013273467795971015, 5.546090623558742e-7
p, 0, 0.07950726772338648, 0.01702921683106955
, 1, 0.0004164944421693714, 5.0777130174263504e-6
c, 0, 0.013944557950491602, 0.000921799716946787
, 1, 0.00011147637673303838, 4.666526674261288e-7
p, 0, 1.0665360957107717, 2.2337029990550716
, 1, 0.01995581521967203, 0.0031714846415764647
, 2, 0.00039400294585704174, 2.1036084740921645e-6
c, 0, 0.010120002562049162, 0.0008432892114502967
, 1, 9.874796227147728e-5, 4.5416546720412273e-7
p, 0, 0.2398898520336913, 0.12441023665565815
, 1, 0.003420977049477144, 9.138255000737078e-5
c, 0, 0.010018467198472143, 0.0008633064540304831
, 1, 0.00015456535159030015, 1.0785864278698022e-6
p, 0, 0.03591870770088738, 0.005284145546272694
, 1, 0.00041468164161789697, 3.816939664386627e-6
c, 0, 0.012522557932654993, 0.0009344651303421017
, 1, 0.00015342605003188303, 7.953228800611173e-7
p, 0, 0.07032235811364827, 0.018878376494242417
, 1, 0.0012373390714726612, 1.814200670236246e-5
c, 0, 0.00728045716409984, 0.0005659373330753319
, 1, 0.00015396694590803707, 7.726700489067632e-7
p, 0, 0.02006693300730496, 0.0019278022886422533
, 1, 0.00019074960203028222, 1.9564706032853383e-6
c, 0, 0.006738681789091925, 0.00035718434181768584
, 1, 6.579082976109442e-5, 1.7842835831829223e-7
p, 0, 0.07366702900544844, 0.019986971426670525
, 1, 0.0012057450000395186, 5.9430707234662596e-5
c, 0, 0.013338629980361377, 0.000939437880119665
, 1, 0.0006081905697510444, 1.4577436078435443e-5
p, 0, 0.05351672024586871, 0.010909423677840008
, 1, 0.0008084045345006128, 2.9648245791855546e-5
c, 0, 0.011991076773931941, 0.0009063954689266591
, 1, 0.0004526952732698004, 5.392291044574229e-6
p, 0, 0.06654866687364698, 0.029519902857426044
, 1, 0.0008847197530234517, 3.1563480598836656e-5
c, 0, 0.013835741720330336, 0.0008749058458591341
, 1, 0.000488631933744277, 1.1003799116857933e-5
p, 0, 0.022798526547419404, 0.005414769822262915
, 1, 0.0010426202076046771, 3.5328200169541056e-5
c, 0, 0.010902424035200638, 0.0005635901568532944
, 1, 0.00037253550139205365, 6.756342304512736e-6
p, 0, 0.02863713337598439, 0.005596821676717485
, 1, 0.0005095011598964362, 1.6054681816412064e-5
c, 0, 0.007555429368301191, 0.0005244969943542707
, 1, 0.0001728923250313567, 7.909885950165149e-7
p, 0, 0.03454220977165412, 0.0057409286842532384
, 1, 0.0006046550654639152, 1.103301085195206e-5
c, 0, 0.012550445617952611, 0.0008163367729458919
, 1, 0.00024064440714647277, 1.446717038489682e-6
p, 0, 0.26492629478778756, 0.15934105735550028
, 1, 0.0037285047499984875, 0.00011997188436922762
, 2, 0.0003552621672692505, 2.5888173534687203e-6
c, 0, 0.015088231312654748, 0.0008872749704268468
, 1, 0.00012546511141179397, 5.578547901497519e-7
p, 0, 0.043498785099677625, 0.0074626617770760925
, 1, 0.0010077579926531213, 1.8685276219810047e-5
c, 0, 0.01296164569042693, 0.0010281455212992289
, 1, 0.0003181520316351882, 2.7054739048040324e-6
p, 0, 0.6076847630474422, 0.7225361754220155
, 1, 0.00589851334392934, 0.00025522905302261743
, 2, 0.0002742577189367895, 1.3629567811386558e-6
c, 0, 0.010496459411549502, 0.0008929566643988971
, 1, 0.0001237694881613149, 4.1662238251769123e-7
p, 0, 0.07165507525561335, 0.02079630810774272
, 1, 0.0010201309446389959, 2.3822694227067414e-5
c, 0, 0.01058795497022419, 0.0007725328072785184
, 1, 0.00036168902491070295, 4.25792246409983e-6
p, 0, 0.049975830281686166, 0.008271671788794717
, 1, 0.000922703721964995, 1.5323447729742677e-5
c, 0, 0.00756159768586767, 0.000516352454892254
, 1, 0.000232500834021863, 2.1334957646548114e-6
p, 0, 0.03781898781118675, 0.009556970748176944
, 1, 0.0015623761719976749, 8.011734505399036e-5
c, 0, 0.008387291252671496, 0.0005640757180212998
, 1, 0.0006739054220251716, 1.2430533772678594e-5
p, 0, 0.03020771524053466, 0.007255661249439374
, 1, 0.0015053456524142055, 8.11805792751901e-5
c, 0, 0.011042119420661021, 0.0005032865667823763
, 1, 0.0005706208274806946, 1.0516537204239989e-5
p, 0, 0.04990174125734489, 0.012908311241855996
, 1, 0.0014350756190492058, 0.00011948937652514623
, 2, 0.0009080389962630948, 1.5488464030637826e-5
c, 0, 0.009633532574520882, 0.0008686878120988408
, 1, 0.0003470722840096664, 3.492199692115306e-6
p, 0, 0.3704943674124744, 0.4426347433645367
, 1, 0.006519278131161063, 0.0005606526386910418
, 2, 0.0009208312928730301, 2.3044045010374163e-5
c, 0, 0.010455542856933639, 0.0007667509214709379
, 1, 0.0003807830219072289, 5.258349737590921e-6
p, 0, 0.2563169677291604, 0.13888280603305905
, 1, 0.005161121998022648, 0.00019411577977860057
, 2, 0.0004903565795608053, 6.874882863615413e-6
c, 0, 0.024050375190435996, 0.0016710290387677254
, 1, 0.00017242067125099788, 1.718324856269059e-6
p, 0, 0.16675856900113273, 0.0826894096135336
, 1, 0.0015494847543048229, 5.0168487819325236e-5
c, 0, 0.025807571161251708, 0.001589128512143232
, 1, 0.00016153811611785591, 1.01722304242988e-6
p, 0, 0.46828370736408764, 0.45039146221862714
, 1, 0.003939114214014127, 0.00023356686775910125
, 2, 0.0002128663438910864, 2.065106073456472e-6
c, 0, 0.01450513032880696, 0.0015377446720112066
, 1, 0.00012423567072620325, 5.390764125442008e-7
p, 0, 0.05790002801308795, 0.009560842424029877
, 1, 0.0019363551534037707, 0.00011392884155312105
, 2, 0.00048547508431488637, 5.943298634937757e-6
c, 0, 0.010549027173664089, 0.0010562618613131178
, 1, 0.00020374077003283263, 1.2254395636965268e-6
p, 0, 0.26902429128855115, 0.15113958018035126
, 1, 0.006181842474250739, 0.0002801407438732422
, 2, 0.00048626155409998013, 5.296235176204958e-6
c, 0, 0.011827606857089367, 0.0013557240805625239
, 1, 0.00014411891533378668, 8.670813152998447e-7
p, 0, 0.07973733819937177, 0.023329100381581338
, 1, 0.0018607919989004776, 9.006201366589596e-5
c, 0, 0.010011718926592576, 0.0010099977956232633
, 1, 0.00042185822555758406, 3.7328839358594726e-6
p, 0, 1.1308834954375793, 2.5441993389298094
, 1, 0.012072383228849981, 0.0017580252336213823
, 2, 0.0007828535618678641, 1.4463874364533429e-5
c, 0, 0.009367861135378616, 0.0005955673033935611
, 1, 0.000221623682427263, 1.139851901499355e-6
p, 0, 0.06875501807881275, 0.014455859362606481
, 1, 0.001800056903894402, 5.7463117264244784e-5
c, 0, 0.010804403545779858, 0.0009704834536333315
, 1, 0.0006616697896334668, 1.0949458242081724e-5
p, 0, 0.19023867912506653, 0.1362681266838289
, 1, 0.004838653144390049, 0.0002415974214531578
, 2, 0.0009907358053501236, 3.393153018521614e-5
c, 0, 0.0077296650754585415, 0.000597217173763176
, 1, 0.0005375467874151115, 7.410908759540858e-6
p, 0, 1.2326168978743717, 3.5600807291926726
, 1, 0.015543148779566706, 0.001998570344219949
, 2, 0.0020228919052396018, 6.678653778311046e-5
c, 0, 0.007621469965911252, 0.0005337181821995568
, 1, 0.0006269652590119355, 1.5357548858946535e-5
p, 0, 0.3944396926603193, 0.322102925108051
, 1, 0.003856648578180318, 0.0001119025145124177
, 2, 0.00028050974738797277, 2.475987979641325e-6
c, 0, 0.0085972872475903, 0.0006480193821529707
, 1, 0.00027066720163219894, 1.2387256603396786e-6
p, 0, 0.07748814860671005, 0.01865119417276438
, 1, 0.0024714583805779703, 8.094676806010641e-5
c, 0, 0.004788260469771112, 0.0003861532819879336
, 1, 0.0007759982680645347, 2.0050863258101612e-5
p, 0, 16.757563998496394, 560.5015253113924
, 1, 0.16382997525442777, 0.18804153877782637
, 2, 0.005340868344181542, 0.0005353943284775898
, 3, 0.0007692329205084302, 9.659879729042479e-6
c, 0, 0.009837094620261354, 0.0007169006532666948
, 1, 0.00010539560970527428, 3.687331501384665e-7
p, 0, 0.31755276099657065, 0.2079663679038912
, 1, 0.006679508186823982, 0.0002547834275401511
, 2, 0.001314713887862153, 3.224536143307569e-5
c, 0, 0.008447383529048372, 0.000669944666335733
, 1, 0.0006182060668693855, 1.2037854209886815e-5
p, 0, 0.06496864869861912, 0.012482661248763058
, 1, 0.003537503922466284, 0.00037321197607977205
, 2, 0.0018104536892480936, 9.184276543767115e-5
c, 0, 0.017623703848495, 0.0010572013507587194
, 1, 0.0007068287174318288, 2.13481055535197e-5
p, 0, 0.12092791603886376, 0.04495771371720051
, 1, 0.0036388479703821043, 0.0003348326564177911
, 2, 0.0016923364896254223, 6.675737782555955e-5
c, 0, 0.014898206613297247, 0.0013538148335634234
, 1, 0.0005845406203554659, 1.273333986797095e-5
p, 0, 0.10790112679038248, 0.03972933627388714
, 1, 0.007775555349811112, 0.000562403528596638
, 2, 0.0016119891077825904, 9.108675463347276e-5
c, 0, 0.017133759632567493, 0.0011983727274931912
, 1, 0.0005918223798569536, 1.2410046367332301e-5
p, 0, 4.4558939688294075, 38.148491009903935
, 1, 0.09357381563104501, 0.0702090068171829
, 2, 0.002125224407722149, 5.23189539525919e-5
c, 0, 0.01971719210281903, 0.0021115193510474147
, 1, 0.0004955340626446203, 1.3603339387062533e-5
p, 0, 817.4467328215578, 1.3364246111388267e6
, 1, 20.29453229728649, 2036.052422659429
, 2, 0.28936994841992003, 1.0025813515224915
, 3, 0.009077939832727831, 0.0028360748209145447
, 4, 0.001233084242079293, 0.0001560446440220028
, 5, 0.00015560635349499006, 7.653285330065704e-6
c, 0, 0.01799278745670354, 0.001953620631011908
, 1, 0.0002261644000006236, 1.3688471822414035e-6
p, 0, 8.755481384219696, 153.1540414554206
, 1, 0.07997233606414406, 0.05815777668450849
, 2, 0.0019932984164551656, 6.529859878459081e-5
c, 0, 0.03079859568940421, 0.002666997806277411
, 1, 0.00031993714660640937, 2.990205688037034e-6
p, 0, 0.17097014950345873, 0.09415887179963156
, 1, 0.0048155088142470565, 0.00022967987658316258
, 2, 0.0011252806859805933, 3.2042368483664354e-5
c, 0, 0.014353675526591421, 0.0015302930128472045
, 1, 0.0004317972837859503, 5.683270328054265e-6
p, 0, 0.061028440039294335, 0.014892191290404111
, 1, 0.0032136641305062445, 0.00022434742148981157
, 2, 0.0015549369686309084, 3.791185780052636e-5
c, 0, 0.01746478949659388, 0.0017713614570549704
, 1, 0.0006082751974366329, 8.375883913873133e-6
p, 0, 1.347850752815039, 3.3163066390849427
, 1, 0.03062086997928338, 0.005553697223426184
, 2, 0.0016518209853169908, 2.5426028935382153e-5
c, 0, 0.013444783207492825, 0.0017968864114402247
, 1, 0.0002945166514966822, 3.937502088881581e-6
p, 0, 1.8605905732413026, 6.898174127796886
, 1, 0.04096986218919078, 0.01245460014473308
, 2, 0.0017046793446073853, 3.0514258119119116e-5
c, 0, 0.018209852189927794, 0.0017751209971072041
, 1, 0.00032431793863764766, 3.2718880329789005e-6
p, 0, 0.29622630133147243, 0.15508652450111188
, 1, 0.005242345167147706, 0.00020147166853412308
, 2, 0.000839992948188159, 1.5122621263417359e-5
c, 0, 0.017635933279415258, 0.002200638227581983
, 1, 0.000328824913778937, 2.9382888426432646e-6
p, 0, 0.5134346213228252, 0.6465092849479934
, 1, 0.0045011492864623906, 0.00021973572594644717
, 2, 0.000710899921432694, 1.2751532771285802e-5
c, 0, 0.02125233321611208, 0.002228732076292475
, 1, 0.0003124471888136783, 2.51312135320042e-6
p, 0, 0.08581457641490206, 0.03217071810213784
, 1, 0.0027241599250079876, 0.0002418750938586763
, 2, 0.001268657737335842, 3.0485883771012048e-5
c, 0, 0.025987040978967903, 0.003365151851969442
, 1, 0.0006822450887539943, 8.03039839204575e-6
p, 0, 0.44953246258219587, 0.3243330224348433
, 1, 0.0025372773507152044, 0.00015071632761609851
, 2, 0.000816998939626406, 1.1161974601198792e-5
c, 0, 0.024991035236627285, 0.0026000122168682574
, 1, 0.0004421190120377326, 1.6122117936257315e-6
p, 0, 0.6920850601811306, 0.8218730512159125
, 1, 0.008045216738899278, 0.001287087890629723
, 2, 0.00046487279628002506, 5.519612960330606e-6
c, 0, 0.044844566602684155, 0.008297413841373913
, 1, 0.0008556714241634808, 9.130325882597092e-6
p, 0, 0.3043506567037628, 0.22753123624791963
, 1, 0.00575762713853311, 0.00039171794148491485
, 2, 0.0011908346538329322, 3.41469361071057e-5
c, 0, 0.06375438190428337, 0.011292088826436265
, 1, 0.0010391516331033526, 1.3260830654457947e-5
p, 0, 0.4083352598633259, 0.42413706671892165
, 1, 0.006983013824564965, 0.0009385373502588517
, 2, 0.0025463374773295635, 0.00010624929398061029
, 3, 0.0010745045340393295, 2.000641697727031e-5
c, 0, 0.06161857162560457, 0.01454744385665988
, 1, 0.0007301992945725678, 1.2713287030285602e-5
p, 0, 0.2910387846109953, 0.19328008231021304
, 1, 0.011469961776748647, 0.0009374662263821321
, 2, 0.0031692564978856507, 0.00017476905621424023
, 3, 0.001236154913780922, 3.837813570575249e-5
c, 0, 0.04924910127004486, 0.006279935564176428
, 1, 0.00047291556731479916, 5.536813549363132e-6
p, 0, 0.23955836299758954, 0.14349669714405708
, 1, 0.008531013847656222, 0.0014352065194950868
, 2, 0.005643323645387231, 0.0005125079624263068
, 3, 0.003159471636155529, 0.0001479409681635172
, 4, 0.0015950529649565565, 3.88585725235242e-5
c, 0, 0.05096710519075519, 0.010541241739432631
, 1, 0.0007643292347611748, 1.5154514999955791e-5
p, 0, 0.1302704483546394, 0.06675280317180693
, 1, 0.009570098891843149, 0.0015568190830021502
, 2, 0.005346203386831848, 0.0004299224724722288
, 3, 0.0029039040411523017, 0.00011762825614676552
, 4, 0.0014074696542233497, 2.9148655581299682e-5
c, 0, 0.038145898214546343, 0.006768422624646823
, 1, 0.0006889339454092284, 5.942176943331369e-6
p, 0, 0.09986818952019802, 0.03716940935205119
, 1, 0.005245396491187923, 0.0007631931459637433
, 2, 0.003166172537601207, 0.00019776203748808334
, 3, 0.0009079206943507108, 6.520110179468825e-5
c, 0, 0.03749024356663604, 0.007334539719531344
, 1, 0.0009745223581186463, 1.87729987818117e-5
p, 0, 0.15100422758228857, 0.10622177638887659
, 1, 0.010175489007290393, 0.0018336433340183044
, 2, 0.0030793737619938836, 0.00015704706299680184
, 3, 0.0015388509092873093, 3.402592366792197e-5
c, 0, 0.030301218950105898, 0.00449499388436704
, 1, 0.0006646078396932636, 8.165208506240987e-6
p, 0, 0.12425536268745146, 0.061727133234757495
, 1, 0.004515691492702496, 0.0005006112299848001
, 2, 0.001849758199001299, 4.896007844025134e-5
c, 0, 0.015923872538422718, 0.0018456474294436663
, 1, 0.0006448200179185729, 1.305346833432961e-5
p, 0, 0.43295472687379466, 0.3098504849537366
, 1, 0.005147796530400416, 0.00043716594631423524
, 2, 0.0005434324109682767, 6.172889225371586e-6
c, 0, 0.02946241674598229, 0.002949659919034585
, 1, 0.0002541209580049363, 1.191207537324746e-6
p, 0, 0.09282155202789845, 0.029718895065562544
, 1, 0.0013901275973745005, 2.5913445113527482e-5
c, 0, 0.014295057568002666, 0.0016107419238535175
, 1, 0.0004072040160447833, 3.145485689127156e-6
p, 0, 0.09178560959630014, 0.04371049650114666
, 1, 0.0019338326954472596, 0.0001041120354146692
, 2, 0.0009031384234118027, 1.0172725876589927e-5
c, 0, 0.017986619499457582, 0.00205133259149597
, 1, 0.0002562052772190247, 1.7684121416564041e-6
