p/c, iter, r∞, r₂
p, 0, 0.0, 0.0
, 1, 0.0, 0.0
c, 0, 0.0, 0.0
, 1, 0.0, 0.0
p, 0, 0.0, 0.0
, 1, 0.0, 0.0
c, 0, 0.0, 0.0
, 1, 0.0, 0.0
p, 0, 0.0, 0.0
, 1, 0.0, 0.0
c, 0, 0.0, 0.0
, 1, 0.0, 0.0
p, 0, 0.0, 0.0
, 1, 0.0, 0.0
c, 0, 0.0, 0.0
, 1, 0.0, 0.0
p, 0, 0.0, 0.0
, 1, 0.0, 0.0
c, 0, 0.0, 0.0
, 1, 0.0, 0.0
p, 0, 0.0, 0.0
, 1, 0.0, 0.0
c, 0, 0.0, 0.0
, 1, 0.0, 0.0
p, 0, 0.0, 0.0
, 1, 0.0, 0.0
c, 0, 0.0, 0.0
, 1, 0.0, 0.0
p, 0, 0.0, 0.0
, 1, 0.0, 0.0
c, 0, 0.0, 0.0
, 1, 0.0, 0.0
p, 0, 0.0, 0.0
, 1, 0.0, 0.0
c, 0, 0.0, 0.0
, 1, 0.0, 0.0
p, 0, 0.0, 0.0
, 1, 0.0, 0.0
c, 0, 0.0, 0.0
, 1, 0.0, 0.0
p, 0, 0.0, 0.0
, 1, 0.0, 0.0
c, 0, 0.0, 0.0
, 1, 0.0, 0.0
p, 0, 0.0, 0.0
, 1, 0.0, 0.0
c, 0, 0.0, 0.0
, 1, 0.0, 0.0
p, 0, 0.0, 0.0
, 1, 0.0, 0.0
c, 0, 0.0, 0.0
, 1, 0.0, 0.0
p, 0, 0.0, 0.0
, 1, 0.0, 0.0
c, 0, 0.0, 0.0
, 1, 0.0, 0.0
p, 0, 0.0, 0.0
, 1, 0.0, 0.0
c, 0, 0.0, 0.0
, 1, 0.0, 0.0
p, 0, 0.0, 0.0
, 1, 0.0, 0.0
c, 0, 0.0, 0.0
, 1, 0.0, 0.0
p, 0, 0.0, 0.0
, 1, 0.0, 0.0
c, 0, 0.0, 0.0
, 1, 0.0, 0.0
p, 0, 0.0, 0.0
, 1, 0.0, 0.0
c, 0, 0.0, 0.0
, 1, 0.0, 0.0
p, 0, 0.5262108125709292, 1.0322581771965722
, 1, 0.008906993741422394, 0.0010752869650469735
, 2, 0.002258913473265285, 0.0007470718111683327
, 3, 0.0010076421317733236, 0.00023193230791279245
, 4, 0.0006004434752825488, 0.00010186413416601165
, 5, 0.00041323082615152875, 3.6307277100146326e-5
c, 0, 0.6099996005475115, 1.2939929023399637
, 1, 0.0037168596997923615, 0.0003035226588197393
, 2, 0.0006101410209464843, 9.631734108916471e-6
p, 0, 0.46704537250696376, 0.5707035359332032
, 1, 0.007507889734699561, 0.0004703827029641067
, 2, 0.00048717001419911756, 8.824215653038852e-6
c, 0, 0.04717768723151483, 0.009929134740344464
, 1, 0.000605315436073696, 8.130445951659921e-6
p, 0, 3.256282212456359, 49.521322925371585
, 1, 0.05113219766504003, 0.02686723702700617
, 2, 0.011714358228486613, 0.019032410835833336
, 3, 0.006042441491162133, 0.007860553455075428
, 4, 0.0036504664499810748, 0.003245248250564977
, 5, 0.0023661512881068734, 0.0011763409765979016
, 6, 0.0015138828692161405, 0.0005258431466863684
, 7, 0.000977470132116115, 0.00020671505138006703
, 8, 0.0006272341347331675, 9.888320003705374e-5
c, 0, 3.38220542700755, 49.171109541458584
, 1, 0.021849221450191865, 0.007941228403421919
, 2, 0.0013520651460105825, 3.0679486851944375e-5
p, 0, 2.405978823544215, 43.199408973850545
, 1, 0.04876956549111222, 0.04299908440104908
, 2, 0.012824883438972569, 0.025460877159640332
, 3, 0.006456603352384077, 0.008692380853910458
, 4, 0.0042582278593016705, 0.004111689955910091
, 5, 0.002605926277876991, 0.0013166939839128842
, 6, 0.0016575241850966013, 0.0006553343855853718
, 7, 0.0010270051383804548, 0.0002119900126045897
, 8, 0.0006505613995812888, 0.00010476931669154103
, 9, 0.00040873910538959416, 3.409409217069377e-5
c, 0, 0.4323140609312498, 0.8343518112952273
, 1, 0.0028021300333350204, 0.00017031756474273388
, 2, 0.0004979480291834493, 1.0019983081833185e-5
p, 0, 10.322896212131162, 226.9653974110477
, 1, 0.16750261076631107, 0.2675545595532822
, 2, 0.025283317054353868, 0.09905122646470771
, 3, 0.0134488324815791, 0.0352903909262461
, 4, 0.008163568079484436, 0.01592468960805912
, 5, 0.005254157388411258, 0.005460284553729091
, 6, 0.0033432004370334066, 0.0025325805278624018
, 7, 0.002071804637938649, 0.000857960258221186
, 8, 0.001270304620471239, 0.0004083103261740832
, 9, 0.000810341088009483, 0.0001406410923238484
, 10, 0.0006618195857043628, 7.137791146194169e-5
c, 0, 0.16159805075938855, 0.17574463189938228
, 1, 0.0016164864233146141, 4.578943030697626e-5
p, 0, 1.5126813650216342, 13.402719266888138
, 1, 0.030863540714966553, 0.013436472148510866
, 2, 0.008079147360956959, 0.008914813182939818
, 3, 0.004273852393023214, 0.003401283518562695
, 4, 0.0025376856283550043, 0.001473207273683815
, 5, 0.0015680842590161503, 0.0005063599455948015
, 6, 0.0010460746797010647, 0.0002396243479618429
, 7, 0.0006263441542656162, 8.118904894654195e-5
c, 0, 0.136311837241013, 0.15284299569872503
, 1, 0.0016000510359530874, 5.164639251997194e-5
p, 0, 2.740624102499366, 20.213454257344
, 1, 0.03803701935838048, 0.01819263119024172
, 2, 0.006357388739991535, 0.006815378045387431
, 3, 0.0037696263425584372, 0.0027259868478975774
, 4, 0.002187263706803364, 0.001134210846733422
, 5, 0.0014370898483897039, 0.00043252410253568805
, 6, 0.000827694246342041, 0.00017879385638356146
, 7, 0.0005717947276456256, 6.78229947835278e-5
c, 0, 0.12496581153618987, 0.08645487453022921
, 1, 0.001033545221973747, 2.331695509068917e-5
p, 0, 0.7242750820217966, 0.9604585328885916
, 1, 0.004698351156825235, 0.00024907945924982283
, 2, 0.00047133970467295804, 1.2649090397391543e-5
c, 0, 0.18979115735113228, 0.1486620247990045
, 1, 0.0006409171845050622, 9.254727540430595e-6
p, 0, 0.7334124784228796, 1.484765899652859
, 1, 0.008281469992567092, 0.0011044140753860483
, 2, 0.0020653263987266165, 0.0005546761644490473
, 3, 0.0014524424766201452, 0.00022943019023946283
, 4, 0.0007431635705016895, 7.468343299710379e-5
c, 0, 0.06017470704282421, 0.026274609320308416
, 1, 0.0010869737942717167, 2.2431863386466192e-5
p, 0, 0.6659954504179618, 0.6683169173889099
, 1, 0.004927706908527063, 0.0002467246504608012
, 2, 0.0009673121016246791, 9.344053989342944e-5
c, 0, 0.04582988283885553, 0.01760883043770396
, 1, 0.0015200411056918157, 4.400881919004806e-5
p, 0, 0.42006965093261733, 0.29683825451460805
, 1, 0.0045491505337426665, 0.0001985582921325625
, 2, 0.0008914715155890991, 0.00014717068284921805
, 3, 0.00033197719533139934, 2.672563565409118e-5
c, 0, 0.03215680284755609, 0.008877361402022964
, 1, 0.0006425173010379192, 1.015057376148126e-5
p, 0, 0.3427269521002455, 0.3671518263299376
, 1, 0.003289971433496899, 0.00032808509681118324
, 2, 0.0013474548310074058, 0.00017600255849444692
, 3, 0.0007055087993151962, 7.544642166497038e-5
c, 0, 0.0244871120386902, 0.005741793184393134
, 1, 0.00095145698432493, 2.6023701516480907e-5
p, 0, 0.20102289905198223, 0.10221332824665474
, 1, 0.0018292273556701445, 6.114573537467677e-5
c, 0, 0.020089668283703135, 0.002369500134037018
, 1, 0.0003189295778129441, 3.866348152518194e-6
p, 0, 0.1816336227100807, 0.08390036947596148
, 1, 0.0020914207396085373, 3.0475623866394714e-5
c, 0, 0.017007797143085986, 0.002435089466052469
, 1, 0.00017762334299135875, 1.3033526216710357e-6
p, 0, 0.5041947113385568, 0.31211115723621885
, 1, 0.009196267064288489, 0.0004998117626164384
, 2, 0.001676501800417514, 0.00017718446968373715
, 3, 0.000731748129523322, 0.00010440909330165588
, 4, 0.0003454171675771913, 2.1036994213977916e-5
c, 0, 0.11513105398779128, 0.02769126597743129
, 1, 0.0008070673336413182, 8.590433258878775e-6
p, 0, 31.029012254211935, 1916.5089139618703
, 1, 0.5343235762759571, 1.107844121281502
, 2, 0.009728949167569853, 0.0005155867652805264
, 3, 0.001128866568497692, 4.409039321590764e-5
c, 0, 0.07452738258639012, 0.011409333157345554
, 1, 0.0012138563923586772, 1.3723019584381892e-5
p, 0, 7.288738860037853, 114.52522785829558
, 1, 0.1107232937283179, 0.06336669998585043
, 2, 0.00312011057049109, 0.00012909716827472816
, 3, 0.00038462344739012024, 4.016331906890935e-5
c, 0, 0.012772138225731113, 0.0009765546385253803
, 1, 0.00048640053098790637, 9.592488227090337e-6
p, 0, 2.6583109543660535, 21.24649079108588
, 1, 0.03920848215668054, 0.010815374099518549
, 2, 0.0014093052480513698, 3.703110121923521e-5
c, 0, 0.028604619080762873, 0.010068648228058889
, 1, 0.0007810663837294644, 1.6446663359296494e-5
p, 0, 0.6869445639120275, 1.0359960229888525
, 1, 0.009864836126036012, 0.0011246871892755278
, 2, 0.0015410075687552916, 0.0001496323146274721
, 3, 0.0005612971551899383, 2.7888616645394098e-5
c, 0, 0.035881158970316226, 0.007443375175583001
, 1, 0.0007696878645109633, 1.4641918366485795e-5
p, 0, 0.918563656303732, 3.702930270366617
, 1, 0.017793764813079864, 0.0027537429026469403
, 2, 0.0010966349655934552, 5.0580274011775245e-5
c, 0, 0.025225809201732653, 0.0032991867653825325
, 1, 0.0004883231778630803, 1.094120532452115e-5
p, 0, 7.647402160053895, 117.04796950628145
, 1, 0.08579772395318087, 0.053913583061701784
, 2, 0.0018805963577847966, 4.8355699312639765e-5
c, 0, 0.020643781391783675, 0.0031016449983135596
, 1, 0.001198773427925601, 2.608855109627428e-5
p, 0, 50.452739765750174, 5089.93515603374
, 1, 0.8533336055110692, 6.357856500272555
, 2, 0.01962044344660884, 0.004948385738925429
, 3, 0.0049376871526806134, 0.0003684917941408701
, 4, 0.001736945580079453, 6.92355841624732e-5
c, 0, 0.035021720354478134, 0.007396471584532897
, 1, 0.0005732183872833634, 8.568039331377914e-6
p, 0, 1.1250618967040467, 2.636230789257416
, 1, 0.013100917716736002, 0.0013651446516075472
, 2, 0.0011069592209100158, 3.1950726446026635e-5
c, 0, 0.023232794661766705, 0.0030532396903949215
, 1, 0.0004656902275334239, 7.164010184903874e-6
p, 0, 8.335158357070885, 139.11860823333697
, 1, 0.12929694714732046, 0.12405026659988667
, 2, 0.003014869237212309, 0.0001163977585754146
, 3, 0.001478749273918711, 2.615340462756521e-5
c, 0, 0.05514357380651029, 0.00747267707495033
, 1, 0.0003832738341954713, 4.820386650872578e-6
p, 0, 0.2472061261728887, 0.17865967483812345
, 1, 0.0035290758355497444, 0.00017792207704007035
, 2, 0.0023340855048676, 6.470457090502621e-5
c, 0, 0.056678571175238425, 0.007772646728837939
, 1, 0.0009964664702127347, 2.4629077449564863e-5
p, 0, 1.5232039532943311, 4.671902597890344
, 1, 0.019216163866103003, 0.004426233175909084
, 2, 0.005434911109408247, 0.00044060982534633675
, 3, 0.0038050627030859355, 0.00017290599687309424
, 4, 0.0020093806376149533, 6.496762550665459e-5
c, 0, 0.02804029411306336, 0.003680572366755523
, 1, 0.0008350137423580353, 2.050931262326226e-5
p, 0, 8.506939446263436, 138.27780566905003
, 1, 0.1407255586500087, 0.16674783972913707
, 2, 0.004933674443481924, 0.0002795429340631018
, 3, 0.0015229468997683968, 3.745442683329913e-5
c, 0, 0.024297760456891918, 0.0035674307690854736
, 1, 0.000930936540465114, 1.8165290501580083e-5
p, 0, 0.1257099328441852, 0.0643247992534289
, 1, 0.004861419191360896, 0.0003621712138853715
, 2, 0.0024706876962637013, 0.00012852054547020603
, 3, 0.0016377159610747693, 4.509272968154687e-5
c, 0, 0.018377268651956675, 0.0035822963983345576
, 1, 0.0007113373225217738, 1.3628751309394722e-5
p, 0, 0.11350301040586847, 0.035213973381257355
, 1, 0.0059963723993271675, 0.0008157561509745414
, 2, 0.001968014007170954, 0.00017730603175970488
, 3, 0.0014244078806673584, 6.063016572669399e-5
c, 0, 0.02523414101127251, 0.0039546636309178915
, 1, 0.0012258085441826032, 2.7824620664320957e-5
p, 0, 8.167384267233292, 133.53490816148658
, 1, 0.08097573672931148, 0.09855507566007002
, 2, 0.00237456329033405, 0.00015958480933555771
, 3, 0.0011145256184720907, 6.54674125187016e-5
c, 0, 0.02741523471438848, 0.004972581158044508
, 1, 0.0010819205525411197, 2.6735365069024643e-5
p, 0, 0.13032009088310811, 0.0373769447709025
, 1, 0.0018919838072252013, 8.128783461355964e-5
c, 0, 0.021444339917146307, 0.004435151289253926
, 1, 0.000943487830296837, 3.599058570788449e-5
p, 0, 0.882610125400985, 1.9828571732019766
, 1, 0.015153960767309935, 0.0025520071954971343
, 2, 0.0007933316512157446, 1.0957996411719768e-5
c, 0, 0.02111945093937409, 0.004007773396846015
, 1, 0.0003233084904258652, 2.044724075189405e-6
p, 0, 0.4212865009966841, 0.3943376238357283
, 1, 0.00737226136695262, 0.0005787141003054869
, 2, 0.0018790712326066015, 0.00017882272896691746
, 3, 0.0011170809190485602, 7.302126966187976e-5
c, 0, 0.06262434351637335, 0.009189817784658983
, 1, 0.0009150552204629696, 1.9267152968320052e-5
p, 0, 5.995776499530508, 81.67937975526372
, 1, 0.07590829850828838, 0.04952107254384336
, 2, 0.00277195322605097, 0.00014902339204137194
, 3, 0.0007927303763825928, 4.166653633141931e-5
c, 0, 0.045979211511150454, 0.005014550274277308
, 1, 0.0010489436864072022, 1.5342391159016358e-5
p, 0, 15.112288432940451, 488.0933846616362
, 1, 0.2522252718087819, 0.504167404174112
, 2, 0.0064065377990873505, 0.0008125892920374309
, 3, 0.0023786143577113144, 0.000277641126131386
, 4, 0.001364631414014385, 9.05914924458202e-5
c, 0, 0.02641696675623692, 0.0032686513771511888
, 1, 0.0011476522257669007, 3.875999040743345e-5
p, 0, 5.620449660535558, 63.52497597120255
, 1, 0.06949007178257166, 0.036960606082645495
, 2, 0.0020753856776347212, 5.879005719258043e-5
c, 0, 0.03987361580511968, 0.004802589085335572
, 1, 0.001017893392369456, 3.326906792586763e-5
p, 0, 1.2185655470633543, 3.62486379718875
, 1, 0.025017335238895887, 0.004433810000635847
, 2, 0.0022310843142588997, 0.0001958644266435821
, 3, 0.0006751842398234365, 9.386988010407936e-5
c, 0, 0.03782670758417659, 0.0034331045533595866
, 1, 0.0013092504200493823, 2.928958972758376e-5
p, 0, 547.9315964789349, 600419.0856346478
, 1, 6.087944018176114, 268.6601146665906
, 2, 0.11360583948774394, 0.1337593546674387
, 3, 0.0145835545216827, 0.009621464114253202
, 4, 0.009357517220777191, 0.0026564102243246744
, 5, 0.005378391510366343, 0.0007246154557323426
, 6, 0.0027857156555367323, 0.00019586815636829128
, 7, 0.001445949658871764, 5.2932283430996325e-5
c, 0, 0.01707897723235122, 0.0029277273581963174
, 1, 0.0006520953760619647, 1.2896118058116028e-5
p, 0, 0.12274853983228602, 0.14570408002845558
, 1, 0.004031950771851173, 0.001077509412318493
, 2, 0.002008773717700178, 0.00012387325842265286
, 3, 0.0009289824574644403, 3.4267851846925764e-5
c, 0, 0.01824854266934678, 0.0026189718393540514
, 1, 0.0006166741049641381, 1.3934808650992502e-5
p, 0, 3.071669873332298, 19.245975296373032
, 1, 0.060824034024784576, 0.02850552161489429
, 2, 0.005607361322861989, 0.0007341749198020044
, 3, 0.00343361140090658, 0.00021394744437313912
, 4, 0.0014171229020607994, 5.903693461729432e-5
c, 0, 0.03911451755505799, 0.007116803072116488
, 1, 0.0008691514497978974, 2.2440194477293365e-5
p, 0, 4.022402231195229, 32.4018382322475
, 1, 0.042533756274857205, 0.012829995090718579
, 2, 0.0055750543317664054, 0.0006830648203322405
, 3, 0.0032090444629634053, 0.0002062415155596317
, 4, 0.001749291576879087, 7.227437259118392e-5
c, 0, 0.02694569602597424, 0.003511895078239343
, 1, 0.000992543414164924, 3.345566879312888e-5
p, 0, 28.18008927928299, 1586.9342279643674
, 1, 0.3073949246493444, 1.1099745314740583
, 2, 0.007413273544026002, 0.0013757229824769219
, 3, 0.0005334607101142767, 2.9113270458501813e-5
c, 0, 0.019626445220707115, 0.003561683888120093
, 1, 0.0008624591641283098, 2.357210049859832e-5
p, 0, 0.6669421922301313, 1.0253500459664209
, 1, 0.016218626512400282, 0.002745070888321142
, 2, 0.005353447113359002, 0.0007533171653793533
, 3, 0.0028761535758043025, 0.00023158855699039892
, 4, 0.0017044459240336306, 8.406539004437079e-5
c, 0, 0.020332725081209476, 0.0031286089661652404
, 1, 0.0009603713855527809, 3.767554572599315e-5
p, 0, 3.5915066087612693, 25.38663845212956
, 1, 0.03925609608233298, 0.011720543037892899
, 2, 0.005913159257422567, 0.0007759482050976326
, 3, 0.0023207305736250555, 0.00012405208067110796
, 4, 0.00111884874175613, 2.7613253424424266e-5
c, 0, 0.014004929078732622, 0.0024347850656166728
, 1, 0.0004764796643765076, 6.7563231680739834e-6
p, 0, 0.15553022524737317, 0.11278645316113102
, 1, 0.0029567103734992215, 0.00019854152671863076
, 2, 0.00036373838177733577, 6.052190017675157e-6
c, 0, 0.02352584513318183, 0.003196827059781069
, 1, 0.00047735776485604696, 3.89643175231643e-6
p, 0, 0.2585606549481852, 0.16844684494990958
, 1, 0.005972962744363108, 0.0006200721546612206
, 2, 0.0020319467016255196, 7.515643693408867e-5
c, 0, 0.019115119021146897, 0.003791267558508446
, 1, 0.0005559307715149464, 1.1196596526162672e-5
p, 0, 0.14144653524160425, 0.10066855380389772
, 1, 0.0028749215282964802, 0.00010737550102857892
, 2, 0.0003265366055426301, 2.4081929877731807e-6
c, 0, 0.04435277223569549, 0.006930726229155916
, 1, 0.00020835022690372283, 1.7251960633366234e-6
p, 0, 0.2450853549549479, 0.1470725147446674
, 1, 0.003672330238439495, 0.00014892572159008735
, 2, 0.0008823047936652343, 2.15730203100941e-5
c, 0, 0.03152816921643597, 0.004011143063698613
, 1, 0.00029910438938466147, 4.922670313459088e-6
p, 0, 1.6659581582704543, 5.567861422364948
, 1, 0.02305546936000765, 0.005079795176833821
, 2, 0.001132434031148209, 3.3387002598654253e-5
c, 0, 0.021792598461781863, 0.003513698469167951
, 1, 0.0004407838623058633, 7.29357878917185e-6
p, 0, 33.4045702983908, 2233.10612263013
, 1, 0.4598577367222182, 1.9657400500904056
, 2, 0.004465434089654513, 0.00032776154434858436
, 3, 0.00034076350018534773, 6.326263381726769e-6
c, 0, 0.027063167641675018, 0.0029122980317839546
, 1, 0.00019140299246808934, 1.50270140294845e-6
p, 0, 0.12929182759700583, 0.07191559206839393
, 1, 0.01033116470297468, 0.0008282581056281775
, 2, 0.0022477372960367815, 0.0001326690149663816
, 3, 0.0007843899379259419, 2.4565124178754213e-5
c, 0, 0.01559172823942034, 0.002456101924877339
, 1, 0.00047909850426790235, 7.032897972985665e-6
p, 0, 8.488679767882624, 152.19313300820482
, 1, 0.0862331959356515, 0.058594960757115705
, 2, 0.003223996336223379, 0.0001867109122947816
, 3, 0.001065694446825714, 3.47770880404774e-5
c, 0, 0.02294344561939445, 0.0024184010683811316
, 1, 0.0005532791406002216, 7.21564140977015e-6
p, 0, 4.150097371109719, 34.50246987096927
, 1, 0.05728674121719604, 0.03366925289477145
, 2, 0.006130281686073498, 0.0009755166282406489
, 3, 0.0027895220636914636, 0.00018322973196715912
, 4, 0.0013461600680173163, 3.731854351838649e-5
c, 0, 0.026966132621958298, 0.0035612151177467732
, 1, 0.000715954649653488, 1.4019210748510685e-5
p, 0, 0.37985782771746845, 0.5290019744464228
, 1, 0.016220996593240472, 0.0036424397801060908
, 2, 0.004974963646393381, 0.0004908527933599109
, 3, 0.0025199434846495043, 0.00010218289672143435
, 4, 0.0010273853187097307, 2.1253892273072473e-5
c, 0, 0.024922821851183254, 0.0037773745866713183
, 1, 0.0005102334123737972, 8.95408045984679e-6
p, 0, 4.77830514917743, 45.49316670952814
, 1, 0.0950505128043855, 0.071861575397064
, 2, 0.002073755435484957, 0.00013597855873289928
, 3, 0.0008582745977683389, 1.520801313789197e-5
c, 0, 0.013790043281384133, 0.001889550005522241
, 1, 0.0004124237235781192, 3.567161422448607e-6
p, 0, 0.208073009713703, 0.2364228984628874
, 1, 0.0032173179804675907, 0.0004793929489489297
, 2, 0.00044144322494256536, 1.0995634151736301e-5
c, 0, 0.02040866586605613, 0.0026749308918816253
, 1, 0.0003045405261880595, 2.2380509358893747e-6
p, 0, 0.0730387973057959, 0.07315133422642867
, 1, 0.002492904002447856, 0.00020510615541841656
, 2, 0.00043858384750318686, 8.926863871848491e-6
c, 0, 0.01565905310404023, 0.0013715571480374749
, 1, 0.00020829208464030998, 1.8683480101857457e-6
p, 0, 0.17080709317779738, 0.1564932215742255
, 1, 0.005510084834844579, 0.0007727141982246154
, 2, 0.002141892090765156, 7.999284405737883e-5
c, 0, 0.01808056769451871, 0.0026152413750900787
, 1, 0.0007303236298929717, 2.1229236711550087e-5
p, 0, 0.19373081580618248, 0.15282805595200166
, 1, 0.003662010490216726, 0.00019694909225129474
, 2, 0.00022382291040109065, 1.4119772720988118e-6
c, 0, 0.015247824372234334, 0.0009765148154753544
, 1, 0.0001661732887784959, 7.440078609533204e-7
p, 0, 0.06058222067495407, 0.022951745348728278
, 1, 0.0016518856695811569, 6.616710367993419e-5
c, 0, 0.011158677277285669, 0.001162588377085602
, 1, 0.0005030350872456731, 8.4521131053767e-6
p, 0, 1.7113927832111115, 5.845486240220188
, 1, 0.01689046101558982, 0.002185835307852929
, 2, 0.0004893817528849876, 3.6560866750269505e-6
c, 0, 0.018037310986197867, 0.0018912134617906909
, 1, 0.00013279356524652602, 4.00905065499626e-7
p, 0, 4.297155712481549, 37.15114815950833
, 1, 0.06670080999050126, 0.033415983841086266
, 2, 0.0026739028675603228, 0.00013448211011177018
, 3, 0.0006834609263934692, 1.646752481074576e-5
c, 0, 0.015517670882100845, 0.002084170142722572
, 1, 0.00031449667387985713, 3.058321499612724e-6
p, 0, 5.31297182723032, 102.5176907349647
, 1, 0.0713163544467845, 0.08120862100589749
, 2, 0.0035593375689189502, 0.0004389553641175278
, 3, 0.001285815194562037, 6.168893797183136e-5
c, 0, 0.026710445169916434, 0.0038006671632851772
, 1, 0.0005643351166370078, 1.213534824648459e-5
p, 0, 0.5562513095286078, 0.7896342427537199
, 1, 0.014246849644105254, 0.0014846356980008015
, 2, 0.0017918186179355956, 0.00010409077276528267
, 3, 0.0008104479768806441, 1.4860931354709731e-5
c, 0, 0.029056634891053302, 0.0045157992522548325
, 1, 0.00025840199581211463, 2.3914850373875884e-6
p, 0, 388.9080468443676, 302489.91931957426
, 1, 6.182115308056723, 272.8082014226989
, 2, 0.2033132142280077, 0.5863427505099879
, 3, 0.04027951378852608, 0.045050427482862726
, 4, 0.017251677844367305, 0.006107349661170272
, 5, 0.006531880753695294, 0.0009735196072904734
, 6, 0.002712913340824559, 0.00015806888574641906
, 7, 0.00103485954531211, 2.407060342866936e-5
c, 0, 0.02149741429667504, 0.0034105995322474447
, 1, 0.0003748757015599218, 4.317425865711026e-6
p, 0, 4.588052252960727, 42.17196264400233
, 1, 0.05573272322676272, 0.02346980419936165
, 2, 0.005516570760900814, 0.0006413457449237946
, 3, 0.001902799457051087, 0.00010334426137367634
, 4, 0.0009160928454040755, 1.8920296787755255e-5
c, 0, 0.027000952324456984, 0.005330431220516002
, 1, 0.0003907563897650459, 4.316686328577126e-6
p, 0, 9.273829665707263, 172.11979528871998
, 1, 0.15699143143080935, 0.17368711198766962
, 2, 0.013750022231933393, 0.0033630721593296067
, 3, 0.004285506540824444, 0.000531223310151087
, 4, 0.002309921664996138, 0.0001021407011132209
, 5, 0.0008375382501932367, 1.9927409202995315e-5
c, 0, 0.031054827521881538, 0.0045968733121994785
, 1, 0.0004450135665664065, 8.004059250374521e-6
p, 0, 0.16178787945994516, 0.11732960706518519
, 1, 0.028166253183155188, 0.016388124825827202
, 2, 0.010110093277134186, 0.002730463911653363
, 3, 0.004990460152189902, 0.0005429076769316727
, 4, 0.0020114173046699175, 0.00011486817765718025
, 5, 0.0010342006693073694, 2.3936468148347327e-5
c, 0, 0.0228309150605211, 0.002593387417002724
, 1, 0.00043211130181423186, 7.55046305755937e-6
p, 0, 52.90325023321825, 5598.698233782668
, 1, 0.5834534312612981, 2.4577420436318844
, 2, 0.013079805320964775, 0.0020008905742610796
, 3, 0.0036605773569101225, 0.0004423399296683382
, 4, 0.0018811921587944952, 9.268665932720392e-5
c, 0, 0.01479133117067498, 0.002009158354193545
, 1, 0.0010624454769840325, 3.554929101671901e-5
p, 0, 0.09401612072819243, 0.0505065819012805
, 1, 0.006363618610674497, 0.0012491410350797955
, 2, 0.002647836965824506, 0.00023765814312886628
, 3, 0.0012465404724403728, 3.95009479285627e-5
c, 0, 0.01277532989786168, 0.0015918388611845316
, 1, 0.0005573981750065435, 1.656258094103819e-5
p, 0, 0.42365849212287243, 0.3841736030853303
, 1, 0.0061015373723229144, 0.00031243321818645337
, 2, 0.0005641606687540261, 8.229477928809569e-6
c, 0, 0.02022184281603984, 0.0023279753462130946
, 1, 0.00021229607775172262, 1.4243196127199383e-6
p, 0, 0.0783382464735369, 0.03152207545612207
, 1, 0.00924922851673944, 0.0017021526574288845
, 2, 0.002460602766727825, 0.00019303433916925783
, 3, 0.0009798466518580083, 2.8471993358438304e-5
c, 0, 0.014221339118831116, 0.001589470050280119
, 1, 0.0004379416849165525, 8.459457284352931e-6
p, 0, 0.10760616392890748, 0.10037480415156709
, 1, 0.01985583256575253, 0.008358854758472463
, 2, 0.0038924516874096933, 0.0005343265666972243
, 3, 0.0016039028913369512, 6.869866784564619e-5
c, 0, 0.01373888993444105, 0.002149581143363766
, 1, 0.0007732646476773113, 2.622490701570637e-5
p, 0, 0.19690229130965678, 0.14186068569177224
, 1, 0.013849286749362234, 0.002570359998403295
, 2, 0.0009128410493109066, 3.902637468602222e-5
c, 0, 0.019569451985562245, 0.002569958644336278
, 1, 0.0001567079142847145, 1.1332903693400061e-6
p, 0, 1.4615083062551624, 4.253109500304178
, 1, 0.02185009074533686, 0.003658232190965582
, 2, 0.001285160032774247, 2.7214157469162832e-5
c, 0, 0.016236538302944883, 0.002448450415442194
, 1, 0.0004012261271459637, 6.587220820696178e-6
p, 0, 17.711663195881368, 626.7938108210258
, 1, 0.2101565214530501, 0.322200410538667
, 2, 0.00422568319779754, 0.00026424723506885957
, 3, 0.0002051639755482939, 2.246470429318736e-6
c, 0, 0.018994503507415484, 0.0026653309941903694
, 1, 0.00021537508072363732, 1.1047984065506747e-6
p, 0, 3.7846553856533323, 29.09116803359372
, 1, 0.06892995800233581, 0.0343523126562207
, 2, 0.004242353109335538, 0.0003515252677297757
, 3, 0.0014530199817082063, 5.7364031867928674e-5
c, 0, 0.01584039068467843, 0.002222267321661649
, 1, 0.00042726308390184586, 9.153297514435502e-6
p, 0, 5.369073085478121, 59.48722131578715
, 1, 0.09270079932090443, 0.07509031156732177
, 2, 0.002668801565649425, 9.936957958353632e-5
c, 0, 0.016622841387819273, 0.003613417308488948
, 1, 0.000976908493731578, 4.53691619185577e-5
p, 0, 0.10394559734099978, 0.04936142302880442
, 1, 0.0040124757362627085, 0.0006409158491402984
, 2, 0.0003584886928818018, 8.107825982187929e-6
c, 0, 0.01409802066868531, 0.0026190612897070294
, 1, 0.00019305758291675426, 8.300675360140604e-7
p, 0, 0.10172287263082269, 0.03525096821181904
, 1, 0.0016181167859259885, 7.997854259972752e-5
c, 0, 0.019729113053967975, 0.0028421748856066516
, 1, 0.0007413817661282807, 1.9667243436404373e-5
p, 0, 0.11409716160448334, 0.04903833582922842
, 1, 0.002514941064195328, 0.00013479962780437658
, 2, 0.0005782447442188641, 1.2088290950908836e-5
c, 0, 0.0204912346453264, 0.003620033468321646
, 1, 0.00042891703447268937, 3.56014132500736e-6
p, 0, 0.15108473291898694, 0.08927146126336409
, 1, 0.002105198147789143, 0.00013012667794957427
, 2, 0.0003282911496951324, 4.581052686933636e-6
c, 0, 0.020159827593983572, 0.00401718160681762
, 1, 0.00019189481805633992, 1.3659939011889874e-6
p, 0, 0.12927701400524377, 0.07471163423308323
, 1, 0.0031516224167676683, 0.0001220838285086023
, 2, 0.00028601753365516374, 2.283563669060224e-6
c, 0, 0.0161026768730069, 0.002655433829349676
, 1, 0.0001526167053197535, 9.696914499023514e-7
p, 0, 0.09722339935188466, 0.04597145483693423
, 1, 0.0021123414865249976, 0.00013430003632082356
, 2, 0.00045751498821750713, 6.319386234600973e-6
c, 0, 0.025801423963815098, 0.0033977130875638027
, 1, 0.0003961276876217734, 2.4889055930760973e-6
p, 0, 0.09495551053675706, 0.037115203571934
, 1, 0.005635326293980308, 0.00030764115957007725
, 2, 0.0011124099308570097, 3.916872248486341e-5
c, 0, 0.021163480031450767, 0.002542799136818763
, 1, 0.00038485277110370236, 6.901974225515712e-6
p, 0, 0.09324440317671627, 0.038347810097756264
, 1, 0.0031859588995318093, 0.0002343858954489375
, 2, 0.0010717223117681905, 3.3882994862515284e-5
c, 0, 0.017109757524501962, 0.0019363502217753543
, 1, 0.0003864398362892768, 5.715851567106995e-6
p, 0, 0.13366045317825098, 0.07233671552770415
, 1, 0.004855446146240941, 0.0011234124309240407
, 2, 0.002163642824476455, 0.0001436585282178203
, 3, 0.0009012531605713167, 2.486057059274953e-5
c, 0, 0.023189586239486446, 0.003870195017265941
, 1, 0.000467312826034736, 6.270285638604225e-6
p, 0, 0.45864044577075613, 0.5627589097594963
, 1, 0.01081075686400853, 0.002135641120093589
, 2, 0.003169168324320459, 0.0002771137165158092
, 3, 0.0013025563074452312, 4.158055714597637e-5
c, 0, 0.031903158553268106, 0.004015486751781592
, 1, 0.000488998900180747, 8.163740497102595e-6
p, 0, 0.29390957032103576, 0.25577391587920983
, 1, 0.016373290904172413, 0.005523621438149036
, 2, 0.005105309378818187, 0.0006901629683206357
, 3, 0.002042493418367138, 0.00010221715908155238
, 4, 0.0008139416558511779, 1.5653847327340417e-5
c, 0, 0.01879726143221617, 0.0021858766622916575
, 1, 0.00042257611753391525, 5.478855878687673e-6
p, 0, 0.1019113450223208, 0.06940803117525925
, 1, 0.00854933876830679, 0.002648428047432083
, 2, 0.002974703055793419, 0.00024941676629153616
, 3, 0.001245848888175264, 3.324338482505611e-5
c, 0, 0.019267970144647623, 0.0024468536930246595
, 1, 0.0004690967596368785, 5.989119460920185e-6
p, 0, 0.059139930590566304, 0.030795657277264507
, 1, 0.0037500816530300824, 0.00045370818003575143
, 2, 0.0012446695374820776, 4.6791399756380924e-5
c, 0, 0.01581746565892993, 0.001960286320577366
, 1, 0.0004769465662498739, 8.31303215951375e-6
p, 0, 15.831937242667752, 555.1034657186681
, 1, 0.24985851306609902, 0.6029400803005487
, 2, 0.006104887328345203, 0.0004918210919114879
, 3, 0.0008715956965839729, 1.6147554471437415e-5
c, 0, 0.018841136067232835, 0.0027491259132660464
, 1, 0.00028576579336268636, 3.6954140879561047e-6
p, 0, 0.08992315574755183, 0.06914227972699472
, 1, 0.005331215913028764, 0.0006670072112047823
, 2, 0.0012893790692112602, 4.1674404993940905e-5
c, 0, 0.016576064768445975, 0.0026148423293882277
, 1, 0.0005073007958501925, 7.332651198383782e-6
p, 0, 0.054463995794778564, 0.03568433326778535
, 1, 0.004494208806990985, 0.00035019781356509193
, 2, 0.001007798452263522, 2.1762392724454952e-5
c, 0, 0.019922378791193834, 0.0022989046006880298
, 1, 0.0002533095849465009, 2.1150579961164784e-6
p, 0, 0.2778035186641207, 0.21376018792513168
, 1, 0.00607329916111522, 0.0005987766016848831
, 2, 0.0010978078065236915, 3.047675168610061e-5
c, 0, 0.020329418357663505, 0.0026243271851455435
, 1, 0.0003389691392291687, 5.020406423069984e-6
p, 0, 0.191092640615691, 0.10913605397242639
, 1, 0.0030448710791128424, 0.00012181455549630402
, 2, 0.0001717497397153356, 2.5689530653104966e-6
c, 0, 0.016201502578872557, 0.0022773504505077613
, 1, 0.00016044056848458062, 6.978212178842864e-7
p, 0, 0.4882041970434433, 0.4664533472994977
, 1, 0.008497799503954337, 0.0005579318656996344
, 2, 0.000276942073364959, 2.092824478095514e-6
c, 0, 0.012890453834217669, 0.002646394810315249
, 1, 0.00015865316969421568, 6.700254102816e-7
p, 0, 0.3238132247159122, 0.26438852651334693
, 1, 0.004005088099721931, 0.00014849071652129828
, 2, 0.0002337390139229735, 9.947130843452422e-7
c, 0, 0.015325477412006957, 0.002241504063338634
, 1, 0.00010414475789975065, 4.868837102658658e-7
p, 0, 0.06502344111413468, 0.03363294312325738
, 1, 0.004981947514019923, 0.0005650106227350703
, 2, 0.0010279746568287486, 2.2409763260721958e-5
c, 0, 0.019711290631825692, 0.0027298222310753544
, 1, 0.0001807075489041629, 1.5297810108207646e-6
p, 0, 0.13129058551705508, 0.08073687395064853
, 1, 0.008497830942696112, 0.002153907374606057
, 2, 0.0025554134359112184, 0.00015139662741194202
, 3, 0.0007506018855995701, 1.1217870619896933e-5
c, 0, 0.014356825772279145, 0.0025098129905873124
, 1, 0.0002221413057372937, 2.0414015897739867e-6
p, 0, 0.14789318031698473, 0.06643601568334387
, 1, 0.01441249128662194, 0.002042849001408507
, 2, 0.003249866351881053, 0.00020997003815521683
, 3, 0.0010531230916673243, 2.7513362005829476e-5
c, 0, 0.014920109414976209, 0.002132253314368892
, 1, 0.00027973866146695177, 4.124082929542205e-6
p, 0, 0.09303660846099228, 0.02445538183234798
, 1, 0.00431993395778495, 0.0006570879002652402
, 2, 0.0019734056568420115, 9.629497625213468e-5
c, 0, 0.015640711100004378, 0.0019499284452121526
, 1, 0.0007005593858810809, 2.1633580376485133e-5
p, 0, 0.059482590671513104, 0.02118605871092728
, 1, 0.0022941813096429096, 7.589277965002122e-5
c, 0, 0.019920535643355247, 0.0021295038430078988
, 1, 0.00060334354589942, 1.5742747221230924e-5
p, 0, 0.061374885154121636, 0.022492757478069943
, 1, 0.013223846396981685, 0.002740600535361633
, 2, 0.004488178106804394, 0.0004456296274978676
, 3, 0.001905714561304013, 8.080879457568063e-5
c, 0, 0.014639256397551734, 0.0018796182424569432
, 1, 0.0006454644393216637, 2.2383475575558076e-5
p, 0, 0.2266783317008755, 0.16838088654068759
, 1, 0.02049136583063908, 0.005847591581889139
, 2, 0.005176745372044795, 0.0007453871264053823
, 3, 0.002112935249583627, 0.00012064168595566549
, 4, 0.0008617977607550364, 2.060138141156223e-5
c, 0, 0.014732495432872254, 0.002040073830705086
, 1, 0.0003422481257374491, 4.697924131908891e-6
p, 0, 1.8333733381845643, 6.681880779228445
, 1, 0.022274651465803957, 0.003989910336098414
, 2, 0.0031998624503365557, 0.00027067867332294113
, 3, 0.0010927241479706845, 3.558084483611612e-5
c, 0, 0.018525101088327802, 0.002125621052162025
, 1, 0.0005042743743709159, 9.170842359875097e-6
p, 0, 0.0536516290752338, 0.022822514477522295
, 1, 0.0041518091534354885, 0.00046113615424719397
, 2, 0.0010871615804015778, 3.8623802312061486e-5
c, 0, 0.02068491398038212, 0.0019132782219115614
, 1, 0.00043987164501003127, 5.327609117831112e-6
p, 0, 5.578981514032791, 62.23548171760524
, 1, 0.09679461807669049, 0.0644525123234009
, 2, 0.002015735856076419, 3.480332727292103e-5
c, 0, 0.013571888858828797, 0.0017458448568884713
, 1, 0.00016516242646813322, 9.666511372033284e-7
p, 0, 0.04170367341028678, 0.013318035248571381
, 1, 0.00468466882599851, 0.0003560079646753833
, 2, 0.0013847602830678006, 3.942539548786954e-5
c, 0, 0.020367281396450592, 0.002309981256172276
, 1, 0.0004514071239562937, 7.083719362776594e-6
p, 0, 2.2672759058031837, 10.29695682322202
, 1, 0.027146415305823936, 0.005706194106856298
, 2, 0.0020731081681786734, 0.0001078713732873691
, 3, 0.0007501114520236918, 1.3004129394370325e-5
c, 0, 0.013364579174475321, 0.002171510717927618
, 1, 0.00025203417413805114, 2.370244290611832e-6
p, 0, 52.31389584614989, 5330.790743248981
, 1, 0.500144856743057, 1.7953280389722177
, 2, 0.009280285508111977, 0.0007237775401153114
, 3, 0.001113328121567747, 2.4681245104758714e-5
c, 0, 0.013560611110952707, 0.0023172031605444895
, 1, 0.00032693295441433244, 4.581132926052634e-6
p, 0, 2.0063303137019357, 8.566214940638273
, 1, 0.02490486247373924, 0.006825665187436216
, 2, 0.0022044245834039644, 6.484242100459573e-5
c, 0, 0.016528641617689566, 0.0019617985746656613
, 1, 0.0006274036542280623, 1.046314768821143e-5
p, 0, 2.2162897460462396, 9.927928571842754
, 1, 0.024767934716567262, 0.00687109161063944
, 2, 0.0004583042476476896, 3.833448608775457e-6
c, 0, 0.024006684298866515, 0.003447452501848418
, 1, 0.00018046373097886084, 1.2090706734317763e-6
p, 0, 0.25510485014226764, 0.16772881929220645
, 1, 0.0031499662214231304, 0.0001295225597756662
, 2, 0.000375742256251734, 4.2501061519639965e-6
c, 0, 0.015722646060969098, 0.002439037426532419
, 1, 0.00010464127228606088, 5.658955878223856e-7
p, 0, 0.08697735025488641, 0.035905551569748013
, 1, 0.002332319749508542, 0.00035114118310508385
, 2, 0.0014970780191516985, 4.2823341165841075e-5
c, 0, 0.02020213510866947, 0.0022915817042895833
, 1, 0.0005215564914961747, 6.40734799865532e-6
p, 0, 0.25179423073796503, 0.14106833612151418
, 1, 0.003430465400637097, 0.00011283362870876831
, 2, 0.0005291458268078337, 7.506662215725187e-6
c, 0, 0.011503754309428274, 0.0019079739359462518
, 1, 0.0002098604282298374, 1.2837716762607746e-6
p, 0, 0.036886927041212665, 0.013105257350494153
, 1, 0.002157802363282261, 0.00013623201553525602
, 2, 0.0010319244468198897, 1.5155617181138607e-5
c, 0, 0.016883366152897546, 0.0018838842697837521
, 1, 0.00028242837165625307, 2.6153089512308264e-6
p, 0, 0.06745012374371241, 0.030187339416047104
, 1, 0.0012204706321679588, 5.521920190378254e-5
c, 0, 0.021833867240903772, 0.0021155271281968094
, 1, 0.00038734849453210904, 4.287508202013882e-6
p, 0, 0.12305466523340575, 0.06455811175509997
, 1, 0.0015064557712718433, 7.291203993703185e-5
c, 0, 0.013946719710949858, 0.0019210525209462836
, 1, 0.00041732248649186624, 5.811176567700147e-6
p, 0, 0.06647289089466166, 0.020746396307619694
, 1, 0.0009922455052047492, 2.7828714878050418e-5
c, 0, 0.017318749382105612, 0.0019288307525240612
, 1, 0.0002705173562447227, 2.2739509003329766e-6
p, 0, 0.052411774139741414, 0.0186162940148947
, 1, 0.000831866513857065, 2.573924597963192e-5
c, 0, 0.020855832604619262, 0.0020877093578529154
, 1, 0.000202410099373326, 7.628636989917638e-7
p, 0, 1.2103495239013349, 2.9033049225331613
, 1, 0.012969459897358137, 0.002175685241683543
, 2, 0.0005856501935982523, 7.400503717533918e-6
c, 0, 0.02323597951426654, 0.002312897864886821
, 1, 0.0001585629641306197, 6.68650494704099e-7
p, 0, 0.3774168385172391, 0.340634761810524
, 1, 0.006197674572934531, 0.0003735335935485818
, 2, 0.00010682511951983375, 2.1883654486581302e-7
c, 0, 0.02253043053087713, 0.0024723146710030693
, 1, 0.00015013633364364967, 4.919859597483585e-7
p, 0, 0.48862417045054085, 0.6820129653855554
, 1, 0.005337425745786577, 0.0006735332294823983
, 2, 0.00039936548268899424, 5.954883054105625e-6
c, 0, 0.01700979783680356, 0.0021494385365822067
, 1, 0.00014620631216189642, 6.770349050065028e-7
p, 0, 0.05369733349327974, 0.028760002527101366
, 1, 0.001172603281098798, 6.292197780884644e-5
c, 0, 0.01985244468261075, 0.0021833507894719844
, 1, 0.0003769286329086274, 2.7492130873588714e-6
p, 0, 0.11693355590646297, 0.03741570529793191
, 1, 0.0019733505100703757, 3.7475218002972014e-5
c, 0, 0.025489998778864844, 0.002755659461234798
, 1, 0.00022397809640509712, 9.161064430455985e-7
p, 0, 0.19934808819366534, 0.15876561188961016
, 1, 0.0021229206706752293, 0.00012238509541447865
, 2, 0.0001587908426006742, 1.3399113380842748e-6
c, 0, 0.02381434759166213, 0.002050518142307413
, 1, 0.00016479077979086794, 6.778419359462163e-7
p, 0, 0.15292873302881627, 0.06825736834749802
, 1, 0.0020482718545580484, 5.7081894588564526e-5
c, 0, 0.017546579104639703, 0.0015834141671703553
, 1, 0.00010798676773256699, 4.4100359033131375e-7
p, 0, 0.04904558488013524, 0.0112107213169043
, 1, 0.000916817178764025, 1.1122745823540376e-5
c, 0, 0.01312009810059629, 0.0014501254650087652
, 1, 0.00012024912977005213, 4.386315764051325e-7
p, 0, 0.03240508100568073, 0.007419941626812108
, 1, 0.0004081823983419677, 5.942177747289985e-6
c, 0, 0.017720192049384263, 0.0015136123840563418
, 1, 0.00013003226756988295, 3.2656724797438537e-7
p, 0, 0.05695135827860425, 0.012252441245782295
, 1, 0.000976759313105151, 1.3262674457767482e-5
c, 0, 0.01928320403761642, 0.001474540691571094
, 1, 0.00016220928820042605, 5.244844012665958e-7
p, 0, 0.05211708231444605, 0.019281797533052224
, 1, 0.0006062855008260906, 1.760046466802109e-5
c, 0, 0.01630736113262482, 0.001869499866579278
, 1, 0.0001530269056581921, 5.702485575330466e-7
p, 0, 0.06908771018945857, 0.033386638184859645
, 1, 0.0009419252222547386, 2.2363101671118765e-5
c, 0, 0.023232655532261177, 0.0021979979815099095
, 1, 0.00011348901864534508, 5.558112849707068e-7
p, 0, 7.562964547197902, 114.65861844596878
, 1, 0.12893522157687468, 0.14004339325256135
, 2, 0.002068608198832502, 5.204894373134868e-5
c, 0, 0.01600739038812448, 0.0017628045331012576
, 1, 0.00016183956584248248, 1.0355082877539715e-6
p, 0, 1.5461309190136148, 4.775509044102065
, 1, 0.02287351316869425, 0.0048266241652202635
, 2, 0.00030059917409018907, 1.137187548060581e-6
c, 0, 0.016575166622230155, 0.001438026298767824
, 1, 0.00011298718214621553, 4.5274862024954983e-7
p, 0, 0.034634045684499716, 0.010702355778043291
, 1, 0.0005895503407764519, 1.3145608217631492e-5
c, 0, 0.011155486439684845, 0.0013981344586492977
, 1, 0.00011646687849616636, 3.2548959077036115e-7
p, 0, 0.036641195254277316, 0.008591267875827839
, 1, 0.0008158346247441311, 1.9585584069682565e-5
c, 0, 0.01291231107618581, 0.001561809488766538
, 1, 0.00016176214290948912, 1.0860359793797361e-6
p, 0, 0.06084798684939777, 0.01612441292061647
, 1, 0.0005651766161745962, 6.509906761397986e-6
c, 0, 0.016818250813435024, 0.0017381024159368137
, 1, 0.0001380155969605596, 3.144651794902305e-7
p, 0, 0.044449306019315606, 0.01294150721589646
, 1, 0.0008035556475136316, 2.548553250742345e-5
c, 0, 0.014567840883435032, 0.0018445390925896853
, 1, 0.00020141413174854729, 2.1741520252467655e-6
p, 0, 0.041199474803006446, 0.010151288833286688
, 1, 0.00037690009018533164, 7.071198098799411e-6
c, 0, 0.012249445484315082, 0.0017466656618117706
, 1, 0.00013890912474051527, 6.674315397477507e-7
p, 0, 0.05009897289333395, 0.020156243211158158
, 1, 0.0011744039848015637, 3.562705598931384e-5
c, 0, 0.012293438164740038, 0.001971133702499572
, 1, 0.00021217177629352868, 1.332229442889955e-6
p, 0, 0.05512265779539657, 0.0237269702139359
, 1, 0.002120378208130988, 8.085724906692285e-5
c, 0, 0.013096715001618582, 0.0019312604291321113
, 1, 0.00021996492854456384, 1.5886104566989476e-6
p, 0, 0.7432722285324843, 1.1188642251584398
, 1, 0.009692640694575894, 0.000986997609901733
, 2, 0.0007704733194740425, 1.1112626478963715e-5
c, 0, 0.013632845158304546, 0.0017806201422503564
, 1, 0.0001788013742047257, 9.106646906419478e-7
p, 0, 0.03914015235219677, 0.020851267881081048
, 1, 0.004453125925939515, 0.000498592306240215
, 2, 0.0013303049912768, 2.9899682157114663e-5
c, 0, 0.017610733443486043, 0.0016400271260931926
, 1, 0.00028631648045423017, 3.1982014100115086e-6
p, 0, 0.0693325378690408, 0.021776675393755156
, 1, 0.0032986356727345975, 0.00028517347516826173
, 2, 0.0012644007218892465, 3.123573360707677e-5
c, 0, 0.01426153227019819, 0.0011107442395747566
, 1, 0.00030613179449912937, 3.6945328331528072e-6
p, 0, 0.09482403036700518, 0.05517767149461742
, 1, 0.0030912313152120638, 0.0002510873176746868
, 2, 0.0015045097156462749, 5.074589634005754e-5
c, 0, 0.020992866824131946, 0.0018394036212517981
, 1, 0.00048414505649133836, 8.910299635766512e-6
p, 0, 0.06269852035232257, 0.021379965358689048
, 1, 0.0027612759826973754, 0.0002907252129315626
, 2, 0.0015862118259155121, 4.863189239373648e-5
c, 0, 0.011510591779768901, 0.0011679623677667502
, 1, 0.0005008057599770013, 7.684385202910347e-6
p, 0, 0.04037690508727875, 0.009220102521354788
, 1, 0.0032865240614670358, 0.00024214175254199608
, 2, 0.0013577921763323923, 3.5809976390875434e-5
c, 0, 0.015996103028394257, 0.0011793287508136355
, 1, 0.0005383344534919025, 8.736149674653106e-6
p, 0, 0.04898563998831157, 0.010934236394453662
, 1, 0.001520066163230859, 8.780389591312564e-5
c, 0, 0.01509000177698064, 0.001173209340829931
, 1, 0.0004952145895316229, 8.946815698095383e-6
p, 0, 0.0308595295391856, 0.009743155642504055
, 1, 0.0020537579509929144, 9.551158805622317e-5
c, 0, 0.02301102155519606, 0.0021230943288250196
, 1, 0.0006256821959821025, 1.2740925728718056e-5
p, 0, 0.031337729855176466, 0.015066315274715943
, 1, 0.004332489282434101, 0.0003738528099286255
, 2, 0.0011436823483202717, 2.0534660403168705e-5
c, 0, 0.012711663048053014, 0.0009637060671473139
, 1, 0.0002600687148600115, 1.8752239708205284e-6
p, 0, 6.868820220231401, 71.81776842514502
, 1, 0.060621781588740924, 0.04305056720518487
, 2, 0.0006998044468623673, 9.977812510059394e-6
c, 0, 0.01734167002803738, 0.0018346234159805968
, 1, 0.0003574831104407051, 2.255108912314628e-6
p, 0, 0.23047258196738532, 0.16440654091907717
, 1, 0.003572756271585556, 0.0001306778527872752
, 2, 7.053836152534393e-5, 1.0314733272100375e-7
c, 0, 0.015495427530865321, 0.001389422073668789
, 1, 0.00014873868434313144, 4.564491692818358e-7
p, 0, 0.06319365247889373, 0.01771931721147148
, 1, 0.001366879499514241, 4.536318948478117e-5
c, 0, 0.01022456613539207, 0.001337543948919742
, 1, 0.0003201185129582247, 3.1602158081122535e-6
p, 0, 0.04929401382585656, 0.017319737862765056
, 1, 0.0007982928997604234, 1.737992646866581e-5
c, 0, 0.014668081719735925, 0.001453069291622751
, 1, 0.00017716121231784533, 6.413627066563268e-7
p, 0, 0.08514200876442521, 0.028974479883440013
, 1, 0.0014708462562889625, 3.329505089034362e-5
c, 0, 0.017636457556980976, 0.0021481792724129477
, 1, 0.00019260538758952896, 1.3031934086348257e-6
p, 0, 0.0508684395303112, 0.01125562293680318
, 1, 0.0008697815170290765, 2.514587640868233e-5
c, 0, 0.019735424590360064, 0.0021936027132777786
, 1, 0.00014536459762913448, 5.303753961697376e-7
p, 0, 0.09559247928195456, 0.04160778112292614
, 1, 0.0016906539759536515, 6.662871672519035e-5
c, 0, 0.014727503590712544, 0.002565565848842706
, 1, 0.00036439642097357134, 6.402158849071306e-6
p, 0, 0.08243367670401527, 0.03278017213430365
, 1, 0.0012285781091818382, 9.721887724109813e-5
c, 0, 0.00994882622529556, 0.0012925531427453276
, 1, 0.00029830718633902753, 3.4286435495786704e-6
p, 0, 0.060087577029977524, 0.016549429638300188
, 1, 0.0008041934678826765, 2.521448073875727e-5
c, 0, 0.017829576058554068, 0.0022574706726929067
, 1, 0.00017145471299734674, 1.1148877062995725e-6
p, 0, 0.09175030869488886, 0.030153723695747467
, 1, 0.0030354243368338387, 0.00022861085396755284
, 2, 0.0008983215025645688, 2.0613599892205437e-5
c, 0, 0.011501720197749471, 0.0015975453808409295
, 1, 0.00042694933898520344, 5.122761172543208e-6
p, 0, 0.18534170065888472, 0.08334612104507456
, 1, 0.003558105480672584, 0.00016198977875247087
, 2, 0.0010319595547506502, 1.6752302115866505e-5
c, 0, 0.012429055633586313, 0.0016332135491301197
, 1, 0.00028788581551640564, 2.7556847353420263e-6
p, 0, 0.057091468837357676, 0.02065287866265775
, 1, 0.0011968292376358263, 3.777444673003062e-5
c, 0, 0.012193956143415563, 0.001357348241057199
, 1, 0.0003615979851882569, 7.434441360265836e-6
p, 0, 40.289507232292785, 3246.027501618244
, 1, 0.4117538070422308, 1.220139399715682
, 2, 0.011804100169649414, 0.001700168737063402
, 3, 0.0023523831476074553, 0.00015643476168497136
, 4, 0.0009208868297511466, 1.6091292233012537e-5
c, 0, 0.010798762122309877, 0.0014059933141281995
, 1, 0.000304787853799623, 4.831909009372812e-6
p, 0, 0.3252493318549705, 0.2591227376214641
, 1, 0.010847643392557392, 0.001731699133518811
, 2, 0.003241518902749939, 0.00022262511094385453
, 3, 0.0011374443054148991, 2.4076999400835632e-5
c, 0, 0.01897237011821971, 0.0016123941356820555
, 1, 0.0003988539080859891, 4.5757127825542485e-6
p, 0, 0.05225125084873793, 0.03372910550353971
, 1, 0.010523519796187803, 0.0015688113588493246
, 2, 0.002016987696470175, 0.00010353956634226692
, 3, 0.0007115916499992372, 7.073374788155191e-6
c, 0, 0.01246950588373818, 0.0014495545024942353
, 1, 0.0003307074146484496, 4.814516548375253e-6
p, 0, 0.3810402909381152, 0.34690664289955836
, 1, 0.016562112222570417, 0.0028349304026486465
, 2, 0.0024518740650528704, 0.00017399094741716046
, 3, 0.0007745462800808697, 9.835022100765013e-6
c, 0, 0.01196770448267423, 0.0013104783187071552
, 1, 0.00018161751487385294, 8.95483509588131e-7
p, 0, 1.0874077255510473, 2.3366161200849764
, 1, 0.024632949909003988, 0.005488385965633741
, 2, 0.003233830901365653, 0.0002572498312769026
, 3, 0.0007354107766522411, 1.053634670013504e-5
c, 0, 0.009885237785958834, 0.0013362490244643512
, 1, 0.0003047410270629044, 4.227506336187238e-6
p, 0, 0.05646587673373582, 0.039087110831714636
, 1, 0.01029677115897836, 0.0025766209006494734
, 2, 0.002236628861917859, 0.00011197368434176844
, 3, 0.0005074635999427627, 4.267273351971005e-6
c, 0, 0.008286891898723864, 0.0007142468143803673
, 1, 8.17463140651286e-5, 2.0329773841256047e-7
p, 0, 0.07108200672447947, 0.04617069516948732
, 1, 0.006189245138584481, 0.0010885387707825623
, 2, 0.0007752872755534012, 2.120254632565672e-5
c, 0, 0.015042120984083139, 0.001643724392484946
, 1, 0.0004407968059160233, 6.483857158421858e-6
p, 0, 0.12153086137199612, 0.09506525945877844
, 1, 0.006895748770758382, 0.0013334162282738903
, 2, 0.0011702415669038373, 3.080849666777555e-5
c, 0, 0.014835486105773475, 0.001138266495885341
, 1, 0.000263017986339965, 1.9096287452655705e-6
p, 0, 0.18428943406927795, 0.1432786567112634
, 1, 0.00610852353753503, 0.000935543139779247
, 2, 0.0006044459169666709, 1.3490431793781695e-5
c, 0, 0.032959271224367016, 0.0027229131449647863
, 1, 0.00031607595432921285, 5.026269672327482e-6
p, 0, 1.1320114535304655, 2.702392617836567
, 1, 0.020393076835027283, 0.003891990710797279
, 2, 0.0010339743409381028, 2.469783895368689e-5
c, 0, 0.018438032354995613, 0.0023530974338508382
, 1, 0.00027239406208675335, 2.1531938606799893e-6
p, 0, 1.2747298672098075, 3.4046962530538125
, 1, 0.02877402093899306, 0.007985845887121371
, 2, 0.0031416447218719605, 0.00023264064738319316
, 3, 0.0007441747697469742, 1.3437247645041914e-5
c, 0, 0.03520464478302861, 0.007255028204420812
, 1, 0.0004857137978930107, 6.597346521094841e-6
p, 0, 10.217743294687061, 208.6968565663257
, 1, 0.11769142901995612, 0.165146503069602
, 2, 0.006238419066188916, 0.0005986556975116249
, 3, 0.0019325689099492249, 7.3902455699919e-5
c, 0, 0.024545335039226, 0.0030766700461456443
, 1, 0.0005716087108871787, 1.3690889529427787e-5
p, 0, 0.12310256214704961, 0.09492226582513903
, 1, 0.010309756450114378, 0.0020258023545597914
, 2, 0.004408604753430474, 0.0003147200681505789
, 3, 0.0016699711560395484, 4.175232384960971e-5
c, 0, 0.034816917808803645, 0.004096539509041137
, 1, 0.00028999159327603905, 4.625522668544807e-6
p, 0, 1.6093023208894146, 5.179880620238279
, 1, 0.034639068302833115, 0.008755544133098668
, 2, 0.0064533480531172305, 0.0008057095141207378
, 3, 0.002437742624733706, 0.00012405106534768158
, 4, 0.0010026475887839335, 2.36522109119651e-5
c, 0, 0.01883459486937465, 0.003473033110395141
, 1, 0.0003566888672638314, 5.644902833345071e-6
p, 0, 2.891951629832515, 16.7252800407378
, 1, 0.04795610328887124, 0.018742318403350177
, 2, 0.0024313176378279494, 0.0001474339409335431
, 3, 0.0009648088304514914, 2.7947203006419125e-5
c, 0, 0.014692804772137929, 0.002654529779967358
, 1, 0.00047671606035529354, 8.772170855705826e-6
p, 0, 0.10150208631285243, 0.08443877111325887
, 1, 0.02243891374638014, 0.009530039225413693
, 2, 0.008353316206049205, 0.0013871127692281684
, 3, 0.0033778951028082087, 0.00026821628774505515
, 4, 0.001543878440578871, 5.888037704465775e-5
c, 0, 0.012578133932838667, 0.002574707723633306
, 1, 0.0006179253683257766, 1.7492862055725396e-5
p, 0, 0.4893084101251232, 0.5513416017232436
, 1, 0.030751236638050735, 0.012128949850709515
, 2, 0.008033566808852997, 0.0013860259899555658
, 3, 0.0029375147268399524, 0.00021769542555604744
, 4, 0.001209735625202914, 4.2766860613053116e-5
c, 0, 0.020071726170400706, 0.003054874654657202
, 1, 0.0003974133808796436, 7.0456558798375935e-6
p, 0, 7.360539302466792, 107.44044356079925
, 1, 0.13074075385084147, 0.13245799349258766
, 2, 0.003217030808957128, 0.00032648036592512227
, 3, 0.00034145123280457867, 5.1338075922417986e-6
c, 0, 0.014868098052611675, 0.0026305349556071983
, 1, 0.00016345266384694136, 7.408664530398431e-7
p, 0, 0.07805270774564926, 0.04066891048963586
, 1, 0.0020671379403348197, 0.00014649760602060996
, 2, 0.0005733111131475622, 9.692136118850344e-6
c, 0, 0.016460002074428815, 0.0018856316572208305
, 1, 0.00022797354107635112, 1.4001322613708486e-6
p, 0, 0.3480618532271449, 0.383306105918293
, 1, 0.012108996543633229, 0.002349147803404279
, 2, 0.002866650409927788, 0.0001966294681511925
, 3, 0.0012647787852925543, 3.2311316749629614e-5
c, 0, 0.013639410893633625, 0.001892318779551916
, 1, 0.000420048544912764, 7.105530705842423e-6
p, 0, 0.5579191886368968, 0.7931490453850202
, 1, 0.020179828702329542, 0.005117989687671323
, 2, 0.002104844528954786, 0.0001424468886608758
, 3, 0.0007276921389805132, 1.3412462006792827e-5
c, 0, 0.016825059879983777, 0.0030498810943827975
, 1, 0.0003501465412195482, 5.9905910381537625e-6
p, 0, 0.14423961488027948, 0.15566997665433469
, 1, 0.009160139143920809, 0.0022752637357631774
, 2, 0.0008687126156419267, 2.245056982566211e-5
c, 0, 0.015589433558724313, 0.002625227132003324
, 1, 0.00020522353436973082, 1.7393795417398096e-6
p, 0, 1.0903859395138267, 2.2742143054958635
, 1, 0.013504307936354917, 0.0015408894480657845
, 2, 0.0028089514663644454, 0.00015494951091787909
, 3, 0.0012052316205776077, 2.9675678397266646e-5
c, 0, 0.01616702545210567, 0.0020104640786631047
, 1, 0.00026607767307061555, 2.8398716127820164e-6
p, 0, 0.26379097077667757, 0.15949604977323736
, 1, 0.007298199389724999, 0.0010339020006766256
, 2, 0.0035538376214683, 0.00026219500891725404
, 3, 0.0017161097978113916, 5.043599721291648e-5
c, 0, 0.026280580990729923, 0.004485000787787083
, 1, 0.0004656713824643785, 5.3901198538831794e-6
p, 0, 0.14680261761820598, 0.14034231330649458
, 1, 0.008805430542284956, 0.0027189919326099446
, 2, 0.005176771144395451, 0.0005675740678101488
, 3, 0.002671631516868379, 0.00010911532506706634
, 4, 0.0011017412472282136, 2.0464189484536395e-5
c, 0, 0.020450631456025454, 0.0035320523482121665
, 1, 0.00032826121889575097, 4.672877846043868e-6
p, 0, 0.0796101754313755, 0.08258058622418891
, 1, 0.007328613250362187, 0.0019157312827564608
, 2, 0.003998236511682378, 0.0003035993910653667
, 3, 0.0020454275888693004, 6.464261209763174e-5
c, 0, 0.03480931241192501, 0.003951452708817399
, 1, 0.00040362048242798936, 7.45999651186087e-6
p, 0, 0.1998456794047232, 0.1184393510154581
, 1, 0.006679726521395663, 0.0015968336045444152
, 2, 0.0037602143871773423, 0.0002573781006946073
, 3, 0.0018714774523612603, 5.193615926476323e-5
c, 0, 0.030950966269370994, 0.003777980272882974
, 1, 0.0004766585596753906, 1.2482078384616123e-5
p, 0, 19.713791124685695, 790.0579449492167
, 1, 0.21626753328895607, 0.5601970221435096
, 2, 0.00423553383625271, 0.0003011912019593823
, 3, 0.001349474001996169, 4.3810289167701024e-5
c, 0, 0.025014136376410426, 0.0038466291418312584
, 1, 0.0005407077447671189, 1.0692579765000408e-5
p, 0, 0.3784491005327972, 0.30386919356698716
, 1, 0.0067376814111985124, 0.00034212731491273506
, 2, 0.0006990420315025427, 1.193164868335151e-5
c, 0, 0.014789357239969114, 0.0020115644329599183
, 1, 0.0002349511658947438, 2.498762162316271e-6
p, 0, 0.2467322945596979, 0.17360204921562353
, 1, 0.0046436122633233025, 0.0004420162541538345
, 2, 0.00037383144461670064, 4.719182618533889e-6
c, 0, 0.02130980669381024, 0.004589523178651811
, 1, 0.00026346590958059904, 2.693487612855923e-6
p, 0, 0.34642233713391307, 0.2959825043257529
, 1, 0.004346678078416391, 0.0004097361070120668
, 2, 0.0020076855056832357, 8.46370548642012e-5
c, 0, 0.029026412009023502, 0.004178171880695446
, 1, 0.0005804722812493918, 1.4246448887963313e-5
p, 0, 0.24025986010390132, 0.20387122471584504
, 1, 0.0070863944158061215, 0.0010391042806129624
, 2, 0.0023406616353081177, 0.00012161732009610388
, 3, 0.0009440756000481028, 1.847356247006038e-5
c, 0, 0.018509919500620954, 0.002820842174850207
, 1, 0.00023309706902370345, 3.1752304274102766e-6
p, 0, 0.10667956014088459, 0.051739111426930204
, 1, 0.002707228851889127, 0.00012533966322727453
, 2, 0.0003361842495216884, 2.510074945006389e-6
c, 0, 0.02302080646832394, 0.003268213387620043
, 1, 0.00016206643131338753, 9.302090541670319e-7
p, 0, 0.39529541558772047, 0.3510685001561409
, 1, 0.00529829843027313, 0.00025485088713175487
, 2, 0.0004755675626969044, 6.778457681040158e-6
c, 0, 0.018238743022054076, 0.0022809242392395454
, 1, 0.00021573211008862306, 2.016338258157158e-6
p, 0, 0.8177497530758321, 1.4280564150780766
, 1, 0.008772052381809892, 0.0013057019384152995
, 2, 0.0009520241410111579, 2.9520144744368935e-5
c, 0, 0.012976093339649863, 0.0020690677996846947
, 1, 0.00033143161284220643, 3.6281698499097355e-6
p, 0, 1.1123505310066302, 2.4357664202945353
, 1, 0.01859754806338546, 0.0036199338684272243
, 2, 0.0021576137975496193, 0.00015548235894787156
, 3, 0.000755946146110857, 1.4681828586860525e-5
c, 0, 0.01514457570443412, 0.0019819595726808955
, 1, 0.000221713740320222, 2.0474894016070557e-6
p, 0, 12.857324820534007, 330.5949836601282
, 1, 0.1375387129023097, 0.237509628683965
, 2, 0.0035130014785990787, 0.00020496491134039204
, 3, 0.0002719068828610392, 3.181253217317979e-6
c, 0, 0.013641315700821655, 0.0017196793370717147
, 1, 8.526640775136178e-5, 3.732486904690018e-7
p, 0, 0.10312063314087547, 0.026037339416110767
, 1, 0.001454511746501119, 7.20036989686327e-5
c, 0, 0.011881245574116489, 0.0017411824359774557
, 1, 0.0004652841664561884, 5.216016682709454e-6
p, 0, 0.183638907325745, 0.09797989969960573
, 1, 0.0060040472364829255, 0.0009206392499880729
, 2, 0.0014582047465773178, 4.721022597897739e-5
c, 0, 0.017940488845837946, 0.0022978313327325717
, 1, 0.00042295150896925083, 5.802511065660599e-6
p, 0, 0.0892035056091803, 0.05741287446659249
, 1, 0.005097858171477461, 0.000689440472611458
, 2, 0.0011797945100453361, 3.3035921519216286e-5
c, 0, 0.015997771705388457, 0.0020084498179787596
, 1, 0.0002258657183416235, 1.9808436949564184e-6
p, 0, 1.6979206711311767, 5.777289885621042
, 1, 0.027666657488254552, 0.006476169600602929
, 2, 0.0007339116568425724, 1.362646839509893e-5
c, 0, 0.02008789977230119, 0.0029084980473277
, 1, 0.00024391099014758273, 2.5303644448334547e-6
p, 0, 0.05446241088668093, 0.01615462701700838
, 1, 0.00079023845126624, 3.5271925920035605e-5
c, 0, 0.015445053204657735, 0.002762147168475661
, 1, 0.00032228735997379056, 3.399384911913919e-6
p, 0, 0.15154632227604156, 0.104566594267739
, 1, 0.003407599886904874, 0.0004198980686299667
, 2, 0.00033391429694709174, 6.331025044350356e-6
c, 0, 0.01923481967394216, 0.0031584113924169608
, 1, 0.0001916293342577506, 1.5187236418742406e-6
p, 0, 0.13701000947308165, 0.10385969699411447
, 1, 0.004038484515918423, 0.000547606170543796
, 2, 0.0003426916141410505, 6.9993640665994335e-6
c, 0, 0.021048015192478245, 0.0037113274551275454
, 1, 0.0002312698433748556, 2.2123665748555883e-6
p, 0, 0.11971389864797907, 0.07869603984139883
, 1, 0.004459540189956255, 0.0005466045418832627
, 2, 0.0005192755519708283, 1.4521849714320462e-5
c, 0, 0.02252666022733604, 0.0037941569688208863
, 1, 0.0001914314752725083, 9.703635095947968e-7
p, 0, 0.18630329804369106, 0.08152618837718086
, 1, 0.0008892207528931011, 2.2528936740929123e-5
c, 0, 0.02269425627342229, 0.004149412756062402
, 1, 0.00026721087944646014, 2.4011202025656067e-6
p, 0, 0.2500210395995951, 0.22060867312158264
, 1, 0.003457113091341463, 0.0002017329806076037
, 2, 0.0004632368425418053, 1.0002176839279257e-5
c, 0, 0.012239396327290101, 0.002185126071610631
, 1, 0.0002279263657416427, 2.7682015631880577e-6
p, 0, 0.09347361646164094, 0.05758927227125158
, 1, 0.0017455183422161154, 0.0001437608431145125
, 2, 0.00031544036974272597, 1.366850569549677e-5
c, 0, 0.02771885696435242, 0.0030455080727593564
, 1, 0.00026247770908094283, 3.767738578466248e-6
p, 0, 0.07424353956820162, 0.05515866105439793
, 1, 0.0016990045635388558, 7.434482412494697e-5
c, 0, 0.02277105074985273, 0.0025913645497915297
, 1, 0.0005372465961925951, 1.08726417121038e-5
p, 0, 0.050094400692875934, 0.02249178127385529
, 1, 0.0012944195135227588, 5.951536201122345e-5
c, 0, 0.014593867852887694, 0.0020041441672359315
, 1, 0.0005085068314897136, 1.0790702438162348e-5
p, 0, 0.0471096414026583, 0.012869078472827731
, 1, 0.0014124879303034148, 8.944896167869562e-5
c, 0, 0.016862569445994333, 0.0024938364564526883
, 1, 0.00044357012452690225, 5.16247042394734e-6
p, 0, 0.05200302216539978, 0.013427485974982912
, 1, 0.0007386994422513738, 2.7415589596594153e-5
c, 0, 0.015108551822453927, 0.002338053444288229
, 1, 0.0002471575395614502, 2.4110988303834314e-6
p, 0, 0.09417126612903373, 0.03467930392965695
, 1, 0.001741909595508112, 3.537623160133015e-5
c, 0, 0.0183386668313341, 0.002221979550796838
, 1, 0.00018181504060428075, 7.419950651621773e-7
p, 0, 0.05179407520019532, 0.017802527395337785
, 1, 0.0010616564622662182, 2.6509918923124747e-5
c, 0, 0.015764826752944314, 0.002391541535227076
, 1, 0.0002237570717798474, 2.264937972975136e-6
p, 0, 1.0967713619112707, 2.3973512946131046
, 1, 0.010934042839126136, 0.0014344415833536322
, 2, 0.0004259847232807697, 6.43931750281303e-6
c, 0, 0.022249389852230093, 0.0032916188292573664
, 1, 0.00023354008249540527, 1.3154978237815446e-6
p, 0, 0.06067330022879317, 0.033792076794568277
, 1, 0.0007339046714431697, 2.439547614171772e-5
c, 0, 0.021539998260199183, 0.0029723066896456827
, 1, 0.00033216408334665935, 1.9701567104026194e-6
p, 0, 10.24759479106622, 209.83928845929816
, 1, 0.18975788589181372, 0.29344196298839115
, 2, 0.0049058367711968835, 0.000472226705540888
, 3, 0.00037322956358984763, 5.540124209125151e-6
c, 0, 0.019332753898121117, 0.0021653593806538105
, 1, 0.00019232046383501827, 1.088280569711194e-6
p, 0, 0.04230052820648192, 0.013272432938901025
, 1, 0.0028356900693880254, 0.00016750894862448753
, 2, 0.0008488187449316468, 1.277897842936543e-5
c, 0, 0.016977450124788226, 0.0027801163368633987
, 1, 0.00022733257493183468, 1.882731916721091e-6
p, 0, 0.03587725916705856, 0.011712174744980805
, 1, 0.0017165908925401091, 0.00010861117632928485
, 2, 0.0007969824509041083, 1.2342705193114918e-5
c, 0, 0.02187505626077176, 0.002471946696367507
, 1, 0.0003006482018116085, 1.5838627182305972e-6
p, 0, 8.536016821003136, 145.46587108772877
, 1, 0.08733748204828748, 0.08556473883665085
, 2, 0.0015995062632620772, 7.754466071321502e-5
c, 0, 0.012307738769960073, 0.0020182726722236034
, 1, 0.0004574173207008567, 5.7700862137323285e-6
p, 0, 0.043516543914088136, 0.01597219835089249
, 1, 0.0067680158511665665, 0.0011814902722946195
, 2, 0.00274780956207055, 0.00012665823181826178
, 3, 0.0010167028433742413, 1.721961149966137e-5
c, 0, 0.016982361929012795, 0.002382718805910908
, 1, 0.0003337380889684838, 2.6734252702295003e-6
p, 0, 0.3614793031954098, 0.272828871254963
, 1, 0.012266175565373618, 0.002033845031953188
, 2, 0.003037565399602848, 0.00024218591489626976
, 3, 0.001274994789819604, 3.0785420769299324e-5
c, 0, 0.020150845336440126, 0.002443822109862904
, 1, 0.0006919018672775408, 1.1951537258614897e-5
p, 0, 0.08485285532910776, 0.03603445916054546
, 1, 0.008800450409540278, 0.00269343676290831
, 2, 0.0033140706925672697, 0.00022452617617233566
, 3, 0.001226963233713887, 2.7092044512524072e-5
c, 0, 0.013663007252966135, 0.0019311568430738985
, 1, 0.0003163373588439876, 3.2129297541554034e-6
p, 0, 0.05728865731597321, 0.019411421497257955
, 1, 0.005100464535325158, 0.0008358066063581304
, 2, 0.0014958482061542169, 5.3217539473768455e-5
c, 0, 0.015355812134762373, 0.0019608853207962866
, 1, 0.000518994719355238, 1.0118426434744103e-5
p, 0, 0.06765128738191022, 0.01967085713156086
, 1, 0.005293021761558912, 0.000990523920058786
, 2, 0.001606788970409363, 5.2705983709651345e-5
c, 0, 0.018209939257603638, 0.0020256293489017497
, 1, 0.00042510223240628216, 5.811476431415854e-6
p, 0, 0.09032784001175048, 0.028181087955050293
, 1, 0.0032983668726604158, 0.00023635788431722072
, 2, 0.00044362148774336246, 6.727005759041059e-6
c, 0, 0.01795870024373635, 0.00216303860735317
, 1, 0.0002468701064688905, 1.630661718876509e-6
p, 0, 0.04537440647687444, 0.009827738755212336
, 1, 0.002541173309939403, 0.00019084667242515014
, 2, 0.00035264750282236555, 4.31363646972416e-6
c, 0, 0.014926221850746591, 0.0016753818582537585
, 1, 0.0001156267716782789, 4.3314783053654084e-7
p, 0, 0.05894574617461162, 0.014455877023792217
, 1, 0.0033805472753132264, 0.00014964282039344013
, 2, 0.00035679413390237873, 3.347702166060818e-6
c, 0, 0.017039263238248135, 0.002124153028891528
, 1, 0.0002616823668301672, 1.3689498770643022e-6
p, 0, 0.15186127597028645, 0.06241729028705606
, 1, 0.0034329505505724233, 0.00020513928608238615
, 2, 0.0003376272906439002, 3.0423268214103814e-6
c, 0, 0.01785125302426116, 0.0019255025878196954
, 1, 0.00021296541119877026, 7.46504600921995e-7
p, 0, 0.036352774424045296, 0.00946596937039874
, 1, 0.0017649101106034808, 7.520822589968743e-5
c, 0, 0.01543660371953421, 0.0019362028882682412
, 1, 0.0002830663880577284, 1.7659631314116895e-6
p, 0, 0.03007786690119292, 0.0075643896050902795
, 1, 0.0017259157935566474, 8.369599504383761e-5
c, 0, 0.027522592097051192, 0.0023697573828170095
, 1, 0.0003506896011996996, 3.0901667165107033e-6
p, 0, 0.06877417924766267, 0.018307676705369168
, 1, 0.0013946568263026385, 4.289932423585397e-5
c, 0, 0.019820356989677303, 0.0020424445917943635
, 1, 0.0002787831913630373, 1.9716034068011197e-6
p, 0, 0.031178183262920014, 0.008685020661560445
, 1, 0.0009114571712230027, 3.512152651223099e-5
c, 0, 0.016149341410180224, 0.0021935013802484842
, 1, 0.0006296531847474634, 6.874970325148446e-6
p, 0, 0.27195943924689847, 0.13060911560081703
, 1, 0.004719173619849129, 0.00019735726526341752
, 2, 0.0009547342397191801, 1.670098644600975e-5
c, 0, 0.019575231377012534, 0.0019272394502245957
, 1, 0.0003381031804254298, 4.74779769368683e-6
p, 0, 0.7045252500480182, 0.9936657314695411
, 1, 0.008896658628559225, 0.0008029130010577306
, 2, 0.000761435665318249, 9.62941573671506e-6
c, 0, 0.017002061471252203, 0.001794615896606732
, 1, 0.00029328902557114103, 1.8623835041573656e-6
p, 0, 0.04725475836449806, 0.008537273362097279
, 1, 0.0007183499132780419, 1.8290243607312253e-5
c, 0, 0.013243175601643965, 0.0012646640576840656
, 1, 0.0003804398554642348, 3.71411092604303e-6
p, 0, 0.036013128474378285, 0.005301408685441315
, 1, 0.0005908523711242753, 1.5138475257445702e-5
c, 0, 0.013974254415375502, 0.0014297813657812189
, 1, 0.0002300093870713566, 1.9692441620903835e-6
p, 0, 0.03869741839273295, 0.008149307654653373
, 1, 0.0009736536272720485, 2.3855313903175965e-5
c, 0, 0.016432028228462747, 0.0014086811389893176
, 1, 0.00041995009763958076, 6.596803889143773e-6
p, 0, 0.02639574804262561, 0.003574785574475954
, 1, 0.0003332984167776711, 2.7205756950456253e-6
c, 0, 0.011673398604387033, 0.0011321033076948075
, 1, 0.00019938876203550034, 6.412482408514423e-7
p, 0, 0.024822797605130984, 0.003961094828878127
, 1, 0.00021369062883202575, 2.008151103814024e-6
c, 0, 0.010744275234380048, 0.0011246447419552363
, 1, 0.00018662167600868852, 9.576950863427645e-7
p, 0, 0.0317669010720082, 0.004302679071697035
, 1, 0.0007507985904728331, 1.454570364485839e-5
c, 0, 0.016659947390918597, 0.0013915562025245895
, 1, 0.00029717422373377547, 4.1813942131787675e-6
p, 0, 0.03690523722863956, 0.005071104068580192
, 1, 0.0007699819782980319, 2.028660065142978e-5
c, 0, 0.01315213039983735, 0.0011043196438926216
, 1, 0.0002772695026708897, 2.226597585852634e-6
p, 0, 0.02745036878678316, 0.00471580937579743
, 1, 0.00028623301478721984, 3.314463654413034e-6
c, 0, 0.011482834426562762, 0.0013941483669439193
, 1, 0.0001881161843223464, 8.033686217264091e-7
p, 0, 0.03882594017205433, 0.005956095317631012
, 1, 0.0010925514524622352, 4.631505599620571e-5
c, 0, 0.01598006199078998, 0.001615953871740446
, 1, 0.0004842918287553085, 8.921755064952618e-6
p, 0, 0.03820283825671269, 0.005161993368421368
, 1, 0.0016360252161871458, 4.236623187769555e-5
c, 0, 0.014255490896543516, 0.001058540220033765
, 1, 0.0005797432333574614, 1.1069733304827114e-5
p, 0, 2.475307650118664, 12.255730282370598
, 1, 0.026514970654224066, 0.009618105042455518
, 2, 0.0012510283892955146, 2.3303226872705766e-5
c, 0, 0.013152574429659631, 0.0010027482772672314
, 1, 0.0005320284789705094, 4.5522168786528505e-6
p, 0, 0.022475288951659768, 0.002731504437590344
, 1, 0.002124099607630655, 7.190993407114104e-5
c, 0, 0.015254356956746477, 0.001139091459425238
, 1, 0.0006094195506499287, 1.6812632096369307e-5
p, 0, 0.032737510143985356, 0.003315082492087272
, 1, 0.00036399699403269915, 2.62410767237057e-6
c, 0, 0.0128146792706222, 0.0008334736862406481
, 1, 0.00017991123180028626, 5.465674286477433e-7
p, 0, 0.014637494712891296, 0.0020352533244993613
, 1, 0.00034102885868984823, 3.068101636527323e-6
c, 0, 0.011225678623968961, 0.0007372747837781679
, 1, 0.0001753641764288135, 6.301140364624477e-7
p, 0, 0.019155093729466298, 0.0026482861863436546
, 1, 0.0015360319685833828, 4.42691101966055e-5
c, 0, 0.01355039619211782, 0.00078972075058842
, 1, 0.0006081806602969231, 1.0336030252137935e-5
p, 0, 0.11991382916571815, 0.034020529835779675
, 1, 0.0027924104207657984, 5.0477095542513494e-5
c, 0, 0.018071078769635002, 0.0007933596601333333
, 1, 0.000562064182171126, 6.301454648421954e-6
p, 0, 0.019890096907850624, 0.004239321322298733
, 1, 0.0021899889869218675, 0.0001754260625279678
, 2, 0.001009674638448857, 2.5108462435260956e-5
c, 0, 0.00935445100113887, 0.0006420947115707515
, 1, 0.0004443783913476598, 5.017492112528377e-6
p, 0, 0.09733974528728667, 0.02649119697590924
, 1, 0.0011389759968135247, 1.4273518011897407e-5
c, 0, 0.014035459355972696, 0.0010586534549184975
, 1, 0.0002077506792322962, 1.2092188593297767e-6
p, 0, 0.023177974227164586, 0.005236948775153554
, 1, 0.0019828440411479597, 0.0001935360042942546
, 2, 0.0011071647410499249, 2.9254804970267375e-5
c, 0, 0.022231418002750285, 0.0012589349588084213
, 1, 0.0005672755652918022, 6.660948307819192e-6
p, 0, 0.04808175756212755, 0.009705780227517091
, 1, 0.0016209887758651224, 0.00011446913639418472
, 2, 0.0009040333909580967, 1.9409028551942013e-5
c, 0, 0.020296225661431782, 0.0013393460107700731
, 1, 0.0004373373187405925, 4.868162238620383e-6
p, 0, 0.0745006245003048, 0.015616269172510907
, 1, 0.0007811289209428465, 1.7157380634355495e-5
c, 0, 0.01651445346068228, 0.0016789460400744856
, 1, 0.00025733480884725226, 1.741319421485535e-6
p, 0, 0.7644521732575577, 1.304996806478441
, 1, 0.010356912670211393, 0.0013460354730926443
, 2, 0.0015307250595412356, 6.112184102235748e-5
c, 0, 0.01780391816946994, 0.0029514434562142454
, 1, 0.0006938985826543125, 1.4732221102655679e-5
p, 0, 0.1416162924379213, 0.0512766064285846
, 1, 0.003607729691420662, 0.0006245090992543271
, 2, 0.002024987011672892, 0.00010700700679203728
, 3, 0.0008896276856197424, 1.9154252600807502e-5
c, 0, 0.015111543803480234, 0.0021862089310432653
, 1, 0.00043398346390900494, 4.7945492204739495e-6
p, 0, 0.1414969468097271, 0.09745761746638693
, 1, 0.012604852004864303, 0.004414656146732942
, 2, 0.005284285926109715, 0.0007144635472437341
, 3, 0.0029217869851091757, 0.0001448241058380994
, 4, 0.001171027317345402, 3.277658471204021e-5
c, 0, 0.018854714459726613, 0.0025699716904189138
, 1, 0.000772837974869286, 1.3946483445560143e-5
p, 0, 0.054931821424215946, 0.03780935386162221
, 1, 0.0026725602033415377, 0.00022053705207644955
, 2, 0.00041549043830678087, 6.3479646255347556e-6
c, 0, 0.025194053295397166, 0.00255915035843838
, 1, 0.0003905823047160767, 4.085973479209297e-6
p, 0, 0.29308726921929573, 0.19406177145580752
, 1, 0.009125021374315926, 0.0007921614061335515
, 2, 0.0015419420730502988, 7.215088859368578e-5
c, 0, 0.012864870480883694, 0.0013963330485311216
, 1, 0.000694255773902361, 1.5379081809907308e-5
p, 0, 0.09116014399728421, 0.03908816810386985
, 1, 0.0030336456204402657, 0.00027158407462600406
, 2, 0.00037718444149044254, 7.991179333838776e-6
c, 0, 0.011560919859911721, 0.0009063578249570343
, 1, 0.0002462780831501192, 1.981347095851022e-6
p, 0, 3.1385751341768224, 19.6393643625047
, 1, 0.0314229058986239, 0.007124329587593743
, 2, 0.0010749573838829461, 1.8753419622494865e-5
c, 0, 0.014369683899123298, 0.0012254012921816112
, 1, 0.00024583121081156564, 3.2686381566664276e-6
p, 0, 0.09166810663509027, 0.039635270665928084
, 1, 0.0017910462589091753, 6.62358535684191e-5
c, 0, 0.014369034471759048, 0.0012563923706889878
, 1, 0.00023063448633640183, 2.2684434766975273e-6
p, 0, 0.1473653189725947, 0.055920861256886265
, 1, 0.00261717376152025, 0.00010540026863741194
, 2, 0.0002663915775433634, 2.1214413285282116e-6
c, 0, 0.02021684091447308, 0.0015941518352102096
, 1, 0.0001502333661492465, 9.907350408439812e-7
p, 0, 0.06892504486552001, 0.027917318400186943
, 1, 0.002341513506710377, 0.00012467766041181845
, 2, 0.00021405386969068732, 1.4973024014037126e-6
c, 0, 0.01390079706858694, 0.0013611002577515545
, 1, 7.663863664640063e-5, 2.376712816025688e-7
p, 0, 0.09614005113881546, 0.029313944244005224
, 1, 0.0010345111398740278, 2.4029349408213693e-5
c, 0, 0.012724533623727607, 0.001316293823936858
, 1, 0.00019713084024596198, 1.2043254101774465e-6
p, 0, 0.5031904039970903, 0.5203571918584812
, 1, 0.005595280502856186, 0.0004565288878102451
, 2, 0.001179709052838747, 3.5039813804835174e-5
c, 0, 0.01765119078386656, 0.0015710930366351432
, 1, 0.000290747807912783, 5.395172680164197e-6
p, 0, 0.17467013677672968, 0.11246317713385491
, 1, 0.002770421362167057, 0.00015339682160007615
, 2, 0.0005894311611683604, 9.657005329919209e-6
c, 0, 0.013892516281780346, 0.0016034309071868886
, 1, 0.00028450706938592477, 2.7897876634793844e-6
p, 0, 0.04126012070209571, 0.013075524658298336
, 1, 0.0014755788003818322, 3.048243855693116e-5
c, 0, 0.01715920547970691, 0.001622964154334664
, 1, 0.0002873625566090934, 3.38396494969473e-6
p, 0, 0.18931876926856175, 0.101072762362292
, 1, 0.002661973598388296, 0.00016979053637858807
, 2, 0.0008267997649738251, 1.4991834803774137e-5
c, 0, 0.013654539153781143, 0.0014517132826959824
, 1, 0.0002993398055705732, 2.7150905017745377e-6
p, 0, 0.08870631146990066, 0.03558055503623576
, 1, 0.003527108410939696, 0.00017706058182283087
, 2, 0.00021763320993998609, 2.7488959982986026e-6
c, 0, 0.012631647096030716, 0.0011984251304596085
, 1, 0.00018117426407520743, 9.830540706551544e-7
p, 0, 0.12125774434991088, 0.06545450973661152
, 1, 0.002019376352752082, 6.898412358801901e-5
c, 0, 0.016916266690585078, 0.001449402300163471
, 1, 0.00024436360410881266, 2.364281664096767e-6
p, 0, 0.05275245764567511, 0.014075934605947438
, 1, 0.002257322168576445, 7.384322455065065e-5
c, 0, 0.013186807577489508, 0.0010655011915612486
, 1, 0.0004895521007213827, 7.740310027375283e-6
p, 0, 0.08102718194616386, 0.01539525015874007
, 1, 0.0010429403367272641, 2.45703908331036e-5
c, 0, 0.015109647423388666, 0.0015207913347537179
, 1, 0.00017713175482400188, 1.4087826376470853e-6
p, 0, 0.06734418972257311, 0.014544357283138062
, 1, 0.0016762396594143486, 7.465926953388735e-5
c, 0, 0.019711045955743193, 0.0014980767675305002
, 1, 0.0005856173884272288, 1.4915295165717387e-5
p, 0, 0.0693554546935972, 0.01676476415466199
, 1, 0.001209888845830039, 3.31334649647736e-5
c, 0, 0.012146509314799981, 0.0011368400173008787
, 1, 0.00018620097553084108, 1.0777151621519433e-6
p, 0, 0.030380332356304142, 0.007640340046671885
, 1, 0.0017069226174575812, 7.283892775575572e-5
c, 0, 0.017024269112552493, 0.0013475894084893681
, 1, 0.00021784711907891054, 1.915192184301383e-6
p, 0, 0.0609030278863797, 0.012179447039757513
, 1, 0.001078005091378477, 4.4306058749092104e-5
c, 0, 0.020609404091376005, 0.0013588102556256212
, 1, 0.00016361025454748597, 9.183921177493796e-7
p, 0, 1.8648539290570436, 10.4986986753047
, 1, 0.033540059336051926, 0.008113533025046197
, 2, 0.0007900546738272054, 1.3330812696131796e-5
c, 0, 0.013892992653220805, 0.0014714026153878844
, 1, 0.00025485827679232263, 1.6822091149778424e-6
p, 0, 0.2576308285380757, 0.16110000503062086
, 1, 0.003829070286922316, 0.00012732612304615723
, 2, 0.00012064969485371294, 2.187070348902794e-7
c, 0, 0.016931549185249972, 0.0019240716816995471
, 1, 0.00013352888164305896, 5.605543539381602e-7
p, 0, 0.06851045991840893, 0.022741422528493014
, 1, 0.0015766250817571181, 3.5808560918024166e-5
c, 0, 0.02026471035919735, 0.0015561581721339356
, 1, 0.00011668226618251016, 4.440103291148372e-7
p, 0, 0.038806793835983455, 0.01156998205739967
, 1, 0.0015244627989299746, 5.036846088439711e-5
c, 0, 0.012838434365032425, 0.0012911284433948411
, 1, 0.000237303370483691, 1.0512081870985323e-6
p, 0, 0.06244898124981216, 0.02225322476651461
, 1, 0.0016368130550726168, 6.830873420440563e-5
c, 0, 0.017712187552333447, 0.0018472127375745184
, 1, 0.0001839028577150497, 1.5417872142398204e-6
p, 0, 1.6524379442118078, 5.469964392483034
, 1, 0.02438222165611004, 0.0043279635749922775
, 2, 0.0011534228513514946, 2.941388945021556e-5
c, 0, 0.02110692171497279, 0.0017092740731264723
, 1, 0.0006597066122898613, 1.335929883575589e-5
p, 0, 0.027345998330736355, 0.008618913441258744
, 1, 0.0011771922923109759, 5.216476364651405e-5
c, 0, 0.013537172265067638, 0.0016927514041591284
, 1, 0.0009470798482353368, 1.736350791373047e-5
p, 0, 0.4523404535998647, 0.4293919084606671
, 1, 0.00607085069124495, 0.0003046193932352127
, 2, 0.001284467440887218, 3.636340911755469e-5
c, 0, 0.02141717555346398, 0.0014704757316037918
, 1, 0.0008806133972627907, 1.3302446884597479e-5
p, 0, 2.6412921568770984, 13.968896665978601
, 1, 0.03912906882982923, 0.011542503312402752
, 2, 0.0011231206780675956, 1.7306681433637975e-5
c, 0, 0.021087731311745947, 0.001773400932842839
, 1, 0.0005745962697470725, 4.851080555534477e-6
p, 0, 0.08449316976877431, 0.02532588397707793
, 1, 0.007679977856832315, 0.0010635012230506525
, 2, 0.0026033233134766347, 0.00023636671657130198
, 3, 0.0014972174865930893, 7.00252300892275e-5
c, 0, 0.019580172479372212, 0.002151766687744721
, 1, 0.0008930177559754739, 2.5497079535200227e-5
p, 0, 0.03413521733563508, 0.015120243211016475
, 1, 0.011152492443632502, 0.002279711382386234
, 2, 0.0037065815746408284, 0.0004489544089232698
, 3, 0.002073634675674641, 0.00013791455048345076
, 4, 0.0011476728702409377, 4.693754845814928e-5
c, 0, 0.027690924330348747, 0.002054289990527242
, 1, 0.0013196837155065961, 2.8341480405016124e-5
p, 0, 0.0427978598980887, 0.014586215970864732
, 1, 0.0084201181573058, 0.001881119488101181
, 2, 0.0028752191030805146, 0.00029030967853033347
, 3, 0.0015489332365336982, 7.822519445369736e-5
c, 0, 0.022852436433887693, 0.002792783549736939
, 1, 0.0012182521125610084, 2.2886546335563443e-5
p, 0, 0.07222130799014305, 0.01464678871577839
, 1, 0.0028996754410694687, 0.0002721555019302012
, 2, 0.0010287680154024998, 4.216870070974397e-5
c, 0, 0.029619948348217635, 0.004064127875075712
, 1, 0.0012267353717951008, 2.693287785107167e-5
p, 0, 0.14545469837054853, 0.051025317055253976
, 1, 0.004418244785772252, 0.0003022605402201777
, 2, 0.0004581729871780412, 8.867634533234644e-6
c, 0, 0.07661796846159429, 0.012208928497118526
, 1, 0.0018416928390673133, 2.7569687651679278e-5
p, 0, 0.16715377772894222, 0.07805157800393653
, 1, 0.004943935931847044, 0.0008925226907455532
, 2, 0.0015345777089278284, 0.00010434630535883706
, 3, 0.000892934311813996, 2.0148664083876733e-5
c, 0, 0.049664127646702104, 0.00591824332439252
, 1, 0.0011190022818499646, 1.0680984927363427e-5
p, 0, 0.3477229678147828, 0.22217458831722844
, 1, 0.00842307169571291, 0.0014705517372844768
, 2, 0.004349713555526144, 0.00036720977630013535
, 3, 0.003094028729642859, 0.0001747152428034465
, 4, 0.0020778120886726552, 6.986582035623808e-5
c, 0, 0.035838019050868454, 0.009015220828042882
, 1, 0.0013105717046786813, 2.402717195656661e-5
p, 0, 0.3330514830623978, 0.35433207162268787
, 1, 0.010837021274325518, 0.0022244394284271327
, 2, 0.0070140967048946765, 0.0008594353121706546
, 3, 0.005095077314348911, 0.00040379804874120657
, 4, 0.0033164259807227886, 0.00016959026426268919
, 5, 0.0021317462484225767, 7.147645709966464e-5
c, 0, 0.051277181865934204, 0.008485741436706242
, 1, 0.0012648486969132375, 2.7245121334182767e-5
p, 0, 0.28841054310371084, 0.2213638839799806
, 1, 0.008501423942992876, 0.0007701291506024741
, 2, 0.002385411527369963, 0.00013240101916747979
, 3, 0.0017350432815347364, 4.2297825130416e-5
c, 0, 0.035302730179091274, 0.004836233608073037
, 1, 0.0008215442842402173, 1.653558387314195e-5
p, 0, 0.31442968821841377, 0.1870628209290589
, 1, 0.011540708536890484, 0.0028294792055776666
, 2, 0.009545825572651854, 0.0014758015348155691
, 3, 0.006336322199240226, 0.0006125972132300516
, 4, 0.004233767489237545, 0.0002552870049046499
, 5, 0.0025980845568568107, 0.0001082802477168502
, 6, 0.0016970117602380396, 4.470385826014291e-5
c, 0, 0.03771441111983443, 0.004918941945207297
, 1, 0.0008780684485324474, 1.733927632861108e-5
p, 0, 0.4020797416484253, 0.42274890031672013
, 1, 0.013461187187439449, 0.003330091439979931
, 2, 0.010089012936773322, 0.0015967650393750575
, 3, 0.006913479429065212, 0.0006796332614763043
, 4, 0.004581015582775443, 0.0002798370659047522
, 5, 0.0027962192161385354, 0.0001163208622721354
, 6, 0.0018708730508954627, 4.838972577928792e-5
c, 0, 0.04943005425965733, 0.005305561393749369
, 1, 0.0015207714602722075, 2.7251031622876163e-5
p, 0, 0.13030515660505493, 0.0516776544383442
, 1, 0.004730389139016397, 0.0003427703797135407
, 2, 0.0018021337539533635, 0.00011047369235219169
, 3, 0.001232409003264716, 5.671026165127773e-5
c, 0, 0.026710667423945084, 0.004260648221208296
, 1, 0.0006801374769465202, 1.4395805001043039e-5
p, 0, 2.8663611650319, 16.977858354609957
, 1, 0.034069018168875705, 0.00938087003428026
, 2, 0.0024567307603747305, 0.0001282035086124636
, 3, 0.001203831554409035, 3.0803838373114634e-5
c, 0, 0.030508526539957424, 0.0033795171757028224
, 1, 0.0005722970328508558, 1.033764849679638e-5
p, 0, 0.15607646804128367, 0.08252269294560269
, 1, 0.003545489103443293, 0.0001720624503625145
, 2, 0.002401761140706968, 9.50724416028017e-5
c, 0, 0.019484278598196382, 0.002270723403935209
, 1, 0.0012537788933279445, 4.5000609621403186e-5
